[0.020s] Invoking command in '/home/expert_amateur/vbm_ws/build/cpp_parameters': CMAKE_PREFIX_PATH=${CMAKE_PREFIX_PATH}:/home/expert_amateur/voidwalking/ros2_ws/install/waypoints:/opt/ros/humble /usr/bin/cmake --build /home/expert_amateur/vbm_ws/build/cpp_parameters -- -j12 -l12
[0.040s] -- Found ament_cmake: 1.3.5 (/opt/ros/humble/share/ament_cmake/cmake)
[0.209s] -- Found rclcpp: 16.0.5 (/opt/ros/humble/share/rclcpp/cmake)
[0.252s] -- Found rosidl_generator_c: 3.1.5 (/opt/ros/humble/share/rosidl_generator_c/cmake)
[0.254s] -- Found rosidl_adapter: 3.1.5 (/opt/ros/humble/share/rosidl_adapter/cmake)
[0.259s] -- Found rosidl_generator_cpp: 3.1.5 (/opt/ros/humble/share/rosidl_generator_cpp/cmake)
[0.270s] -- Using all available rosidl_typesupport_c: rosidl_typesupport_fastrtps_c;rosidl_typesupport_introspection_c
[0.285s] -- Using all available rosidl_typesupport_cpp: rosidl_typesupport_fastrtps_cpp;rosidl_typesupport_introspection_cpp
[0.342s] -- Found rmw_implementation_cmake: 6.1.1 (/opt/ros/humble/share/rmw_implementation_cmake/cmake)
[0.344s] -- Found rmw_fastrtps_cpp: 6.2.3 (/opt/ros/humble/share/rmw_fastrtps_cpp/cmake)
[0.465s] -- Using RMW implementation 'rmw_fastrtps_cpp' as default
[0.641s] -- Found ament_lint_auto: 0.12.7 (/opt/ros/humble/share/ament_lint_auto/cmake)
[0.724s] -- Added test 'cppcheck' to perform static code analysis on C / C++ code
[0.724s] -- Configured cppcheck include dirs: 
[0.724s] -- Configured cppcheck exclude dirs and/or files: 
[0.725s] -- Added test 'flake8' to check Python code syntax and style conventions
[0.725s] -- Added test 'lint_cmake' to check CMake code style
[0.726s] -- Added test 'pep257' to check Python code against some of the docstring style conventions in PEP 257
[0.727s] -- Added test 'uncrustify' to check C / C++ code style
[0.727s] -- Configured uncrustify additional arguments: 
[0.727s] -- Added test 'xmllint' to check XML markup files
[0.728s] -- Configuring done
[0.735s] -- Generating done
[0.736s] -- Build files have been written to: /home/expert_amateur/vbm_ws/build/cpp_parameters
[0.758s] [35m[1mConsolidate compiler generated dependencies of target minimal_param_node[0m
[0.772s] [100%] Built target minimal_param_node
[0.780s] Invoked command in '/home/expert_amateur/vbm_ws/build/cpp_parameters' returned '0': CMAKE_PREFIX_PATH=${CMAKE_PREFIX_PATH}:/home/expert_amateur/voidwalking/ros2_ws/install/waypoints:/opt/ros/humble /usr/bin/cmake --build /home/expert_amateur/vbm_ws/build/cpp_parameters -- -j12 -l12
[0.811s] Invoking command in '/home/expert_amateur/vbm_ws/build/cpp_parameters': CMAKE_PREFIX_PATH=${CMAKE_PREFIX_PATH}:/home/expert_amateur/voidwalking/ros2_ws/install/waypoints:/opt/ros/humble /usr/bin/cmake --install /home/expert_amateur/vbm_ws/build/cpp_parameters
[0.817s] -- Install configuration: ""
[0.817s] -- Up-to-date: /home/expert_amateur/vbm_ws/install/cpp_parameters/lib/cpp_parameters/minimal_param_node
[0.817s] -- Installing: /home/expert_amateur/vbm_ws/install/cpp_parameters/share/cpp_parameters/launch
[0.817s] -- Installing: /home/expert_amateur/vbm_ws/install/cpp_parameters/share/cpp_parameters/launch/cpp_parameters_launch.py
[0.817s] -- Up-to-date: /home/expert_amateur/vbm_ws/install/cpp_parameters/share/ament_index/resource_index/package_run_dependencies/cpp_parameters
[0.818s] -- Installing: /home/expert_amateur/vbm_ws/install/cpp_parameters/share/ament_index/resource_index/parent_prefix_path/cpp_parameters
[0.818s] -- Up-to-date: /home/expert_amateur/vbm_ws/install/cpp_parameters/share/cpp_parameters/environment/ament_prefix_path.sh
[0.818s] -- Installing: /home/expert_amateur/vbm_ws/install/cpp_parameters/share/cpp_parameters/environment/ament_prefix_path.dsv
[0.818s] -- Up-to-date: /home/expert_amateur/vbm_ws/install/cpp_parameters/share/cpp_parameters/environment/path.sh
[0.818s] -- Installing: /home/expert_amateur/vbm_ws/install/cpp_parameters/share/cpp_parameters/environment/path.dsv
[0.818s] -- Up-to-date: /home/expert_amateur/vbm_ws/install/cpp_parameters/share/cpp_parameters/local_setup.bash
[0.818s] -- Up-to-date: /home/expert_amateur/vbm_ws/install/cpp_parameters/share/cpp_parameters/local_setup.sh
[0.818s] -- Up-to-date: /home/expert_amateur/vbm_ws/install/cpp_parameters/share/cpp_parameters/local_setup.zsh
[0.818s] -- Installing: /home/expert_amateur/vbm_ws/install/cpp_parameters/share/cpp_parameters/local_setup.dsv
[0.818s] -- Installing: /home/expert_amateur/vbm_ws/install/cpp_parameters/share/cpp_parameters/package.dsv
[0.818s] -- Up-to-date: /home/expert_amateur/vbm_ws/install/cpp_parameters/share/ament_index/resource_index/packages/cpp_parameters
[0.818s] -- Up-to-date: /home/expert_amateur/vbm_ws/install/cpp_parameters/share/cpp_parameters/cmake/cpp_parametersConfig.cmake
[0.818s] -- Up-to-date: /home/expert_amateur/vbm_ws/install/cpp_parameters/share/cpp_parameters/cmake/cpp_parametersConfig-version.cmake
[0.819s] -- Up-to-date: /home/expert_amateur/vbm_ws/install/cpp_parameters/share/cpp_parameters/package.xml
[0.821s] Invoked command in '/home/expert_amateur/vbm_ws/build/cpp_parameters' returned '0': CMAKE_PREFIX_PATH=${CMAKE_PREFIX_PATH}:/home/expert_amateur/voidwalking/ros2_ws/install/waypoints:/opt/ros/humble /usr/bin/cmake --install /home/expert_amateur/vbm_ws/build/cpp_parameters
