[0.014s] Invoking command in '/home/expert_amateur/vbm_ws/build/polygon_plugins': CMAKE_PREFIX_PATH=/home/expert_amateur/vbm_ws/install/polygon_base:/home/expert_amateur/vbm_ws/install/cpp_srvcli:/home/expert_amateur/vbm_ws/install/cpp_pubsub:/home/expert_amateur/vbm_ws/install/tutorial_interfaces:/home/expert_amateur/vbm_ws/install/polygon_plugins:/home/expert_amateur/vbm_ws/install/more_interfaces:/home/expert_amateur/vbm_ws/install/cpp_parameters:/home/expert_amateur/vbm_ws/install/addvectors_srvcli:/home/expert_amateur/voidwalking/ros2_ws/install/void_tests:/home/expert_amateur/voidwalking/ros2_ws/install/turtlebot_test:/home/expert_amateur/voidwalking/ros2_ws/install/spatio_temporal_voxel_layer:/home/expert_amateur/voidwalking/ros2_ws/install/main:/home/expert_amateur/voidwalking/ros2_ws/install/simulation:/home/expert_amateur/voidwalking/ros2_ws/install/rviz_satellite:/home/expert_amateur/voidwalking/ros2_ws/install/obstacle_avoidance:/home/expert_amateur/voidwalking/ros2_ws/install/nav2_turtlebot3:/home/expert_amateur/voidwalking/ros2_ws/install/mapping:/home/expert_amateur/voidwalking/arduino_ws/microros_ws/install/micro_ros_setup:/home/expert_amateur/voidwalking/ros2_ws/install/waypoints:/opt/ros/humble /usr/bin/cmake --build /home/expert_amateur/vbm_ws/build/polygon_plugins -- -j12 -l12
[0.072s] [100%] Built target polygon_plugins
[0.087s] Invoked command in '/home/expert_amateur/vbm_ws/build/polygon_plugins' returned '0': CMAKE_PREFIX_PATH=/home/expert_amateur/vbm_ws/install/polygon_base:/home/expert_amateur/vbm_ws/install/cpp_srvcli:/home/expert_amateur/vbm_ws/install/cpp_pubsub:/home/expert_amateur/vbm_ws/install/tutorial_interfaces:/home/expert_amateur/vbm_ws/install/polygon_plugins:/home/expert_amateur/vbm_ws/install/more_interfaces:/home/expert_amateur/vbm_ws/install/cpp_parameters:/home/expert_amateur/vbm_ws/install/addvectors_srvcli:/home/expert_amateur/voidwalking/ros2_ws/install/void_tests:/home/expert_amateur/voidwalking/ros2_ws/install/turtlebot_test:/home/expert_amateur/voidwalking/ros2_ws/install/spatio_temporal_voxel_layer:/home/expert_amateur/voidwalking/ros2_ws/install/main:/home/expert_amateur/voidwalking/ros2_ws/install/simulation:/home/expert_amateur/voidwalking/ros2_ws/install/rviz_satellite:/home/expert_amateur/voidwalking/ros2_ws/install/obstacle_avoidance:/home/expert_amateur/voidwalking/ros2_ws/install/nav2_turtlebot3:/home/expert_amateur/voidwalking/ros2_ws/install/mapping:/home/expert_amateur/voidwalking/arduino_ws/microros_ws/install/micro_ros_setup:/home/expert_amateur/voidwalking/ros2_ws/install/waypoints:/opt/ros/humble /usr/bin/cmake --build /home/expert_amateur/vbm_ws/build/polygon_plugins -- -j12 -l12
[0.123s] Invoking command in '/home/expert_amateur/vbm_ws/build/polygon_plugins': CMAKE_PREFIX_PATH=/home/expert_amateur/vbm_ws/install/polygon_base:/home/expert_amateur/vbm_ws/install/cpp_srvcli:/home/expert_amateur/vbm_ws/install/cpp_pubsub:/home/expert_amateur/vbm_ws/install/tutorial_interfaces:/home/expert_amateur/vbm_ws/install/polygon_plugins:/home/expert_amateur/vbm_ws/install/more_interfaces:/home/expert_amateur/vbm_ws/install/cpp_parameters:/home/expert_amateur/vbm_ws/install/addvectors_srvcli:/home/expert_amateur/voidwalking/ros2_ws/install/void_tests:/home/expert_amateur/voidwalking/ros2_ws/install/turtlebot_test:/home/expert_amateur/voidwalking/ros2_ws/install/spatio_temporal_voxel_layer:/home/expert_amateur/voidwalking/ros2_ws/install/main:/home/expert_amateur/voidwalking/ros2_ws/install/simulation:/home/expert_amateur/voidwalking/ros2_ws/install/rviz_satellite:/home/expert_amateur/voidwalking/ros2_ws/install/obstacle_avoidance:/home/expert_amateur/voidwalking/ros2_ws/install/nav2_turtlebot3:/home/expert_amateur/voidwalking/ros2_ws/install/mapping:/home/expert_amateur/voidwalking/arduino_ws/microros_ws/install/micro_ros_setup:/home/expert_amateur/voidwalking/ros2_ws/install/waypoints:/opt/ros/humble /usr/bin/cmake --install /home/expert_amateur/vbm_ws/build/polygon_plugins
[0.136s] -- Install configuration: ""
[0.136s] -- Up-to-date: /home/expert_amateur/vbm_ws/install/polygon_plugins/share/polygon_plugins/plugins.xml
[0.136s] -- Up-to-date: /home/expert_amateur/vbm_ws/install/polygon_plugins/include
[0.136s] -- Up-to-date: /home/expert_amateur/vbm_ws/install/polygon_plugins/include/polygon_plugins
[0.136s] -- Up-to-date: /home/expert_amateur/vbm_ws/install/polygon_plugins/include/polygon_plugins/polygon_plugins.hpp
[0.137s] -- Up-to-date: /home/expert_amateur/vbm_ws/install/polygon_plugins/include/polygon_plugins/visibility_control.h
[0.137s] -- Up-to-date: /home/expert_amateur/vbm_ws/install/polygon_plugins/lib/libpolygon_plugins.so
[0.137s] -- Up-to-date: /home/expert_amateur/vbm_ws/install/polygon_plugins/share/polygon_plugins/environment/library_path.sh
[0.137s] -- Up-to-date: /home/expert_amateur/vbm_ws/install/polygon_plugins/share/polygon_plugins/environment/library_path.dsv
[0.137s] -- Up-to-date: /home/expert_amateur/vbm_ws/install/polygon_plugins/share/ament_index/resource_index/package_run_dependencies/polygon_plugins
[0.137s] -- Up-to-date: /home/expert_amateur/vbm_ws/install/polygon_plugins/share/ament_index/resource_index/parent_prefix_path/polygon_plugins
[0.137s] -- Up-to-date: /home/expert_amateur/vbm_ws/install/polygon_plugins/share/polygon_plugins/environment/ament_prefix_path.sh
[0.137s] -- Up-to-date: /home/expert_amateur/vbm_ws/install/polygon_plugins/share/polygon_plugins/environment/ament_prefix_path.dsv
[0.138s] -- Up-to-date: /home/expert_amateur/vbm_ws/install/polygon_plugins/share/polygon_plugins/environment/path.sh
[0.138s] -- Up-to-date: /home/expert_amateur/vbm_ws/install/polygon_plugins/share/polygon_plugins/environment/path.dsv
[0.139s] -- Up-to-date: /home/expert_amateur/vbm_ws/install/polygon_plugins/share/polygon_plugins/local_setup.bash
[0.139s] -- Up-to-date: /home/expert_amateur/vbm_ws/install/polygon_plugins/share/polygon_plugins/local_setup.sh
[0.139s] -- Up-to-date: /home/expert_amateur/vbm_ws/install/polygon_plugins/share/polygon_plugins/local_setup.zsh
[0.139s] -- Up-to-date: /home/expert_amateur/vbm_ws/install/polygon_plugins/share/polygon_plugins/local_setup.dsv
[0.139s] -- Installing: /home/expert_amateur/vbm_ws/install/polygon_plugins/share/polygon_plugins/package.dsv
[0.139s] -- Up-to-date: /home/expert_amateur/vbm_ws/install/polygon_plugins/share/ament_index/resource_index/packages/polygon_plugins
[0.139s] -- Up-to-date: /home/expert_amateur/vbm_ws/install/polygon_plugins/share/ament_index/resource_index/polygon_base__pluginlib__plugin/polygon_plugins
[0.139s] -- Up-to-date: /home/expert_amateur/vbm_ws/install/polygon_plugins/share/polygon_plugins/cmake/export_polygon_pluginsExport.cmake
[0.140s] -- Up-to-date: /home/expert_amateur/vbm_ws/install/polygon_plugins/share/polygon_plugins/cmake/export_polygon_pluginsExport-noconfig.cmake
[0.140s] -- Up-to-date: /home/expert_amateur/vbm_ws/install/polygon_plugins/share/polygon_plugins/cmake/ament_cmake_export_include_directories-extras.cmake
[0.140s] -- Up-to-date: /home/expert_amateur/vbm_ws/install/polygon_plugins/share/polygon_plugins/cmake/ament_cmake_export_libraries-extras.cmake
[0.140s] -- Up-to-date: /home/expert_amateur/vbm_ws/install/polygon_plugins/share/polygon_plugins/cmake/ament_cmake_export_targets-extras.cmake
[0.140s] -- Up-to-date: /home/expert_amateur/vbm_ws/install/polygon_plugins/share/polygon_plugins/cmake/polygon_pluginsConfig.cmake
[0.140s] -- Up-to-date: /home/expert_amateur/vbm_ws/install/polygon_plugins/share/polygon_plugins/cmake/polygon_pluginsConfig-version.cmake
[0.141s] -- Up-to-date: /home/expert_amateur/vbm_ws/install/polygon_plugins/share/polygon_plugins/package.xml
[0.147s] Invoked command in '/home/expert_amateur/vbm_ws/build/polygon_plugins' returned '0': CMAKE_PREFIX_PATH=/home/expert_amateur/vbm_ws/install/polygon_base:/home/expert_amateur/vbm_ws/install/cpp_srvcli:/home/expert_amateur/vbm_ws/install/cpp_pubsub:/home/expert_amateur/vbm_ws/install/tutorial_interfaces:/home/expert_amateur/vbm_ws/install/polygon_plugins:/home/expert_amateur/vbm_ws/install/more_interfaces:/home/expert_amateur/vbm_ws/install/cpp_parameters:/home/expert_amateur/vbm_ws/install/addvectors_srvcli:/home/expert_amateur/voidwalking/ros2_ws/install/void_tests:/home/expert_amateur/voidwalking/ros2_ws/install/turtlebot_test:/home/expert_amateur/voidwalking/ros2_ws/install/spatio_temporal_voxel_layer:/home/expert_amateur/voidwalking/ros2_ws/install/main:/home/expert_amateur/voidwalking/ros2_ws/install/simulation:/home/expert_amateur/voidwalking/ros2_ws/install/rviz_satellite:/home/expert_amateur/voidwalking/ros2_ws/install/obstacle_avoidance:/home/expert_amateur/voidwalking/ros2_ws/install/nav2_turtlebot3:/home/expert_amateur/voidwalking/ros2_ws/install/mapping:/home/expert_amateur/voidwalking/arduino_ws/microros_ws/install/micro_ros_setup:/home/expert_amateur/voidwalking/ros2_ws/install/waypoints:/opt/ros/humble /usr/bin/cmake --install /home/expert_amateur/vbm_ws/build/polygon_plugins
