[0.024s] Invoking command in '/home/expert_amateur/vbm_ws/build/cpp_parameters': CMAKE_PREFIX_PATH=${CMAKE_PREFIX_PATH}:/home/expert_amateur/voidwalking/ros2_ws/install/waypoints:/opt/ros/humble /usr/bin/cmake /home/expert_amateur/vbm_ws/src/cpp_parameters -DCMAKE_INSTALL_PREFIX=/home/expert_amateur/vbm_ws/install/cpp_parameters
[0.072s] -- The C compiler identification is GNU 11.4.0
[0.135s] -- The CXX compiler identification is GNU 11.4.0
[0.141s] -- Detecting C compiler ABI info
[0.203s] -- Detecting C compiler ABI info - done
[0.210s] -- Check for working C compiler: /usr/bin/cc - skipped
[0.210s] -- Detecting C compile features
[0.210s] -- Detecting C compile features - done
[0.213s] -- Detecting CXX compiler ABI info
[0.277s] -- Detecting CXX compiler ABI info - done
[0.284s] -- Check for working CXX compiler: /usr/bin/c++ - skipped
[0.284s] -- Detecting CXX compile features
[0.284s] -- Detecting CXX compile features - done
[0.287s] -- Found ament_cmake: 1.3.5 (/opt/ros/humble/share/ament_cmake/cmake)
[0.453s] -- Found Python3: /usr/bin/python3.10 (found version "3.10.12") found components: Interpreter 
[0.558s] -- Found rclcpp: 16.0.5 (/opt/ros/humble/share/rclcpp/cmake)
[0.607s] -- Found rosidl_generator_c: 3.1.5 (/opt/ros/humble/share/rosidl_generator_c/cmake)
[0.613s] -- Found rosidl_adapter: 3.1.5 (/opt/ros/humble/share/rosidl_adapter/cmake)
[0.624s] -- Found rosidl_generator_cpp: 3.1.5 (/opt/ros/humble/share/rosidl_generator_cpp/cmake)
[0.640s] -- Using all available rosidl_typesupport_c: rosidl_typesupport_fastrtps_c;rosidl_typesupport_introspection_c
[0.662s] -- Using all available rosidl_typesupport_cpp: rosidl_typesupport_fastrtps_cpp;rosidl_typesupport_introspection_cpp
[0.746s] -- Found rmw_implementation_cmake: 6.1.1 (/opt/ros/humble/share/rmw_implementation_cmake/cmake)
[0.750s] -- Found rmw_fastrtps_cpp: 6.2.3 (/opt/ros/humble/share/rmw_fastrtps_cpp/cmake)
[0.843s] -- Found OpenSSL: /usr/lib/x86_64-linux-gnu/libcrypto.so (found version "3.0.2")  
[0.869s] -- Found FastRTPS: /opt/ros/humble/include  
[0.916s] -- Using RMW implementation 'rmw_fastrtps_cpp' as default
[0.928s] -- Looking for pthread.h
[0.988s] -- Looking for pthread.h - found
[0.989s] -- Performing Test CMAKE_HAVE_LIBC_PTHREAD
[1.072s] -- Performing Test CMAKE_HAVE_LIBC_PTHREAD - Success
[1.073s] -- Found Threads: TRUE  
[1.249s] -- Found ament_lint_auto: 0.12.7 (/opt/ros/humble/share/ament_lint_auto/cmake)
[1.338s] -- Added test 'cppcheck' to perform static code analysis on C / C++ code
[1.338s] -- Configured cppcheck include dirs: 
[1.338s] -- Configured cppcheck exclude dirs and/or files: 
[1.339s] -- Added test 'lint_cmake' to check CMake code style
[1.340s] -- Added test 'uncrustify' to check C / C++ code style
[1.340s] -- Configured uncrustify additional arguments: 
[1.341s] -- Added test 'xmllint' to check XML markup files
[1.342s] -- Configuring done
[1.349s] -- Generating done
[1.350s] -- Build files have been written to: /home/expert_amateur/vbm_ws/build/cpp_parameters
[1.357s] Invoked command in '/home/expert_amateur/vbm_ws/build/cpp_parameters' returned '0': CMAKE_PREFIX_PATH=${CMAKE_PREFIX_PATH}:/home/expert_amateur/voidwalking/ros2_ws/install/waypoints:/opt/ros/humble /usr/bin/cmake /home/expert_amateur/vbm_ws/src/cpp_parameters -DCMAKE_INSTALL_PREFIX=/home/expert_amateur/vbm_ws/install/cpp_parameters
[1.359s] Invoking command in '/home/expert_amateur/vbm_ws/build/cpp_parameters': CMAKE_PREFIX_PATH=${CMAKE_PREFIX_PATH}:/home/expert_amateur/voidwalking/ros2_ws/install/waypoints:/opt/ros/humble /usr/bin/cmake --build /home/expert_amateur/vbm_ws/build/cpp_parameters -- -j12 -l12
[1.398s] [ 50%] [32mBuilding CXX object CMakeFiles/minimal_param_node.dir/src/cpp_parameters_node.cpp.o[0m
[4.179s] [100%] [32m[1mLinking CXX executable minimal_param_node[0m
[4.278s] [100%] Built target minimal_param_node
[4.286s] Invoked command in '/home/expert_amateur/vbm_ws/build/cpp_parameters' returned '0': CMAKE_PREFIX_PATH=${CMAKE_PREFIX_PATH}:/home/expert_amateur/voidwalking/ros2_ws/install/waypoints:/opt/ros/humble /usr/bin/cmake --build /home/expert_amateur/vbm_ws/build/cpp_parameters -- -j12 -l12
[4.306s] Invoking command in '/home/expert_amateur/vbm_ws/build/cpp_parameters': CMAKE_PREFIX_PATH=${CMAKE_PREFIX_PATH}:/home/expert_amateur/voidwalking/ros2_ws/install/waypoints:/opt/ros/humble /usr/bin/cmake --install /home/expert_amateur/vbm_ws/build/cpp_parameters
[4.313s] -- Install configuration: ""
[4.313s] -- Installing: /home/expert_amateur/vbm_ws/install/cpp_parameters/lib/cpp_parameters/minimal_param_node
[4.313s] -- Set runtime path of "/home/expert_amateur/vbm_ws/install/cpp_parameters/lib/cpp_parameters/minimal_param_node" to ""
[4.314s] -- Installing: /home/expert_amateur/vbm_ws/install/cpp_parameters/share/ament_index/resource_index/package_run_dependencies/cpp_parameters
[4.314s] -- Installing: /home/expert_amateur/vbm_ws/install/cpp_parameters/share/ament_index/resource_index/parent_prefix_path/cpp_parameters
[4.314s] -- Installing: /home/expert_amateur/vbm_ws/install/cpp_parameters/share/cpp_parameters/environment/ament_prefix_path.sh
[4.314s] -- Installing: /home/expert_amateur/vbm_ws/install/cpp_parameters/share/cpp_parameters/environment/ament_prefix_path.dsv
[4.314s] -- Installing: /home/expert_amateur/vbm_ws/install/cpp_parameters/share/cpp_parameters/environment/path.sh
[4.314s] -- Installing: /home/expert_amateur/vbm_ws/install/cpp_parameters/share/cpp_parameters/environment/path.dsv
[4.314s] -- Installing: /home/expert_amateur/vbm_ws/install/cpp_parameters/share/cpp_parameters/local_setup.bash
[4.314s] -- Installing: /home/expert_amateur/vbm_ws/install/cpp_parameters/share/cpp_parameters/local_setup.sh
[4.314s] -- Installing: /home/expert_amateur/vbm_ws/install/cpp_parameters/share/cpp_parameters/local_setup.zsh
[4.314s] -- Installing: /home/expert_amateur/vbm_ws/install/cpp_parameters/share/cpp_parameters/local_setup.dsv
[4.314s] -- Installing: /home/expert_amateur/vbm_ws/install/cpp_parameters/share/cpp_parameters/package.dsv
[4.314s] -- Installing: /home/expert_amateur/vbm_ws/install/cpp_parameters/share/ament_index/resource_index/packages/cpp_parameters
[4.315s] -- Installing: /home/expert_amateur/vbm_ws/install/cpp_parameters/share/cpp_parameters/cmake/cpp_parametersConfig.cmake
[4.315s] -- Installing: /home/expert_amateur/vbm_ws/install/cpp_parameters/share/cpp_parameters/cmake/cpp_parametersConfig-version.cmake
[4.315s] -- Installing: /home/expert_amateur/vbm_ws/install/cpp_parameters/share/cpp_parameters/package.xml
[4.318s] Invoked command in '/home/expert_amateur/vbm_ws/build/cpp_parameters' returned '0': CMAKE_PREFIX_PATH=${CMAKE_PREFIX_PATH}:/home/expert_amateur/voidwalking/ros2_ws/install/waypoints:/opt/ros/humble /usr/bin/cmake --install /home/expert_amateur/vbm_ws/build/cpp_parameters
