-- Install configuration: ""
-- Up-to-date: /home/expert_amateur/vbm_ws/install/vbm_project_env/share/vbm_project_env/launch
-- Up-to-date: /home/expert_amateur/vbm_ws/install/vbm_project_env/share/vbm_project_env/launch/simulation.launch.py
-- Up-to-date: /home/expert_amateur/vbm_ws/install/vbm_project_env/share/vbm_project_env/worlds
-- Up-to-date: /home/expert_amateur/vbm_ws/install/vbm_project_env/share/vbm_project_env/worlds/simulation.world
-- Up-to-date: /home/expert_amateur/vbm_ws/install/vbm_project_env/share/vbm_project_env/urdf
-- Up-to-date: /home/expert_amateur/vbm_ws/install/vbm_project_env/share/vbm_project_env/urdf/camera.urdf
-- Up-to-date: /home/expert_amateur/vbm_ws/install/vbm_project_env/share/ament_index/resource_index/package_run_dependencies/vbm_project_env
-- Up-to-date: /home/expert_amateur/vbm_ws/install/vbm_project_env/share/ament_index/resource_index/parent_prefix_path/vbm_project_env
-- Up-to-date: /home/expert_amateur/vbm_ws/install/vbm_project_env/share/vbm_project_env/environment/ament_prefix_path.sh
-- Up-to-date: /home/expert_amateur/vbm_ws/install/vbm_project_env/share/vbm_project_env/environment/ament_prefix_path.dsv
-- Up-to-date: /home/expert_amateur/vbm_ws/install/vbm_project_env/share/vbm_project_env/environment/path.sh
-- Up-to-date: /home/expert_amateur/vbm_ws/install/vbm_project_env/share/vbm_project_env/environment/path.dsv
-- Up-to-date: /home/expert_amateur/vbm_ws/install/vbm_project_env/share/vbm_project_env/local_setup.bash
-- Up-to-date: /home/expert_amateur/vbm_ws/install/vbm_project_env/share/vbm_project_env/local_setup.sh
-- Up-to-date: /home/expert_amateur/vbm_ws/install/vbm_project_env/share/vbm_project_env/local_setup.zsh
-- Up-to-date: /home/expert_amateur/vbm_ws/install/vbm_project_env/share/vbm_project_env/local_setup.dsv
-- Installing: /home/expert_amateur/vbm_ws/install/vbm_project_env/share/vbm_project_env/package.dsv
-- Up-to-date: /home/expert_amateur/vbm_ws/install/vbm_project_env/share/ament_index/resource_index/packages/vbm_project_env
-- Up-to-date: /home/expert_amateur/vbm_ws/install/vbm_project_env/share/vbm_project_env/cmake/vbm_project_envConfig.cmake
-- Up-to-date: /home/expert_amateur/vbm_ws/install/vbm_project_env/share/vbm_project_env/cmake/vbm_project_envConfig-version.cmake
-- Up-to-date: /home/expert_amateur/vbm_ws/install/vbm_project_env/share/vbm_project_env/package.xml
