[0.355s] DEBUG:colcon:Command line arguments: ['/usr/bin/colcon', 'build']
[0.355s] DEBUG:colcon:Parsed command line arguments: Namespace(log_base=None, log_level=None, verb_name='build', build_base='build', install_base='install', merge_install=False, symlink_install=False, test_result_base=None, continue_on_error=False, executor='parallel', parallel_workers=12, event_handlers=None, ignore_user_meta=False, metas=['./colcon.meta'], base_paths=['.'], packages_ignore=None, packages_ignore_regex=None, paths=None, packages_up_to=None, packages_up_to_regex=None, packages_above=None, packages_above_and_dependencies=None, packages_above_depth=None, packages_select_by_dep=None, packages_skip_by_dep=None, packages_skip_up_to=None, packages_select_build_failed=False, packages_skip_build_finished=False, packages_select_test_failures=False, packages_skip_test_passed=False, packages_select=None, packages_skip=None, packages_select_regex=None, packages_skip_regex=None, packages_start=None, packages_end=None, allow_overriding=[], cmake_args=None, cmake_target=None, cmake_target_skip_unavailable=False, cmake_clean_cache=False, cmake_clean_first=False, cmake_force_configure=False, ament_cmake_args=None, catkin_cmake_args=None, catkin_skip_building_tests=False, verb_parser=<colcon_defaults.argument_parser.defaults.DefaultArgumentsDecorator object at 0x7fd9e7bda620>, verb_extension=<colcon_core.verb.build.BuildVerb object at 0x7fd9e7bda0b0>, main=<bound method BuildVerb.main of <colcon_core.verb.build.BuildVerb object at 0x7fd9e7bda0b0>>)
[0.377s] Level 1:colcon.colcon_core.package_discovery:discover_packages(colcon_meta) check parameters
[0.377s] Level 1:colcon.colcon_core.package_discovery:discover_packages(recursive) check parameters
[0.377s] Level 1:colcon.colcon_core.package_discovery:discover_packages(ignore) check parameters
[0.377s] Level 1:colcon.colcon_core.package_discovery:discover_packages(path) check parameters
[0.377s] Level 1:colcon.colcon_core.package_discovery:discover_packages(colcon_meta) discover
[0.377s] Level 1:colcon.colcon_core.package_discovery:discover_packages(recursive) discover
[0.377s] INFO:colcon.colcon_core.package_discovery:Crawling recursively for packages in '/home/expert_amateur/vbm_ws'
[0.377s] Level 1:colcon.colcon_core.package_identification:_identify(.) by extensions ['ignore', 'ignore_ament_install']
[0.377s] Level 1:colcon.colcon_core.package_identification:_identify(.) by extension 'ignore'
[0.377s] Level 1:colcon.colcon_core.package_identification:_identify(.) by extension 'ignore_ament_install'
[0.377s] Level 1:colcon.colcon_core.package_identification:_identify(.) by extensions ['colcon_pkg']
[0.377s] Level 1:colcon.colcon_core.package_identification:_identify(.) by extension 'colcon_pkg'
[0.377s] Level 1:colcon.colcon_core.package_identification:_identify(.) by extensions ['colcon_meta']
[0.378s] Level 1:colcon.colcon_core.package_identification:_identify(.) by extension 'colcon_meta'
[0.378s] Level 1:colcon.colcon_core.package_identification:_identify(.) by extensions ['ros']
[0.378s] Level 1:colcon.colcon_core.package_identification:_identify(.) by extension 'ros'
[0.397s] Level 1:colcon.colcon_core.package_identification:_identify(.) by extensions ['cmake', 'python']
[0.397s] Level 1:colcon.colcon_core.package_identification:_identify(.) by extension 'cmake'
[0.397s] Level 1:colcon.colcon_core.package_identification:_identify(.) by extension 'python'
[0.397s] Level 1:colcon.colcon_core.package_identification:_identify(.) by extensions ['python_setup_py']
[0.397s] Level 1:colcon.colcon_core.package_identification:_identify(.) by extension 'python_setup_py'
[0.397s] Level 1:colcon.colcon_core.package_identification:_identify(build) by extensions ['ignore', 'ignore_ament_install']
[0.397s] Level 1:colcon.colcon_core.package_identification:_identify(build) by extension 'ignore'
[0.397s] Level 1:colcon.colcon_core.package_identification:_identify(build) ignored
[0.397s] Level 1:colcon.colcon_core.package_identification:_identify(install) by extensions ['ignore', 'ignore_ament_install']
[0.397s] Level 1:colcon.colcon_core.package_identification:_identify(install) by extension 'ignore'
[0.398s] Level 1:colcon.colcon_core.package_identification:_identify(install) ignored
[0.398s] Level 1:colcon.colcon_core.package_identification:_identify(log) by extensions ['ignore', 'ignore_ament_install']
[0.398s] Level 1:colcon.colcon_core.package_identification:_identify(log) by extension 'ignore'
[0.398s] Level 1:colcon.colcon_core.package_identification:_identify(log) ignored
[0.398s] Level 1:colcon.colcon_core.package_identification:_identify(src) by extensions ['ignore', 'ignore_ament_install']
[0.398s] Level 1:colcon.colcon_core.package_identification:_identify(src) by extension 'ignore'
[0.398s] Level 1:colcon.colcon_core.package_identification:_identify(src) by extension 'ignore_ament_install'
[0.398s] Level 1:colcon.colcon_core.package_identification:_identify(src) by extensions ['colcon_pkg']
[0.398s] Level 1:colcon.colcon_core.package_identification:_identify(src) by extension 'colcon_pkg'
[0.398s] Level 1:colcon.colcon_core.package_identification:_identify(src) by extensions ['colcon_meta']
[0.398s] Level 1:colcon.colcon_core.package_identification:_identify(src) by extension 'colcon_meta'
[0.398s] Level 1:colcon.colcon_core.package_identification:_identify(src) by extensions ['ros']
[0.398s] Level 1:colcon.colcon_core.package_identification:_identify(src) by extension 'ros'
[0.398s] Level 1:colcon.colcon_core.package_identification:_identify(src) by extensions ['cmake', 'python']
[0.398s] Level 1:colcon.colcon_core.package_identification:_identify(src) by extension 'cmake'
[0.398s] Level 1:colcon.colcon_core.package_identification:_identify(src) by extension 'python'
[0.398s] Level 1:colcon.colcon_core.package_identification:_identify(src) by extensions ['python_setup_py']
[0.398s] Level 1:colcon.colcon_core.package_identification:_identify(src) by extension 'python_setup_py'
[0.398s] Level 1:colcon.colcon_core.package_identification:_identify(src/build) by extensions ['ignore', 'ignore_ament_install']
[0.399s] Level 1:colcon.colcon_core.package_identification:_identify(src/build) by extension 'ignore'
[0.399s] Level 1:colcon.colcon_core.package_identification:_identify(src/build) ignored
[0.399s] Level 1:colcon.colcon_core.package_identification:_identify(src/cpp_parameters) by extensions ['ignore', 'ignore_ament_install']
[0.399s] Level 1:colcon.colcon_core.package_identification:_identify(src/cpp_parameters) by extension 'ignore'
[0.399s] Level 1:colcon.colcon_core.package_identification:_identify(src/cpp_parameters) by extension 'ignore_ament_install'
[0.399s] Level 1:colcon.colcon_core.package_identification:_identify(src/cpp_parameters) by extensions ['colcon_pkg']
[0.399s] Level 1:colcon.colcon_core.package_identification:_identify(src/cpp_parameters) by extension 'colcon_pkg'
[0.399s] Level 1:colcon.colcon_core.package_identification:_identify(src/cpp_parameters) by extensions ['colcon_meta']
[0.399s] Level 1:colcon.colcon_core.package_identification:_identify(src/cpp_parameters) by extension 'colcon_meta'
[0.399s] Level 1:colcon.colcon_core.package_identification:_identify(src/cpp_parameters) by extensions ['ros']
[0.399s] Level 1:colcon.colcon_core.package_identification:_identify(src/cpp_parameters) by extension 'ros'
[0.402s] DEBUG:colcon.colcon_core.package_identification:Package 'src/cpp_parameters' with type 'ros.ament_cmake' and name 'cpp_parameters'
[0.402s] Level 1:colcon.colcon_core.package_identification:_identify(src/cpp_pubsub) by extensions ['ignore', 'ignore_ament_install']
[0.402s] Level 1:colcon.colcon_core.package_identification:_identify(src/cpp_pubsub) by extension 'ignore'
[0.402s] Level 1:colcon.colcon_core.package_identification:_identify(src/cpp_pubsub) by extension 'ignore_ament_install'
[0.402s] Level 1:colcon.colcon_core.package_identification:_identify(src/cpp_pubsub) by extensions ['colcon_pkg']
[0.402s] Level 1:colcon.colcon_core.package_identification:_identify(src/cpp_pubsub) by extension 'colcon_pkg'
[0.402s] Level 1:colcon.colcon_core.package_identification:_identify(src/cpp_pubsub) by extensions ['colcon_meta']
[0.402s] Level 1:colcon.colcon_core.package_identification:_identify(src/cpp_pubsub) by extension 'colcon_meta'
[0.402s] Level 1:colcon.colcon_core.package_identification:_identify(src/cpp_pubsub) by extensions ['ros']
[0.402s] Level 1:colcon.colcon_core.package_identification:_identify(src/cpp_pubsub) by extension 'ros'
[0.403s] DEBUG:colcon.colcon_core.package_identification:Package 'src/cpp_pubsub' with type 'ros.ament_cmake' and name 'cpp_pubsub'
[0.403s] Level 1:colcon.colcon_core.package_identification:_identify(src/cpp_srvcli) by extensions ['ignore', 'ignore_ament_install']
[0.403s] Level 1:colcon.colcon_core.package_identification:_identify(src/cpp_srvcli) by extension 'ignore'
[0.403s] Level 1:colcon.colcon_core.package_identification:_identify(src/cpp_srvcli) by extension 'ignore_ament_install'
[0.403s] Level 1:colcon.colcon_core.package_identification:_identify(src/cpp_srvcli) by extensions ['colcon_pkg']
[0.403s] Level 1:colcon.colcon_core.package_identification:_identify(src/cpp_srvcli) by extension 'colcon_pkg'
[0.403s] Level 1:colcon.colcon_core.package_identification:_identify(src/cpp_srvcli) by extensions ['colcon_meta']
[0.403s] Level 1:colcon.colcon_core.package_identification:_identify(src/cpp_srvcli) by extension 'colcon_meta'
[0.403s] Level 1:colcon.colcon_core.package_identification:_identify(src/cpp_srvcli) by extensions ['ros']
[0.403s] Level 1:colcon.colcon_core.package_identification:_identify(src/cpp_srvcli) by extension 'ros'
[0.404s] DEBUG:colcon.colcon_core.package_identification:Package 'src/cpp_srvcli' with type 'ros.ament_cmake' and name 'cpp_srvcli'
[0.404s] Level 1:colcon.colcon_core.package_identification:_identify(src/install) by extensions ['ignore', 'ignore_ament_install']
[0.404s] Level 1:colcon.colcon_core.package_identification:_identify(src/install) by extension 'ignore'
[0.404s] Level 1:colcon.colcon_core.package_identification:_identify(src/install) ignored
[0.404s] Level 1:colcon.colcon_core.package_identification:_identify(src/log) by extensions ['ignore', 'ignore_ament_install']
[0.404s] Level 1:colcon.colcon_core.package_identification:_identify(src/log) by extension 'ignore'
[0.404s] Level 1:colcon.colcon_core.package_identification:_identify(src/log) ignored
[0.404s] Level 1:colcon.colcon_core.package_identification:_identify(src/more_interfaces) by extensions ['ignore', 'ignore_ament_install']
[0.404s] Level 1:colcon.colcon_core.package_identification:_identify(src/more_interfaces) by extension 'ignore'
[0.404s] Level 1:colcon.colcon_core.package_identification:_identify(src/more_interfaces) by extension 'ignore_ament_install'
[0.404s] Level 1:colcon.colcon_core.package_identification:_identify(src/more_interfaces) by extensions ['colcon_pkg']
[0.404s] Level 1:colcon.colcon_core.package_identification:_identify(src/more_interfaces) by extension 'colcon_pkg'
[0.405s] Level 1:colcon.colcon_core.package_identification:_identify(src/more_interfaces) by extensions ['colcon_meta']
[0.405s] Level 1:colcon.colcon_core.package_identification:_identify(src/more_interfaces) by extension 'colcon_meta'
[0.405s] Level 1:colcon.colcon_core.package_identification:_identify(src/more_interfaces) by extensions ['ros']
[0.405s] Level 1:colcon.colcon_core.package_identification:_identify(src/more_interfaces) by extension 'ros'
[0.405s] DEBUG:colcon.colcon_core.package_identification:Package 'src/more_interfaces' with type 'ros.ament_cmake' and name 'more_interfaces'
[0.405s] Level 1:colcon.colcon_core.package_identification:_identify(src/polygon_base) by extensions ['ignore', 'ignore_ament_install']
[0.405s] Level 1:colcon.colcon_core.package_identification:_identify(src/polygon_base) by extension 'ignore'
[0.405s] Level 1:colcon.colcon_core.package_identification:_identify(src/polygon_base) by extension 'ignore_ament_install'
[0.405s] Level 1:colcon.colcon_core.package_identification:_identify(src/polygon_base) by extensions ['colcon_pkg']
[0.405s] Level 1:colcon.colcon_core.package_identification:_identify(src/polygon_base) by extension 'colcon_pkg'
[0.405s] Level 1:colcon.colcon_core.package_identification:_identify(src/polygon_base) by extensions ['colcon_meta']
[0.405s] Level 1:colcon.colcon_core.package_identification:_identify(src/polygon_base) by extension 'colcon_meta'
[0.406s] Level 1:colcon.colcon_core.package_identification:_identify(src/polygon_base) by extensions ['ros']
[0.406s] Level 1:colcon.colcon_core.package_identification:_identify(src/polygon_base) by extension 'ros'
[0.406s] DEBUG:colcon.colcon_core.package_identification:Package 'src/polygon_base' with type 'ros.ament_cmake' and name 'polygon_base'
[0.406s] Level 1:colcon.colcon_core.package_identification:_identify(src/polygon_plugins) by extensions ['ignore', 'ignore_ament_install']
[0.406s] Level 1:colcon.colcon_core.package_identification:_identify(src/polygon_plugins) by extension 'ignore'
[0.406s] Level 1:colcon.colcon_core.package_identification:_identify(src/polygon_plugins) by extension 'ignore_ament_install'
[0.406s] Level 1:colcon.colcon_core.package_identification:_identify(src/polygon_plugins) by extensions ['colcon_pkg']
[0.406s] Level 1:colcon.colcon_core.package_identification:_identify(src/polygon_plugins) by extension 'colcon_pkg'
[0.406s] Level 1:colcon.colcon_core.package_identification:_identify(src/polygon_plugins) by extensions ['colcon_meta']
[0.406s] Level 1:colcon.colcon_core.package_identification:_identify(src/polygon_plugins) by extension 'colcon_meta'
[0.407s] Level 1:colcon.colcon_core.package_identification:_identify(src/polygon_plugins) by extensions ['ros']
[0.407s] Level 1:colcon.colcon_core.package_identification:_identify(src/polygon_plugins) by extension 'ros'
[0.407s] DEBUG:colcon.colcon_core.package_identification:Package 'src/polygon_plugins' with type 'ros.ament_cmake' and name 'polygon_plugins'
[0.407s] Level 1:colcon.colcon_core.package_identification:_identify(src/tutorial_interfaces) by extensions ['ignore', 'ignore_ament_install']
[0.407s] Level 1:colcon.colcon_core.package_identification:_identify(src/tutorial_interfaces) by extension 'ignore'
[0.407s] Level 1:colcon.colcon_core.package_identification:_identify(src/tutorial_interfaces) by extension 'ignore_ament_install'
[0.407s] Level 1:colcon.colcon_core.package_identification:_identify(src/tutorial_interfaces) by extensions ['colcon_pkg']
[0.407s] Level 1:colcon.colcon_core.package_identification:_identify(src/tutorial_interfaces) by extension 'colcon_pkg'
[0.407s] Level 1:colcon.colcon_core.package_identification:_identify(src/tutorial_interfaces) by extensions ['colcon_meta']
[0.407s] Level 1:colcon.colcon_core.package_identification:_identify(src/tutorial_interfaces) by extension 'colcon_meta'
[0.408s] Level 1:colcon.colcon_core.package_identification:_identify(src/tutorial_interfaces) by extensions ['ros']
[0.408s] Level 1:colcon.colcon_core.package_identification:_identify(src/tutorial_interfaces) by extension 'ros'
[0.408s] DEBUG:colcon.colcon_core.package_identification:Package 'src/tutorial_interfaces' with type 'ros.ament_cmake' and name 'tutorial_interfaces'
[0.408s] Level 1:colcon.colcon_core.package_discovery:discover_packages(recursive) using defaults
[0.408s] Level 1:colcon.colcon_core.package_discovery:discover_packages(ignore) discover
[0.408s] Level 1:colcon.colcon_core.package_discovery:discover_packages(ignore) using defaults
[0.408s] Level 1:colcon.colcon_core.package_discovery:discover_packages(path) discover
[0.408s] Level 1:colcon.colcon_core.package_discovery:discover_packages(path) using defaults
[0.428s] Level 1:colcon.colcon_core.package_discovery:discover_packages(prefix_path) check parameters
[0.428s] Level 1:colcon.colcon_core.package_discovery:discover_packages(prefix_path) discover
[0.431s] DEBUG:colcon.colcon_installed_package_information.package_discovery:Found 5 installed packages in /home/expert_amateur/vbm_ws/install
[0.432s] DEBUG:colcon.colcon_installed_package_information.package_discovery:Found 1 installed packages in /home/expert_amateur/voidwalking/arduino_ws/microros_ws/install
[0.433s] DEBUG:colcon.colcon_installed_package_information.package_discovery:Found 10 installed packages in /home/expert_amateur/voidwalking/ros2_ws/install
[0.435s] DEBUG:colcon.colcon_installed_package_information.package_discovery:Found 416 installed packages in /opt/ros/humble
[0.437s] Level 1:colcon.colcon_core.package_discovery:discover_packages(prefix_path) using defaults
[0.510s] Level 5:colcon.colcon_core.verb:set package 'cpp_parameters' build argument 'cmake_args' from command line to 'None'
[0.510s] Level 5:colcon.colcon_core.verb:set package 'cpp_parameters' build argument 'cmake_target' from command line to 'None'
[0.510s] Level 5:colcon.colcon_core.verb:set package 'cpp_parameters' build argument 'cmake_target_skip_unavailable' from command line to 'False'
[0.510s] Level 5:colcon.colcon_core.verb:set package 'cpp_parameters' build argument 'cmake_clean_cache' from command line to 'False'
[0.510s] Level 5:colcon.colcon_core.verb:set package 'cpp_parameters' build argument 'cmake_clean_first' from command line to 'False'
[0.510s] Level 5:colcon.colcon_core.verb:set package 'cpp_parameters' build argument 'cmake_force_configure' from command line to 'False'
[0.510s] Level 5:colcon.colcon_core.verb:set package 'cpp_parameters' build argument 'ament_cmake_args' from command line to 'None'
[0.510s] Level 5:colcon.colcon_core.verb:set package 'cpp_parameters' build argument 'catkin_cmake_args' from command line to 'None'
[0.510s] Level 5:colcon.colcon_core.verb:set package 'cpp_parameters' build argument 'catkin_skip_building_tests' from command line to 'False'
[0.510s] DEBUG:colcon.colcon_core.verb:Building package 'cpp_parameters' with the following arguments: {'ament_cmake_args': None, 'build_base': '/home/expert_amateur/vbm_ws/build/cpp_parameters', 'catkin_cmake_args': None, 'catkin_skip_building_tests': False, 'cmake_args': None, 'cmake_clean_cache': False, 'cmake_clean_first': False, 'cmake_force_configure': False, 'cmake_target': None, 'cmake_target_skip_unavailable': False, 'install_base': '/home/expert_amateur/vbm_ws/install/cpp_parameters', 'merge_install': False, 'path': '/home/expert_amateur/vbm_ws/src/cpp_parameters', 'symlink_install': False, 'test_result_base': None}
[0.511s] Level 5:colcon.colcon_core.verb:set package 'more_interfaces' build argument 'cmake_args' from command line to 'None'
[0.511s] Level 5:colcon.colcon_core.verb:set package 'more_interfaces' build argument 'cmake_target' from command line to 'None'
[0.511s] Level 5:colcon.colcon_core.verb:set package 'more_interfaces' build argument 'cmake_target_skip_unavailable' from command line to 'False'
[0.511s] Level 5:colcon.colcon_core.verb:set package 'more_interfaces' build argument 'cmake_clean_cache' from command line to 'False'
[0.511s] Level 5:colcon.colcon_core.verb:set package 'more_interfaces' build argument 'cmake_clean_first' from command line to 'False'
[0.511s] Level 5:colcon.colcon_core.verb:set package 'more_interfaces' build argument 'cmake_force_configure' from command line to 'False'
[0.511s] Level 5:colcon.colcon_core.verb:set package 'more_interfaces' build argument 'ament_cmake_args' from command line to 'None'
[0.511s] Level 5:colcon.colcon_core.verb:set package 'more_interfaces' build argument 'catkin_cmake_args' from command line to 'None'
[0.511s] Level 5:colcon.colcon_core.verb:set package 'more_interfaces' build argument 'catkin_skip_building_tests' from command line to 'False'
[0.511s] DEBUG:colcon.colcon_core.verb:Building package 'more_interfaces' with the following arguments: {'ament_cmake_args': None, 'build_base': '/home/expert_amateur/vbm_ws/build/more_interfaces', 'catkin_cmake_args': None, 'catkin_skip_building_tests': False, 'cmake_args': None, 'cmake_clean_cache': False, 'cmake_clean_first': False, 'cmake_force_configure': False, 'cmake_target': None, 'cmake_target_skip_unavailable': False, 'install_base': '/home/expert_amateur/vbm_ws/install/more_interfaces', 'merge_install': False, 'path': '/home/expert_amateur/vbm_ws/src/more_interfaces', 'symlink_install': False, 'test_result_base': None}
[0.512s] Level 5:colcon.colcon_core.verb:set package 'polygon_base' build argument 'cmake_args' from command line to 'None'
[0.512s] Level 5:colcon.colcon_core.verb:set package 'polygon_base' build argument 'cmake_target' from command line to 'None'
[0.512s] Level 5:colcon.colcon_core.verb:set package 'polygon_base' build argument 'cmake_target_skip_unavailable' from command line to 'False'
[0.512s] Level 5:colcon.colcon_core.verb:set package 'polygon_base' build argument 'cmake_clean_cache' from command line to 'False'
[0.512s] Level 5:colcon.colcon_core.verb:set package 'polygon_base' build argument 'cmake_clean_first' from command line to 'False'
[0.512s] Level 5:colcon.colcon_core.verb:set package 'polygon_base' build argument 'cmake_force_configure' from command line to 'False'
[0.512s] Level 5:colcon.colcon_core.verb:set package 'polygon_base' build argument 'ament_cmake_args' from command line to 'None'
[0.512s] Level 5:colcon.colcon_core.verb:set package 'polygon_base' build argument 'catkin_cmake_args' from command line to 'None'
[0.512s] Level 5:colcon.colcon_core.verb:set package 'polygon_base' build argument 'catkin_skip_building_tests' from command line to 'False'
[0.512s] DEBUG:colcon.colcon_core.verb:Building package 'polygon_base' with the following arguments: {'ament_cmake_args': None, 'build_base': '/home/expert_amateur/vbm_ws/build/polygon_base', 'catkin_cmake_args': None, 'catkin_skip_building_tests': False, 'cmake_args': None, 'cmake_clean_cache': False, 'cmake_clean_first': False, 'cmake_force_configure': False, 'cmake_target': None, 'cmake_target_skip_unavailable': False, 'install_base': '/home/expert_amateur/vbm_ws/install/polygon_base', 'merge_install': False, 'path': '/home/expert_amateur/vbm_ws/src/polygon_base', 'symlink_install': False, 'test_result_base': None}
[0.513s] Level 5:colcon.colcon_core.verb:set package 'tutorial_interfaces' build argument 'cmake_args' from command line to 'None'
[0.513s] Level 5:colcon.colcon_core.verb:set package 'tutorial_interfaces' build argument 'cmake_target' from command line to 'None'
[0.513s] Level 5:colcon.colcon_core.verb:set package 'tutorial_interfaces' build argument 'cmake_target_skip_unavailable' from command line to 'False'
[0.513s] Level 5:colcon.colcon_core.verb:set package 'tutorial_interfaces' build argument 'cmake_clean_cache' from command line to 'False'
[0.513s] Level 5:colcon.colcon_core.verb:set package 'tutorial_interfaces' build argument 'cmake_clean_first' from command line to 'False'
[0.513s] Level 5:colcon.colcon_core.verb:set package 'tutorial_interfaces' build argument 'cmake_force_configure' from command line to 'False'
[0.513s] Level 5:colcon.colcon_core.verb:set package 'tutorial_interfaces' build argument 'ament_cmake_args' from command line to 'None'
[0.513s] Level 5:colcon.colcon_core.verb:set package 'tutorial_interfaces' build argument 'catkin_cmake_args' from command line to 'None'
[0.513s] Level 5:colcon.colcon_core.verb:set package 'tutorial_interfaces' build argument 'catkin_skip_building_tests' from command line to 'False'
[0.513s] DEBUG:colcon.colcon_core.verb:Building package 'tutorial_interfaces' with the following arguments: {'ament_cmake_args': None, 'build_base': '/home/expert_amateur/vbm_ws/build/tutorial_interfaces', 'catkin_cmake_args': None, 'catkin_skip_building_tests': False, 'cmake_args': None, 'cmake_clean_cache': False, 'cmake_clean_first': False, 'cmake_force_configure': False, 'cmake_target': None, 'cmake_target_skip_unavailable': False, 'install_base': '/home/expert_amateur/vbm_ws/install/tutorial_interfaces', 'merge_install': False, 'path': '/home/expert_amateur/vbm_ws/src/tutorial_interfaces', 'symlink_install': False, 'test_result_base': None}
[0.514s] Level 5:colcon.colcon_core.verb:set package 'cpp_pubsub' build argument 'cmake_args' from command line to 'None'
[0.514s] Level 5:colcon.colcon_core.verb:set package 'cpp_pubsub' build argument 'cmake_target' from command line to 'None'
[0.514s] Level 5:colcon.colcon_core.verb:set package 'cpp_pubsub' build argument 'cmake_target_skip_unavailable' from command line to 'False'
[0.514s] Level 5:colcon.colcon_core.verb:set package 'cpp_pubsub' build argument 'cmake_clean_cache' from command line to 'False'
[0.514s] Level 5:colcon.colcon_core.verb:set package 'cpp_pubsub' build argument 'cmake_clean_first' from command line to 'False'
[0.514s] Level 5:colcon.colcon_core.verb:set package 'cpp_pubsub' build argument 'cmake_force_configure' from command line to 'False'
[0.514s] Level 5:colcon.colcon_core.verb:set package 'cpp_pubsub' build argument 'ament_cmake_args' from command line to 'None'
[0.514s] Level 5:colcon.colcon_core.verb:set package 'cpp_pubsub' build argument 'catkin_cmake_args' from command line to 'None'
[0.514s] Level 5:colcon.colcon_core.verb:set package 'cpp_pubsub' build argument 'catkin_skip_building_tests' from command line to 'False'
[0.515s] DEBUG:colcon.colcon_core.verb:Building package 'cpp_pubsub' with the following arguments: {'ament_cmake_args': None, 'build_base': '/home/expert_amateur/vbm_ws/build/cpp_pubsub', 'catkin_cmake_args': None, 'catkin_skip_building_tests': False, 'cmake_args': None, 'cmake_clean_cache': False, 'cmake_clean_first': False, 'cmake_force_configure': False, 'cmake_target': None, 'cmake_target_skip_unavailable': False, 'install_base': '/home/expert_amateur/vbm_ws/install/cpp_pubsub', 'merge_install': False, 'path': '/home/expert_amateur/vbm_ws/src/cpp_pubsub', 'symlink_install': False, 'test_result_base': None}
[0.515s] Level 5:colcon.colcon_core.verb:set package 'cpp_srvcli' build argument 'cmake_args' from command line to 'None'
[0.515s] Level 5:colcon.colcon_core.verb:set package 'cpp_srvcli' build argument 'cmake_target' from command line to 'None'
[0.516s] Level 5:colcon.colcon_core.verb:set package 'cpp_srvcli' build argument 'cmake_target_skip_unavailable' from command line to 'False'
[0.516s] Level 5:colcon.colcon_core.verb:set package 'cpp_srvcli' build argument 'cmake_clean_cache' from command line to 'False'
[0.516s] Level 5:colcon.colcon_core.verb:set package 'cpp_srvcli' build argument 'cmake_clean_first' from command line to 'False'
[0.516s] Level 5:colcon.colcon_core.verb:set package 'cpp_srvcli' build argument 'cmake_force_configure' from command line to 'False'
[0.516s] Level 5:colcon.colcon_core.verb:set package 'cpp_srvcli' build argument 'ament_cmake_args' from command line to 'None'
[0.516s] Level 5:colcon.colcon_core.verb:set package 'cpp_srvcli' build argument 'catkin_cmake_args' from command line to 'None'
[0.516s] Level 5:colcon.colcon_core.verb:set package 'cpp_srvcli' build argument 'catkin_skip_building_tests' from command line to 'False'
[0.516s] DEBUG:colcon.colcon_core.verb:Building package 'cpp_srvcli' with the following arguments: {'ament_cmake_args': None, 'build_base': '/home/expert_amateur/vbm_ws/build/cpp_srvcli', 'catkin_cmake_args': None, 'catkin_skip_building_tests': False, 'cmake_args': None, 'cmake_clean_cache': False, 'cmake_clean_first': False, 'cmake_force_configure': False, 'cmake_target': None, 'cmake_target_skip_unavailable': False, 'install_base': '/home/expert_amateur/vbm_ws/install/cpp_srvcli', 'merge_install': False, 'path': '/home/expert_amateur/vbm_ws/src/cpp_srvcli', 'symlink_install': False, 'test_result_base': None}
[0.517s] Level 5:colcon.colcon_core.verb:set package 'polygon_plugins' build argument 'cmake_args' from command line to 'None'
[0.517s] Level 5:colcon.colcon_core.verb:set package 'polygon_plugins' build argument 'cmake_target' from command line to 'None'
[0.517s] Level 5:colcon.colcon_core.verb:set package 'polygon_plugins' build argument 'cmake_target_skip_unavailable' from command line to 'False'
[0.517s] Level 5:colcon.colcon_core.verb:set package 'polygon_plugins' build argument 'cmake_clean_cache' from command line to 'False'
[0.517s] Level 5:colcon.colcon_core.verb:set package 'polygon_plugins' build argument 'cmake_clean_first' from command line to 'False'
[0.517s] Level 5:colcon.colcon_core.verb:set package 'polygon_plugins' build argument 'cmake_force_configure' from command line to 'False'
[0.517s] Level 5:colcon.colcon_core.verb:set package 'polygon_plugins' build argument 'ament_cmake_args' from command line to 'None'
[0.517s] Level 5:colcon.colcon_core.verb:set package 'polygon_plugins' build argument 'catkin_cmake_args' from command line to 'None'
[0.517s] Level 5:colcon.colcon_core.verb:set package 'polygon_plugins' build argument 'catkin_skip_building_tests' from command line to 'False'
[0.517s] DEBUG:colcon.colcon_core.verb:Building package 'polygon_plugins' with the following arguments: {'ament_cmake_args': None, 'build_base': '/home/expert_amateur/vbm_ws/build/polygon_plugins', 'catkin_cmake_args': None, 'catkin_skip_building_tests': False, 'cmake_args': None, 'cmake_clean_cache': False, 'cmake_clean_first': False, 'cmake_force_configure': False, 'cmake_target': None, 'cmake_target_skip_unavailable': False, 'install_base': '/home/expert_amateur/vbm_ws/install/polygon_plugins', 'merge_install': False, 'path': '/home/expert_amateur/vbm_ws/src/polygon_plugins', 'symlink_install': False, 'test_result_base': None}
[0.518s] INFO:colcon.colcon_core.executor:Executing jobs using 'parallel' executor
[0.521s] DEBUG:colcon.colcon_parallel_executor.executor.parallel:run_until_complete
[0.521s] INFO:colcon.colcon_ros.task.ament_cmake.build:Building ROS package in '/home/expert_amateur/vbm_ws/src/tutorial_interfaces' with build type 'ament_cmake'
[0.521s] INFO:colcon.colcon_cmake.task.cmake.build:Building CMake package in '/home/expert_amateur/vbm_ws/src/tutorial_interfaces'
[0.525s] INFO:colcon.colcon_core.plugin_system:Skipping extension 'colcon_core.shell.bat': Not used on non-Windows systems
[0.525s] INFO:colcon.colcon_core.shell:Skip shell extension 'powershell' for command environment: Not usable outside of PowerShell
[0.525s] DEBUG:colcon.colcon_core.shell:Skip shell extension 'dsv' for command environment
[0.532s] INFO:colcon.colcon_ros.task.ament_cmake.build:Building ROS package in '/home/expert_amateur/vbm_ws/src/polygon_base' with build type 'ament_cmake'
[0.532s] INFO:colcon.colcon_cmake.task.cmake.build:Building CMake package in '/home/expert_amateur/vbm_ws/src/polygon_base'
[0.533s] INFO:colcon.colcon_core.shell:Skip shell extension 'powershell' for command environment: Not usable outside of PowerShell
[0.533s] DEBUG:colcon.colcon_core.shell:Skip shell extension 'dsv' for command environment
[0.539s] INFO:colcon.colcon_ros.task.ament_cmake.build:Building ROS package in '/home/expert_amateur/vbm_ws/src/cpp_parameters' with build type 'ament_cmake'
[0.539s] INFO:colcon.colcon_cmake.task.cmake.build:Building CMake package in '/home/expert_amateur/vbm_ws/src/cpp_parameters'
[0.541s] INFO:colcon.colcon_core.shell:Skip shell extension 'powershell' for command environment: Not usable outside of PowerShell
[0.541s] DEBUG:colcon.colcon_core.shell:Skip shell extension 'dsv' for command environment
[0.547s] INFO:colcon.colcon_ros.task.ament_cmake.build:Building ROS package in '/home/expert_amateur/vbm_ws/src/more_interfaces' with build type 'ament_cmake'
[0.547s] INFO:colcon.colcon_cmake.task.cmake.build:Building CMake package in '/home/expert_amateur/vbm_ws/src/more_interfaces'
[0.548s] INFO:colcon.colcon_core.shell:Skip shell extension 'powershell' for command environment: Not usable outside of PowerShell
[0.548s] DEBUG:colcon.colcon_core.shell:Skip shell extension 'dsv' for command environment
[0.559s] DEBUG:colcon.colcon_core.event_handler.log_command:Invoking command in '/home/expert_amateur/vbm_ws/build/tutorial_interfaces': CMAKE_PREFIX_PATH=${CMAKE_PREFIX_PATH}:/home/expert_amateur/voidwalking/ros2_ws/install/waypoints:/opt/ros/humble /usr/bin/cmake --build /home/expert_amateur/vbm_ws/build/tutorial_interfaces -- -j12 -l12
[0.561s] DEBUG:colcon.colcon_core.event_handler.log_command:Invoking command in '/home/expert_amateur/vbm_ws/build/polygon_base': CMAKE_PREFIX_PATH=${CMAKE_PREFIX_PATH}:/home/expert_amateur/voidwalking/ros2_ws/install/waypoints:/opt/ros/humble /usr/bin/cmake /home/expert_amateur/vbm_ws/src/polygon_base -DCMAKE_INSTALL_PREFIX=/home/expert_amateur/vbm_ws/install/polygon_base
[0.563s] DEBUG:colcon.colcon_core.event_handler.log_command:Invoking command in '/home/expert_amateur/vbm_ws/build/cpp_parameters': CMAKE_PREFIX_PATH=${CMAKE_PREFIX_PATH}:/home/expert_amateur/voidwalking/ros2_ws/install/waypoints:/opt/ros/humble /usr/bin/cmake --build /home/expert_amateur/vbm_ws/build/cpp_parameters -- -j12 -l12
[0.568s] DEBUG:colcon.colcon_core.event_handler.log_command:Invoking command in '/home/expert_amateur/vbm_ws/build/more_interfaces': CMAKE_PREFIX_PATH=${CMAKE_PREFIX_PATH}:/home/expert_amateur/voidwalking/ros2_ws/install/waypoints:/opt/ros/humble /usr/bin/cmake --build /home/expert_amateur/vbm_ws/build/more_interfaces -- -j12 -l12
[0.629s] DEBUG:colcon.colcon_core.event_handler.log_command:Invoked command in '/home/expert_amateur/vbm_ws/build/cpp_parameters' returned '0': CMAKE_PREFIX_PATH=${CMAKE_PREFIX_PATH}:/home/expert_amateur/voidwalking/ros2_ws/install/waypoints:/opt/ros/humble /usr/bin/cmake --build /home/expert_amateur/vbm_ws/build/cpp_parameters -- -j12 -l12
[0.668s] DEBUG:colcon.colcon_core.event_handler.log_command:Invoking command in '/home/expert_amateur/vbm_ws/build/cpp_parameters': CMAKE_PREFIX_PATH=${CMAKE_PREFIX_PATH}:/home/expert_amateur/voidwalking/ros2_ws/install/waypoints:/opt/ros/humble /usr/bin/cmake --install /home/expert_amateur/vbm_ws/build/cpp_parameters
[0.678s] Level 1:colcon.colcon_core.environment:create_environment_scripts_only(cpp_parameters)
[0.679s] DEBUG:colcon.colcon_core.event_handler.log_command:Invoked command in '/home/expert_amateur/vbm_ws/build/cpp_parameters' returned '0': CMAKE_PREFIX_PATH=${CMAKE_PREFIX_PATH}:/home/expert_amateur/voidwalking/ros2_ws/install/waypoints:/opt/ros/humble /usr/bin/cmake --install /home/expert_amateur/vbm_ws/build/cpp_parameters
[0.683s] Level 1:colcon.colcon_core.environment:checking '/home/expert_amateur/vbm_ws/install/cpp_parameters' for CMake module files
[0.683s] Level 1:colcon.colcon_core.environment:checking '/home/expert_amateur/vbm_ws/install/cpp_parameters' for CMake config files
[0.684s] Level 1:colcon.colcon_core.shell:create_environment_hook('cpp_parameters', 'cmake_prefix_path')
[0.685s] INFO:colcon.colcon_core.shell:Creating environment hook '/home/expert_amateur/vbm_ws/install/cpp_parameters/share/cpp_parameters/hook/cmake_prefix_path.ps1'
[0.686s] INFO:colcon.colcon_core.shell:Creating environment descriptor '/home/expert_amateur/vbm_ws/install/cpp_parameters/share/cpp_parameters/hook/cmake_prefix_path.dsv'
[0.687s] INFO:colcon.colcon_core.shell:Creating environment hook '/home/expert_amateur/vbm_ws/install/cpp_parameters/share/cpp_parameters/hook/cmake_prefix_path.sh'
[0.687s] Level 1:colcon.colcon_core.environment:checking '/home/expert_amateur/vbm_ws/install/cpp_parameters/lib'
[0.688s] Level 1:colcon.colcon_core.environment:checking '/home/expert_amateur/vbm_ws/install/cpp_parameters/bin'
[0.688s] Level 1:colcon.colcon_core.environment:checking '/home/expert_amateur/vbm_ws/install/cpp_parameters/lib/pkgconfig/cpp_parameters.pc'
[0.688s] Level 1:colcon.colcon_core.environment:checking '/home/expert_amateur/vbm_ws/install/cpp_parameters/lib/python3.10/site-packages'
[0.688s] Level 1:colcon.colcon_core.environment:checking '/home/expert_amateur/vbm_ws/install/cpp_parameters/bin'
[0.690s] INFO:colcon.colcon_core.shell:Creating package script '/home/expert_amateur/vbm_ws/install/cpp_parameters/share/cpp_parameters/package.ps1'
[0.691s] INFO:colcon.colcon_core.shell:Creating package descriptor '/home/expert_amateur/vbm_ws/install/cpp_parameters/share/cpp_parameters/package.dsv'
[0.691s] INFO:colcon.colcon_core.shell:Creating package script '/home/expert_amateur/vbm_ws/install/cpp_parameters/share/cpp_parameters/package.sh'
[0.692s] INFO:colcon.colcon_core.shell:Creating package script '/home/expert_amateur/vbm_ws/install/cpp_parameters/share/cpp_parameters/package.bash'
[0.692s] INFO:colcon.colcon_core.shell:Creating package script '/home/expert_amateur/vbm_ws/install/cpp_parameters/share/cpp_parameters/package.zsh'
[0.693s] Level 1:colcon.colcon_core.environment:create_file_with_runtime_dependencies(/home/expert_amateur/vbm_ws/install/cpp_parameters/share/colcon-core/packages/cpp_parameters)
[0.718s] Level 1:colcon.colcon_core.environment:create_environment_scripts_only(cpp_parameters)
[0.721s] Level 1:colcon.colcon_core.environment:checking '/home/expert_amateur/vbm_ws/install/cpp_parameters' for CMake module files
[0.722s] Level 1:colcon.colcon_core.environment:checking '/home/expert_amateur/vbm_ws/install/cpp_parameters' for CMake config files
[0.722s] Level 1:colcon.colcon_core.shell:create_environment_hook('cpp_parameters', 'cmake_prefix_path')
[0.725s] INFO:colcon.colcon_core.shell:Creating environment hook '/home/expert_amateur/vbm_ws/install/cpp_parameters/share/cpp_parameters/hook/cmake_prefix_path.ps1'
[0.726s] INFO:colcon.colcon_core.shell:Creating environment descriptor '/home/expert_amateur/vbm_ws/install/cpp_parameters/share/cpp_parameters/hook/cmake_prefix_path.dsv'
[0.726s] INFO:colcon.colcon_core.shell:Creating environment hook '/home/expert_amateur/vbm_ws/install/cpp_parameters/share/cpp_parameters/hook/cmake_prefix_path.sh'
[0.727s] Level 1:colcon.colcon_core.environment:checking '/home/expert_amateur/vbm_ws/install/cpp_parameters/lib'
[0.727s] Level 1:colcon.colcon_core.environment:checking '/home/expert_amateur/vbm_ws/install/cpp_parameters/bin'
[0.727s] Level 1:colcon.colcon_core.environment:checking '/home/expert_amateur/vbm_ws/install/cpp_parameters/lib/pkgconfig/cpp_parameters.pc'
[0.727s] Level 1:colcon.colcon_core.environment:checking '/home/expert_amateur/vbm_ws/install/cpp_parameters/lib/python3.10/site-packages'
[0.728s] Level 1:colcon.colcon_core.environment:checking '/home/expert_amateur/vbm_ws/install/cpp_parameters/bin'
[0.730s] INFO:colcon.colcon_core.shell:Creating package script '/home/expert_amateur/vbm_ws/install/cpp_parameters/share/cpp_parameters/package.ps1'
[0.732s] INFO:colcon.colcon_core.shell:Creating package descriptor '/home/expert_amateur/vbm_ws/install/cpp_parameters/share/cpp_parameters/package.dsv'
[0.732s] INFO:colcon.colcon_core.shell:Creating package script '/home/expert_amateur/vbm_ws/install/cpp_parameters/share/cpp_parameters/package.sh'
[0.733s] INFO:colcon.colcon_core.shell:Creating package script '/home/expert_amateur/vbm_ws/install/cpp_parameters/share/cpp_parameters/package.bash'
[0.733s] INFO:colcon.colcon_core.shell:Creating package script '/home/expert_amateur/vbm_ws/install/cpp_parameters/share/cpp_parameters/package.zsh'
[0.734s] Level 1:colcon.colcon_core.environment:create_file_with_runtime_dependencies(/home/expert_amateur/vbm_ws/install/cpp_parameters/share/colcon-core/packages/cpp_parameters)
[0.958s] DEBUG:colcon.colcon_core.event_handler.log_command:Invoked command in '/home/expert_amateur/vbm_ws/build/tutorial_interfaces' returned '0': CMAKE_PREFIX_PATH=${CMAKE_PREFIX_PATH}:/home/expert_amateur/voidwalking/ros2_ws/install/waypoints:/opt/ros/humble /usr/bin/cmake --build /home/expert_amateur/vbm_ws/build/tutorial_interfaces -- -j12 -l12
[0.980s] DEBUG:colcon.colcon_core.event_handler.log_command:Invoked command in '/home/expert_amateur/vbm_ws/build/more_interfaces' returned '0': CMAKE_PREFIX_PATH=${CMAKE_PREFIX_PATH}:/home/expert_amateur/voidwalking/ros2_ws/install/waypoints:/opt/ros/humble /usr/bin/cmake --build /home/expert_amateur/vbm_ws/build/more_interfaces -- -j12 -l12
[1.028s] DEBUG:colcon.colcon_core.event_handler.log_command:Invoking command in '/home/expert_amateur/vbm_ws/build/more_interfaces': CMAKE_PREFIX_PATH=${CMAKE_PREFIX_PATH}:/home/expert_amateur/voidwalking/ros2_ws/install/waypoints:/opt/ros/humble /usr/bin/cmake --install /home/expert_amateur/vbm_ws/build/more_interfaces
[1.032s] DEBUG:colcon.colcon_core.event_handler.log_command:Invoking command in '/home/expert_amateur/vbm_ws/build/tutorial_interfaces': CMAKE_PREFIX_PATH=${CMAKE_PREFIX_PATH}:/home/expert_amateur/voidwalking/ros2_ws/install/waypoints:/opt/ros/humble /usr/bin/cmake --install /home/expert_amateur/vbm_ws/build/tutorial_interfaces
[1.077s] Level 1:colcon.colcon_core.environment:create_environment_scripts_only(more_interfaces)
[1.079s] Level 1:colcon.colcon_core.environment:checking '/home/expert_amateur/vbm_ws/install/more_interfaces' for CMake module files
[1.080s] Level 1:colcon.colcon_core.environment:checking '/home/expert_amateur/vbm_ws/install/more_interfaces' for CMake config files
[1.082s] DEBUG:colcon.colcon_core.event_handler.log_command:Invoked command in '/home/expert_amateur/vbm_ws/build/more_interfaces' returned '0': CMAKE_PREFIX_PATH=${CMAKE_PREFIX_PATH}:/home/expert_amateur/voidwalking/ros2_ws/install/waypoints:/opt/ros/humble /usr/bin/cmake --install /home/expert_amateur/vbm_ws/build/more_interfaces
[1.083s] Level 1:colcon.colcon_core.shell:create_environment_hook('more_interfaces', 'cmake_prefix_path')
[1.086s] INFO:colcon.colcon_core.shell:Creating environment hook '/home/expert_amateur/vbm_ws/install/more_interfaces/share/more_interfaces/hook/cmake_prefix_path.ps1'
[1.088s] INFO:colcon.colcon_core.shell:Creating environment descriptor '/home/expert_amateur/vbm_ws/install/more_interfaces/share/more_interfaces/hook/cmake_prefix_path.dsv'
[1.089s] INFO:colcon.colcon_core.shell:Creating environment hook '/home/expert_amateur/vbm_ws/install/more_interfaces/share/more_interfaces/hook/cmake_prefix_path.sh'
[1.090s] Level 1:colcon.colcon_core.environment:checking '/home/expert_amateur/vbm_ws/install/more_interfaces/lib'
[1.090s] Level 1:colcon.colcon_core.shell:create_environment_hook('more_interfaces', 'ld_library_path_lib')
[1.091s] INFO:colcon.colcon_core.shell:Creating environment hook '/home/expert_amateur/vbm_ws/install/more_interfaces/share/more_interfaces/hook/ld_library_path_lib.ps1'
[1.092s] INFO:colcon.colcon_core.shell:Creating environment descriptor '/home/expert_amateur/vbm_ws/install/more_interfaces/share/more_interfaces/hook/ld_library_path_lib.dsv'
[1.092s] INFO:colcon.colcon_core.shell:Creating environment hook '/home/expert_amateur/vbm_ws/install/more_interfaces/share/more_interfaces/hook/ld_library_path_lib.sh'
[1.092s] Level 1:colcon.colcon_core.environment:checking '/home/expert_amateur/vbm_ws/install/more_interfaces/bin'
[1.092s] Level 1:colcon.colcon_core.environment:checking '/home/expert_amateur/vbm_ws/install/more_interfaces/lib/pkgconfig/more_interfaces.pc'
[1.093s] Level 1:colcon.colcon_core.environment:checking '/home/expert_amateur/vbm_ws/install/more_interfaces/lib/python3.10/site-packages'
[1.093s] Level 1:colcon.colcon_core.environment:checking '/home/expert_amateur/vbm_ws/install/more_interfaces/bin'
[1.094s] INFO:colcon.colcon_core.shell:Creating package script '/home/expert_amateur/vbm_ws/install/more_interfaces/share/more_interfaces/package.ps1'
[1.094s] INFO:colcon.colcon_core.shell:Creating package descriptor '/home/expert_amateur/vbm_ws/install/more_interfaces/share/more_interfaces/package.dsv'
[1.095s] INFO:colcon.colcon_core.shell:Creating package script '/home/expert_amateur/vbm_ws/install/more_interfaces/share/more_interfaces/package.sh'
[1.095s] INFO:colcon.colcon_core.shell:Creating package script '/home/expert_amateur/vbm_ws/install/more_interfaces/share/more_interfaces/package.bash'
[1.095s] INFO:colcon.colcon_core.shell:Creating package script '/home/expert_amateur/vbm_ws/install/more_interfaces/share/more_interfaces/package.zsh'
[1.096s] Level 1:colcon.colcon_core.environment:create_file_with_runtime_dependencies(/home/expert_amateur/vbm_ws/install/more_interfaces/share/colcon-core/packages/more_interfaces)
[1.097s] Level 1:colcon.colcon_core.environment:create_environment_scripts_only(tutorial_interfaces)
[1.099s] Level 1:colcon.colcon_core.environment:checking '/home/expert_amateur/vbm_ws/install/tutorial_interfaces' for CMake module files
[1.099s] DEBUG:colcon.colcon_core.event_handler.log_command:Invoked command in '/home/expert_amateur/vbm_ws/build/tutorial_interfaces' returned '0': CMAKE_PREFIX_PATH=${CMAKE_PREFIX_PATH}:/home/expert_amateur/voidwalking/ros2_ws/install/waypoints:/opt/ros/humble /usr/bin/cmake --install /home/expert_amateur/vbm_ws/build/tutorial_interfaces
[1.099s] Level 1:colcon.colcon_core.environment:checking '/home/expert_amateur/vbm_ws/install/tutorial_interfaces' for CMake config files
[1.100s] Level 1:colcon.colcon_core.shell:create_environment_hook('tutorial_interfaces', 'cmake_prefix_path')
[1.101s] INFO:colcon.colcon_core.shell:Creating environment hook '/home/expert_amateur/vbm_ws/install/tutorial_interfaces/share/tutorial_interfaces/hook/cmake_prefix_path.ps1'
[1.102s] INFO:colcon.colcon_core.shell:Creating environment descriptor '/home/expert_amateur/vbm_ws/install/tutorial_interfaces/share/tutorial_interfaces/hook/cmake_prefix_path.dsv'
[1.102s] INFO:colcon.colcon_core.shell:Creating environment hook '/home/expert_amateur/vbm_ws/install/tutorial_interfaces/share/tutorial_interfaces/hook/cmake_prefix_path.sh'
[1.102s] Level 1:colcon.colcon_core.environment:checking '/home/expert_amateur/vbm_ws/install/tutorial_interfaces/lib'
[1.102s] Level 1:colcon.colcon_core.shell:create_environment_hook('tutorial_interfaces', 'ld_library_path_lib')
[1.104s] INFO:colcon.colcon_core.shell:Creating environment hook '/home/expert_amateur/vbm_ws/install/tutorial_interfaces/share/tutorial_interfaces/hook/ld_library_path_lib.ps1'
[1.104s] INFO:colcon.colcon_core.shell:Creating environment descriptor '/home/expert_amateur/vbm_ws/install/tutorial_interfaces/share/tutorial_interfaces/hook/ld_library_path_lib.dsv'
[1.104s] INFO:colcon.colcon_core.shell:Creating environment hook '/home/expert_amateur/vbm_ws/install/tutorial_interfaces/share/tutorial_interfaces/hook/ld_library_path_lib.sh'
[1.104s] Level 1:colcon.colcon_core.environment:checking '/home/expert_amateur/vbm_ws/install/tutorial_interfaces/bin'
[1.104s] Level 1:colcon.colcon_core.environment:checking '/home/expert_amateur/vbm_ws/install/tutorial_interfaces/lib/pkgconfig/tutorial_interfaces.pc'
[1.105s] Level 1:colcon.colcon_core.environment:checking '/home/expert_amateur/vbm_ws/install/tutorial_interfaces/lib/python3.10/site-packages'
[1.105s] Level 1:colcon.colcon_core.environment:checking '/home/expert_amateur/vbm_ws/install/tutorial_interfaces/bin'
[1.106s] INFO:colcon.colcon_core.shell:Creating package script '/home/expert_amateur/vbm_ws/install/tutorial_interfaces/share/tutorial_interfaces/package.ps1'
[1.107s] INFO:colcon.colcon_core.shell:Creating package descriptor '/home/expert_amateur/vbm_ws/install/tutorial_interfaces/share/tutorial_interfaces/package.dsv'
[1.107s] INFO:colcon.colcon_core.shell:Creating package script '/home/expert_amateur/vbm_ws/install/tutorial_interfaces/share/tutorial_interfaces/package.sh'
[1.107s] INFO:colcon.colcon_core.shell:Creating package script '/home/expert_amateur/vbm_ws/install/tutorial_interfaces/share/tutorial_interfaces/package.bash'
[1.107s] INFO:colcon.colcon_core.shell:Creating package script '/home/expert_amateur/vbm_ws/install/tutorial_interfaces/share/tutorial_interfaces/package.zsh'
[1.108s] Level 1:colcon.colcon_core.environment:create_file_with_runtime_dependencies(/home/expert_amateur/vbm_ws/install/tutorial_interfaces/share/colcon-core/packages/tutorial_interfaces)
[1.143s] Level 1:colcon.colcon_core.environment:create_environment_scripts_only(more_interfaces)
[1.145s] Level 1:colcon.colcon_core.environment:checking '/home/expert_amateur/vbm_ws/install/more_interfaces' for CMake module files
[1.145s] Level 1:colcon.colcon_core.environment:checking '/home/expert_amateur/vbm_ws/install/more_interfaces' for CMake config files
[1.146s] Level 1:colcon.colcon_core.shell:create_environment_hook('more_interfaces', 'cmake_prefix_path')
[1.147s] INFO:colcon.colcon_core.shell:Creating environment hook '/home/expert_amateur/vbm_ws/install/more_interfaces/share/more_interfaces/hook/cmake_prefix_path.ps1'
[1.147s] INFO:colcon.colcon_core.shell:Creating environment descriptor '/home/expert_amateur/vbm_ws/install/more_interfaces/share/more_interfaces/hook/cmake_prefix_path.dsv'
[1.147s] INFO:colcon.colcon_core.shell:Creating environment hook '/home/expert_amateur/vbm_ws/install/more_interfaces/share/more_interfaces/hook/cmake_prefix_path.sh'
[1.148s] Level 1:colcon.colcon_core.environment:checking '/home/expert_amateur/vbm_ws/install/more_interfaces/lib'
[1.148s] Level 1:colcon.colcon_core.shell:create_environment_hook('more_interfaces', 'ld_library_path_lib')
[1.149s] INFO:colcon.colcon_core.shell:Creating environment hook '/home/expert_amateur/vbm_ws/install/more_interfaces/share/more_interfaces/hook/ld_library_path_lib.ps1'
[1.149s] INFO:colcon.colcon_core.shell:Creating environment descriptor '/home/expert_amateur/vbm_ws/install/more_interfaces/share/more_interfaces/hook/ld_library_path_lib.dsv'
[1.150s] INFO:colcon.colcon_core.shell:Creating environment hook '/home/expert_amateur/vbm_ws/install/more_interfaces/share/more_interfaces/hook/ld_library_path_lib.sh'
[1.150s] Level 1:colcon.colcon_core.environment:checking '/home/expert_amateur/vbm_ws/install/more_interfaces/bin'
[1.150s] Level 1:colcon.colcon_core.environment:checking '/home/expert_amateur/vbm_ws/install/more_interfaces/lib/pkgconfig/more_interfaces.pc'
[1.150s] Level 1:colcon.colcon_core.environment:checking '/home/expert_amateur/vbm_ws/install/more_interfaces/lib/python3.10/site-packages'
[1.150s] Level 1:colcon.colcon_core.environment:checking '/home/expert_amateur/vbm_ws/install/more_interfaces/bin'
[1.152s] INFO:colcon.colcon_core.shell:Creating package script '/home/expert_amateur/vbm_ws/install/more_interfaces/share/more_interfaces/package.ps1'
[1.152s] INFO:colcon.colcon_core.shell:Creating package descriptor '/home/expert_amateur/vbm_ws/install/more_interfaces/share/more_interfaces/package.dsv'
[1.153s] INFO:colcon.colcon_core.shell:Creating package script '/home/expert_amateur/vbm_ws/install/more_interfaces/share/more_interfaces/package.sh'
[1.153s] INFO:colcon.colcon_core.shell:Creating package script '/home/expert_amateur/vbm_ws/install/more_interfaces/share/more_interfaces/package.bash'
[1.153s] INFO:colcon.colcon_core.shell:Creating package script '/home/expert_amateur/vbm_ws/install/more_interfaces/share/more_interfaces/package.zsh'
[1.154s] Level 1:colcon.colcon_core.environment:create_file_with_runtime_dependencies(/home/expert_amateur/vbm_ws/install/more_interfaces/share/colcon-core/packages/more_interfaces)
[1.179s] Level 1:colcon.colcon_core.environment:create_environment_scripts_only(tutorial_interfaces)
[1.181s] Level 1:colcon.colcon_core.environment:checking '/home/expert_amateur/vbm_ws/install/tutorial_interfaces' for CMake module files
[1.181s] Level 1:colcon.colcon_core.environment:checking '/home/expert_amateur/vbm_ws/install/tutorial_interfaces' for CMake config files
[1.182s] Level 1:colcon.colcon_core.shell:create_environment_hook('tutorial_interfaces', 'cmake_prefix_path')
[1.183s] INFO:colcon.colcon_core.shell:Creating environment hook '/home/expert_amateur/vbm_ws/install/tutorial_interfaces/share/tutorial_interfaces/hook/cmake_prefix_path.ps1'
[1.183s] INFO:colcon.colcon_core.shell:Creating environment descriptor '/home/expert_amateur/vbm_ws/install/tutorial_interfaces/share/tutorial_interfaces/hook/cmake_prefix_path.dsv'
[1.184s] INFO:colcon.colcon_core.shell:Creating environment hook '/home/expert_amateur/vbm_ws/install/tutorial_interfaces/share/tutorial_interfaces/hook/cmake_prefix_path.sh'
[1.184s] Level 1:colcon.colcon_core.environment:checking '/home/expert_amateur/vbm_ws/install/tutorial_interfaces/lib'
[1.184s] Level 1:colcon.colcon_core.shell:create_environment_hook('tutorial_interfaces', 'ld_library_path_lib')
[1.185s] INFO:colcon.colcon_core.shell:Creating environment hook '/home/expert_amateur/vbm_ws/install/tutorial_interfaces/share/tutorial_interfaces/hook/ld_library_path_lib.ps1'
[1.186s] INFO:colcon.colcon_core.shell:Creating environment descriptor '/home/expert_amateur/vbm_ws/install/tutorial_interfaces/share/tutorial_interfaces/hook/ld_library_path_lib.dsv'
[1.186s] INFO:colcon.colcon_core.shell:Creating environment hook '/home/expert_amateur/vbm_ws/install/tutorial_interfaces/share/tutorial_interfaces/hook/ld_library_path_lib.sh'
[1.186s] Level 1:colcon.colcon_core.environment:checking '/home/expert_amateur/vbm_ws/install/tutorial_interfaces/bin'
[1.186s] Level 1:colcon.colcon_core.environment:checking '/home/expert_amateur/vbm_ws/install/tutorial_interfaces/lib/pkgconfig/tutorial_interfaces.pc'
[1.186s] Level 1:colcon.colcon_core.environment:checking '/home/expert_amateur/vbm_ws/install/tutorial_interfaces/lib/python3.10/site-packages'
[1.187s] Level 1:colcon.colcon_core.environment:checking '/home/expert_amateur/vbm_ws/install/tutorial_interfaces/bin'
[1.188s] INFO:colcon.colcon_core.shell:Creating package script '/home/expert_amateur/vbm_ws/install/tutorial_interfaces/share/tutorial_interfaces/package.ps1'
[1.188s] INFO:colcon.colcon_core.shell:Creating package descriptor '/home/expert_amateur/vbm_ws/install/tutorial_interfaces/share/tutorial_interfaces/package.dsv'
[1.189s] INFO:colcon.colcon_core.shell:Creating package script '/home/expert_amateur/vbm_ws/install/tutorial_interfaces/share/tutorial_interfaces/package.sh'
[1.189s] INFO:colcon.colcon_core.shell:Creating package script '/home/expert_amateur/vbm_ws/install/tutorial_interfaces/share/tutorial_interfaces/package.bash'
[1.190s] INFO:colcon.colcon_core.shell:Creating package script '/home/expert_amateur/vbm_ws/install/tutorial_interfaces/share/tutorial_interfaces/package.zsh'
[1.190s] Level 1:colcon.colcon_core.environment:create_file_with_runtime_dependencies(/home/expert_amateur/vbm_ws/install/tutorial_interfaces/share/colcon-core/packages/tutorial_interfaces)
[1.190s] INFO:colcon.colcon_ros.task.ament_cmake.build:Building ROS package in '/home/expert_amateur/vbm_ws/src/cpp_pubsub' with build type 'ament_cmake'
[1.190s] INFO:colcon.colcon_cmake.task.cmake.build:Building CMake package in '/home/expert_amateur/vbm_ws/src/cpp_pubsub'
[1.191s] INFO:colcon.colcon_core.shell:Skip shell extension 'powershell' for command environment: Not usable outside of PowerShell
[1.192s] DEBUG:colcon.colcon_core.shell:Skip shell extension 'dsv' for command environment
[1.198s] INFO:colcon.colcon_ros.task.ament_cmake.build:Building ROS package in '/home/expert_amateur/vbm_ws/src/cpp_srvcli' with build type 'ament_cmake'
[1.199s] INFO:colcon.colcon_cmake.task.cmake.build:Building CMake package in '/home/expert_amateur/vbm_ws/src/cpp_srvcli'
[1.200s] INFO:colcon.colcon_core.shell:Skip shell extension 'powershell' for command environment: Not usable outside of PowerShell
[1.200s] DEBUG:colcon.colcon_core.shell:Skip shell extension 'dsv' for command environment
[1.210s] DEBUG:colcon.colcon_core.event_handler.log_command:Invoking command in '/home/expert_amateur/vbm_ws/build/cpp_pubsub': CMAKE_PREFIX_PATH=/home/expert_amateur/vbm_ws/install/tutorial_interfaces:/home/expert_amateur/vbm_ws/install/cpp_parameters:/home/expert_amateur/vbm_ws/install/cpp_srvcli:/home/expert_amateur/vbm_ws/install/cpp_pubsub:/home/expert_amateur/vbm_ws/install/more_interfaces:/home/expert_amateur/voidwalking/ros2_ws/install/void_tests:/home/expert_amateur/voidwalking/ros2_ws/install/turtlebot_test:/home/expert_amateur/voidwalking/ros2_ws/install/spatio_temporal_voxel_layer:/home/expert_amateur/voidwalking/ros2_ws/install/main:/home/expert_amateur/voidwalking/ros2_ws/install/simulation:/home/expert_amateur/voidwalking/ros2_ws/install/rviz_satellite:/home/expert_amateur/voidwalking/ros2_ws/install/obstacle_avoidance:/home/expert_amateur/voidwalking/ros2_ws/install/nav2_turtlebot3:/home/expert_amateur/voidwalking/ros2_ws/install/mapping:/home/expert_amateur/voidwalking/arduino_ws/microros_ws/install/micro_ros_setup:/home/expert_amateur/voidwalking/ros2_ws/install/waypoints:/opt/ros/humble /usr/bin/cmake --build /home/expert_amateur/vbm_ws/build/cpp_pubsub -- -j12 -l12
[1.213s] DEBUG:colcon.colcon_core.event_handler.log_command:Invoking command in '/home/expert_amateur/vbm_ws/build/cpp_srvcli': CMAKE_PREFIX_PATH=/home/expert_amateur/vbm_ws/install/tutorial_interfaces:/home/expert_amateur/vbm_ws/install/cpp_parameters:/home/expert_amateur/vbm_ws/install/cpp_srvcli:/home/expert_amateur/vbm_ws/install/cpp_pubsub:/home/expert_amateur/vbm_ws/install/more_interfaces:/home/expert_amateur/voidwalking/ros2_ws/install/void_tests:/home/expert_amateur/voidwalking/ros2_ws/install/turtlebot_test:/home/expert_amateur/voidwalking/ros2_ws/install/spatio_temporal_voxel_layer:/home/expert_amateur/voidwalking/ros2_ws/install/main:/home/expert_amateur/voidwalking/ros2_ws/install/simulation:/home/expert_amateur/voidwalking/ros2_ws/install/rviz_satellite:/home/expert_amateur/voidwalking/ros2_ws/install/obstacle_avoidance:/home/expert_amateur/voidwalking/ros2_ws/install/nav2_turtlebot3:/home/expert_amateur/voidwalking/ros2_ws/install/mapping:/home/expert_amateur/voidwalking/arduino_ws/microros_ws/install/micro_ros_setup:/home/expert_amateur/voidwalking/ros2_ws/install/waypoints:/opt/ros/humble /usr/bin/cmake --build /home/expert_amateur/vbm_ws/build/cpp_srvcli -- -j12 -l12
[1.265s] DEBUG:colcon.colcon_core.event_handler.log_command:Invoked command in '/home/expert_amateur/vbm_ws/build/cpp_pubsub' returned '0': CMAKE_PREFIX_PATH=/home/expert_amateur/vbm_ws/install/tutorial_interfaces:/home/expert_amateur/vbm_ws/install/cpp_parameters:/home/expert_amateur/vbm_ws/install/cpp_srvcli:/home/expert_amateur/vbm_ws/install/cpp_pubsub:/home/expert_amateur/vbm_ws/install/more_interfaces:/home/expert_amateur/voidwalking/ros2_ws/install/void_tests:/home/expert_amateur/voidwalking/ros2_ws/install/turtlebot_test:/home/expert_amateur/voidwalking/ros2_ws/install/spatio_temporal_voxel_layer:/home/expert_amateur/voidwalking/ros2_ws/install/main:/home/expert_amateur/voidwalking/ros2_ws/install/simulation:/home/expert_amateur/voidwalking/ros2_ws/install/rviz_satellite:/home/expert_amateur/voidwalking/ros2_ws/install/obstacle_avoidance:/home/expert_amateur/voidwalking/ros2_ws/install/nav2_turtlebot3:/home/expert_amateur/voidwalking/ros2_ws/install/mapping:/home/expert_amateur/voidwalking/arduino_ws/microros_ws/install/micro_ros_setup:/home/expert_amateur/voidwalking/ros2_ws/install/waypoints:/opt/ros/humble /usr/bin/cmake --build /home/expert_amateur/vbm_ws/build/cpp_pubsub -- -j12 -l12
[1.267s] DEBUG:colcon.colcon_core.event_handler.log_command:Invoked command in '/home/expert_amateur/vbm_ws/build/cpp_srvcli' returned '0': CMAKE_PREFIX_PATH=/home/expert_amateur/vbm_ws/install/tutorial_interfaces:/home/expert_amateur/vbm_ws/install/cpp_parameters:/home/expert_amateur/vbm_ws/install/cpp_srvcli:/home/expert_amateur/vbm_ws/install/cpp_pubsub:/home/expert_amateur/vbm_ws/install/more_interfaces:/home/expert_amateur/voidwalking/ros2_ws/install/void_tests:/home/expert_amateur/voidwalking/ros2_ws/install/turtlebot_test:/home/expert_amateur/voidwalking/ros2_ws/install/spatio_temporal_voxel_layer:/home/expert_amateur/voidwalking/ros2_ws/install/main:/home/expert_amateur/voidwalking/ros2_ws/install/simulation:/home/expert_amateur/voidwalking/ros2_ws/install/rviz_satellite:/home/expert_amateur/voidwalking/ros2_ws/install/obstacle_avoidance:/home/expert_amateur/voidwalking/ros2_ws/install/nav2_turtlebot3:/home/expert_amateur/voidwalking/ros2_ws/install/mapping:/home/expert_amateur/voidwalking/arduino_ws/microros_ws/install/micro_ros_setup:/home/expert_amateur/voidwalking/ros2_ws/install/waypoints:/opt/ros/humble /usr/bin/cmake --build /home/expert_amateur/vbm_ws/build/cpp_srvcli -- -j12 -l12
[1.279s] DEBUG:colcon.colcon_core.event_handler.log_command:Invoked command in '/home/expert_amateur/vbm_ws/build/polygon_base' returned '0': CMAKE_PREFIX_PATH=${CMAKE_PREFIX_PATH}:/home/expert_amateur/voidwalking/ros2_ws/install/waypoints:/opt/ros/humble /usr/bin/cmake /home/expert_amateur/vbm_ws/src/polygon_base -DCMAKE_INSTALL_PREFIX=/home/expert_amateur/vbm_ws/install/polygon_base
[1.280s] DEBUG:colcon.colcon_core.event_handler.log_command:Invoking command in '/home/expert_amateur/vbm_ws/build/polygon_base': CMAKE_PREFIX_PATH=${CMAKE_PREFIX_PATH}:/home/expert_amateur/voidwalking/ros2_ws/install/waypoints:/opt/ros/humble /usr/bin/cmake --build /home/expert_amateur/vbm_ws/build/polygon_base -- -j12 -l12
[1.288s] DEBUG:colcon.colcon_core.event_handler.log_command:Invoking command in '/home/expert_amateur/vbm_ws/build/cpp_pubsub': CMAKE_PREFIX_PATH=/home/expert_amateur/vbm_ws/install/tutorial_interfaces:/home/expert_amateur/vbm_ws/install/cpp_parameters:/home/expert_amateur/vbm_ws/install/cpp_srvcli:/home/expert_amateur/vbm_ws/install/cpp_pubsub:/home/expert_amateur/vbm_ws/install/more_interfaces:/home/expert_amateur/voidwalking/ros2_ws/install/void_tests:/home/expert_amateur/voidwalking/ros2_ws/install/turtlebot_test:/home/expert_amateur/voidwalking/ros2_ws/install/spatio_temporal_voxel_layer:/home/expert_amateur/voidwalking/ros2_ws/install/main:/home/expert_amateur/voidwalking/ros2_ws/install/simulation:/home/expert_amateur/voidwalking/ros2_ws/install/rviz_satellite:/home/expert_amateur/voidwalking/ros2_ws/install/obstacle_avoidance:/home/expert_amateur/voidwalking/ros2_ws/install/nav2_turtlebot3:/home/expert_amateur/voidwalking/ros2_ws/install/mapping:/home/expert_amateur/voidwalking/arduino_ws/microros_ws/install/micro_ros_setup:/home/expert_amateur/voidwalking/ros2_ws/install/waypoints:/opt/ros/humble /usr/bin/cmake --install /home/expert_amateur/vbm_ws/build/cpp_pubsub
[1.289s] DEBUG:colcon.colcon_core.event_handler.log_command:Invoking command in '/home/expert_amateur/vbm_ws/build/cpp_srvcli': CMAKE_PREFIX_PATH=/home/expert_amateur/vbm_ws/install/tutorial_interfaces:/home/expert_amateur/vbm_ws/install/cpp_parameters:/home/expert_amateur/vbm_ws/install/cpp_srvcli:/home/expert_amateur/vbm_ws/install/cpp_pubsub:/home/expert_amateur/vbm_ws/install/more_interfaces:/home/expert_amateur/voidwalking/ros2_ws/install/void_tests:/home/expert_amateur/voidwalking/ros2_ws/install/turtlebot_test:/home/expert_amateur/voidwalking/ros2_ws/install/spatio_temporal_voxel_layer:/home/expert_amateur/voidwalking/ros2_ws/install/main:/home/expert_amateur/voidwalking/ros2_ws/install/simulation:/home/expert_amateur/voidwalking/ros2_ws/install/rviz_satellite:/home/expert_amateur/voidwalking/ros2_ws/install/obstacle_avoidance:/home/expert_amateur/voidwalking/ros2_ws/install/nav2_turtlebot3:/home/expert_amateur/voidwalking/ros2_ws/install/mapping:/home/expert_amateur/voidwalking/arduino_ws/microros_ws/install/micro_ros_setup:/home/expert_amateur/voidwalking/ros2_ws/install/waypoints:/opt/ros/humble /usr/bin/cmake --install /home/expert_amateur/vbm_ws/build/cpp_srvcli
[1.296s] Level 1:colcon.colcon_core.environment:create_environment_scripts_only(cpp_pubsub)
[1.298s] Level 1:colcon.colcon_core.environment:checking '/home/expert_amateur/vbm_ws/install/cpp_pubsub' for CMake module files
[1.300s] DEBUG:colcon.colcon_core.event_handler.log_command:Invoked command in '/home/expert_amateur/vbm_ws/build/cpp_pubsub' returned '0': CMAKE_PREFIX_PATH=/home/expert_amateur/vbm_ws/install/tutorial_interfaces:/home/expert_amateur/vbm_ws/install/cpp_parameters:/home/expert_amateur/vbm_ws/install/cpp_srvcli:/home/expert_amateur/vbm_ws/install/cpp_pubsub:/home/expert_amateur/vbm_ws/install/more_interfaces:/home/expert_amateur/voidwalking/ros2_ws/install/void_tests:/home/expert_amateur/voidwalking/ros2_ws/install/turtlebot_test:/home/expert_amateur/voidwalking/ros2_ws/install/spatio_temporal_voxel_layer:/home/expert_amateur/voidwalking/ros2_ws/install/main:/home/expert_amateur/voidwalking/ros2_ws/install/simulation:/home/expert_amateur/voidwalking/ros2_ws/install/rviz_satellite:/home/expert_amateur/voidwalking/ros2_ws/install/obstacle_avoidance:/home/expert_amateur/voidwalking/ros2_ws/install/nav2_turtlebot3:/home/expert_amateur/voidwalking/ros2_ws/install/mapping:/home/expert_amateur/voidwalking/arduino_ws/microros_ws/install/micro_ros_setup:/home/expert_amateur/voidwalking/ros2_ws/install/waypoints:/opt/ros/humble /usr/bin/cmake --install /home/expert_amateur/vbm_ws/build/cpp_pubsub
[1.300s] Level 1:colcon.colcon_core.environment:checking '/home/expert_amateur/vbm_ws/install/cpp_pubsub' for CMake config files
[1.300s] Level 1:colcon.colcon_core.shell:create_environment_hook('cpp_pubsub', 'cmake_prefix_path')
[1.301s] INFO:colcon.colcon_core.shell:Creating environment hook '/home/expert_amateur/vbm_ws/install/cpp_pubsub/share/cpp_pubsub/hook/cmake_prefix_path.ps1'
[1.302s] INFO:colcon.colcon_core.shell:Creating environment descriptor '/home/expert_amateur/vbm_ws/install/cpp_pubsub/share/cpp_pubsub/hook/cmake_prefix_path.dsv'
[1.302s] INFO:colcon.colcon_core.shell:Creating environment hook '/home/expert_amateur/vbm_ws/install/cpp_pubsub/share/cpp_pubsub/hook/cmake_prefix_path.sh'
[1.302s] Level 1:colcon.colcon_core.environment:checking '/home/expert_amateur/vbm_ws/install/cpp_pubsub/lib'
[1.303s] Level 1:colcon.colcon_core.environment:checking '/home/expert_amateur/vbm_ws/install/cpp_pubsub/bin'
[1.303s] Level 1:colcon.colcon_core.environment:checking '/home/expert_amateur/vbm_ws/install/cpp_pubsub/lib/pkgconfig/cpp_pubsub.pc'
[1.303s] Level 1:colcon.colcon_core.environment:checking '/home/expert_amateur/vbm_ws/install/cpp_pubsub/lib/python3.10/site-packages'
[1.303s] Level 1:colcon.colcon_core.environment:checking '/home/expert_amateur/vbm_ws/install/cpp_pubsub/bin'
[1.304s] INFO:colcon.colcon_core.shell:Creating package script '/home/expert_amateur/vbm_ws/install/cpp_pubsub/share/cpp_pubsub/package.ps1'
[1.305s] INFO:colcon.colcon_core.shell:Creating package descriptor '/home/expert_amateur/vbm_ws/install/cpp_pubsub/share/cpp_pubsub/package.dsv'
[1.305s] INFO:colcon.colcon_core.shell:Creating package script '/home/expert_amateur/vbm_ws/install/cpp_pubsub/share/cpp_pubsub/package.sh'
[1.305s] INFO:colcon.colcon_core.shell:Creating package script '/home/expert_amateur/vbm_ws/install/cpp_pubsub/share/cpp_pubsub/package.bash'
[1.306s] INFO:colcon.colcon_core.shell:Creating package script '/home/expert_amateur/vbm_ws/install/cpp_pubsub/share/cpp_pubsub/package.zsh'
[1.306s] Level 1:colcon.colcon_core.environment:create_file_with_runtime_dependencies(/home/expert_amateur/vbm_ws/install/cpp_pubsub/share/colcon-core/packages/cpp_pubsub)
[1.307s] Level 1:colcon.colcon_core.environment:create_environment_scripts_only(cpp_srvcli)
[1.309s] Level 1:colcon.colcon_core.environment:checking '/home/expert_amateur/vbm_ws/install/cpp_srvcli' for CMake module files
[1.309s] DEBUG:colcon.colcon_core.event_handler.log_command:Invoked command in '/home/expert_amateur/vbm_ws/build/cpp_srvcli' returned '0': CMAKE_PREFIX_PATH=/home/expert_amateur/vbm_ws/install/tutorial_interfaces:/home/expert_amateur/vbm_ws/install/cpp_parameters:/home/expert_amateur/vbm_ws/install/cpp_srvcli:/home/expert_amateur/vbm_ws/install/cpp_pubsub:/home/expert_amateur/vbm_ws/install/more_interfaces:/home/expert_amateur/voidwalking/ros2_ws/install/void_tests:/home/expert_amateur/voidwalking/ros2_ws/install/turtlebot_test:/home/expert_amateur/voidwalking/ros2_ws/install/spatio_temporal_voxel_layer:/home/expert_amateur/voidwalking/ros2_ws/install/main:/home/expert_amateur/voidwalking/ros2_ws/install/simulation:/home/expert_amateur/voidwalking/ros2_ws/install/rviz_satellite:/home/expert_amateur/voidwalking/ros2_ws/install/obstacle_avoidance:/home/expert_amateur/voidwalking/ros2_ws/install/nav2_turtlebot3:/home/expert_amateur/voidwalking/ros2_ws/install/mapping:/home/expert_amateur/voidwalking/arduino_ws/microros_ws/install/micro_ros_setup:/home/expert_amateur/voidwalking/ros2_ws/install/waypoints:/opt/ros/humble /usr/bin/cmake --install /home/expert_amateur/vbm_ws/build/cpp_srvcli
[1.310s] Level 1:colcon.colcon_core.environment:checking '/home/expert_amateur/vbm_ws/install/cpp_srvcli' for CMake config files
[1.310s] Level 1:colcon.colcon_core.shell:create_environment_hook('cpp_srvcli', 'cmake_prefix_path')
[1.311s] INFO:colcon.colcon_core.shell:Creating environment hook '/home/expert_amateur/vbm_ws/install/cpp_srvcli/share/cpp_srvcli/hook/cmake_prefix_path.ps1'
[1.312s] INFO:colcon.colcon_core.shell:Creating environment descriptor '/home/expert_amateur/vbm_ws/install/cpp_srvcli/share/cpp_srvcli/hook/cmake_prefix_path.dsv'
[1.312s] INFO:colcon.colcon_core.shell:Creating environment hook '/home/expert_amateur/vbm_ws/install/cpp_srvcli/share/cpp_srvcli/hook/cmake_prefix_path.sh'
[1.312s] Level 1:colcon.colcon_core.environment:checking '/home/expert_amateur/vbm_ws/install/cpp_srvcli/lib'
[1.312s] Level 1:colcon.colcon_core.environment:checking '/home/expert_amateur/vbm_ws/install/cpp_srvcli/bin'
[1.312s] Level 1:colcon.colcon_core.environment:checking '/home/expert_amateur/vbm_ws/install/cpp_srvcli/lib/pkgconfig/cpp_srvcli.pc'
[1.313s] Level 1:colcon.colcon_core.environment:checking '/home/expert_amateur/vbm_ws/install/cpp_srvcli/lib/python3.10/site-packages'
[1.313s] Level 1:colcon.colcon_core.environment:checking '/home/expert_amateur/vbm_ws/install/cpp_srvcli/bin'
[1.314s] INFO:colcon.colcon_core.shell:Creating package script '/home/expert_amateur/vbm_ws/install/cpp_srvcli/share/cpp_srvcli/package.ps1'
[1.315s] INFO:colcon.colcon_core.shell:Creating package descriptor '/home/expert_amateur/vbm_ws/install/cpp_srvcli/share/cpp_srvcli/package.dsv'
[1.315s] INFO:colcon.colcon_core.shell:Creating package script '/home/expert_amateur/vbm_ws/install/cpp_srvcli/share/cpp_srvcli/package.sh'
[1.315s] INFO:colcon.colcon_core.shell:Creating package script '/home/expert_amateur/vbm_ws/install/cpp_srvcli/share/cpp_srvcli/package.bash'
[1.315s] INFO:colcon.colcon_core.shell:Creating package script '/home/expert_amateur/vbm_ws/install/cpp_srvcli/share/cpp_srvcli/package.zsh'
[1.316s] Level 1:colcon.colcon_core.environment:create_file_with_runtime_dependencies(/home/expert_amateur/vbm_ws/install/cpp_srvcli/share/colcon-core/packages/cpp_srvcli)
[1.329s] Level 1:colcon.colcon_core.environment:create_environment_scripts_only(cpp_pubsub)
[1.330s] Level 1:colcon.colcon_core.environment:checking '/home/expert_amateur/vbm_ws/install/cpp_pubsub' for CMake module files
[1.331s] Level 1:colcon.colcon_core.environment:checking '/home/expert_amateur/vbm_ws/install/cpp_pubsub' for CMake config files
[1.331s] Level 1:colcon.colcon_core.shell:create_environment_hook('cpp_pubsub', 'cmake_prefix_path')
[1.332s] INFO:colcon.colcon_core.shell:Creating environment hook '/home/expert_amateur/vbm_ws/install/cpp_pubsub/share/cpp_pubsub/hook/cmake_prefix_path.ps1'
[1.333s] INFO:colcon.colcon_core.shell:Creating environment descriptor '/home/expert_amateur/vbm_ws/install/cpp_pubsub/share/cpp_pubsub/hook/cmake_prefix_path.dsv'
[1.333s] INFO:colcon.colcon_core.shell:Creating environment hook '/home/expert_amateur/vbm_ws/install/cpp_pubsub/share/cpp_pubsub/hook/cmake_prefix_path.sh'
[1.333s] Level 1:colcon.colcon_core.environment:checking '/home/expert_amateur/vbm_ws/install/cpp_pubsub/lib'
[1.333s] Level 1:colcon.colcon_core.environment:checking '/home/expert_amateur/vbm_ws/install/cpp_pubsub/bin'
[1.334s] Level 1:colcon.colcon_core.environment:checking '/home/expert_amateur/vbm_ws/install/cpp_pubsub/lib/pkgconfig/cpp_pubsub.pc'
[1.334s] Level 1:colcon.colcon_core.environment:checking '/home/expert_amateur/vbm_ws/install/cpp_pubsub/lib/python3.10/site-packages'
[1.334s] Level 1:colcon.colcon_core.environment:checking '/home/expert_amateur/vbm_ws/install/cpp_pubsub/bin'
[1.335s] INFO:colcon.colcon_core.shell:Creating package script '/home/expert_amateur/vbm_ws/install/cpp_pubsub/share/cpp_pubsub/package.ps1'
[1.336s] INFO:colcon.colcon_core.shell:Creating package descriptor '/home/expert_amateur/vbm_ws/install/cpp_pubsub/share/cpp_pubsub/package.dsv'
[1.336s] INFO:colcon.colcon_core.shell:Creating package script '/home/expert_amateur/vbm_ws/install/cpp_pubsub/share/cpp_pubsub/package.sh'
[1.336s] INFO:colcon.colcon_core.shell:Creating package script '/home/expert_amateur/vbm_ws/install/cpp_pubsub/share/cpp_pubsub/package.bash'
[1.337s] INFO:colcon.colcon_core.shell:Creating package script '/home/expert_amateur/vbm_ws/install/cpp_pubsub/share/cpp_pubsub/package.zsh'
[1.337s] Level 1:colcon.colcon_core.environment:create_file_with_runtime_dependencies(/home/expert_amateur/vbm_ws/install/cpp_pubsub/share/colcon-core/packages/cpp_pubsub)
[1.339s] Level 1:colcon.colcon_core.environment:create_environment_scripts_only(cpp_srvcli)
[1.341s] Level 1:colcon.colcon_core.environment:checking '/home/expert_amateur/vbm_ws/install/cpp_srvcli' for CMake module files
[1.341s] Level 1:colcon.colcon_core.environment:checking '/home/expert_amateur/vbm_ws/install/cpp_srvcli' for CMake config files
[1.342s] Level 1:colcon.colcon_core.shell:create_environment_hook('cpp_srvcli', 'cmake_prefix_path')
[1.343s] INFO:colcon.colcon_core.shell:Creating environment hook '/home/expert_amateur/vbm_ws/install/cpp_srvcli/share/cpp_srvcli/hook/cmake_prefix_path.ps1'
[1.343s] INFO:colcon.colcon_core.shell:Creating environment descriptor '/home/expert_amateur/vbm_ws/install/cpp_srvcli/share/cpp_srvcli/hook/cmake_prefix_path.dsv'
[1.343s] INFO:colcon.colcon_core.shell:Creating environment hook '/home/expert_amateur/vbm_ws/install/cpp_srvcli/share/cpp_srvcli/hook/cmake_prefix_path.sh'
[1.344s] Level 1:colcon.colcon_core.environment:checking '/home/expert_amateur/vbm_ws/install/cpp_srvcli/lib'
[1.344s] Level 1:colcon.colcon_core.environment:checking '/home/expert_amateur/vbm_ws/install/cpp_srvcli/bin'
[1.344s] Level 1:colcon.colcon_core.environment:checking '/home/expert_amateur/vbm_ws/install/cpp_srvcli/lib/pkgconfig/cpp_srvcli.pc'
[1.344s] Level 1:colcon.colcon_core.environment:checking '/home/expert_amateur/vbm_ws/install/cpp_srvcli/lib/python3.10/site-packages'
[1.344s] Level 1:colcon.colcon_core.environment:checking '/home/expert_amateur/vbm_ws/install/cpp_srvcli/bin'
[1.346s] INFO:colcon.colcon_core.shell:Creating package script '/home/expert_amateur/vbm_ws/install/cpp_srvcli/share/cpp_srvcli/package.ps1'
[1.346s] INFO:colcon.colcon_core.shell:Creating package descriptor '/home/expert_amateur/vbm_ws/install/cpp_srvcli/share/cpp_srvcli/package.dsv'
[1.346s] INFO:colcon.colcon_core.shell:Creating package script '/home/expert_amateur/vbm_ws/install/cpp_srvcli/share/cpp_srvcli/package.sh'
[1.347s] INFO:colcon.colcon_core.shell:Creating package script '/home/expert_amateur/vbm_ws/install/cpp_srvcli/share/cpp_srvcli/package.bash'
[1.347s] INFO:colcon.colcon_core.shell:Creating package script '/home/expert_amateur/vbm_ws/install/cpp_srvcli/share/cpp_srvcli/package.zsh'
[1.347s] Level 1:colcon.colcon_core.environment:create_file_with_runtime_dependencies(/home/expert_amateur/vbm_ws/install/cpp_srvcli/share/colcon-core/packages/cpp_srvcli)
[3.962s] DEBUG:colcon.colcon_core.event_handler.log_command:Invoked command in '/home/expert_amateur/vbm_ws/build/polygon_base' returned '0': CMAKE_PREFIX_PATH=${CMAKE_PREFIX_PATH}:/home/expert_amateur/voidwalking/ros2_ws/install/waypoints:/opt/ros/humble /usr/bin/cmake --build /home/expert_amateur/vbm_ws/build/polygon_base -- -j12 -l12
[3.982s] DEBUG:colcon.colcon_core.event_handler.log_command:Invoking command in '/home/expert_amateur/vbm_ws/build/polygon_base': CMAKE_PREFIX_PATH=${CMAKE_PREFIX_PATH}:/home/expert_amateur/voidwalking/ros2_ws/install/waypoints:/opt/ros/humble /usr/bin/cmake --install /home/expert_amateur/vbm_ws/build/polygon_base
[3.992s] Level 1:colcon.colcon_core.environment:create_environment_scripts_only(polygon_base)
[3.994s] Level 1:colcon.colcon_core.environment:checking '/home/expert_amateur/vbm_ws/install/polygon_base' for CMake module files
[3.994s] DEBUG:colcon.colcon_core.event_handler.log_command:Invoked command in '/home/expert_amateur/vbm_ws/build/polygon_base' returned '0': CMAKE_PREFIX_PATH=${CMAKE_PREFIX_PATH}:/home/expert_amateur/voidwalking/ros2_ws/install/waypoints:/opt/ros/humble /usr/bin/cmake --install /home/expert_amateur/vbm_ws/build/polygon_base
[3.994s] Level 1:colcon.colcon_core.environment:checking '/home/expert_amateur/vbm_ws/install/polygon_base' for CMake config files
[3.994s] Level 1:colcon.colcon_core.shell:create_environment_hook('polygon_base', 'cmake_prefix_path')
[3.996s] INFO:colcon.colcon_core.shell:Creating environment hook '/home/expert_amateur/vbm_ws/install/polygon_base/share/polygon_base/hook/cmake_prefix_path.ps1'
[3.996s] INFO:colcon.colcon_core.shell:Creating environment descriptor '/home/expert_amateur/vbm_ws/install/polygon_base/share/polygon_base/hook/cmake_prefix_path.dsv'
[3.996s] INFO:colcon.colcon_core.shell:Creating environment hook '/home/expert_amateur/vbm_ws/install/polygon_base/share/polygon_base/hook/cmake_prefix_path.sh'
[3.997s] Level 1:colcon.colcon_core.environment:checking '/home/expert_amateur/vbm_ws/install/polygon_base/lib'
[3.997s] Level 1:colcon.colcon_core.environment:checking '/home/expert_amateur/vbm_ws/install/polygon_base/bin'
[3.997s] Level 1:colcon.colcon_core.environment:checking '/home/expert_amateur/vbm_ws/install/polygon_base/lib/pkgconfig/polygon_base.pc'
[3.997s] Level 1:colcon.colcon_core.environment:checking '/home/expert_amateur/vbm_ws/install/polygon_base/lib/python3.10/site-packages'
[3.997s] Level 1:colcon.colcon_core.environment:checking '/home/expert_amateur/vbm_ws/install/polygon_base/bin'
[3.999s] INFO:colcon.colcon_core.shell:Creating package script '/home/expert_amateur/vbm_ws/install/polygon_base/share/polygon_base/package.ps1'
[3.999s] INFO:colcon.colcon_core.shell:Creating package descriptor '/home/expert_amateur/vbm_ws/install/polygon_base/share/polygon_base/package.dsv'
[3.999s] INFO:colcon.colcon_core.shell:Creating package script '/home/expert_amateur/vbm_ws/install/polygon_base/share/polygon_base/package.sh'
[4.000s] INFO:colcon.colcon_core.shell:Creating package script '/home/expert_amateur/vbm_ws/install/polygon_base/share/polygon_base/package.bash'
[4.000s] INFO:colcon.colcon_core.shell:Creating package script '/home/expert_amateur/vbm_ws/install/polygon_base/share/polygon_base/package.zsh'
[4.000s] Level 1:colcon.colcon_core.environment:create_file_with_runtime_dependencies(/home/expert_amateur/vbm_ws/install/polygon_base/share/colcon-core/packages/polygon_base)
[4.020s] Level 1:colcon.colcon_core.environment:create_environment_scripts_only(polygon_base)
[4.022s] Level 1:colcon.colcon_core.environment:checking '/home/expert_amateur/vbm_ws/install/polygon_base' for CMake module files
[4.023s] Level 1:colcon.colcon_core.environment:checking '/home/expert_amateur/vbm_ws/install/polygon_base' for CMake config files
[4.023s] Level 1:colcon.colcon_core.shell:create_environment_hook('polygon_base', 'cmake_prefix_path')
[4.024s] INFO:colcon.colcon_core.shell:Creating environment hook '/home/expert_amateur/vbm_ws/install/polygon_base/share/polygon_base/hook/cmake_prefix_path.ps1'
[4.024s] INFO:colcon.colcon_core.shell:Creating environment descriptor '/home/expert_amateur/vbm_ws/install/polygon_base/share/polygon_base/hook/cmake_prefix_path.dsv'
[4.025s] INFO:colcon.colcon_core.shell:Creating environment hook '/home/expert_amateur/vbm_ws/install/polygon_base/share/polygon_base/hook/cmake_prefix_path.sh'
[4.025s] Level 1:colcon.colcon_core.environment:checking '/home/expert_amateur/vbm_ws/install/polygon_base/lib'
[4.025s] Level 1:colcon.colcon_core.environment:checking '/home/expert_amateur/vbm_ws/install/polygon_base/bin'
[4.025s] Level 1:colcon.colcon_core.environment:checking '/home/expert_amateur/vbm_ws/install/polygon_base/lib/pkgconfig/polygon_base.pc'
[4.025s] Level 1:colcon.colcon_core.environment:checking '/home/expert_amateur/vbm_ws/install/polygon_base/lib/python3.10/site-packages'
[4.025s] Level 1:colcon.colcon_core.environment:checking '/home/expert_amateur/vbm_ws/install/polygon_base/bin'
[4.027s] INFO:colcon.colcon_core.shell:Creating package script '/home/expert_amateur/vbm_ws/install/polygon_base/share/polygon_base/package.ps1'
[4.027s] INFO:colcon.colcon_core.shell:Creating package descriptor '/home/expert_amateur/vbm_ws/install/polygon_base/share/polygon_base/package.dsv'
[4.028s] INFO:colcon.colcon_core.shell:Creating package script '/home/expert_amateur/vbm_ws/install/polygon_base/share/polygon_base/package.sh'
[4.028s] INFO:colcon.colcon_core.shell:Creating package script '/home/expert_amateur/vbm_ws/install/polygon_base/share/polygon_base/package.bash'
[4.028s] INFO:colcon.colcon_core.shell:Creating package script '/home/expert_amateur/vbm_ws/install/polygon_base/share/polygon_base/package.zsh'
[4.029s] Level 1:colcon.colcon_core.environment:create_file_with_runtime_dependencies(/home/expert_amateur/vbm_ws/install/polygon_base/share/colcon-core/packages/polygon_base)
[4.029s] INFO:colcon.colcon_ros.task.ament_cmake.build:Building ROS package in '/home/expert_amateur/vbm_ws/src/polygon_plugins' with build type 'ament_cmake'
[4.029s] INFO:colcon.colcon_cmake.task.cmake.build:Building CMake package in '/home/expert_amateur/vbm_ws/src/polygon_plugins'
[4.030s] INFO:colcon.colcon_core.shell:Skip shell extension 'powershell' for command environment: Not usable outside of PowerShell
[4.030s] DEBUG:colcon.colcon_core.shell:Skip shell extension 'dsv' for command environment
[4.040s] DEBUG:colcon.colcon_core.event_handler.log_command:Invoking command in '/home/expert_amateur/vbm_ws/build/polygon_plugins': AMENT_PREFIX_PATH=/home/expert_amateur/vbm_ws/install/polygon_base:${AMENT_PREFIX_PATH} CMAKE_PREFIX_PATH=/home/expert_amateur/vbm_ws/install/polygon_base:/home/expert_amateur/vbm_ws/install/cpp_parameters:/home/expert_amateur/vbm_ws/install/cpp_srvcli:/home/expert_amateur/vbm_ws/install/cpp_pubsub:/home/expert_amateur/vbm_ws/install/tutorial_interfaces:/home/expert_amateur/vbm_ws/install/more_interfaces:/home/expert_amateur/voidwalking/ros2_ws/install/void_tests:/home/expert_amateur/voidwalking/ros2_ws/install/turtlebot_test:/home/expert_amateur/voidwalking/ros2_ws/install/spatio_temporal_voxel_layer:/home/expert_amateur/voidwalking/ros2_ws/install/main:/home/expert_amateur/voidwalking/ros2_ws/install/simulation:/home/expert_amateur/voidwalking/ros2_ws/install/rviz_satellite:/home/expert_amateur/voidwalking/ros2_ws/install/obstacle_avoidance:/home/expert_amateur/voidwalking/ros2_ws/install/nav2_turtlebot3:/home/expert_amateur/voidwalking/ros2_ws/install/mapping:/home/expert_amateur/voidwalking/arduino_ws/microros_ws/install/micro_ros_setup:/home/expert_amateur/voidwalking/ros2_ws/install/waypoints:/opt/ros/humble /usr/bin/cmake /home/expert_amateur/vbm_ws/src/polygon_plugins -DCMAKE_INSTALL_PREFIX=/home/expert_amateur/vbm_ws/install/polygon_plugins
[4.739s] DEBUG:colcon.colcon_core.event_handler.log_command:Invoked command in '/home/expert_amateur/vbm_ws/build/polygon_plugins' returned '0': AMENT_PREFIX_PATH=/home/expert_amateur/vbm_ws/install/polygon_base:${AMENT_PREFIX_PATH} CMAKE_PREFIX_PATH=/home/expert_amateur/vbm_ws/install/polygon_base:/home/expert_amateur/vbm_ws/install/cpp_parameters:/home/expert_amateur/vbm_ws/install/cpp_srvcli:/home/expert_amateur/vbm_ws/install/cpp_pubsub:/home/expert_amateur/vbm_ws/install/tutorial_interfaces:/home/expert_amateur/vbm_ws/install/more_interfaces:/home/expert_amateur/voidwalking/ros2_ws/install/void_tests:/home/expert_amateur/voidwalking/ros2_ws/install/turtlebot_test:/home/expert_amateur/voidwalking/ros2_ws/install/spatio_temporal_voxel_layer:/home/expert_amateur/voidwalking/ros2_ws/install/main:/home/expert_amateur/voidwalking/ros2_ws/install/simulation:/home/expert_amateur/voidwalking/ros2_ws/install/rviz_satellite:/home/expert_amateur/voidwalking/ros2_ws/install/obstacle_avoidance:/home/expert_amateur/voidwalking/ros2_ws/install/nav2_turtlebot3:/home/expert_amateur/voidwalking/ros2_ws/install/mapping:/home/expert_amateur/voidwalking/arduino_ws/microros_ws/install/micro_ros_setup:/home/expert_amateur/voidwalking/ros2_ws/install/waypoints:/opt/ros/humble /usr/bin/cmake /home/expert_amateur/vbm_ws/src/polygon_plugins -DCMAKE_INSTALL_PREFIX=/home/expert_amateur/vbm_ws/install/polygon_plugins
[4.740s] DEBUG:colcon.colcon_core.event_handler.log_command:Invoking command in '/home/expert_amateur/vbm_ws/build/polygon_plugins': AMENT_PREFIX_PATH=/home/expert_amateur/vbm_ws/install/polygon_base:${AMENT_PREFIX_PATH} CMAKE_PREFIX_PATH=/home/expert_amateur/vbm_ws/install/polygon_base:/home/expert_amateur/vbm_ws/install/cpp_parameters:/home/expert_amateur/vbm_ws/install/cpp_srvcli:/home/expert_amateur/vbm_ws/install/cpp_pubsub:/home/expert_amateur/vbm_ws/install/tutorial_interfaces:/home/expert_amateur/vbm_ws/install/more_interfaces:/home/expert_amateur/voidwalking/ros2_ws/install/void_tests:/home/expert_amateur/voidwalking/ros2_ws/install/turtlebot_test:/home/expert_amateur/voidwalking/ros2_ws/install/spatio_temporal_voxel_layer:/home/expert_amateur/voidwalking/ros2_ws/install/main:/home/expert_amateur/voidwalking/ros2_ws/install/simulation:/home/expert_amateur/voidwalking/ros2_ws/install/rviz_satellite:/home/expert_amateur/voidwalking/ros2_ws/install/obstacle_avoidance:/home/expert_amateur/voidwalking/ros2_ws/install/nav2_turtlebot3:/home/expert_amateur/voidwalking/ros2_ws/install/mapping:/home/expert_amateur/voidwalking/arduino_ws/microros_ws/install/micro_ros_setup:/home/expert_amateur/voidwalking/ros2_ws/install/waypoints:/opt/ros/humble /usr/bin/cmake --build /home/expert_amateur/vbm_ws/build/polygon_plugins -- -j12 -l12
[5.407s] DEBUG:colcon.colcon_core.event_handler.log_command:Invoked command in '/home/expert_amateur/vbm_ws/build/polygon_plugins' returned '0': AMENT_PREFIX_PATH=/home/expert_amateur/vbm_ws/install/polygon_base:${AMENT_PREFIX_PATH} CMAKE_PREFIX_PATH=/home/expert_amateur/vbm_ws/install/polygon_base:/home/expert_amateur/vbm_ws/install/cpp_parameters:/home/expert_amateur/vbm_ws/install/cpp_srvcli:/home/expert_amateur/vbm_ws/install/cpp_pubsub:/home/expert_amateur/vbm_ws/install/tutorial_interfaces:/home/expert_amateur/vbm_ws/install/more_interfaces:/home/expert_amateur/voidwalking/ros2_ws/install/void_tests:/home/expert_amateur/voidwalking/ros2_ws/install/turtlebot_test:/home/expert_amateur/voidwalking/ros2_ws/install/spatio_temporal_voxel_layer:/home/expert_amateur/voidwalking/ros2_ws/install/main:/home/expert_amateur/voidwalking/ros2_ws/install/simulation:/home/expert_amateur/voidwalking/ros2_ws/install/rviz_satellite:/home/expert_amateur/voidwalking/ros2_ws/install/obstacle_avoidance:/home/expert_amateur/voidwalking/ros2_ws/install/nav2_turtlebot3:/home/expert_amateur/voidwalking/ros2_ws/install/mapping:/home/expert_amateur/voidwalking/arduino_ws/microros_ws/install/micro_ros_setup:/home/expert_amateur/voidwalking/ros2_ws/install/waypoints:/opt/ros/humble /usr/bin/cmake --build /home/expert_amateur/vbm_ws/build/polygon_plugins -- -j12 -l12
[5.426s] DEBUG:colcon.colcon_core.event_handler.log_command:Invoking command in '/home/expert_amateur/vbm_ws/build/polygon_plugins': AMENT_PREFIX_PATH=/home/expert_amateur/vbm_ws/install/polygon_base:${AMENT_PREFIX_PATH} CMAKE_PREFIX_PATH=/home/expert_amateur/vbm_ws/install/polygon_base:/home/expert_amateur/vbm_ws/install/cpp_parameters:/home/expert_amateur/vbm_ws/install/cpp_srvcli:/home/expert_amateur/vbm_ws/install/cpp_pubsub:/home/expert_amateur/vbm_ws/install/tutorial_interfaces:/home/expert_amateur/vbm_ws/install/more_interfaces:/home/expert_amateur/voidwalking/ros2_ws/install/void_tests:/home/expert_amateur/voidwalking/ros2_ws/install/turtlebot_test:/home/expert_amateur/voidwalking/ros2_ws/install/spatio_temporal_voxel_layer:/home/expert_amateur/voidwalking/ros2_ws/install/main:/home/expert_amateur/voidwalking/ros2_ws/install/simulation:/home/expert_amateur/voidwalking/ros2_ws/install/rviz_satellite:/home/expert_amateur/voidwalking/ros2_ws/install/obstacle_avoidance:/home/expert_amateur/voidwalking/ros2_ws/install/nav2_turtlebot3:/home/expert_amateur/voidwalking/ros2_ws/install/mapping:/home/expert_amateur/voidwalking/arduino_ws/microros_ws/install/micro_ros_setup:/home/expert_amateur/voidwalking/ros2_ws/install/waypoints:/opt/ros/humble /usr/bin/cmake --install /home/expert_amateur/vbm_ws/build/polygon_plugins
[5.436s] Level 1:colcon.colcon_core.environment:create_environment_scripts_only(polygon_plugins)
[5.438s] Level 1:colcon.colcon_core.environment:checking '/home/expert_amateur/vbm_ws/install/polygon_plugins' for CMake module files
[5.438s] DEBUG:colcon.colcon_core.event_handler.log_command:Invoked command in '/home/expert_amateur/vbm_ws/build/polygon_plugins' returned '0': AMENT_PREFIX_PATH=/home/expert_amateur/vbm_ws/install/polygon_base:${AMENT_PREFIX_PATH} CMAKE_PREFIX_PATH=/home/expert_amateur/vbm_ws/install/polygon_base:/home/expert_amateur/vbm_ws/install/cpp_parameters:/home/expert_amateur/vbm_ws/install/cpp_srvcli:/home/expert_amateur/vbm_ws/install/cpp_pubsub:/home/expert_amateur/vbm_ws/install/tutorial_interfaces:/home/expert_amateur/vbm_ws/install/more_interfaces:/home/expert_amateur/voidwalking/ros2_ws/install/void_tests:/home/expert_amateur/voidwalking/ros2_ws/install/turtlebot_test:/home/expert_amateur/voidwalking/ros2_ws/install/spatio_temporal_voxel_layer:/home/expert_amateur/voidwalking/ros2_ws/install/main:/home/expert_amateur/voidwalking/ros2_ws/install/simulation:/home/expert_amateur/voidwalking/ros2_ws/install/rviz_satellite:/home/expert_amateur/voidwalking/ros2_ws/install/obstacle_avoidance:/home/expert_amateur/voidwalking/ros2_ws/install/nav2_turtlebot3:/home/expert_amateur/voidwalking/ros2_ws/install/mapping:/home/expert_amateur/voidwalking/arduino_ws/microros_ws/install/micro_ros_setup:/home/expert_amateur/voidwalking/ros2_ws/install/waypoints:/opt/ros/humble /usr/bin/cmake --install /home/expert_amateur/vbm_ws/build/polygon_plugins
[5.438s] Level 1:colcon.colcon_core.environment:checking '/home/expert_amateur/vbm_ws/install/polygon_plugins' for CMake config files
[5.439s] Level 1:colcon.colcon_core.shell:create_environment_hook('polygon_plugins', 'cmake_prefix_path')
[5.440s] INFO:colcon.colcon_core.shell:Creating environment hook '/home/expert_amateur/vbm_ws/install/polygon_plugins/share/polygon_plugins/hook/cmake_prefix_path.ps1'
[5.440s] INFO:colcon.colcon_core.shell:Creating environment descriptor '/home/expert_amateur/vbm_ws/install/polygon_plugins/share/polygon_plugins/hook/cmake_prefix_path.dsv'
[5.440s] INFO:colcon.colcon_core.shell:Creating environment hook '/home/expert_amateur/vbm_ws/install/polygon_plugins/share/polygon_plugins/hook/cmake_prefix_path.sh'
[5.441s] Level 1:colcon.colcon_core.environment:checking '/home/expert_amateur/vbm_ws/install/polygon_plugins/lib'
[5.441s] Level 1:colcon.colcon_core.shell:create_environment_hook('polygon_plugins', 'ld_library_path_lib')
[5.442s] INFO:colcon.colcon_core.shell:Creating environment hook '/home/expert_amateur/vbm_ws/install/polygon_plugins/share/polygon_plugins/hook/ld_library_path_lib.ps1'
[5.442s] INFO:colcon.colcon_core.shell:Creating environment descriptor '/home/expert_amateur/vbm_ws/install/polygon_plugins/share/polygon_plugins/hook/ld_library_path_lib.dsv'
[5.443s] INFO:colcon.colcon_core.shell:Creating environment hook '/home/expert_amateur/vbm_ws/install/polygon_plugins/share/polygon_plugins/hook/ld_library_path_lib.sh'
[5.443s] Level 1:colcon.colcon_core.environment:checking '/home/expert_amateur/vbm_ws/install/polygon_plugins/bin'
[5.443s] Level 1:colcon.colcon_core.environment:checking '/home/expert_amateur/vbm_ws/install/polygon_plugins/lib/pkgconfig/polygon_plugins.pc'
[5.443s] Level 1:colcon.colcon_core.environment:checking '/home/expert_amateur/vbm_ws/install/polygon_plugins/lib/python3.10/site-packages'
[5.443s] Level 1:colcon.colcon_core.environment:checking '/home/expert_amateur/vbm_ws/install/polygon_plugins/bin'
[5.445s] INFO:colcon.colcon_core.shell:Creating package script '/home/expert_amateur/vbm_ws/install/polygon_plugins/share/polygon_plugins/package.ps1'
[5.445s] INFO:colcon.colcon_core.shell:Creating package descriptor '/home/expert_amateur/vbm_ws/install/polygon_plugins/share/polygon_plugins/package.dsv'
[5.445s] INFO:colcon.colcon_core.shell:Creating package script '/home/expert_amateur/vbm_ws/install/polygon_plugins/share/polygon_plugins/package.sh'
[5.446s] INFO:colcon.colcon_core.shell:Creating package script '/home/expert_amateur/vbm_ws/install/polygon_plugins/share/polygon_plugins/package.bash'
[5.446s] INFO:colcon.colcon_core.shell:Creating package script '/home/expert_amateur/vbm_ws/install/polygon_plugins/share/polygon_plugins/package.zsh'
[5.446s] Level 1:colcon.colcon_core.environment:create_file_with_runtime_dependencies(/home/expert_amateur/vbm_ws/install/polygon_plugins/share/colcon-core/packages/polygon_plugins)
[5.469s] Level 1:colcon.colcon_core.environment:create_environment_scripts_only(polygon_plugins)
[5.471s] Level 1:colcon.colcon_core.environment:checking '/home/expert_amateur/vbm_ws/install/polygon_plugins' for CMake module files
[5.471s] Level 1:colcon.colcon_core.environment:checking '/home/expert_amateur/vbm_ws/install/polygon_plugins' for CMake config files
[5.471s] Level 1:colcon.colcon_core.shell:create_environment_hook('polygon_plugins', 'cmake_prefix_path')
[5.473s] INFO:colcon.colcon_core.shell:Creating environment hook '/home/expert_amateur/vbm_ws/install/polygon_plugins/share/polygon_plugins/hook/cmake_prefix_path.ps1'
[5.473s] INFO:colcon.colcon_core.shell:Creating environment descriptor '/home/expert_amateur/vbm_ws/install/polygon_plugins/share/polygon_plugins/hook/cmake_prefix_path.dsv'
[5.473s] INFO:colcon.colcon_core.shell:Creating environment hook '/home/expert_amateur/vbm_ws/install/polygon_plugins/share/polygon_plugins/hook/cmake_prefix_path.sh'
[5.474s] Level 1:colcon.colcon_core.environment:checking '/home/expert_amateur/vbm_ws/install/polygon_plugins/lib'
[5.474s] Level 1:colcon.colcon_core.shell:create_environment_hook('polygon_plugins', 'ld_library_path_lib')
[5.475s] INFO:colcon.colcon_core.shell:Creating environment hook '/home/expert_amateur/vbm_ws/install/polygon_plugins/share/polygon_plugins/hook/ld_library_path_lib.ps1'
[5.476s] INFO:colcon.colcon_core.shell:Creating environment descriptor '/home/expert_amateur/vbm_ws/install/polygon_plugins/share/polygon_plugins/hook/ld_library_path_lib.dsv'
[5.476s] INFO:colcon.colcon_core.shell:Creating environment hook '/home/expert_amateur/vbm_ws/install/polygon_plugins/share/polygon_plugins/hook/ld_library_path_lib.sh'
[5.476s] Level 1:colcon.colcon_core.environment:checking '/home/expert_amateur/vbm_ws/install/polygon_plugins/bin'
[5.476s] Level 1:colcon.colcon_core.environment:checking '/home/expert_amateur/vbm_ws/install/polygon_plugins/lib/pkgconfig/polygon_plugins.pc'
[5.476s] Level 1:colcon.colcon_core.environment:checking '/home/expert_amateur/vbm_ws/install/polygon_plugins/lib/python3.10/site-packages'
[5.477s] Level 1:colcon.colcon_core.environment:checking '/home/expert_amateur/vbm_ws/install/polygon_plugins/bin'
[5.478s] INFO:colcon.colcon_core.shell:Creating package script '/home/expert_amateur/vbm_ws/install/polygon_plugins/share/polygon_plugins/package.ps1'
[5.479s] INFO:colcon.colcon_core.shell:Creating package descriptor '/home/expert_amateur/vbm_ws/install/polygon_plugins/share/polygon_plugins/package.dsv'
[5.479s] INFO:colcon.colcon_core.shell:Creating package script '/home/expert_amateur/vbm_ws/install/polygon_plugins/share/polygon_plugins/package.sh'
[5.480s] INFO:colcon.colcon_core.shell:Creating package script '/home/expert_amateur/vbm_ws/install/polygon_plugins/share/polygon_plugins/package.bash'
[5.480s] INFO:colcon.colcon_core.shell:Creating package script '/home/expert_amateur/vbm_ws/install/polygon_plugins/share/polygon_plugins/package.zsh'
[5.480s] Level 1:colcon.colcon_core.environment:create_file_with_runtime_dependencies(/home/expert_amateur/vbm_ws/install/polygon_plugins/share/colcon-core/packages/polygon_plugins)
[5.481s] DEBUG:colcon.colcon_parallel_executor.executor.parallel:closing loop
[5.481s] DEBUG:colcon.colcon_parallel_executor.executor.parallel:loop closed
[5.481s] DEBUG:colcon.colcon_parallel_executor.executor.parallel:run_until_complete finished with '0'
[5.481s] DEBUG:colcon.colcon_core.event_reactor:joining thread
[5.486s] INFO:colcon.colcon_core.plugin_system:Skipping extension 'colcon_notification.desktop_notification.terminal_notifier': Not used on non-Darwin systems
[5.486s] INFO:colcon.colcon_core.plugin_system:Skipping extension 'colcon_notification.desktop_notification.win32': Not used on non-Windows systems
[5.486s] INFO:colcon.colcon_notification.desktop_notification:Sending desktop notification using 'notify2'
[5.496s] DEBUG:colcon.colcon_core.event_reactor:joined thread
[5.497s] INFO:colcon.colcon_core.shell:Creating prefix script '/home/expert_amateur/vbm_ws/install/local_setup.ps1'
[5.498s] INFO:colcon.colcon_core.shell:Creating prefix util module '/home/expert_amateur/vbm_ws/install/_local_setup_util_ps1.py'
[5.499s] INFO:colcon.colcon_core.shell:Creating prefix chain script '/home/expert_amateur/vbm_ws/install/setup.ps1'
[5.501s] INFO:colcon.colcon_core.shell:Creating prefix script '/home/expert_amateur/vbm_ws/install/local_setup.sh'
[5.502s] INFO:colcon.colcon_core.shell:Creating prefix util module '/home/expert_amateur/vbm_ws/install/_local_setup_util_sh.py'
[5.502s] INFO:colcon.colcon_core.shell:Creating prefix chain script '/home/expert_amateur/vbm_ws/install/setup.sh'
[5.504s] INFO:colcon.colcon_core.shell:Creating prefix script '/home/expert_amateur/vbm_ws/install/local_setup.bash'
[5.504s] INFO:colcon.colcon_core.shell:Creating prefix chain script '/home/expert_amateur/vbm_ws/install/setup.bash'
[5.506s] INFO:colcon.colcon_core.shell:Creating prefix script '/home/expert_amateur/vbm_ws/install/local_setup.zsh'
[5.506s] INFO:colcon.colcon_core.shell:Creating prefix chain script '/home/expert_amateur/vbm_ws/install/setup.zsh'
