[0.010s] Invoking command in '/home/expert_amateur/vbm_ws/src/build/cpp_srvcli': CMAKE_PREFIX_PATH=${CMAKE_PREFIX_PATH}:/home/expert_amateur/voidwalking/ros2_ws/install/waypoints:/opt/ros/humble /usr/bin/cmake /home/expert_amateur/vbm_ws/src/cpp_srvcli -DCMAKE_INSTALL_PREFIX=/home/expert_amateur/vbm_ws/src/install/cpp_srvcli
[0.070s] -- The C compiler identification is GNU 11.4.0
[0.122s] -- The CXX compiler identification is GNU 11.4.0
[0.128s] -- Detecting C compiler ABI info
[0.186s] -- Detecting C compiler ABI info - done
[0.198s] -- Check for working C compiler: /usr/bin/cc - skipped
[0.199s] -- Detecting C compile features
[0.199s] -- Detecting C compile features - done
[0.203s] -- Detecting CXX compiler ABI info
[0.271s] -- Detecting CXX compiler ABI info - done
[0.281s] -- Check for working CXX compiler: /usr/bin/c++ - skipped
[0.281s] -- Detecting CXX compile features
[0.282s] -- Detecting CXX compile features - done
[0.285s] -- Found ament_cmake: 1.3.5 (/opt/ros/humble/share/ament_cmake/cmake)
[0.452s] -- Found Python3: /usr/bin/python3.10 (found version "3.10.12") found components: Interpreter 
[0.564s] -- Found rclcpp: 16.0.5 (/opt/ros/humble/share/rclcpp/cmake)
[0.614s] -- Found rosidl_generator_c: 3.1.5 (/opt/ros/humble/share/rosidl_generator_c/cmake)
[0.621s] -- Found rosidl_adapter: 3.1.5 (/opt/ros/humble/share/rosidl_adapter/cmake)
[0.630s] -- Found rosidl_generator_cpp: 3.1.5 (/opt/ros/humble/share/rosidl_generator_cpp/cmake)
[0.646s] -- Using all available rosidl_typesupport_c: rosidl_typesupport_fastrtps_c;rosidl_typesupport_introspection_c
[0.667s] -- Using all available rosidl_typesupport_cpp: rosidl_typesupport_fastrtps_cpp;rosidl_typesupport_introspection_cpp
[0.745s] -- Found rmw_implementation_cmake: 6.1.1 (/opt/ros/humble/share/rmw_implementation_cmake/cmake)
[0.749s] -- Found rmw_fastrtps_cpp: 6.2.3 (/opt/ros/humble/share/rmw_fastrtps_cpp/cmake)
[0.842s] -- Found OpenSSL: /usr/lib/x86_64-linux-gnu/libcrypto.so (found version "3.0.2")  
[0.869s] -- Found FastRTPS: /opt/ros/humble/include  
[0.915s] -- Using RMW implementation 'rmw_fastrtps_cpp' as default
[0.927s] -- Looking for pthread.h
[0.990s] -- Looking for pthread.h - found
[0.991s] -- Performing Test CMAKE_HAVE_LIBC_PTHREAD
[1.052s] -- Performing Test CMAKE_HAVE_LIBC_PTHREAD - Success
[1.053s] -- Found Threads: TRUE  
[1.245s] -- Found example_interfaces: 0.9.3 (/opt/ros/humble/share/example_interfaces/cmake)
[1.485s] -- Configuring done
[1.502s] -- Generating done
[1.504s] -- Build files have been written to: /home/expert_amateur/vbm_ws/src/build/cpp_srvcli
[1.513s] Invoked command in '/home/expert_amateur/vbm_ws/src/build/cpp_srvcli' returned '0': CMAKE_PREFIX_PATH=${CMAKE_PREFIX_PATH}:/home/expert_amateur/voidwalking/ros2_ws/install/waypoints:/opt/ros/humble /usr/bin/cmake /home/expert_amateur/vbm_ws/src/cpp_srvcli -DCMAKE_INSTALL_PREFIX=/home/expert_amateur/vbm_ws/src/install/cpp_srvcli
[1.514s] Invoking command in '/home/expert_amateur/vbm_ws/src/build/cpp_srvcli': CMAKE_PREFIX_PATH=${CMAKE_PREFIX_PATH}:/home/expert_amateur/voidwalking/ros2_ws/install/waypoints:/opt/ros/humble /usr/bin/cmake --build /home/expert_amateur/vbm_ws/src/build/cpp_srvcli -- -j12 -l12
[1.557s] [ 50%] [32mBuilding CXX object CMakeFiles/server.dir/src/add_two_ints_server.cpp.o[0m
[1.557s] [ 50%] [32mBuilding CXX object CMakeFiles/client.dir/src/add_two_ints_client.cpp.o[0m
[4.916s] [ 75%] [32m[1mLinking CXX executable server[0m
[5.072s] [ 75%] Built target server
[5.216s] [100%] [32m[1mLinking CXX executable client[0m
[5.379s] [100%] Built target client
[5.390s] Invoked command in '/home/expert_amateur/vbm_ws/src/build/cpp_srvcli' returned '0': CMAKE_PREFIX_PATH=${CMAKE_PREFIX_PATH}:/home/expert_amateur/voidwalking/ros2_ws/install/waypoints:/opt/ros/humble /usr/bin/cmake --build /home/expert_amateur/vbm_ws/src/build/cpp_srvcli -- -j12 -l12
[5.425s] Invoking command in '/home/expert_amateur/vbm_ws/src/build/cpp_srvcli': CMAKE_PREFIX_PATH=${CMAKE_PREFIX_PATH}:/home/expert_amateur/voidwalking/ros2_ws/install/waypoints:/opt/ros/humble /usr/bin/cmake --install /home/expert_amateur/vbm_ws/src/build/cpp_srvcli
[5.433s] -- Install configuration: ""
[5.433s] -- Installing: /home/expert_amateur/vbm_ws/src/install/cpp_srvcli/lib/cpp_srvcli/server
[5.434s] -- Set runtime path of "/home/expert_amateur/vbm_ws/src/install/cpp_srvcli/lib/cpp_srvcli/server" to ""
[5.434s] -- Installing: /home/expert_amateur/vbm_ws/src/install/cpp_srvcli/lib/cpp_srvcli/client
[5.434s] -- Set runtime path of "/home/expert_amateur/vbm_ws/src/install/cpp_srvcli/lib/cpp_srvcli/client" to ""
[5.435s] -- Installing: /home/expert_amateur/vbm_ws/src/install/cpp_srvcli/share/ament_index/resource_index/package_run_dependencies/cpp_srvcli
[5.435s] -- Installing: /home/expert_amateur/vbm_ws/src/install/cpp_srvcli/share/ament_index/resource_index/parent_prefix_path/cpp_srvcli
[5.435s] -- Installing: /home/expert_amateur/vbm_ws/src/install/cpp_srvcli/share/cpp_srvcli/environment/ament_prefix_path.sh
[5.435s] -- Installing: /home/expert_amateur/vbm_ws/src/install/cpp_srvcli/share/cpp_srvcli/environment/ament_prefix_path.dsv
[5.435s] -- Installing: /home/expert_amateur/vbm_ws/src/install/cpp_srvcli/share/cpp_srvcli/environment/path.sh
[5.435s] -- Installing: /home/expert_amateur/vbm_ws/src/install/cpp_srvcli/share/cpp_srvcli/environment/path.dsv
[5.435s] -- Installing: /home/expert_amateur/vbm_ws/src/install/cpp_srvcli/share/cpp_srvcli/local_setup.bash
[5.435s] -- Installing: /home/expert_amateur/vbm_ws/src/install/cpp_srvcli/share/cpp_srvcli/local_setup.sh
[5.435s] -- Installing: /home/expert_amateur/vbm_ws/src/install/cpp_srvcli/share/cpp_srvcli/local_setup.zsh
[5.436s] -- Installing: /home/expert_amateur/vbm_ws/src/install/cpp_srvcli/share/cpp_srvcli/local_setup.dsv
[5.436s] -- Installing: /home/expert_amateur/vbm_ws/src/install/cpp_srvcli/share/cpp_srvcli/package.dsv
[5.436s] -- Installing: /home/expert_amateur/vbm_ws/src/install/cpp_srvcli/share/ament_index/resource_index/packages/cpp_srvcli
[5.436s] -- Installing: /home/expert_amateur/vbm_ws/src/install/cpp_srvcli/share/cpp_srvcli/cmake/cpp_srvcliConfig.cmake
[5.436s] -- Installing: /home/expert_amateur/vbm_ws/src/install/cpp_srvcli/share/cpp_srvcli/cmake/cpp_srvcliConfig-version.cmake
[5.436s] -- Installing: /home/expert_amateur/vbm_ws/src/install/cpp_srvcli/share/cpp_srvcli/package.xml
[5.439s] Invoked command in '/home/expert_amateur/vbm_ws/src/build/cpp_srvcli' returned '0': CMAKE_PREFIX_PATH=${CMAKE_PREFIX_PATH}:/home/expert_amateur/voidwalking/ros2_ws/install/waypoints:/opt/ros/humble /usr/bin/cmake --install /home/expert_amateur/vbm_ws/src/build/cpp_srvcli
