[0.030s] Invoking command in '/home/expert_amateur/vbm_ws/build/addvectors_srvcli': CMAKE_PREFIX_PATH=${CMAKE_PREFIX_PATH}:/home/expert_amateur/voidwalking/ros2_ws/install/waypoints:/opt/ros/humble /usr/bin/cmake --build /home/expert_amateur/vbm_ws/build/addvectors_srvcli -- -j12 -l12
[0.084s] [  8%] Built target addvectors_srvcli__rosidl_generator_c
[0.085s] [ 11%] Built target addvectors_srvcli__cpp
[0.098s] [ 11%] Built target ament_cmake_python_copy_addvectors_srvcli
[0.134s] [ 20%] Built target addvectors_srvcli__rosidl_typesupport_introspection_cpp
[0.140s] [ 28%] Built target addvectors_srvcli__rosidl_typesupport_introspection_c
[0.157s] [ 37%] Built target addvectors_srvcli__rosidl_typesupport_c
[0.157s] [ 45%] Built target addvectors_srvcli__rosidl_typesupport_fastrtps_cpp
[0.157s] [ 54%] Built target addvectors_srvcli__rosidl_typesupport_fastrtps_c
[0.157s] [ 62%] Built target addvectors_srvcli__rosidl_typesupport_cpp
[0.179s] [35m[1mConsolidate compiler generated dependencies of target add_vec_client_exec[0m
[0.194s] [ 65%] [32mBuilding CXX object CMakeFiles/add_vec_server_exec.dir/src/add_vectors_server_src.cpp.o[0m
[0.198s] [ 65%] Built target addvectors_srvcli
[0.217s] [ 68%] [32mBuilding CXX object CMakeFiles/add_vec_client_exec.dir/src/add_vectors_client_src.cpp.o[0m
[0.229s] [ 71%] Built target addvectors_srvcli__py
[0.282s] [ 77%] Built target addvectors_srvcli__rosidl_generator_py
[0.300s] [ 82%] Built target addvectors_srvcli__rosidl_typesupport_c__pyext
[0.305s] [ 88%] Built target addvectors_srvcli__rosidl_typesupport_introspection_c__pyext
[0.305s] [ 94%] Built target addvectors_srvcli__rosidl_typesupport_fastrtps_c__pyext
[0.546s] running egg_info
[0.546s] writing addvectors_srvcli.egg-info/PKG-INFO
[0.546s] writing dependency_links to addvectors_srvcli.egg-info/dependency_links.txt
[0.547s] writing top-level names to addvectors_srvcli.egg-info/top_level.txt
[0.547s] reading manifest file 'addvectors_srvcli.egg-info/SOURCES.txt'
[0.548s] writing manifest file 'addvectors_srvcli.egg-info/SOURCES.txt'
[0.593s] [ 94%] Built target ament_cmake_python_build_addvectors_srvcli_egg
[3.902s] [ 97%] [32m[1mLinking CXX executable add_vec_server_exec[0m
[3.977s] [100%] [32m[1mLinking CXX executable add_vec_client_exec[0m
[4.026s] [100%] Built target add_vec_server_exec
[4.106s] [100%] Built target add_vec_client_exec
[4.116s] Invoked command in '/home/expert_amateur/vbm_ws/build/addvectors_srvcli' returned '0': CMAKE_PREFIX_PATH=${CMAKE_PREFIX_PATH}:/home/expert_amateur/voidwalking/ros2_ws/install/waypoints:/opt/ros/humble /usr/bin/cmake --build /home/expert_amateur/vbm_ws/build/addvectors_srvcli -- -j12 -l12
[4.165s] Invoking command in '/home/expert_amateur/vbm_ws/build/addvectors_srvcli': CMAKE_PREFIX_PATH=${CMAKE_PREFIX_PATH}:/home/expert_amateur/voidwalking/ros2_ws/install/waypoints:/opt/ros/humble /usr/bin/cmake --install /home/expert_amateur/vbm_ws/build/addvectors_srvcli
[4.172s] -- Install configuration: ""
[4.172s] -- Up-to-date: /home/expert_amateur/vbm_ws/install/addvectors_srvcli/share/ament_index/resource_index/rosidl_interfaces/addvectors_srvcli
[4.172s] -- Up-to-date: /home/expert_amateur/vbm_ws/install/addvectors_srvcli/include/addvectors_srvcli/addvectors_srvcli
[4.172s] -- Up-to-date: /home/expert_amateur/vbm_ws/install/addvectors_srvcli/include/addvectors_srvcli/addvectors_srvcli/srv
[4.172s] -- Up-to-date: /home/expert_amateur/vbm_ws/install/addvectors_srvcli/include/addvectors_srvcli/addvectors_srvcli/srv/detail
[4.173s] -- Up-to-date: /home/expert_amateur/vbm_ws/install/addvectors_srvcli/include/addvectors_srvcli/addvectors_srvcli/srv/detail/add_vectors_srv__type_support.h
[4.173s] -- Up-to-date: /home/expert_amateur/vbm_ws/install/addvectors_srvcli/include/addvectors_srvcli/addvectors_srvcli/srv/detail/add_vectors_srv__functions.c
[4.173s] -- Up-to-date: /home/expert_amateur/vbm_ws/install/addvectors_srvcli/include/addvectors_srvcli/addvectors_srvcli/srv/detail/add_vectors_srv__functions.h
[4.173s] -- Up-to-date: /home/expert_amateur/vbm_ws/install/addvectors_srvcli/include/addvectors_srvcli/addvectors_srvcli/srv/detail/add_vectors_srv__struct.h
[4.173s] -- Up-to-date: /home/expert_amateur/vbm_ws/install/addvectors_srvcli/include/addvectors_srvcli/addvectors_srvcli/srv/add_vectors_srv.h
[4.173s] -- Up-to-date: /home/expert_amateur/vbm_ws/install/addvectors_srvcli/include/addvectors_srvcli/addvectors_srvcli/msg
[4.173s] -- Up-to-date: /home/expert_amateur/vbm_ws/install/addvectors_srvcli/include/addvectors_srvcli/addvectors_srvcli/msg/rosidl_generator_c__visibility_control.h
[4.173s] -- Up-to-date: /home/expert_amateur/vbm_ws/install/addvectors_srvcli/share/addvectors_srvcli/environment/library_path.sh
[4.173s] -- Up-to-date: /home/expert_amateur/vbm_ws/install/addvectors_srvcli/share/addvectors_srvcli/environment/library_path.dsv
[4.173s] -- Up-to-date: /home/expert_amateur/vbm_ws/install/addvectors_srvcli/lib/libaddvectors_srvcli__rosidl_generator_c.so
[4.173s] -- Up-to-date: /home/expert_amateur/vbm_ws/install/addvectors_srvcli/include/addvectors_srvcli/addvectors_srvcli
[4.174s] -- Up-to-date: /home/expert_amateur/vbm_ws/install/addvectors_srvcli/include/addvectors_srvcli/addvectors_srvcli/srv
[4.174s] -- Up-to-date: /home/expert_amateur/vbm_ws/install/addvectors_srvcli/include/addvectors_srvcli/addvectors_srvcli/srv/detail
[4.174s] -- Up-to-date: /home/expert_amateur/vbm_ws/install/addvectors_srvcli/include/addvectors_srvcli/addvectors_srvcli/srv/detail/add_vectors_srv__rosidl_typesupport_fastrtps_c.h
[4.174s] -- Up-to-date: /home/expert_amateur/vbm_ws/install/addvectors_srvcli/include/addvectors_srvcli/addvectors_srvcli/msg
[4.174s] -- Up-to-date: /home/expert_amateur/vbm_ws/install/addvectors_srvcli/include/addvectors_srvcli/addvectors_srvcli/msg/rosidl_typesupport_fastrtps_c__visibility_control.h
[4.174s] -- Up-to-date: /home/expert_amateur/vbm_ws/install/addvectors_srvcli/lib/libaddvectors_srvcli__rosidl_typesupport_fastrtps_c.so
[4.174s] -- Up-to-date: /home/expert_amateur/vbm_ws/install/addvectors_srvcli/include/addvectors_srvcli/addvectors_srvcli
[4.174s] -- Up-to-date: /home/expert_amateur/vbm_ws/install/addvectors_srvcli/include/addvectors_srvcli/addvectors_srvcli/srv
[4.174s] -- Up-to-date: /home/expert_amateur/vbm_ws/install/addvectors_srvcli/include/addvectors_srvcli/addvectors_srvcli/srv/detail
[4.174s] -- Up-to-date: /home/expert_amateur/vbm_ws/install/addvectors_srvcli/include/addvectors_srvcli/addvectors_srvcli/srv/detail/add_vectors_srv__builder.hpp
[4.174s] -- Up-to-date: /home/expert_amateur/vbm_ws/install/addvectors_srvcli/include/addvectors_srvcli/addvectors_srvcli/srv/detail/add_vectors_srv__traits.hpp
[4.175s] -- Up-to-date: /home/expert_amateur/vbm_ws/install/addvectors_srvcli/include/addvectors_srvcli/addvectors_srvcli/srv/detail/add_vectors_srv__struct.hpp
[4.175s] -- Up-to-date: /home/expert_amateur/vbm_ws/install/addvectors_srvcli/include/addvectors_srvcli/addvectors_srvcli/srv/add_vectors_srv.hpp
[4.175s] -- Up-to-date: /home/expert_amateur/vbm_ws/install/addvectors_srvcli/include/addvectors_srvcli/addvectors_srvcli
[4.175s] -- Up-to-date: /home/expert_amateur/vbm_ws/install/addvectors_srvcli/include/addvectors_srvcli/addvectors_srvcli/srv
[4.175s] -- Up-to-date: /home/expert_amateur/vbm_ws/install/addvectors_srvcli/include/addvectors_srvcli/addvectors_srvcli/srv/detail
[4.175s] -- Up-to-date: /home/expert_amateur/vbm_ws/install/addvectors_srvcli/include/addvectors_srvcli/addvectors_srvcli/srv/detail/dds_fastrtps
[4.175s] -- Up-to-date: /home/expert_amateur/vbm_ws/install/addvectors_srvcli/include/addvectors_srvcli/addvectors_srvcli/srv/detail/add_vectors_srv__rosidl_typesupport_fastrtps_cpp.hpp
[4.175s] -- Up-to-date: /home/expert_amateur/vbm_ws/install/addvectors_srvcli/include/addvectors_srvcli/addvectors_srvcli/msg
[4.175s] -- Up-to-date: /home/expert_amateur/vbm_ws/install/addvectors_srvcli/include/addvectors_srvcli/addvectors_srvcli/msg/rosidl_typesupport_fastrtps_cpp__visibility_control.h
[4.175s] -- Up-to-date: /home/expert_amateur/vbm_ws/install/addvectors_srvcli/lib/libaddvectors_srvcli__rosidl_typesupport_fastrtps_cpp.so
[4.175s] -- Up-to-date: /home/expert_amateur/vbm_ws/install/addvectors_srvcli/include/addvectors_srvcli/addvectors_srvcli
[4.175s] -- Up-to-date: /home/expert_amateur/vbm_ws/install/addvectors_srvcli/include/addvectors_srvcli/addvectors_srvcli/srv
[4.175s] -- Up-to-date: /home/expert_amateur/vbm_ws/install/addvectors_srvcli/include/addvectors_srvcli/addvectors_srvcli/srv/detail
[4.175s] -- Up-to-date: /home/expert_amateur/vbm_ws/install/addvectors_srvcli/include/addvectors_srvcli/addvectors_srvcli/srv/detail/add_vectors_srv__type_support.c
[4.176s] -- Up-to-date: /home/expert_amateur/vbm_ws/install/addvectors_srvcli/include/addvectors_srvcli/addvectors_srvcli/srv/detail/add_vectors_srv__rosidl_typesupport_introspection_c.h
[4.176s] -- Up-to-date: /home/expert_amateur/vbm_ws/install/addvectors_srvcli/include/addvectors_srvcli/addvectors_srvcli/msg
[4.176s] -- Up-to-date: /home/expert_amateur/vbm_ws/install/addvectors_srvcli/include/addvectors_srvcli/addvectors_srvcli/msg/rosidl_typesupport_introspection_c__visibility_control.h
[4.176s] -- Up-to-date: /home/expert_amateur/vbm_ws/install/addvectors_srvcli/lib/libaddvectors_srvcli__rosidl_typesupport_introspection_c.so
[4.176s] -- Up-to-date: /home/expert_amateur/vbm_ws/install/addvectors_srvcli/lib/libaddvectors_srvcli__rosidl_typesupport_c.so
[4.176s] -- Up-to-date: /home/expert_amateur/vbm_ws/install/addvectors_srvcli/include/addvectors_srvcli/addvectors_srvcli
[4.176s] -- Up-to-date: /home/expert_amateur/vbm_ws/install/addvectors_srvcli/include/addvectors_srvcli/addvectors_srvcli/srv
[4.176s] -- Up-to-date: /home/expert_amateur/vbm_ws/install/addvectors_srvcli/include/addvectors_srvcli/addvectors_srvcli/srv/detail
[4.176s] -- Up-to-date: /home/expert_amateur/vbm_ws/install/addvectors_srvcli/include/addvectors_srvcli/addvectors_srvcli/srv/detail/add_vectors_srv__type_support.cpp
[4.176s] -- Up-to-date: /home/expert_amateur/vbm_ws/install/addvectors_srvcli/include/addvectors_srvcli/addvectors_srvcli/srv/detail/add_vectors_srv__rosidl_typesupport_introspection_cpp.hpp
[4.176s] -- Up-to-date: /home/expert_amateur/vbm_ws/install/addvectors_srvcli/lib/libaddvectors_srvcli__rosidl_typesupport_introspection_cpp.so
[4.176s] -- Up-to-date: /home/expert_amateur/vbm_ws/install/addvectors_srvcli/lib/libaddvectors_srvcli__rosidl_typesupport_cpp.so
[4.176s] -- Up-to-date: /home/expert_amateur/vbm_ws/install/addvectors_srvcli/share/addvectors_srvcli/environment/pythonpath.sh
[4.177s] -- Up-to-date: /home/expert_amateur/vbm_ws/install/addvectors_srvcli/share/addvectors_srvcli/environment/pythonpath.dsv
[4.177s] -- Up-to-date: /home/expert_amateur/vbm_ws/install/addvectors_srvcli/local/lib/python3.10/dist-packages/addvectors_srvcli-0.0.0-py3.10.egg-info
[4.177s] -- Installing: /home/expert_amateur/vbm_ws/install/addvectors_srvcli/local/lib/python3.10/dist-packages/addvectors_srvcli-0.0.0-py3.10.egg-info/SOURCES.txt
[4.177s] -- Installing: /home/expert_amateur/vbm_ws/install/addvectors_srvcli/local/lib/python3.10/dist-packages/addvectors_srvcli-0.0.0-py3.10.egg-info/PKG-INFO
[4.177s] -- Installing: /home/expert_amateur/vbm_ws/install/addvectors_srvcli/local/lib/python3.10/dist-packages/addvectors_srvcli-0.0.0-py3.10.egg-info/dependency_links.txt
[4.177s] -- Installing: /home/expert_amateur/vbm_ws/install/addvectors_srvcli/local/lib/python3.10/dist-packages/addvectors_srvcli-0.0.0-py3.10.egg-info/top_level.txt
[4.177s] -- Up-to-date: /home/expert_amateur/vbm_ws/install/addvectors_srvcli/local/lib/python3.10/dist-packages/addvectors_srvcli
[4.177s] -- Up-to-date: /home/expert_amateur/vbm_ws/install/addvectors_srvcli/local/lib/python3.10/dist-packages/addvectors_srvcli/_addvectors_srvcli_s.ep.rosidl_typesupport_c.c
[4.177s] -- Up-to-date: /home/expert_amateur/vbm_ws/install/addvectors_srvcli/local/lib/python3.10/dist-packages/addvectors_srvcli/srv
[4.177s] -- Up-to-date: /home/expert_amateur/vbm_ws/install/addvectors_srvcli/local/lib/python3.10/dist-packages/addvectors_srvcli/srv/__init__.py
[4.177s] -- Up-to-date: /home/expert_amateur/vbm_ws/install/addvectors_srvcli/local/lib/python3.10/dist-packages/addvectors_srvcli/srv/_add_vectors_srv.py
[4.177s] -- Up-to-date: /home/expert_amateur/vbm_ws/install/addvectors_srvcli/local/lib/python3.10/dist-packages/addvectors_srvcli/srv/_add_vectors_srv_s.c
[4.177s] -- Up-to-date: /home/expert_amateur/vbm_ws/install/addvectors_srvcli/local/lib/python3.10/dist-packages/addvectors_srvcli/__init__.py
[4.178s] -- Up-to-date: /home/expert_amateur/vbm_ws/install/addvectors_srvcli/local/lib/python3.10/dist-packages/addvectors_srvcli/addvectors_srvcli_s__rosidl_typesupport_fastrtps_c.cpython-310-x86_64-linux-gnu.so
[4.178s] -- Up-to-date: /home/expert_amateur/vbm_ws/install/addvectors_srvcli/local/lib/python3.10/dist-packages/addvectors_srvcli/addvectors_srvcli_s__rosidl_typesupport_introspection_c.cpython-310-x86_64-linux-gnu.so
[4.178s] -- Up-to-date: /home/expert_amateur/vbm_ws/install/addvectors_srvcli/local/lib/python3.10/dist-packages/addvectors_srvcli/_addvectors_srvcli_s.ep.rosidl_typesupport_fastrtps_c.c
[4.178s] -- Up-to-date: /home/expert_amateur/vbm_ws/install/addvectors_srvcli/local/lib/python3.10/dist-packages/addvectors_srvcli/addvectors_srvcli_s__rosidl_typesupport_c.cpython-310-x86_64-linux-gnu.so
[4.178s] -- Up-to-date: /home/expert_amateur/vbm_ws/install/addvectors_srvcli/local/lib/python3.10/dist-packages/addvectors_srvcli/_addvectors_srvcli_s.ep.rosidl_typesupport_introspection_c.c
[4.178s] -- Up-to-date: /home/expert_amateur/vbm_ws/install/addvectors_srvcli/local/lib/python3.10/dist-packages/addvectors_srvcli/libaddvectors_srvcli__rosidl_generator_py.so
[4.207s] Listing '/home/expert_amateur/vbm_ws/install/addvectors_srvcli/local/lib/python3.10/dist-packages/addvectors_srvcli'...
[4.207s] Listing '/home/expert_amateur/vbm_ws/install/addvectors_srvcli/local/lib/python3.10/dist-packages/addvectors_srvcli/srv'...
[4.210s] -- Up-to-date: /home/expert_amateur/vbm_ws/install/addvectors_srvcli/local/lib/python3.10/dist-packages/addvectors_srvcli/addvectors_srvcli_s__rosidl_typesupport_fastrtps_c.cpython-310-x86_64-linux-gnu.so
[4.210s] -- Up-to-date: /home/expert_amateur/vbm_ws/install/addvectors_srvcli/local/lib/python3.10/dist-packages/addvectors_srvcli/addvectors_srvcli_s__rosidl_typesupport_introspection_c.cpython-310-x86_64-linux-gnu.so
[4.211s] -- Up-to-date: /home/expert_amateur/vbm_ws/install/addvectors_srvcli/local/lib/python3.10/dist-packages/addvectors_srvcli/addvectors_srvcli_s__rosidl_typesupport_c.cpython-310-x86_64-linux-gnu.so
[4.211s] -- Up-to-date: /home/expert_amateur/vbm_ws/install/addvectors_srvcli/lib/libaddvectors_srvcli__rosidl_generator_py.so
[4.211s] -- Up-to-date: /home/expert_amateur/vbm_ws/install/addvectors_srvcli/share/addvectors_srvcli/srv/AddVectorsSrv.idl
[4.211s] -- Up-to-date: /home/expert_amateur/vbm_ws/install/addvectors_srvcli/share/addvectors_srvcli/srv/AddVectorsSrv.srv
[4.212s] -- Up-to-date: /home/expert_amateur/vbm_ws/install/addvectors_srvcli/share/addvectors_srvcli/srv/AddVectorsSrv_Request.msg
[4.212s] -- Up-to-date: /home/expert_amateur/vbm_ws/install/addvectors_srvcli/share/addvectors_srvcli/srv/AddVectorsSrv_Response.msg
[4.212s] -- Installing: /home/expert_amateur/vbm_ws/install/addvectors_srvcli/lib/addvectors_srvcli/add_vec_server_exec
[4.213s] -- Set runtime path of "/home/expert_amateur/vbm_ws/install/addvectors_srvcli/lib/addvectors_srvcli/add_vec_server_exec" to ""
[4.213s] -- Installing: /home/expert_amateur/vbm_ws/install/addvectors_srvcli/lib/addvectors_srvcli/add_vec_client_exec
[4.214s] -- Set runtime path of "/home/expert_amateur/vbm_ws/install/addvectors_srvcli/lib/addvectors_srvcli/add_vec_client_exec" to ""
[4.214s] -- Up-to-date: /home/expert_amateur/vbm_ws/install/addvectors_srvcli/share/ament_index/resource_index/package_run_dependencies/addvectors_srvcli
[4.214s] -- Up-to-date: /home/expert_amateur/vbm_ws/install/addvectors_srvcli/share/ament_index/resource_index/parent_prefix_path/addvectors_srvcli
[4.215s] -- Up-to-date: /home/expert_amateur/vbm_ws/install/addvectors_srvcli/share/addvectors_srvcli/environment/ament_prefix_path.sh
[4.215s] -- Up-to-date: /home/expert_amateur/vbm_ws/install/addvectors_srvcli/share/addvectors_srvcli/environment/ament_prefix_path.dsv
[4.215s] -- Up-to-date: /home/expert_amateur/vbm_ws/install/addvectors_srvcli/share/addvectors_srvcli/environment/path.sh
[4.215s] -- Up-to-date: /home/expert_amateur/vbm_ws/install/addvectors_srvcli/share/addvectors_srvcli/environment/path.dsv
[4.215s] -- Up-to-date: /home/expert_amateur/vbm_ws/install/addvectors_srvcli/share/addvectors_srvcli/local_setup.bash
[4.215s] -- Up-to-date: /home/expert_amateur/vbm_ws/install/addvectors_srvcli/share/addvectors_srvcli/local_setup.sh
[4.215s] -- Up-to-date: /home/expert_amateur/vbm_ws/install/addvectors_srvcli/share/addvectors_srvcli/local_setup.zsh
[4.215s] -- Up-to-date: /home/expert_amateur/vbm_ws/install/addvectors_srvcli/share/addvectors_srvcli/local_setup.dsv
[4.215s] -- Installing: /home/expert_amateur/vbm_ws/install/addvectors_srvcli/share/addvectors_srvcli/package.dsv
[4.215s] -- Up-to-date: /home/expert_amateur/vbm_ws/install/addvectors_srvcli/share/ament_index/resource_index/packages/addvectors_srvcli
[4.215s] -- Up-to-date: /home/expert_amateur/vbm_ws/install/addvectors_srvcli/share/addvectors_srvcli/cmake/export_addvectors_srvcli__rosidl_generator_cExport.cmake
[4.215s] -- Up-to-date: /home/expert_amateur/vbm_ws/install/addvectors_srvcli/share/addvectors_srvcli/cmake/export_addvectors_srvcli__rosidl_generator_cExport-noconfig.cmake
[4.216s] -- Up-to-date: /home/expert_amateur/vbm_ws/install/addvectors_srvcli/share/addvectors_srvcli/cmake/export_addvectors_srvcli__rosidl_typesupport_fastrtps_cExport.cmake
[4.216s] -- Up-to-date: /home/expert_amateur/vbm_ws/install/addvectors_srvcli/share/addvectors_srvcli/cmake/export_addvectors_srvcli__rosidl_typesupport_fastrtps_cExport-noconfig.cmake
[4.216s] -- Up-to-date: /home/expert_amateur/vbm_ws/install/addvectors_srvcli/share/addvectors_srvcli/cmake/export_addvectors_srvcli__rosidl_generator_cppExport.cmake
[4.216s] -- Up-to-date: /home/expert_amateur/vbm_ws/install/addvectors_srvcli/share/addvectors_srvcli/cmake/export_addvectors_srvcli__rosidl_typesupport_fastrtps_cppExport.cmake
[4.216s] -- Up-to-date: /home/expert_amateur/vbm_ws/install/addvectors_srvcli/share/addvectors_srvcli/cmake/export_addvectors_srvcli__rosidl_typesupport_fastrtps_cppExport-noconfig.cmake
[4.216s] -- Up-to-date: /home/expert_amateur/vbm_ws/install/addvectors_srvcli/share/addvectors_srvcli/cmake/addvectors_srvcli__rosidl_typesupport_introspection_cExport.cmake
[4.216s] -- Up-to-date: /home/expert_amateur/vbm_ws/install/addvectors_srvcli/share/addvectors_srvcli/cmake/addvectors_srvcli__rosidl_typesupport_introspection_cExport-noconfig.cmake
[4.216s] -- Up-to-date: /home/expert_amateur/vbm_ws/install/addvectors_srvcli/share/addvectors_srvcli/cmake/addvectors_srvcli__rosidl_typesupport_cExport.cmake
[4.216s] -- Up-to-date: /home/expert_amateur/vbm_ws/install/addvectors_srvcli/share/addvectors_srvcli/cmake/addvectors_srvcli__rosidl_typesupport_cExport-noconfig.cmake
[4.216s] -- Up-to-date: /home/expert_amateur/vbm_ws/install/addvectors_srvcli/share/addvectors_srvcli/cmake/addvectors_srvcli__rosidl_typesupport_introspection_cppExport.cmake
[4.216s] -- Up-to-date: /home/expert_amateur/vbm_ws/install/addvectors_srvcli/share/addvectors_srvcli/cmake/addvectors_srvcli__rosidl_typesupport_introspection_cppExport-noconfig.cmake
[4.217s] -- Up-to-date: /home/expert_amateur/vbm_ws/install/addvectors_srvcli/share/addvectors_srvcli/cmake/addvectors_srvcli__rosidl_typesupport_cppExport.cmake
[4.217s] -- Up-to-date: /home/expert_amateur/vbm_ws/install/addvectors_srvcli/share/addvectors_srvcli/cmake/addvectors_srvcli__rosidl_typesupport_cppExport-noconfig.cmake
[4.217s] -- Up-to-date: /home/expert_amateur/vbm_ws/install/addvectors_srvcli/share/addvectors_srvcli/cmake/export_addvectors_srvcli__rosidl_generator_pyExport.cmake
[4.217s] -- Up-to-date: /home/expert_amateur/vbm_ws/install/addvectors_srvcli/share/addvectors_srvcli/cmake/export_addvectors_srvcli__rosidl_generator_pyExport-noconfig.cmake
[4.217s] -- Up-to-date: /home/expert_amateur/vbm_ws/install/addvectors_srvcli/share/addvectors_srvcli/cmake/rosidl_cmake-extras.cmake
[4.217s] -- Up-to-date: /home/expert_amateur/vbm_ws/install/addvectors_srvcli/share/addvectors_srvcli/cmake/ament_cmake_export_include_directories-extras.cmake
[4.217s] -- Up-to-date: /home/expert_amateur/vbm_ws/install/addvectors_srvcli/share/addvectors_srvcli/cmake/ament_cmake_export_libraries-extras.cmake
[4.217s] -- Up-to-date: /home/expert_amateur/vbm_ws/install/addvectors_srvcli/share/addvectors_srvcli/cmake/ament_cmake_export_targets-extras.cmake
[4.217s] -- Up-to-date: /home/expert_amateur/vbm_ws/install/addvectors_srvcli/share/addvectors_srvcli/cmake/rosidl_cmake_export_typesupport_targets-extras.cmake
[4.217s] -- Up-to-date: /home/expert_amateur/vbm_ws/install/addvectors_srvcli/share/addvectors_srvcli/cmake/ament_cmake_export_dependencies-extras.cmake
[4.217s] -- Up-to-date: /home/expert_amateur/vbm_ws/install/addvectors_srvcli/share/addvectors_srvcli/cmake/rosidl_cmake_export_typesupport_libraries-extras.cmake
[4.217s] -- Up-to-date: /home/expert_amateur/vbm_ws/install/addvectors_srvcli/share/addvectors_srvcli/cmake/addvectors_srvcliConfig.cmake
[4.217s] -- Up-to-date: /home/expert_amateur/vbm_ws/install/addvectors_srvcli/share/addvectors_srvcli/cmake/addvectors_srvcliConfig-version.cmake
[4.217s] -- Up-to-date: /home/expert_amateur/vbm_ws/install/addvectors_srvcli/share/addvectors_srvcli/package.xml
[4.222s] Invoked command in '/home/expert_amateur/vbm_ws/build/addvectors_srvcli' returned '0': CMAKE_PREFIX_PATH=${CMAKE_PREFIX_PATH}:/home/expert_amateur/voidwalking/ros2_ws/install/waypoints:/opt/ros/humble /usr/bin/cmake --install /home/expert_amateur/vbm_ws/build/addvectors_srvcli
