-- Install configuration: ""
-- Up-to-date: /home/expert_amateur/vbm_ws/install/rrbot_description_ros2/share/rrbot_description_ros2/urdf
-- Up-to-date: /home/expert_amateur/vbm_ws/install/rrbot_description_ros2/share/rrbot_description_ros2/urdf/gazebo_properties.xacro
-- Up-to-date: /home/expert_amateur/vbm_ws/install/rrbot_description_ros2/share/rrbot_description_ros2/urdf/gazebo_physics.xacro
-- Up-to-date: /home/expert_amateur/vbm_ws/install/rrbot_description_ros2/share/rrbot_description_ros2/urdf/gazebo_plugins.xacro
-- Up-to-date: /home/expert_amateur/vbm_ws/install/rrbot_description_ros2/share/rrbot_description_ros2/urdf/rrbot_properties.xacro
-- Up-to-date: /home/expert_amateur/vbm_ws/install/rrbot_description_ros2/share/rrbot_description_ros2/urdf/rrbot.urdf
-- Up-to-date: /home/expert_amateur/vbm_ws/install/rrbot_description_ros2/share/rrbot_description_ros2/urdf/materials.xacro
-- Up-to-date: /home/expert_amateur/vbm_ws/install/rrbot_description_ros2/share/rrbot_description_ros2/urdf/macros.xacro
-- Up-to-date: /home/expert_amateur/vbm_ws/install/rrbot_description_ros2/share/rrbot_description_ros2/urdf/rrbot.xacro
-- Up-to-date: /home/expert_amateur/vbm_ws/install/rrbot_description_ros2/share/rrbot_description_ros2/launch
-- Up-to-date: /home/expert_amateur/vbm_ws/install/rrbot_description_ros2/share/rrbot_description_ros2/launch/simple_launch.py
-- Up-to-date: /home/expert_amateur/vbm_ws/install/rrbot_description_ros2/lib/rrbot_description_ros2/inject_entity.py
-- Up-to-date: /home/expert_amateur/vbm_ws/install/rrbot_description_ros2/share/ament_index/resource_index/package_run_dependencies/rrbot_description_ros2
-- Up-to-date: /home/expert_amateur/vbm_ws/install/rrbot_description_ros2/share/ament_index/resource_index/parent_prefix_path/rrbot_description_ros2
-- Up-to-date: /home/expert_amateur/vbm_ws/install/rrbot_description_ros2/share/rrbot_description_ros2/environment/ament_prefix_path.sh
-- Up-to-date: /home/expert_amateur/vbm_ws/install/rrbot_description_ros2/share/rrbot_description_ros2/environment/ament_prefix_path.dsv
-- Up-to-date: /home/expert_amateur/vbm_ws/install/rrbot_description_ros2/share/rrbot_description_ros2/environment/path.sh
-- Up-to-date: /home/expert_amateur/vbm_ws/install/rrbot_description_ros2/share/rrbot_description_ros2/environment/path.dsv
-- Up-to-date: /home/expert_amateur/vbm_ws/install/rrbot_description_ros2/share/rrbot_description_ros2/local_setup.bash
-- Up-to-date: /home/expert_amateur/vbm_ws/install/rrbot_description_ros2/share/rrbot_description_ros2/local_setup.sh
-- Up-to-date: /home/expert_amateur/vbm_ws/install/rrbot_description_ros2/share/rrbot_description_ros2/local_setup.zsh
-- Up-to-date: /home/expert_amateur/vbm_ws/install/rrbot_description_ros2/share/rrbot_description_ros2/local_setup.dsv
-- Installing: /home/expert_amateur/vbm_ws/install/rrbot_description_ros2/share/rrbot_description_ros2/package.dsv
-- Up-to-date: /home/expert_amateur/vbm_ws/install/rrbot_description_ros2/share/ament_index/resource_index/packages/rrbot_description_ros2
-- Up-to-date: /home/expert_amateur/vbm_ws/install/rrbot_description_ros2/share/rrbot_description_ros2/cmake/rrbot_description_ros2Config.cmake
-- Up-to-date: /home/expert_amateur/vbm_ws/install/rrbot_description_ros2/share/rrbot_description_ros2/cmake/rrbot_description_ros2Config-version.cmake
-- Up-to-date: /home/expert_amateur/vbm_ws/install/rrbot_description_ros2/share/rrbot_description_ros2/package.xml
