[0.568s] Invoking command in '/home/expert_amateur/vbm_ws/build/rrbot_description_ros2': CMAKE_PREFIX_PATH=${CMAKE_PREFIX_PATH}:/home/expert_amateur/voidwalking/ros2_ws/install/waypoints:/opt/ros/humble /usr/bin/cmake --build /home/expert_amateur/vbm_ws/build/rrbot_description_ros2 -- -j12 -l12
[0.763s] Invoked command in '/home/expert_amateur/vbm_ws/build/rrbot_description_ros2' returned '0': CMAKE_PREFIX_PATH=${CMAKE_PREFIX_PATH}:/home/expert_amateur/voidwalking/ros2_ws/install/waypoints:/opt/ros/humble /usr/bin/cmake --build /home/expert_amateur/vbm_ws/build/rrbot_description_ros2 -- -j12 -l12
[1.474s] Invoking command in '/home/expert_amateur/vbm_ws/build/rrbot_description_ros2': CMAKE_PREFIX_PATH=${CMAKE_PREFIX_PATH}:/home/expert_amateur/voidwalking/ros2_ws/install/waypoints:/opt/ros/humble /usr/bin/cmake --install /home/expert_amateur/vbm_ws/build/rrbot_description_ros2
[1.574s] -- Install configuration: ""
[1.574s] -- Up-to-date: /home/expert_amateur/vbm_ws/install/rrbot_description_ros2/share/rrbot_description_ros2/urdf
[1.604s] -- Up-to-date: /home/expert_amateur/vbm_ws/install/rrbot_description_ros2/share/rrbot_description_ros2/urdf/gazebo_properties.xacro
[1.605s] -- Up-to-date: /home/expert_amateur/vbm_ws/install/rrbot_description_ros2/share/rrbot_description_ros2/urdf/gazebo_physics.xacro
[1.605s] -- Up-to-date: /home/expert_amateur/vbm_ws/install/rrbot_description_ros2/share/rrbot_description_ros2/urdf/gazebo_plugins.xacro
[1.606s] -- Up-to-date: /home/expert_amateur/vbm_ws/install/rrbot_description_ros2/share/rrbot_description_ros2/urdf/rrbot_properties.xacro
[1.606s] -- Up-to-date: /home/expert_amateur/vbm_ws/install/rrbot_description_ros2/share/rrbot_description_ros2/urdf/rrbot.urdf
[1.606s] -- Up-to-date: /home/expert_amateur/vbm_ws/install/rrbot_description_ros2/share/rrbot_description_ros2/urdf/materials.xacro
[1.606s] -- Up-to-date: /home/expert_amateur/vbm_ws/install/rrbot_description_ros2/share/rrbot_description_ros2/urdf/macros.xacro
[1.606s] -- Up-to-date: /home/expert_amateur/vbm_ws/install/rrbot_description_ros2/share/rrbot_description_ros2/urdf/rrbot.xacro
[1.607s] -- Up-to-date: /home/expert_amateur/vbm_ws/install/rrbot_description_ros2/share/rrbot_description_ros2/launch
[1.609s] -- Up-to-date: /home/expert_amateur/vbm_ws/install/rrbot_description_ros2/share/rrbot_description_ros2/launch/simple_launch.py
[1.609s] -- Up-to-date: /home/expert_amateur/vbm_ws/install/rrbot_description_ros2/lib/rrbot_description_ros2/inject_entity.py
[1.609s] -- Up-to-date: /home/expert_amateur/vbm_ws/install/rrbot_description_ros2/share/ament_index/resource_index/package_run_dependencies/rrbot_description_ros2
[1.609s] -- Up-to-date: /home/expert_amateur/vbm_ws/install/rrbot_description_ros2/share/ament_index/resource_index/parent_prefix_path/rrbot_description_ros2
[1.614s] -- Up-to-date: /home/expert_amateur/vbm_ws/install/rrbot_description_ros2/share/rrbot_description_ros2/environment/ament_prefix_path.sh
[1.615s] -- Up-to-date: /home/expert_amateur/vbm_ws/install/rrbot_description_ros2/share/rrbot_description_ros2/environment/ament_prefix_path.dsv
[1.616s] -- Up-to-date: /home/expert_amateur/vbm_ws/install/rrbot_description_ros2/share/rrbot_description_ros2/environment/path.sh
[1.616s] -- Up-to-date: /home/expert_amateur/vbm_ws/install/rrbot_description_ros2/share/rrbot_description_ros2/environment/path.dsv
[1.616s] -- Up-to-date: /home/expert_amateur/vbm_ws/install/rrbot_description_ros2/share/rrbot_description_ros2/local_setup.bash
[1.616s] -- Up-to-date: /home/expert_amateur/vbm_ws/install/rrbot_description_ros2/share/rrbot_description_ros2/local_setup.sh
[1.616s] -- Up-to-date: /home/expert_amateur/vbm_ws/install/rrbot_description_ros2/share/rrbot_description_ros2/local_setup.zsh
[1.617s] -- Up-to-date: /home/expert_amateur/vbm_ws/install/rrbot_description_ros2/share/rrbot_description_ros2/local_setup.dsv
[1.617s] -- Installing: /home/expert_amateur/vbm_ws/install/rrbot_description_ros2/share/rrbot_description_ros2/package.dsv
[1.617s] -- Up-to-date: /home/expert_amateur/vbm_ws/install/rrbot_description_ros2/share/ament_index/resource_index/packages/rrbot_description_ros2
[1.617s] -- Up-to-date: /home/expert_amateur/vbm_ws/install/rrbot_description_ros2/share/rrbot_description_ros2/cmake/rrbot_description_ros2Config.cmake
[1.617s] -- Up-to-date: /home/expert_amateur/vbm_ws/install/rrbot_description_ros2/share/rrbot_description_ros2/cmake/rrbot_description_ros2Config-version.cmake
[1.617s] -- Up-to-date: /home/expert_amateur/vbm_ws/install/rrbot_description_ros2/share/rrbot_description_ros2/package.xml
[2.606s] Invoked command in '/home/expert_amateur/vbm_ws/build/rrbot_description_ros2' returned '0': CMAKE_PREFIX_PATH=${CMAKE_PREFIX_PATH}:/home/expert_amateur/voidwalking/ros2_ws/install/waypoints:/opt/ros/humble /usr/bin/cmake --install /home/expert_amateur/vbm_ws/build/rrbot_description_ros2
