[0.493s] Invoking command in '/home/expert_amateur/vbm_ws/build/addvectors_srvcli': CMAKE_PREFIX_PATH=${CMAKE_PREFIX_PATH}:/home/expert_amateur/voidwalking/ros2_ws/install/waypoints:/opt/ros/humble /usr/bin/cmake --build /home/expert_amateur/vbm_ws/build/addvectors_srvcli -- -j12 -l12
[0.575s] [  2%] Built target addvectors_srvcli__cpp
[0.588s] [ 11%] Built target addvectors_srvcli__rosidl_generator_c
[0.641s] [ 11%] Built target ament_cmake_python_copy_addvectors_srvcli
[0.656s] [ 20%] Built target addvectors_srvcli__rosidl_typesupport_introspection_cpp
[0.666s] [ 28%] Built target addvectors_srvcli__rosidl_typesupport_cpp
[0.667s] [ 37%] Built target addvectors_srvcli__rosidl_typesupport_fastrtps_cpp
[0.677s] [ 45%] Built target addvectors_srvcli__rosidl_typesupport_fastrtps_c
[0.677s] [ 54%] Built target addvectors_srvcli__rosidl_typesupport_introspection_c
[0.696s] [35m[1mConsolidate compiler generated dependencies of target add_vec_server_exec[0m
[0.704s] [ 62%] Built target addvectors_srvcli__rosidl_typesupport_c
[0.711s] [35m[1mConsolidate compiler generated dependencies of target add_vec_client_exec[0m
[0.719s] [ 68%] Built target add_vec_server_exec
[0.737s] [ 68%] Built target addvectors_srvcli
[0.739s] [ 74%] Built target add_vec_client_exec
[0.761s] [ 77%] Built target addvectors_srvcli__py
[0.803s] [ 82%] Built target addvectors_srvcli__rosidl_generator_py
[0.844s] [ 91%] Built target addvectors_srvcli__rosidl_typesupport_introspection_c__pyext
[0.845s] [ 94%] Built target addvectors_srvcli__rosidl_typesupport_fastrtps_c__pyext
[0.855s] [100%] Built target addvectors_srvcli__rosidl_typesupport_c__pyext
[1.099s] running egg_info
[1.100s] writing addvectors_srvcli.egg-info/PKG-INFO
[1.100s] writing dependency_links to addvectors_srvcli.egg-info/dependency_links.txt
[1.100s] writing top-level names to addvectors_srvcli.egg-info/top_level.txt
[1.103s] reading manifest file 'addvectors_srvcli.egg-info/SOURCES.txt'
[1.104s] writing manifest file 'addvectors_srvcli.egg-info/SOURCES.txt'
[1.132s] [100%] Built target ament_cmake_python_build_addvectors_srvcli_egg
[1.459s] Invoked command in '/home/expert_amateur/vbm_ws/build/addvectors_srvcli' returned '0': CMAKE_PREFIX_PATH=${CMAKE_PREFIX_PATH}:/home/expert_amateur/voidwalking/ros2_ws/install/waypoints:/opt/ros/humble /usr/bin/cmake --build /home/expert_amateur/vbm_ws/build/addvectors_srvcli -- -j12 -l12
[1.670s] Invoking command in '/home/expert_amateur/vbm_ws/build/addvectors_srvcli': CMAKE_PREFIX_PATH=${CMAKE_PREFIX_PATH}:/home/expert_amateur/voidwalking/ros2_ws/install/waypoints:/opt/ros/humble /usr/bin/cmake --install /home/expert_amateur/vbm_ws/build/addvectors_srvcli
[1.692s] -- Install configuration: ""
[1.692s] -- Up-to-date: /home/expert_amateur/vbm_ws/install/addvectors_srvcli/share/ament_index/resource_index/rosidl_interfaces/addvectors_srvcli
[1.693s] -- Up-to-date: /home/expert_amateur/vbm_ws/install/addvectors_srvcli/include/addvectors_srvcli/addvectors_srvcli
[1.693s] -- Up-to-date: /home/expert_amateur/vbm_ws/install/addvectors_srvcli/include/addvectors_srvcli/addvectors_srvcli/srv
[1.693s] -- Up-to-date: /home/expert_amateur/vbm_ws/install/addvectors_srvcli/include/addvectors_srvcli/addvectors_srvcli/srv/detail
[1.694s] -- Up-to-date: /home/expert_amateur/vbm_ws/install/addvectors_srvcli/include/addvectors_srvcli/addvectors_srvcli/srv/detail/add_vectors_srv__type_support.h
[1.694s] -- Up-to-date: /home/expert_amateur/vbm_ws/install/addvectors_srvcli/include/addvectors_srvcli/addvectors_srvcli/srv/detail/add_vectors_srv__functions.c
[1.694s] -- Up-to-date: /home/expert_amateur/vbm_ws/install/addvectors_srvcli/include/addvectors_srvcli/addvectors_srvcli/srv/detail/add_vectors_srv__functions.h
[1.694s] -- Up-to-date: /home/expert_amateur/vbm_ws/install/addvectors_srvcli/include/addvectors_srvcli/addvectors_srvcli/srv/detail/add_vectors_srv__struct.h
[1.694s] -- Up-to-date: /home/expert_amateur/vbm_ws/install/addvectors_srvcli/include/addvectors_srvcli/addvectors_srvcli/srv/add_vectors_srv.h
[1.694s] -- Up-to-date: /home/expert_amateur/vbm_ws/install/addvectors_srvcli/include/addvectors_srvcli/addvectors_srvcli/msg
[1.694s] -- Up-to-date: /home/expert_amateur/vbm_ws/install/addvectors_srvcli/include/addvectors_srvcli/addvectors_srvcli/msg/rosidl_generator_c__visibility_control.h
[1.695s] -- Up-to-date: /home/expert_amateur/vbm_ws/install/addvectors_srvcli/share/addvectors_srvcli/environment/library_path.sh
[1.695s] -- Up-to-date: /home/expert_amateur/vbm_ws/install/addvectors_srvcli/share/addvectors_srvcli/environment/library_path.dsv
[1.695s] -- Up-to-date: /home/expert_amateur/vbm_ws/install/addvectors_srvcli/lib/libaddvectors_srvcli__rosidl_generator_c.so
[1.695s] -- Up-to-date: /home/expert_amateur/vbm_ws/install/addvectors_srvcli/include/addvectors_srvcli/addvectors_srvcli
[1.695s] -- Up-to-date: /home/expert_amateur/vbm_ws/install/addvectors_srvcli/include/addvectors_srvcli/addvectors_srvcli/srv
[1.695s] -- Up-to-date: /home/expert_amateur/vbm_ws/install/addvectors_srvcli/include/addvectors_srvcli/addvectors_srvcli/srv/detail
[1.696s] -- Up-to-date: /home/expert_amateur/vbm_ws/install/addvectors_srvcli/include/addvectors_srvcli/addvectors_srvcli/srv/detail/add_vectors_srv__rosidl_typesupport_fastrtps_c.h
[1.696s] -- Up-to-date: /home/expert_amateur/vbm_ws/install/addvectors_srvcli/include/addvectors_srvcli/addvectors_srvcli/msg
[1.696s] -- Up-to-date: /home/expert_amateur/vbm_ws/install/addvectors_srvcli/include/addvectors_srvcli/addvectors_srvcli/msg/rosidl_typesupport_fastrtps_c__visibility_control.h
[1.697s] -- Up-to-date: /home/expert_amateur/vbm_ws/install/addvectors_srvcli/lib/libaddvectors_srvcli__rosidl_typesupport_fastrtps_c.so
[1.697s] -- Up-to-date: /home/expert_amateur/vbm_ws/install/addvectors_srvcli/include/addvectors_srvcli/addvectors_srvcli
[1.697s] -- Up-to-date: /home/expert_amateur/vbm_ws/install/addvectors_srvcli/include/addvectors_srvcli/addvectors_srvcli/srv
[1.697s] -- Up-to-date: /home/expert_amateur/vbm_ws/install/addvectors_srvcli/include/addvectors_srvcli/addvectors_srvcli/srv/detail
[1.698s] -- Up-to-date: /home/expert_amateur/vbm_ws/install/addvectors_srvcli/include/addvectors_srvcli/addvectors_srvcli/srv/detail/add_vectors_srv__builder.hpp
[1.698s] -- Up-to-date: /home/expert_amateur/vbm_ws/install/addvectors_srvcli/include/addvectors_srvcli/addvectors_srvcli/srv/detail/add_vectors_srv__traits.hpp
[1.698s] -- Up-to-date: /home/expert_amateur/vbm_ws/install/addvectors_srvcli/include/addvectors_srvcli/addvectors_srvcli/srv/detail/add_vectors_srv__struct.hpp
[1.698s] -- Up-to-date: /home/expert_amateur/vbm_ws/install/addvectors_srvcli/include/addvectors_srvcli/addvectors_srvcli/srv/add_vectors_srv.hpp
[1.698s] -- Up-to-date: /home/expert_amateur/vbm_ws/install/addvectors_srvcli/include/addvectors_srvcli/addvectors_srvcli
[1.698s] -- Up-to-date: /home/expert_amateur/vbm_ws/install/addvectors_srvcli/include/addvectors_srvcli/addvectors_srvcli/srv
[1.699s] -- Up-to-date: /home/expert_amateur/vbm_ws/install/addvectors_srvcli/include/addvectors_srvcli/addvectors_srvcli/srv/detail
[1.699s] -- Up-to-date: /home/expert_amateur/vbm_ws/install/addvectors_srvcli/include/addvectors_srvcli/addvectors_srvcli/srv/detail/dds_fastrtps
[1.699s] -- Up-to-date: /home/expert_amateur/vbm_ws/install/addvectors_srvcli/include/addvectors_srvcli/addvectors_srvcli/srv/detail/add_vectors_srv__rosidl_typesupport_fastrtps_cpp.hpp
[1.699s] -- Up-to-date: /home/expert_amateur/vbm_ws/install/addvectors_srvcli/include/addvectors_srvcli/addvectors_srvcli/msg
[1.699s] -- Up-to-date: /home/expert_amateur/vbm_ws/install/addvectors_srvcli/include/addvectors_srvcli/addvectors_srvcli/msg/rosidl_typesupport_fastrtps_cpp__visibility_control.h
[1.699s] -- Up-to-date: /home/expert_amateur/vbm_ws/install/addvectors_srvcli/lib/libaddvectors_srvcli__rosidl_typesupport_fastrtps_cpp.so
[1.699s] -- Up-to-date: /home/expert_amateur/vbm_ws/install/addvectors_srvcli/include/addvectors_srvcli/addvectors_srvcli
[1.699s] -- Up-to-date: /home/expert_amateur/vbm_ws/install/addvectors_srvcli/include/addvectors_srvcli/addvectors_srvcli/srv
[1.700s] -- Up-to-date: /home/expert_amateur/vbm_ws/install/addvectors_srvcli/include/addvectors_srvcli/addvectors_srvcli/srv/detail
[1.700s] -- Up-to-date: /home/expert_amateur/vbm_ws/install/addvectors_srvcli/include/addvectors_srvcli/addvectors_srvcli/srv/detail/add_vectors_srv__type_support.c
[1.701s] -- Up-to-date: /home/expert_amateur/vbm_ws/install/addvectors_srvcli/include/addvectors_srvcli/addvectors_srvcli/srv/detail/add_vectors_srv__rosidl_typesupport_introspection_c.h
[1.701s] -- Up-to-date: /home/expert_amateur/vbm_ws/install/addvectors_srvcli/include/addvectors_srvcli/addvectors_srvcli/msg
[1.701s] -- Up-to-date: /home/expert_amateur/vbm_ws/install/addvectors_srvcli/include/addvectors_srvcli/addvectors_srvcli/msg/rosidl_typesupport_introspection_c__visibility_control.h
[1.701s] -- Up-to-date: /home/expert_amateur/vbm_ws/install/addvectors_srvcli/lib/libaddvectors_srvcli__rosidl_typesupport_introspection_c.so
[1.701s] -- Up-to-date: /home/expert_amateur/vbm_ws/install/addvectors_srvcli/lib/libaddvectors_srvcli__rosidl_typesupport_c.so
[1.701s] -- Up-to-date: /home/expert_amateur/vbm_ws/install/addvectors_srvcli/include/addvectors_srvcli/addvectors_srvcli
[1.701s] -- Up-to-date: /home/expert_amateur/vbm_ws/install/addvectors_srvcli/include/addvectors_srvcli/addvectors_srvcli/srv
[1.701s] -- Up-to-date: /home/expert_amateur/vbm_ws/install/addvectors_srvcli/include/addvectors_srvcli/addvectors_srvcli/srv/detail
[1.702s] -- Up-to-date: /home/expert_amateur/vbm_ws/install/addvectors_srvcli/include/addvectors_srvcli/addvectors_srvcli/srv/detail/add_vectors_srv__type_support.cpp
[1.702s] -- Up-to-date: /home/expert_amateur/vbm_ws/install/addvectors_srvcli/include/addvectors_srvcli/addvectors_srvcli/srv/detail/add_vectors_srv__rosidl_typesupport_introspection_cpp.hpp
[1.702s] -- Up-to-date: /home/expert_amateur/vbm_ws/install/addvectors_srvcli/lib/libaddvectors_srvcli__rosidl_typesupport_introspection_cpp.so
[1.702s] -- Up-to-date: /home/expert_amateur/vbm_ws/install/addvectors_srvcli/lib/libaddvectors_srvcli__rosidl_typesupport_cpp.so
[1.702s] -- Up-to-date: /home/expert_amateur/vbm_ws/install/addvectors_srvcli/share/addvectors_srvcli/environment/pythonpath.sh
[1.702s] -- Up-to-date: /home/expert_amateur/vbm_ws/install/addvectors_srvcli/share/addvectors_srvcli/environment/pythonpath.dsv
[1.702s] -- Up-to-date: /home/expert_amateur/vbm_ws/install/addvectors_srvcli/local/lib/python3.10/dist-packages/addvectors_srvcli-0.0.0-py3.10.egg-info
[1.702s] -- Installing: /home/expert_amateur/vbm_ws/install/addvectors_srvcli/local/lib/python3.10/dist-packages/addvectors_srvcli-0.0.0-py3.10.egg-info/SOURCES.txt
[1.703s] -- Installing: /home/expert_amateur/vbm_ws/install/addvectors_srvcli/local/lib/python3.10/dist-packages/addvectors_srvcli-0.0.0-py3.10.egg-info/PKG-INFO
[1.703s] -- Installing: /home/expert_amateur/vbm_ws/install/addvectors_srvcli/local/lib/python3.10/dist-packages/addvectors_srvcli-0.0.0-py3.10.egg-info/dependency_links.txt
[1.703s] -- Installing: /home/expert_amateur/vbm_ws/install/addvectors_srvcli/local/lib/python3.10/dist-packages/addvectors_srvcli-0.0.0-py3.10.egg-info/top_level.txt
[1.703s] -- Up-to-date: /home/expert_amateur/vbm_ws/install/addvectors_srvcli/local/lib/python3.10/dist-packages/addvectors_srvcli
[1.703s] -- Up-to-date: /home/expert_amateur/vbm_ws/install/addvectors_srvcli/local/lib/python3.10/dist-packages/addvectors_srvcli/_addvectors_srvcli_s.ep.rosidl_typesupport_c.c
[1.703s] -- Up-to-date: /home/expert_amateur/vbm_ws/install/addvectors_srvcli/local/lib/python3.10/dist-packages/addvectors_srvcli/srv
[1.703s] -- Up-to-date: /home/expert_amateur/vbm_ws/install/addvectors_srvcli/local/lib/python3.10/dist-packages/addvectors_srvcli/srv/__init__.py
[1.703s] -- Up-to-date: /home/expert_amateur/vbm_ws/install/addvectors_srvcli/local/lib/python3.10/dist-packages/addvectors_srvcli/srv/_add_vectors_srv.py
[1.704s] -- Up-to-date: /home/expert_amateur/vbm_ws/install/addvectors_srvcli/local/lib/python3.10/dist-packages/addvectors_srvcli/srv/_add_vectors_srv_s.c
[1.704s] -- Up-to-date: /home/expert_amateur/vbm_ws/install/addvectors_srvcli/local/lib/python3.10/dist-packages/addvectors_srvcli/__init__.py
[1.704s] -- Up-to-date: /home/expert_amateur/vbm_ws/install/addvectors_srvcli/local/lib/python3.10/dist-packages/addvectors_srvcli/addvectors_srvcli_s__rosidl_typesupport_fastrtps_c.cpython-310-x86_64-linux-gnu.so
[1.704s] -- Up-to-date: /home/expert_amateur/vbm_ws/install/addvectors_srvcli/local/lib/python3.10/dist-packages/addvectors_srvcli/addvectors_srvcli_s__rosidl_typesupport_introspection_c.cpython-310-x86_64-linux-gnu.so
[1.704s] -- Up-to-date: /home/expert_amateur/vbm_ws/install/addvectors_srvcli/local/lib/python3.10/dist-packages/addvectors_srvcli/_addvectors_srvcli_s.ep.rosidl_typesupport_fastrtps_c.c
[1.704s] -- Up-to-date: /home/expert_amateur/vbm_ws/install/addvectors_srvcli/local/lib/python3.10/dist-packages/addvectors_srvcli/addvectors_srvcli_s__rosidl_typesupport_c.cpython-310-x86_64-linux-gnu.so
[1.704s] -- Up-to-date: /home/expert_amateur/vbm_ws/install/addvectors_srvcli/local/lib/python3.10/dist-packages/addvectors_srvcli/_addvectors_srvcli_s.ep.rosidl_typesupport_introspection_c.c
[1.704s] -- Up-to-date: /home/expert_amateur/vbm_ws/install/addvectors_srvcli/local/lib/python3.10/dist-packages/addvectors_srvcli/libaddvectors_srvcli__rosidl_generator_py.so
[1.729s] Listing '/home/expert_amateur/vbm_ws/install/addvectors_srvcli/local/lib/python3.10/dist-packages/addvectors_srvcli'...
[1.729s] Listing '/home/expert_amateur/vbm_ws/install/addvectors_srvcli/local/lib/python3.10/dist-packages/addvectors_srvcli/srv'...
[1.736s] -- Up-to-date: /home/expert_amateur/vbm_ws/install/addvectors_srvcli/local/lib/python3.10/dist-packages/addvectors_srvcli/addvectors_srvcli_s__rosidl_typesupport_fastrtps_c.cpython-310-x86_64-linux-gnu.so
[1.737s] -- Up-to-date: /home/expert_amateur/vbm_ws/install/addvectors_srvcli/local/lib/python3.10/dist-packages/addvectors_srvcli/addvectors_srvcli_s__rosidl_typesupport_introspection_c.cpython-310-x86_64-linux-gnu.so
[1.738s] -- Up-to-date: /home/expert_amateur/vbm_ws/install/addvectors_srvcli/local/lib/python3.10/dist-packages/addvectors_srvcli/addvectors_srvcli_s__rosidl_typesupport_c.cpython-310-x86_64-linux-gnu.so
[1.741s] -- Up-to-date: /home/expert_amateur/vbm_ws/install/addvectors_srvcli/lib/libaddvectors_srvcli__rosidl_generator_py.so
[1.743s] -- Up-to-date: /home/expert_amateur/vbm_ws/install/addvectors_srvcli/share/addvectors_srvcli/srv/AddVectorsSrv.idl
[1.743s] -- Up-to-date: /home/expert_amateur/vbm_ws/install/addvectors_srvcli/share/addvectors_srvcli/srv/AddVectorsSrv.srv
[1.743s] -- Up-to-date: /home/expert_amateur/vbm_ws/install/addvectors_srvcli/share/addvectors_srvcli/srv/AddVectorsSrv_Request.msg
[1.743s] -- Up-to-date: /home/expert_amateur/vbm_ws/install/addvectors_srvcli/share/addvectors_srvcli/srv/AddVectorsSrv_Response.msg
[1.743s] -- Up-to-date: /home/expert_amateur/vbm_ws/install/addvectors_srvcli/lib/addvectors_srvcli/add_vec_server_exec
[1.744s] -- Up-to-date: /home/expert_amateur/vbm_ws/install/addvectors_srvcli/lib/addvectors_srvcli/add_vec_client_exec
[1.745s] -- Up-to-date: /home/expert_amateur/vbm_ws/install/addvectors_srvcli/share/ament_index/resource_index/package_run_dependencies/addvectors_srvcli
[1.745s] -- Up-to-date: /home/expert_amateur/vbm_ws/install/addvectors_srvcli/share/ament_index/resource_index/parent_prefix_path/addvectors_srvcli
[1.745s] -- Up-to-date: /home/expert_amateur/vbm_ws/install/addvectors_srvcli/share/addvectors_srvcli/environment/ament_prefix_path.sh
[1.745s] -- Up-to-date: /home/expert_amateur/vbm_ws/install/addvectors_srvcli/share/addvectors_srvcli/environment/ament_prefix_path.dsv
[1.750s] -- Up-to-date: /home/expert_amateur/vbm_ws/install/addvectors_srvcli/share/addvectors_srvcli/environment/path.sh
[1.750s] -- Up-to-date: /home/expert_amateur/vbm_ws/install/addvectors_srvcli/share/addvectors_srvcli/environment/path.dsv
[1.751s] -- Up-to-date: /home/expert_amateur/vbm_ws/install/addvectors_srvcli/share/addvectors_srvcli/local_setup.bash
[1.751s] -- Up-to-date: /home/expert_amateur/vbm_ws/install/addvectors_srvcli/share/addvectors_srvcli/local_setup.sh
[1.751s] -- Up-to-date: /home/expert_amateur/vbm_ws/install/addvectors_srvcli/share/addvectors_srvcli/local_setup.zsh
[1.751s] -- Up-to-date: /home/expert_amateur/vbm_ws/install/addvectors_srvcli/share/addvectors_srvcli/local_setup.dsv
[1.751s] -- Installing: /home/expert_amateur/vbm_ws/install/addvectors_srvcli/share/addvectors_srvcli/package.dsv
[1.751s] -- Up-to-date: /home/expert_amateur/vbm_ws/install/addvectors_srvcli/share/ament_index/resource_index/packages/addvectors_srvcli
[1.752s] -- Up-to-date: /home/expert_amateur/vbm_ws/install/addvectors_srvcli/share/addvectors_srvcli/cmake/export_addvectors_srvcli__rosidl_generator_cExport.cmake
[1.752s] -- Up-to-date: /home/expert_amateur/vbm_ws/install/addvectors_srvcli/share/addvectors_srvcli/cmake/export_addvectors_srvcli__rosidl_generator_cExport-noconfig.cmake
[1.752s] -- Up-to-date: /home/expert_amateur/vbm_ws/install/addvectors_srvcli/share/addvectors_srvcli/cmake/export_addvectors_srvcli__rosidl_typesupport_fastrtps_cExport.cmake
[1.752s] -- Up-to-date: /home/expert_amateur/vbm_ws/install/addvectors_srvcli/share/addvectors_srvcli/cmake/export_addvectors_srvcli__rosidl_typesupport_fastrtps_cExport-noconfig.cmake
[1.753s] -- Up-to-date: /home/expert_amateur/vbm_ws/install/addvectors_srvcli/share/addvectors_srvcli/cmake/export_addvectors_srvcli__rosidl_generator_cppExport.cmake
[1.754s] -- Up-to-date: /home/expert_amateur/vbm_ws/install/addvectors_srvcli/share/addvectors_srvcli/cmake/export_addvectors_srvcli__rosidl_typesupport_fastrtps_cppExport.cmake
[1.754s] -- Up-to-date: /home/expert_amateur/vbm_ws/install/addvectors_srvcli/share/addvectors_srvcli/cmake/export_addvectors_srvcli__rosidl_typesupport_fastrtps_cppExport-noconfig.cmake
[1.754s] -- Up-to-date: /home/expert_amateur/vbm_ws/install/addvectors_srvcli/share/addvectors_srvcli/cmake/addvectors_srvcli__rosidl_typesupport_introspection_cExport.cmake
[1.754s] -- Up-to-date: /home/expert_amateur/vbm_ws/install/addvectors_srvcli/share/addvectors_srvcli/cmake/addvectors_srvcli__rosidl_typesupport_introspection_cExport-noconfig.cmake
[1.754s] -- Up-to-date: /home/expert_amateur/vbm_ws/install/addvectors_srvcli/share/addvectors_srvcli/cmake/addvectors_srvcli__rosidl_typesupport_cExport.cmake
[1.754s] -- Up-to-date: /home/expert_amateur/vbm_ws/install/addvectors_srvcli/share/addvectors_srvcli/cmake/addvectors_srvcli__rosidl_typesupport_cExport-noconfig.cmake
[1.755s] -- Up-to-date: /home/expert_amateur/vbm_ws/install/addvectors_srvcli/share/addvectors_srvcli/cmake/addvectors_srvcli__rosidl_typesupport_introspection_cppExport.cmake
[1.755s] -- Up-to-date: /home/expert_amateur/vbm_ws/install/addvectors_srvcli/share/addvectors_srvcli/cmake/addvectors_srvcli__rosidl_typesupport_introspection_cppExport-noconfig.cmake
[1.755s] -- Up-to-date: /home/expert_amateur/vbm_ws/install/addvectors_srvcli/share/addvectors_srvcli/cmake/addvectors_srvcli__rosidl_typesupport_cppExport.cmake
[1.755s] -- Up-to-date: /home/expert_amateur/vbm_ws/install/addvectors_srvcli/share/addvectors_srvcli/cmake/addvectors_srvcli__rosidl_typesupport_cppExport-noconfig.cmake
[1.755s] -- Up-to-date: /home/expert_amateur/vbm_ws/install/addvectors_srvcli/share/addvectors_srvcli/cmake/export_addvectors_srvcli__rosidl_generator_pyExport.cmake
[1.755s] -- Up-to-date: /home/expert_amateur/vbm_ws/install/addvectors_srvcli/share/addvectors_srvcli/cmake/export_addvectors_srvcli__rosidl_generator_pyExport-noconfig.cmake
[1.755s] -- Up-to-date: /home/expert_amateur/vbm_ws/install/addvectors_srvcli/share/addvectors_srvcli/cmake/rosidl_cmake-extras.cmake
[1.755s] -- Up-to-date: /home/expert_amateur/vbm_ws/install/addvectors_srvcli/share/addvectors_srvcli/cmake/ament_cmake_export_include_directories-extras.cmake
[1.755s] -- Up-to-date: /home/expert_amateur/vbm_ws/install/addvectors_srvcli/share/addvectors_srvcli/cmake/ament_cmake_export_libraries-extras.cmake
[1.755s] -- Up-to-date: /home/expert_amateur/vbm_ws/install/addvectors_srvcli/share/addvectors_srvcli/cmake/ament_cmake_export_targets-extras.cmake
[1.755s] -- Up-to-date: /home/expert_amateur/vbm_ws/install/addvectors_srvcli/share/addvectors_srvcli/cmake/rosidl_cmake_export_typesupport_targets-extras.cmake
[1.756s] -- Up-to-date: /home/expert_amateur/vbm_ws/install/addvectors_srvcli/share/addvectors_srvcli/cmake/ament_cmake_export_dependencies-extras.cmake
[1.756s] -- Up-to-date: /home/expert_amateur/vbm_ws/install/addvectors_srvcli/share/addvectors_srvcli/cmake/rosidl_cmake_export_typesupport_libraries-extras.cmake
[1.756s] -- Up-to-date: /home/expert_amateur/vbm_ws/install/addvectors_srvcli/share/addvectors_srvcli/cmake/addvectors_srvcliConfig.cmake
[1.756s] -- Up-to-date: /home/expert_amateur/vbm_ws/install/addvectors_srvcli/share/addvectors_srvcli/cmake/addvectors_srvcliConfig-version.cmake
[1.756s] -- Up-to-date: /home/expert_amateur/vbm_ws/install/addvectors_srvcli/share/addvectors_srvcli/package.xml
[1.841s] Invoked command in '/home/expert_amateur/vbm_ws/build/addvectors_srvcli' returned '0': CMAKE_PREFIX_PATH=${CMAKE_PREFIX_PATH}:/home/expert_amateur/voidwalking/ros2_ws/install/waypoints:/opt/ros/humble /usr/bin/cmake --install /home/expert_amateur/vbm_ws/build/addvectors_srvcli
