[0.027s] Invoking command in '/home/expert_amateur/vbm_ws/build/addvectors_srvcli': CMAKE_PREFIX_PATH=${CMAKE_PREFIX_PATH}:/home/expert_amateur/voidwalking/ros2_ws/install/waypoints:/opt/ros/humble /usr/bin/cmake /home/expert_amateur/vbm_ws/src/addvectors_srvcli -DCMAKE_INSTALL_PREFIX=/home/expert_amateur/vbm_ws/install/addvectors_srvcli
[0.081s] -- The C compiler identification is GNU 11.4.0
[0.162s] -- The CXX compiler identification is GNU 11.4.0
[0.168s] -- Detecting C compiler ABI info
[0.245s] -- Detecting C compiler ABI info - done
[0.254s] -- Check for working C compiler: /usr/bin/cc - skipped
[0.254s] -- Detecting C compile features
[0.255s] -- Detecting C compile features - done
[0.259s] -- Detecting CXX compiler ABI info
[0.329s] -- Detecting CXX compiler ABI info - done
[0.337s] -- Check for working CXX compiler: /usr/bin/c++ - skipped
[0.337s] -- Detecting CXX compile features
[0.338s] -- Detecting CXX compile features - done
[0.344s] -- Found ament_cmake: 1.3.5 (/opt/ros/humble/share/ament_cmake/cmake)
[0.531s] -- Found Python3: /usr/bin/python3.10 (found version "3.10.12") found components: Interpreter 
[0.640s] -- Found rclcpp: 16.0.5 (/opt/ros/humble/share/rclcpp/cmake)
[0.684s] -- Found rosidl_generator_c: 3.1.5 (/opt/ros/humble/share/rosidl_generator_c/cmake)
[0.691s] -- Found rosidl_adapter: 3.1.5 (/opt/ros/humble/share/rosidl_adapter/cmake)
[0.699s] -- Found rosidl_generator_cpp: 3.1.5 (/opt/ros/humble/share/rosidl_generator_cpp/cmake)
[0.714s] -- Using all available rosidl_typesupport_c: rosidl_typesupport_fastrtps_c;rosidl_typesupport_introspection_c
[0.736s] -- Using all available rosidl_typesupport_cpp: rosidl_typesupport_fastrtps_cpp;rosidl_typesupport_introspection_cpp
[0.818s] -- Found rmw_implementation_cmake: 6.1.1 (/opt/ros/humble/share/rmw_implementation_cmake/cmake)
[0.821s] -- Found rmw_fastrtps_cpp: 6.2.3 (/opt/ros/humble/share/rmw_fastrtps_cpp/cmake)
[0.913s] -- Found OpenSSL: /usr/lib/x86_64-linux-gnu/libcrypto.so (found version "3.0.2")  
[0.948s] -- Found FastRTPS: /opt/ros/humble/include  
[0.996s] -- Using RMW implementation 'rmw_fastrtps_cpp' as default
[1.008s] -- Looking for pthread.h
[1.068s] -- Looking for pthread.h - found
[1.068s] -- Performing Test CMAKE_HAVE_LIBC_PTHREAD
[1.137s] -- Performing Test CMAKE_HAVE_LIBC_PTHREAD - Success
[1.138s] -- Found Threads: TRUE  
[1.321s] -- Found rosidl_default_generators: 1.2.0 (/opt/ros/humble/share/rosidl_default_generators/cmake)
[1.331s] [31mCMake Error at /opt/ros/humble/share/rosidl_cmake/cmake/rosidl_generate_interfaces.cmake:93 (message):
[1.331s]   rosidl_generate_interfaces() the passed file 'srv/AddThreeInts.srv' doesn't
[1.332s]   exist relative to the CMAKE_CURRENT_SOURCE_DIR
[1.332s]   '/home/expert_amateur/vbm_ws/src/addvectors_srvcli'
[1.332s] Call Stack (most recent call first):
[1.332s]   CMakeLists.txt:11 (rosidl_generate_interfaces)
[1.332s] 
[1.332s] [0m
[1.332s] -- Configuring incomplete, errors occurred!
[1.332s] See also "/home/expert_amateur/vbm_ws/build/addvectors_srvcli/CMakeFiles/CMakeOutput.log".
[1.340s] Invoked command in '/home/expert_amateur/vbm_ws/build/addvectors_srvcli' returned '1': CMAKE_PREFIX_PATH=${CMAKE_PREFIX_PATH}:/home/expert_amateur/voidwalking/ros2_ws/install/waypoints:/opt/ros/humble /usr/bin/cmake /home/expert_amateur/vbm_ws/src/addvectors_srvcli -DCMAKE_INSTALL_PREFIX=/home/expert_amateur/vbm_ws/install/addvectors_srvcli
