[0.040s] Invoking command in '/home/expert_amateur/vbm_ws/build/addvectors_srvcli': CMAKE_PREFIX_PATH=${CMAKE_PREFIX_PATH}:/home/expert_amateur/voidwalking/ros2_ws/install/waypoints:/opt/ros/humble /usr/bin/cmake --build /home/expert_amateur/vbm_ws/build/addvectors_srvcli -- -j12 -l12
[0.106s] [  2%] Built target addvectors_srvcli__cpp
[0.108s] [ 11%] Built target addvectors_srvcli__rosidl_generator_c
[0.154s] [ 11%] Built target ament_cmake_python_copy_addvectors_srvcli
[0.172s] [ 20%] Built target addvectors_srvcli__rosidl_typesupport_fastrtps_cpp
[0.173s] [ 28%] Built target addvectors_srvcli__rosidl_typesupport_cpp
[0.187s] [ 37%] Built target addvectors_srvcli__rosidl_typesupport_introspection_c
[0.189s] [ 45%] Built target addvectors_srvcli__rosidl_typesupport_c
[0.193s] [ 54%] Built target addvectors_srvcli__rosidl_typesupport_introspection_cpp
[0.217s] [35m[1mConsolidate compiler generated dependencies of target add_vec_client_exec[0m
[0.235s] [ 62%] Built target addvectors_srvcli__rosidl_typesupport_fastrtps_c
[0.244s] [ 65%] [32mBuilding CXX object CMakeFiles/add_vec_server_exec.dir/src/add_vectors_server_src.cpp.o[0m
[0.252s] [ 71%] Built target add_vec_client_exec
[0.269s] [ 71%] Built target addvectors_srvcli
[0.303s] [ 74%] Built target addvectors_srvcli__py
[0.351s] [ 80%] Built target addvectors_srvcli__rosidl_generator_py
[0.397s] [ 85%] Built target addvectors_srvcli__rosidl_typesupport_introspection_c__pyext
[0.397s] [ 91%] Built target addvectors_srvcli__rosidl_typesupport_c__pyext
[0.397s] [ 97%] Built target addvectors_srvcli__rosidl_typesupport_fastrtps_c__pyext
[0.810s] running egg_info
[0.811s] writing addvectors_srvcli.egg-info/PKG-INFO
[0.811s] writing dependency_links to addvectors_srvcli.egg-info/dependency_links.txt
[0.811s] writing top-level names to addvectors_srvcli.egg-info/top_level.txt
[0.814s] reading manifest file 'addvectors_srvcli.egg-info/SOURCES.txt'
[0.815s] writing manifest file 'addvectors_srvcli.egg-info/SOURCES.txt'
[0.852s] [ 97%] Built target ament_cmake_python_build_addvectors_srvcli_egg
[3.031s] [01m[K/home/expert_amateur/vbm_ws/src/addvectors_srvcli/src/add_vectors_server_src.cpp:[m[K In function ‘[01m[Kvoid add(std::shared_ptr<addvectors_srvcli::srv::AddVectorsSrv_Request_<std::allocator<void> > >, std::shared_ptr<addvectors_srvcli::srv::AddVectorsSrv_Response_<std::allocator<void> > >)[m[K’:
[3.031s] [01m[K/home/expert_amateur/vbm_ws/src/addvectors_srvcli/src/add_vectors_server_src.cpp:7:80:[m[K [01;35m[Kwarning: [m[Kunused parameter ‘[01m[Krequest[m[K’ [[01;35m[K]8;;https://gcc.gnu.org/onlinedocs/gcc/Warning-Options.html#index-Wunused-parameter-Wunused-parameter]8;;[m[K]
[3.031s]     7 | void add([01;35m[Kconst std::shared_ptr<addvectors_srvcli::srv::AddVectorsSrv::Request> request[m[K,     // CHANGE
[3.031s]       |          [01;35m[K~~~~~~~~~~~~~~~~~~~~~~~~~~~~~~~~~~~~~~~~~~~~~~~~~~~~~~~~~~~~~~~~~~~~~~^~~~~~~[m[K
[4.137s] [100%] [32m[1mLinking CXX executable add_vec_server_exec[0m
[4.256s] [100%] Built target add_vec_server_exec
[4.266s] Invoked command in '/home/expert_amateur/vbm_ws/build/addvectors_srvcli' returned '0': CMAKE_PREFIX_PATH=${CMAKE_PREFIX_PATH}:/home/expert_amateur/voidwalking/ros2_ws/install/waypoints:/opt/ros/humble /usr/bin/cmake --build /home/expert_amateur/vbm_ws/build/addvectors_srvcli -- -j12 -l12
[4.322s] Invoking command in '/home/expert_amateur/vbm_ws/build/addvectors_srvcli': CMAKE_PREFIX_PATH=${CMAKE_PREFIX_PATH}:/home/expert_amateur/voidwalking/ros2_ws/install/waypoints:/opt/ros/humble /usr/bin/cmake --install /home/expert_amateur/vbm_ws/build/addvectors_srvcli
[4.329s] -- Install configuration: ""
[4.329s] -- Up-to-date: /home/expert_amateur/vbm_ws/install/addvectors_srvcli/share/ament_index/resource_index/rosidl_interfaces/addvectors_srvcli
[4.329s] -- Up-to-date: /home/expert_amateur/vbm_ws/install/addvectors_srvcli/include/addvectors_srvcli/addvectors_srvcli
[4.329s] -- Up-to-date: /home/expert_amateur/vbm_ws/install/addvectors_srvcli/include/addvectors_srvcli/addvectors_srvcli/srv
[4.330s] -- Up-to-date: /home/expert_amateur/vbm_ws/install/addvectors_srvcli/include/addvectors_srvcli/addvectors_srvcli/srv/detail
[4.330s] -- Up-to-date: /home/expert_amateur/vbm_ws/install/addvectors_srvcli/include/addvectors_srvcli/addvectors_srvcli/srv/detail/add_vectors_srv__type_support.h
[4.330s] -- Up-to-date: /home/expert_amateur/vbm_ws/install/addvectors_srvcli/include/addvectors_srvcli/addvectors_srvcli/srv/detail/add_vectors_srv__functions.c
[4.330s] -- Up-to-date: /home/expert_amateur/vbm_ws/install/addvectors_srvcli/include/addvectors_srvcli/addvectors_srvcli/srv/detail/add_vectors_srv__functions.h
[4.330s] -- Up-to-date: /home/expert_amateur/vbm_ws/install/addvectors_srvcli/include/addvectors_srvcli/addvectors_srvcli/srv/detail/add_vectors_srv__struct.h
[4.330s] -- Up-to-date: /home/expert_amateur/vbm_ws/install/addvectors_srvcli/include/addvectors_srvcli/addvectors_srvcli/srv/add_vectors_srv.h
[4.330s] -- Up-to-date: /home/expert_amateur/vbm_ws/install/addvectors_srvcli/include/addvectors_srvcli/addvectors_srvcli/msg
[4.330s] -- Up-to-date: /home/expert_amateur/vbm_ws/install/addvectors_srvcli/include/addvectors_srvcli/addvectors_srvcli/msg/rosidl_generator_c__visibility_control.h
[4.330s] -- Up-to-date: /home/expert_amateur/vbm_ws/install/addvectors_srvcli/share/addvectors_srvcli/environment/library_path.sh
[4.330s] -- Up-to-date: /home/expert_amateur/vbm_ws/install/addvectors_srvcli/share/addvectors_srvcli/environment/library_path.dsv
[4.331s] -- Up-to-date: /home/expert_amateur/vbm_ws/install/addvectors_srvcli/lib/libaddvectors_srvcli__rosidl_generator_c.so
[4.331s] -- Up-to-date: /home/expert_amateur/vbm_ws/install/addvectors_srvcli/include/addvectors_srvcli/addvectors_srvcli
[4.331s] -- Up-to-date: /home/expert_amateur/vbm_ws/install/addvectors_srvcli/include/addvectors_srvcli/addvectors_srvcli/srv
[4.331s] -- Up-to-date: /home/expert_amateur/vbm_ws/install/addvectors_srvcli/include/addvectors_srvcli/addvectors_srvcli/srv/detail
[4.331s] -- Up-to-date: /home/expert_amateur/vbm_ws/install/addvectors_srvcli/include/addvectors_srvcli/addvectors_srvcli/srv/detail/add_vectors_srv__rosidl_typesupport_fastrtps_c.h
[4.331s] -- Up-to-date: /home/expert_amateur/vbm_ws/install/addvectors_srvcli/include/addvectors_srvcli/addvectors_srvcli/msg
[4.331s] -- Up-to-date: /home/expert_amateur/vbm_ws/install/addvectors_srvcli/include/addvectors_srvcli/addvectors_srvcli/msg/rosidl_typesupport_fastrtps_c__visibility_control.h
[4.331s] -- Up-to-date: /home/expert_amateur/vbm_ws/install/addvectors_srvcli/lib/libaddvectors_srvcli__rosidl_typesupport_fastrtps_c.so
[4.331s] -- Up-to-date: /home/expert_amateur/vbm_ws/install/addvectors_srvcli/include/addvectors_srvcli/addvectors_srvcli
[4.331s] -- Up-to-date: /home/expert_amateur/vbm_ws/install/addvectors_srvcli/include/addvectors_srvcli/addvectors_srvcli/srv
[4.332s] -- Up-to-date: /home/expert_amateur/vbm_ws/install/addvectors_srvcli/include/addvectors_srvcli/addvectors_srvcli/srv/detail
[4.332s] -- Up-to-date: /home/expert_amateur/vbm_ws/install/addvectors_srvcli/include/addvectors_srvcli/addvectors_srvcli/srv/detail/add_vectors_srv__builder.hpp
[4.332s] -- Up-to-date: /home/expert_amateur/vbm_ws/install/addvectors_srvcli/include/addvectors_srvcli/addvectors_srvcli/srv/detail/add_vectors_srv__traits.hpp
[4.332s] -- Up-to-date: /home/expert_amateur/vbm_ws/install/addvectors_srvcli/include/addvectors_srvcli/addvectors_srvcli/srv/detail/add_vectors_srv__struct.hpp
[4.332s] -- Up-to-date: /home/expert_amateur/vbm_ws/install/addvectors_srvcli/include/addvectors_srvcli/addvectors_srvcli/srv/add_vectors_srv.hpp
[4.332s] -- Up-to-date: /home/expert_amateur/vbm_ws/install/addvectors_srvcli/include/addvectors_srvcli/addvectors_srvcli
[4.332s] -- Up-to-date: /home/expert_amateur/vbm_ws/install/addvectors_srvcli/include/addvectors_srvcli/addvectors_srvcli/srv
[4.332s] -- Up-to-date: /home/expert_amateur/vbm_ws/install/addvectors_srvcli/include/addvectors_srvcli/addvectors_srvcli/srv/detail
[4.332s] -- Up-to-date: /home/expert_amateur/vbm_ws/install/addvectors_srvcli/include/addvectors_srvcli/addvectors_srvcli/srv/detail/dds_fastrtps
[4.332s] -- Up-to-date: /home/expert_amateur/vbm_ws/install/addvectors_srvcli/include/addvectors_srvcli/addvectors_srvcli/srv/detail/add_vectors_srv__rosidl_typesupport_fastrtps_cpp.hpp
[4.332s] -- Up-to-date: /home/expert_amateur/vbm_ws/install/addvectors_srvcli/include/addvectors_srvcli/addvectors_srvcli/msg
[4.333s] -- Up-to-date: /home/expert_amateur/vbm_ws/install/addvectors_srvcli/include/addvectors_srvcli/addvectors_srvcli/msg/rosidl_typesupport_fastrtps_cpp__visibility_control.h
[4.333s] -- Up-to-date: /home/expert_amateur/vbm_ws/install/addvectors_srvcli/lib/libaddvectors_srvcli__rosidl_typesupport_fastrtps_cpp.so
[4.333s] -- Up-to-date: /home/expert_amateur/vbm_ws/install/addvectors_srvcli/include/addvectors_srvcli/addvectors_srvcli
[4.333s] -- Up-to-date: /home/expert_amateur/vbm_ws/install/addvectors_srvcli/include/addvectors_srvcli/addvectors_srvcli/srv
[4.333s] -- Up-to-date: /home/expert_amateur/vbm_ws/install/addvectors_srvcli/include/addvectors_srvcli/addvectors_srvcli/srv/detail
[4.333s] -- Up-to-date: /home/expert_amateur/vbm_ws/install/addvectors_srvcli/include/addvectors_srvcli/addvectors_srvcli/srv/detail/add_vectors_srv__type_support.c
[4.333s] -- Up-to-date: /home/expert_amateur/vbm_ws/install/addvectors_srvcli/include/addvectors_srvcli/addvectors_srvcli/srv/detail/add_vectors_srv__rosidl_typesupport_introspection_c.h
[4.333s] -- Up-to-date: /home/expert_amateur/vbm_ws/install/addvectors_srvcli/include/addvectors_srvcli/addvectors_srvcli/msg
[4.333s] -- Up-to-date: /home/expert_amateur/vbm_ws/install/addvectors_srvcli/include/addvectors_srvcli/addvectors_srvcli/msg/rosidl_typesupport_introspection_c__visibility_control.h
[4.333s] -- Up-to-date: /home/expert_amateur/vbm_ws/install/addvectors_srvcli/lib/libaddvectors_srvcli__rosidl_typesupport_introspection_c.so
[4.333s] -- Up-to-date: /home/expert_amateur/vbm_ws/install/addvectors_srvcli/lib/libaddvectors_srvcli__rosidl_typesupport_c.so
[4.334s] -- Up-to-date: /home/expert_amateur/vbm_ws/install/addvectors_srvcli/include/addvectors_srvcli/addvectors_srvcli
[4.334s] -- Up-to-date: /home/expert_amateur/vbm_ws/install/addvectors_srvcli/include/addvectors_srvcli/addvectors_srvcli/srv
[4.334s] -- Up-to-date: /home/expert_amateur/vbm_ws/install/addvectors_srvcli/include/addvectors_srvcli/addvectors_srvcli/srv/detail
[4.334s] -- Up-to-date: /home/expert_amateur/vbm_ws/install/addvectors_srvcli/include/addvectors_srvcli/addvectors_srvcli/srv/detail/add_vectors_srv__type_support.cpp
[4.334s] -- Up-to-date: /home/expert_amateur/vbm_ws/install/addvectors_srvcli/include/addvectors_srvcli/addvectors_srvcli/srv/detail/add_vectors_srv__rosidl_typesupport_introspection_cpp.hpp
[4.334s] -- Up-to-date: /home/expert_amateur/vbm_ws/install/addvectors_srvcli/lib/libaddvectors_srvcli__rosidl_typesupport_introspection_cpp.so
[4.334s] -- Up-to-date: /home/expert_amateur/vbm_ws/install/addvectors_srvcli/lib/libaddvectors_srvcli__rosidl_typesupport_cpp.so
[4.334s] -- Up-to-date: /home/expert_amateur/vbm_ws/install/addvectors_srvcli/share/addvectors_srvcli/environment/pythonpath.sh
[4.334s] -- Up-to-date: /home/expert_amateur/vbm_ws/install/addvectors_srvcli/share/addvectors_srvcli/environment/pythonpath.dsv
[4.334s] -- Up-to-date: /home/expert_amateur/vbm_ws/install/addvectors_srvcli/local/lib/python3.10/dist-packages/addvectors_srvcli-0.0.0-py3.10.egg-info
[4.334s] -- Installing: /home/expert_amateur/vbm_ws/install/addvectors_srvcli/local/lib/python3.10/dist-packages/addvectors_srvcli-0.0.0-py3.10.egg-info/SOURCES.txt
[4.334s] -- Installing: /home/expert_amateur/vbm_ws/install/addvectors_srvcli/local/lib/python3.10/dist-packages/addvectors_srvcli-0.0.0-py3.10.egg-info/PKG-INFO
[4.334s] -- Installing: /home/expert_amateur/vbm_ws/install/addvectors_srvcli/local/lib/python3.10/dist-packages/addvectors_srvcli-0.0.0-py3.10.egg-info/dependency_links.txt
[4.334s] -- Installing: /home/expert_amateur/vbm_ws/install/addvectors_srvcli/local/lib/python3.10/dist-packages/addvectors_srvcli-0.0.0-py3.10.egg-info/top_level.txt
[4.335s] -- Up-to-date: /home/expert_amateur/vbm_ws/install/addvectors_srvcli/local/lib/python3.10/dist-packages/addvectors_srvcli
[4.335s] -- Up-to-date: /home/expert_amateur/vbm_ws/install/addvectors_srvcli/local/lib/python3.10/dist-packages/addvectors_srvcli/_addvectors_srvcli_s.ep.rosidl_typesupport_c.c
[4.335s] -- Up-to-date: /home/expert_amateur/vbm_ws/install/addvectors_srvcli/local/lib/python3.10/dist-packages/addvectors_srvcli/srv
[4.335s] -- Up-to-date: /home/expert_amateur/vbm_ws/install/addvectors_srvcli/local/lib/python3.10/dist-packages/addvectors_srvcli/srv/__init__.py
[4.335s] -- Up-to-date: /home/expert_amateur/vbm_ws/install/addvectors_srvcli/local/lib/python3.10/dist-packages/addvectors_srvcli/srv/_add_vectors_srv.py
[4.335s] -- Up-to-date: /home/expert_amateur/vbm_ws/install/addvectors_srvcli/local/lib/python3.10/dist-packages/addvectors_srvcli/srv/_add_vectors_srv_s.c
[4.335s] -- Up-to-date: /home/expert_amateur/vbm_ws/install/addvectors_srvcli/local/lib/python3.10/dist-packages/addvectors_srvcli/__init__.py
[4.335s] -- Up-to-date: /home/expert_amateur/vbm_ws/install/addvectors_srvcli/local/lib/python3.10/dist-packages/addvectors_srvcli/addvectors_srvcli_s__rosidl_typesupport_fastrtps_c.cpython-310-x86_64-linux-gnu.so
[4.335s] -- Up-to-date: /home/expert_amateur/vbm_ws/install/addvectors_srvcli/local/lib/python3.10/dist-packages/addvectors_srvcli/addvectors_srvcli_s__rosidl_typesupport_introspection_c.cpython-310-x86_64-linux-gnu.so
[4.335s] -- Up-to-date: /home/expert_amateur/vbm_ws/install/addvectors_srvcli/local/lib/python3.10/dist-packages/addvectors_srvcli/_addvectors_srvcli_s.ep.rosidl_typesupport_fastrtps_c.c
[4.335s] -- Up-to-date: /home/expert_amateur/vbm_ws/install/addvectors_srvcli/local/lib/python3.10/dist-packages/addvectors_srvcli/addvectors_srvcli_s__rosidl_typesupport_c.cpython-310-x86_64-linux-gnu.so
[4.335s] -- Up-to-date: /home/expert_amateur/vbm_ws/install/addvectors_srvcli/local/lib/python3.10/dist-packages/addvectors_srvcli/_addvectors_srvcli_s.ep.rosidl_typesupport_introspection_c.c
[4.335s] -- Up-to-date: /home/expert_amateur/vbm_ws/install/addvectors_srvcli/local/lib/python3.10/dist-packages/addvectors_srvcli/libaddvectors_srvcli__rosidl_generator_py.so
[4.365s] Listing '/home/expert_amateur/vbm_ws/install/addvectors_srvcli/local/lib/python3.10/dist-packages/addvectors_srvcli'...
[4.366s] Listing '/home/expert_amateur/vbm_ws/install/addvectors_srvcli/local/lib/python3.10/dist-packages/addvectors_srvcli/srv'...
[4.369s] -- Up-to-date: /home/expert_amateur/vbm_ws/install/addvectors_srvcli/local/lib/python3.10/dist-packages/addvectors_srvcli/addvectors_srvcli_s__rosidl_typesupport_fastrtps_c.cpython-310-x86_64-linux-gnu.so
[4.369s] -- Up-to-date: /home/expert_amateur/vbm_ws/install/addvectors_srvcli/local/lib/python3.10/dist-packages/addvectors_srvcli/addvectors_srvcli_s__rosidl_typesupport_introspection_c.cpython-310-x86_64-linux-gnu.so
[4.370s] -- Up-to-date: /home/expert_amateur/vbm_ws/install/addvectors_srvcli/local/lib/python3.10/dist-packages/addvectors_srvcli/addvectors_srvcli_s__rosidl_typesupport_c.cpython-310-x86_64-linux-gnu.so
[4.370s] -- Up-to-date: /home/expert_amateur/vbm_ws/install/addvectors_srvcli/lib/libaddvectors_srvcli__rosidl_generator_py.so
[4.370s] -- Up-to-date: /home/expert_amateur/vbm_ws/install/addvectors_srvcli/share/addvectors_srvcli/srv/AddVectorsSrv.idl
[4.370s] -- Up-to-date: /home/expert_amateur/vbm_ws/install/addvectors_srvcli/share/addvectors_srvcli/srv/AddVectorsSrv.srv
[4.370s] -- Up-to-date: /home/expert_amateur/vbm_ws/install/addvectors_srvcli/share/addvectors_srvcli/srv/AddVectorsSrv_Request.msg
[4.371s] -- Up-to-date: /home/expert_amateur/vbm_ws/install/addvectors_srvcli/share/addvectors_srvcli/srv/AddVectorsSrv_Response.msg
[4.371s] -- Installing: /home/expert_amateur/vbm_ws/install/addvectors_srvcli/lib/addvectors_srvcli/add_vec_server_exec
[4.371s] -- Set runtime path of "/home/expert_amateur/vbm_ws/install/addvectors_srvcli/lib/addvectors_srvcli/add_vec_server_exec" to ""
[4.372s] -- Up-to-date: /home/expert_amateur/vbm_ws/install/addvectors_srvcli/lib/addvectors_srvcli/add_vec_client_exec
[4.372s] -- Up-to-date: /home/expert_amateur/vbm_ws/install/addvectors_srvcli/share/ament_index/resource_index/package_run_dependencies/addvectors_srvcli
[4.372s] -- Up-to-date: /home/expert_amateur/vbm_ws/install/addvectors_srvcli/share/ament_index/resource_index/parent_prefix_path/addvectors_srvcli
[4.372s] -- Up-to-date: /home/expert_amateur/vbm_ws/install/addvectors_srvcli/share/addvectors_srvcli/environment/ament_prefix_path.sh
[4.372s] -- Up-to-date: /home/expert_amateur/vbm_ws/install/addvectors_srvcli/share/addvectors_srvcli/environment/ament_prefix_path.dsv
[4.372s] -- Up-to-date: /home/expert_amateur/vbm_ws/install/addvectors_srvcli/share/addvectors_srvcli/environment/path.sh
[4.372s] -- Up-to-date: /home/expert_amateur/vbm_ws/install/addvectors_srvcli/share/addvectors_srvcli/environment/path.dsv
[4.372s] -- Up-to-date: /home/expert_amateur/vbm_ws/install/addvectors_srvcli/share/addvectors_srvcli/local_setup.bash
[4.373s] -- Up-to-date: /home/expert_amateur/vbm_ws/install/addvectors_srvcli/share/addvectors_srvcli/local_setup.sh
[4.373s] -- Up-to-date: /home/expert_amateur/vbm_ws/install/addvectors_srvcli/share/addvectors_srvcli/local_setup.zsh
[4.373s] -- Up-to-date: /home/expert_amateur/vbm_ws/install/addvectors_srvcli/share/addvectors_srvcli/local_setup.dsv
[4.373s] -- Installing: /home/expert_amateur/vbm_ws/install/addvectors_srvcli/share/addvectors_srvcli/package.dsv
[4.373s] -- Up-to-date: /home/expert_amateur/vbm_ws/install/addvectors_srvcli/share/ament_index/resource_index/packages/addvectors_srvcli
[4.373s] -- Up-to-date: /home/expert_amateur/vbm_ws/install/addvectors_srvcli/share/addvectors_srvcli/cmake/export_addvectors_srvcli__rosidl_generator_cExport.cmake
[4.373s] -- Up-to-date: /home/expert_amateur/vbm_ws/install/addvectors_srvcli/share/addvectors_srvcli/cmake/export_addvectors_srvcli__rosidl_generator_cExport-noconfig.cmake
[4.373s] -- Up-to-date: /home/expert_amateur/vbm_ws/install/addvectors_srvcli/share/addvectors_srvcli/cmake/export_addvectors_srvcli__rosidl_typesupport_fastrtps_cExport.cmake
[4.373s] -- Up-to-date: /home/expert_amateur/vbm_ws/install/addvectors_srvcli/share/addvectors_srvcli/cmake/export_addvectors_srvcli__rosidl_typesupport_fastrtps_cExport-noconfig.cmake
[4.373s] -- Up-to-date: /home/expert_amateur/vbm_ws/install/addvectors_srvcli/share/addvectors_srvcli/cmake/export_addvectors_srvcli__rosidl_generator_cppExport.cmake
[4.374s] -- Up-to-date: /home/expert_amateur/vbm_ws/install/addvectors_srvcli/share/addvectors_srvcli/cmake/export_addvectors_srvcli__rosidl_typesupport_fastrtps_cppExport.cmake
[4.374s] -- Up-to-date: /home/expert_amateur/vbm_ws/install/addvectors_srvcli/share/addvectors_srvcli/cmake/export_addvectors_srvcli__rosidl_typesupport_fastrtps_cppExport-noconfig.cmake
[4.374s] -- Up-to-date: /home/expert_amateur/vbm_ws/install/addvectors_srvcli/share/addvectors_srvcli/cmake/addvectors_srvcli__rosidl_typesupport_introspection_cExport.cmake
[4.374s] -- Up-to-date: /home/expert_amateur/vbm_ws/install/addvectors_srvcli/share/addvectors_srvcli/cmake/addvectors_srvcli__rosidl_typesupport_introspection_cExport-noconfig.cmake
[4.374s] -- Up-to-date: /home/expert_amateur/vbm_ws/install/addvectors_srvcli/share/addvectors_srvcli/cmake/addvectors_srvcli__rosidl_typesupport_cExport.cmake
[4.374s] -- Up-to-date: /home/expert_amateur/vbm_ws/install/addvectors_srvcli/share/addvectors_srvcli/cmake/addvectors_srvcli__rosidl_typesupport_cExport-noconfig.cmake
[4.374s] -- Up-to-date: /home/expert_amateur/vbm_ws/install/addvectors_srvcli/share/addvectors_srvcli/cmake/addvectors_srvcli__rosidl_typesupport_introspection_cppExport.cmake
[4.374s] -- Up-to-date: /home/expert_amateur/vbm_ws/install/addvectors_srvcli/share/addvectors_srvcli/cmake/addvectors_srvcli__rosidl_typesupport_introspection_cppExport-noconfig.cmake
[4.374s] -- Up-to-date: /home/expert_amateur/vbm_ws/install/addvectors_srvcli/share/addvectors_srvcli/cmake/addvectors_srvcli__rosidl_typesupport_cppExport.cmake
[4.374s] -- Up-to-date: /home/expert_amateur/vbm_ws/install/addvectors_srvcli/share/addvectors_srvcli/cmake/addvectors_srvcli__rosidl_typesupport_cppExport-noconfig.cmake
[4.374s] -- Up-to-date: /home/expert_amateur/vbm_ws/install/addvectors_srvcli/share/addvectors_srvcli/cmake/export_addvectors_srvcli__rosidl_generator_pyExport.cmake
[4.374s] -- Up-to-date: /home/expert_amateur/vbm_ws/install/addvectors_srvcli/share/addvectors_srvcli/cmake/export_addvectors_srvcli__rosidl_generator_pyExport-noconfig.cmake
[4.374s] -- Up-to-date: /home/expert_amateur/vbm_ws/install/addvectors_srvcli/share/addvectors_srvcli/cmake/rosidl_cmake-extras.cmake
[4.375s] -- Up-to-date: /home/expert_amateur/vbm_ws/install/addvectors_srvcli/share/addvectors_srvcli/cmake/ament_cmake_export_include_directories-extras.cmake
[4.375s] -- Up-to-date: /home/expert_amateur/vbm_ws/install/addvectors_srvcli/share/addvectors_srvcli/cmake/ament_cmake_export_libraries-extras.cmake
[4.375s] -- Up-to-date: /home/expert_amateur/vbm_ws/install/addvectors_srvcli/share/addvectors_srvcli/cmake/ament_cmake_export_targets-extras.cmake
[4.375s] -- Up-to-date: /home/expert_amateur/vbm_ws/install/addvectors_srvcli/share/addvectors_srvcli/cmake/rosidl_cmake_export_typesupport_targets-extras.cmake
[4.375s] -- Up-to-date: /home/expert_amateur/vbm_ws/install/addvectors_srvcli/share/addvectors_srvcli/cmake/ament_cmake_export_dependencies-extras.cmake
[4.375s] -- Up-to-date: /home/expert_amateur/vbm_ws/install/addvectors_srvcli/share/addvectors_srvcli/cmake/rosidl_cmake_export_typesupport_libraries-extras.cmake
[4.375s] -- Up-to-date: /home/expert_amateur/vbm_ws/install/addvectors_srvcli/share/addvectors_srvcli/cmake/addvectors_srvcliConfig.cmake
[4.375s] -- Up-to-date: /home/expert_amateur/vbm_ws/install/addvectors_srvcli/share/addvectors_srvcli/cmake/addvectors_srvcliConfig-version.cmake
[4.375s] -- Up-to-date: /home/expert_amateur/vbm_ws/install/addvectors_srvcli/share/addvectors_srvcli/package.xml
[4.379s] Invoked command in '/home/expert_amateur/vbm_ws/build/addvectors_srvcli' returned '0': CMAKE_PREFIX_PATH=${CMAKE_PREFIX_PATH}:/home/expert_amateur/voidwalking/ros2_ws/install/waypoints:/opt/ros/humble /usr/bin/cmake --install /home/expert_amateur/vbm_ws/build/addvectors_srvcli
