[0.012s] Invoking command in '/home/expert_amateur/vbm_ws/build/cpp_srvcli': CMAKE_PREFIX_PATH=${CMAKE_PREFIX_PATH}:/home/expert_amateur/voidwalking/ros2_ws/install/waypoints:/opt/ros/humble /usr/bin/cmake /home/expert_amateur/vbm_ws/src/cpp_srvcli -DCMAKE_INSTALL_PREFIX=/home/expert_amateur/vbm_ws/install/cpp_srvcli
[0.055s] -- The C compiler identification is GNU 11.4.0
[0.101s] -- The CXX compiler identification is GNU 11.4.0
[0.108s] -- Detecting C compiler ABI info
[0.162s] -- Detecting C compiler ABI info - done
[0.169s] -- Check for working C compiler: /usr/bin/cc - skipped
[0.169s] -- Detecting C compile features
[0.169s] -- Detecting C compile features - done
[0.172s] -- Detecting CXX compiler ABI info
[0.236s] -- Detecting CXX compiler ABI info - done
[0.243s] -- Check for working CXX compiler: /usr/bin/c++ - skipped
[0.244s] -- Detecting CXX compile features
[0.244s] -- Detecting CXX compile features - done
[0.247s] -- Found ament_cmake: 1.3.5 (/opt/ros/humble/share/ament_cmake/cmake)
[0.407s] -- Found Python3: /usr/bin/python3.10 (found version "3.10.12") found components: Interpreter 
[0.495s] -- Found rclcpp: 16.0.5 (/opt/ros/humble/share/rclcpp/cmake)
[0.541s] -- Found rosidl_generator_c: 3.1.5 (/opt/ros/humble/share/rosidl_generator_c/cmake)
[0.547s] -- Found rosidl_adapter: 3.1.5 (/opt/ros/humble/share/rosidl_adapter/cmake)
[0.556s] -- Found rosidl_generator_cpp: 3.1.5 (/opt/ros/humble/share/rosidl_generator_cpp/cmake)
[0.571s] -- Using all available rosidl_typesupport_c: rosidl_typesupport_fastrtps_c;rosidl_typesupport_introspection_c
[0.591s] -- Using all available rosidl_typesupport_cpp: rosidl_typesupport_fastrtps_cpp;rosidl_typesupport_introspection_cpp
[0.665s] -- Found rmw_implementation_cmake: 6.1.1 (/opt/ros/humble/share/rmw_implementation_cmake/cmake)
[0.669s] -- Found rmw_fastrtps_cpp: 6.2.3 (/opt/ros/humble/share/rmw_fastrtps_cpp/cmake)
[0.755s] -- Found OpenSSL: /usr/lib/x86_64-linux-gnu/libcrypto.so (found version "3.0.2")  
[0.780s] -- Found FastRTPS: /opt/ros/humble/include  
[0.824s] -- Using RMW implementation 'rmw_fastrtps_cpp' as default
[0.834s] -- Looking for pthread.h
[0.890s] -- Looking for pthread.h - found
[0.891s] -- Performing Test CMAKE_HAVE_LIBC_PTHREAD
[0.952s] -- Performing Test CMAKE_HAVE_LIBC_PTHREAD - Success
[0.953s] -- Found Threads: TRUE  
[1.123s] -- Found example_interfaces: 0.9.3 (/opt/ros/humble/share/example_interfaces/cmake)
[1.348s] -- Configuring done
[1.358s] -- Generating done
[1.359s] -- Build files have been written to: /home/expert_amateur/vbm_ws/build/cpp_srvcli
[1.366s] Invoked command in '/home/expert_amateur/vbm_ws/build/cpp_srvcli' returned '0': CMAKE_PREFIX_PATH=${CMAKE_PREFIX_PATH}:/home/expert_amateur/voidwalking/ros2_ws/install/waypoints:/opt/ros/humble /usr/bin/cmake /home/expert_amateur/vbm_ws/src/cpp_srvcli -DCMAKE_INSTALL_PREFIX=/home/expert_amateur/vbm_ws/install/cpp_srvcli
[1.367s] Invoking command in '/home/expert_amateur/vbm_ws/build/cpp_srvcli': CMAKE_PREFIX_PATH=${CMAKE_PREFIX_PATH}:/home/expert_amateur/voidwalking/ros2_ws/install/waypoints:/opt/ros/humble /usr/bin/cmake --build /home/expert_amateur/vbm_ws/build/cpp_srvcli -- -j12 -l12
[1.406s] [ 50%] [32mBuilding CXX object CMakeFiles/client.dir/src/add_two_ints_client.cpp.o[0m
[1.406s] [ 50%] [32mBuilding CXX object CMakeFiles/server.dir/src/add_two_ints_server.cpp.o[0m
[4.435s] [ 75%] [32m[1mLinking CXX executable server[0m
[4.570s] [ 75%] Built target server
[4.604s] [100%] [32m[1mLinking CXX executable client[0m
[4.727s] [100%] Built target client
[4.737s] Invoked command in '/home/expert_amateur/vbm_ws/build/cpp_srvcli' returned '0': CMAKE_PREFIX_PATH=${CMAKE_PREFIX_PATH}:/home/expert_amateur/voidwalking/ros2_ws/install/waypoints:/opt/ros/humble /usr/bin/cmake --build /home/expert_amateur/vbm_ws/build/cpp_srvcli -- -j12 -l12
[4.758s] Invoking command in '/home/expert_amateur/vbm_ws/build/cpp_srvcli': CMAKE_PREFIX_PATH=${CMAKE_PREFIX_PATH}:/home/expert_amateur/voidwalking/ros2_ws/install/waypoints:/opt/ros/humble /usr/bin/cmake --install /home/expert_amateur/vbm_ws/build/cpp_srvcli
[4.764s] -- Install configuration: ""
[4.764s] -- Installing: /home/expert_amateur/vbm_ws/install/cpp_srvcli/lib/cpp_srvcli/server
[4.764s] -- Set runtime path of "/home/expert_amateur/vbm_ws/install/cpp_srvcli/lib/cpp_srvcli/server" to ""
[4.765s] -- Installing: /home/expert_amateur/vbm_ws/install/cpp_srvcli/lib/cpp_srvcli/client
[4.765s] -- Set runtime path of "/home/expert_amateur/vbm_ws/install/cpp_srvcli/lib/cpp_srvcli/client" to ""
[4.765s] -- Installing: /home/expert_amateur/vbm_ws/install/cpp_srvcli/share/ament_index/resource_index/package_run_dependencies/cpp_srvcli
[4.765s] -- Installing: /home/expert_amateur/vbm_ws/install/cpp_srvcli/share/ament_index/resource_index/parent_prefix_path/cpp_srvcli
[4.766s] -- Installing: /home/expert_amateur/vbm_ws/install/cpp_srvcli/share/cpp_srvcli/environment/ament_prefix_path.sh
[4.766s] -- Installing: /home/expert_amateur/vbm_ws/install/cpp_srvcli/share/cpp_srvcli/environment/ament_prefix_path.dsv
[4.766s] -- Installing: /home/expert_amateur/vbm_ws/install/cpp_srvcli/share/cpp_srvcli/environment/path.sh
[4.766s] -- Installing: /home/expert_amateur/vbm_ws/install/cpp_srvcli/share/cpp_srvcli/environment/path.dsv
[4.766s] -- Installing: /home/expert_amateur/vbm_ws/install/cpp_srvcli/share/cpp_srvcli/local_setup.bash
[4.766s] -- Installing: /home/expert_amateur/vbm_ws/install/cpp_srvcli/share/cpp_srvcli/local_setup.sh
[4.766s] -- Installing: /home/expert_amateur/vbm_ws/install/cpp_srvcli/share/cpp_srvcli/local_setup.zsh
[4.766s] -- Installing: /home/expert_amateur/vbm_ws/install/cpp_srvcli/share/cpp_srvcli/local_setup.dsv
[4.766s] -- Installing: /home/expert_amateur/vbm_ws/install/cpp_srvcli/share/cpp_srvcli/package.dsv
[4.766s] -- Installing: /home/expert_amateur/vbm_ws/install/cpp_srvcli/share/ament_index/resource_index/packages/cpp_srvcli
[4.766s] -- Installing: /home/expert_amateur/vbm_ws/install/cpp_srvcli/share/cpp_srvcli/cmake/cpp_srvcliConfig.cmake
[4.766s] -- Installing: /home/expert_amateur/vbm_ws/install/cpp_srvcli/share/cpp_srvcli/cmake/cpp_srvcliConfig-version.cmake
[4.766s] -- Installing: /home/expert_amateur/vbm_ws/install/cpp_srvcli/share/cpp_srvcli/package.xml
[4.770s] Invoked command in '/home/expert_amateur/vbm_ws/build/cpp_srvcli' returned '0': CMAKE_PREFIX_PATH=${CMAKE_PREFIX_PATH}:/home/expert_amateur/voidwalking/ros2_ws/install/waypoints:/opt/ros/humble /usr/bin/cmake --install /home/expert_amateur/vbm_ws/build/cpp_srvcli
