[0.832s] Invoking command in '/home/expert_amateur/vbm_ws/build/rrbot_description': CMAKE_PREFIX_PATH=${CMAKE_PREFIX_PATH}:/home/expert_amateur/voidwalking/ros2_ws/install/waypoints:/opt/ros/humble /usr/bin/cmake --build /home/expert_amateur/vbm_ws/build/rrbot_description -- -j12 -l12
[0.888s] Invoked command in '/home/expert_amateur/vbm_ws/build/rrbot_description' returned '0': CMAKE_PREFIX_PATH=${CMAKE_PREFIX_PATH}:/home/expert_amateur/voidwalking/ros2_ws/install/waypoints:/opt/ros/humble /usr/bin/cmake --build /home/expert_amateur/vbm_ws/build/rrbot_description -- -j12 -l12
[0.936s] Invoking command in '/home/expert_amateur/vbm_ws/build/rrbot_description': CMAKE_PREFIX_PATH=${CMAKE_PREFIX_PATH}:/home/expert_amateur/voidwalking/ros2_ws/install/waypoints:/opt/ros/humble /usr/bin/cmake --install /home/expert_amateur/vbm_ws/build/rrbot_description
[0.949s] -- Install configuration: ""
[0.950s] -- Up-to-date: /home/expert_amateur/vbm_ws/install/rrbot_description/share/rrbot_description/config
[0.950s] -- Up-to-date: /home/expert_amateur/vbm_ws/install/rrbot_description/share/rrbot_description/config/rrbot.rviz
[0.950s] -- Up-to-date: /home/expert_amateur/vbm_ws/install/rrbot_description/share/rrbot_description/gazebo
[0.950s] -- Up-to-date: /home/expert_amateur/vbm_ws/install/rrbot_description/share/rrbot_description/gazebo/rrbot.materials.xacro
[0.950s] -- Up-to-date: /home/expert_amateur/vbm_ws/install/rrbot_description/share/rrbot_description/gazebo/rrbot.gazebo.xacro
[0.950s] -- Up-to-date: /home/expert_amateur/vbm_ws/install/rrbot_description/share/rrbot_description/meshes
[0.952s] -- Up-to-date: /home/expert_amateur/vbm_ws/install/rrbot_description/share/rrbot_description/meshes/hokuyo.dae
[0.952s] -- Up-to-date: /home/expert_amateur/vbm_ws/install/rrbot_description/share/rrbot_description/launch
[0.952s] -- Up-to-date: /home/expert_amateur/vbm_ws/install/rrbot_description/share/rrbot_description/launch/view_robot.launch.py
[0.952s] -- Up-to-date: /home/expert_amateur/vbm_ws/install/rrbot_description/share/rrbot_description/launch/object_spawn.launch.py
[0.953s] -- Up-to-date: /home/expert_amateur/vbm_ws/install/rrbot_description/share/rrbot_description/ros2_control
[0.953s] -- Up-to-date: /home/expert_amateur/vbm_ws/install/rrbot_description/share/rrbot_description/ros2_control/rrbot.ros2_control.xacro
[0.953s] -- Up-to-date: /home/expert_amateur/vbm_ws/install/rrbot_description/share/rrbot_description/urdf
[0.953s] -- Up-to-date: /home/expert_amateur/vbm_ws/install/rrbot_description/share/rrbot_description/urdf/rrbot_description.urdf.xacro
[0.953s] -- Up-to-date: /home/expert_amateur/vbm_ws/install/rrbot_description/share/rrbot_description/urdf/object.urdf
[0.953s] -- Up-to-date: /home/expert_amateur/vbm_ws/install/rrbot_description/share/rrbot_description/urdf/rrbot.urdf.xacro
[0.953s] -- Up-to-date: /home/expert_amateur/vbm_ws/install/rrbot_description/share/rrbot_description/environment/rrbot_description.dsv
[0.953s] -- Up-to-date: /home/expert_amateur/vbm_ws/install/rrbot_description/share/ament_index/resource_index/package_run_dependencies/rrbot_description
[0.953s] -- Up-to-date: /home/expert_amateur/vbm_ws/install/rrbot_description/share/ament_index/resource_index/parent_prefix_path/rrbot_description
[0.953s] -- Up-to-date: /home/expert_amateur/vbm_ws/install/rrbot_description/share/rrbot_description/environment/ament_prefix_path.sh
[0.954s] -- Up-to-date: /home/expert_amateur/vbm_ws/install/rrbot_description/share/rrbot_description/environment/ament_prefix_path.dsv
[0.954s] -- Up-to-date: /home/expert_amateur/vbm_ws/install/rrbot_description/share/rrbot_description/environment/path.sh
[0.954s] -- Up-to-date: /home/expert_amateur/vbm_ws/install/rrbot_description/share/rrbot_description/environment/path.dsv
[0.954s] -- Up-to-date: /home/expert_amateur/vbm_ws/install/rrbot_description/share/rrbot_description/local_setup.bash
[0.954s] -- Up-to-date: /home/expert_amateur/vbm_ws/install/rrbot_description/share/rrbot_description/local_setup.sh
[0.954s] -- Up-to-date: /home/expert_amateur/vbm_ws/install/rrbot_description/share/rrbot_description/local_setup.zsh
[0.954s] -- Up-to-date: /home/expert_amateur/vbm_ws/install/rrbot_description/share/rrbot_description/local_setup.dsv
[0.955s] -- Installing: /home/expert_amateur/vbm_ws/install/rrbot_description/share/rrbot_description/package.dsv
[0.955s] -- Up-to-date: /home/expert_amateur/vbm_ws/install/rrbot_description/share/ament_index/resource_index/packages/rrbot_description
[0.955s] -- Up-to-date: /home/expert_amateur/vbm_ws/install/rrbot_description/share/rrbot_description/cmake/rrbot_descriptionConfig.cmake
[0.955s] -- Up-to-date: /home/expert_amateur/vbm_ws/install/rrbot_description/share/rrbot_description/cmake/rrbot_descriptionConfig-version.cmake
[0.955s] -- Up-to-date: /home/expert_amateur/vbm_ws/install/rrbot_description/share/rrbot_description/package.xml
[0.968s] Invoked command in '/home/expert_amateur/vbm_ws/build/rrbot_description' returned '0': CMAKE_PREFIX_PATH=${CMAKE_PREFIX_PATH}:/home/expert_amateur/voidwalking/ros2_ws/install/waypoints:/opt/ros/humble /usr/bin/cmake --install /home/expert_amateur/vbm_ws/build/rrbot_description
