[0.359s] DEBUG:colcon:Command line arguments: ['/usr/bin/colcon', 'build']
[0.359s] DEBUG:colcon:Parsed command line arguments: Namespace(log_base=None, log_level=None, verb_name='build', build_base='build', install_base='install', merge_install=False, symlink_install=False, test_result_base=None, continue_on_error=False, executor='parallel', parallel_workers=12, event_handlers=None, ignore_user_meta=False, metas=['./colcon.meta'], base_paths=['.'], packages_ignore=None, packages_ignore_regex=None, paths=None, packages_up_to=None, packages_up_to_regex=None, packages_above=None, packages_above_and_dependencies=None, packages_above_depth=None, packages_select_by_dep=None, packages_skip_by_dep=None, packages_skip_up_to=None, packages_select_build_failed=False, packages_skip_build_finished=False, packages_select_test_failures=False, packages_skip_test_passed=False, packages_select=None, packages_skip=None, packages_select_regex=None, packages_skip_regex=None, packages_start=None, packages_end=None, allow_overriding=[], cmake_args=None, cmake_target=None, cmake_target_skip_unavailable=False, cmake_clean_cache=False, cmake_clean_first=False, cmake_force_configure=False, ament_cmake_args=None, catkin_cmake_args=None, catkin_skip_building_tests=False, verb_parser=<colcon_defaults.argument_parser.defaults.DefaultArgumentsDecorator object at 0x7f679350a8c0>, verb_extension=<colcon_core.verb.build.BuildVerb object at 0x7f679350a350>, main=<bound method BuildVerb.main of <colcon_core.verb.build.BuildVerb object at 0x7f679350a350>>)
[0.381s] Level 1:colcon.colcon_core.package_discovery:discover_packages(colcon_meta) check parameters
[0.381s] Level 1:colcon.colcon_core.package_discovery:discover_packages(recursive) check parameters
[0.381s] Level 1:colcon.colcon_core.package_discovery:discover_packages(ignore) check parameters
[0.381s] Level 1:colcon.colcon_core.package_discovery:discover_packages(path) check parameters
[0.381s] Level 1:colcon.colcon_core.package_discovery:discover_packages(colcon_meta) discover
[0.381s] Level 1:colcon.colcon_core.package_discovery:discover_packages(recursive) discover
[0.381s] INFO:colcon.colcon_core.package_discovery:Crawling recursively for packages in '/home/expert_amateur/vbm_ws/src/cpp_pubsub'
[0.381s] Level 1:colcon.colcon_core.package_identification:_identify(.) by extensions ['ignore', 'ignore_ament_install']
[0.382s] Level 1:colcon.colcon_core.package_identification:_identify(.) by extension 'ignore'
[0.382s] Level 1:colcon.colcon_core.package_identification:_identify(.) by extension 'ignore_ament_install'
[0.382s] Level 1:colcon.colcon_core.package_identification:_identify(.) by extensions ['colcon_pkg']
[0.382s] Level 1:colcon.colcon_core.package_identification:_identify(.) by extension 'colcon_pkg'
[0.382s] Level 1:colcon.colcon_core.package_identification:_identify(.) by extensions ['colcon_meta']
[0.382s] Level 1:colcon.colcon_core.package_identification:_identify(.) by extension 'colcon_meta'
[0.382s] Level 1:colcon.colcon_core.package_identification:_identify(.) by extensions ['ros']
[0.382s] Level 1:colcon.colcon_core.package_identification:_identify(.) by extension 'ros'
[0.405s] DEBUG:colcon.colcon_core.package_identification:Package '.' with type 'ros.ament_cmake' and name 'cpp_pubsub'
[0.406s] Level 1:colcon.colcon_core.package_discovery:discover_packages(recursive) using defaults
[0.406s] Level 1:colcon.colcon_core.package_discovery:discover_packages(ignore) discover
[0.406s] Level 1:colcon.colcon_core.package_discovery:discover_packages(ignore) using defaults
[0.406s] Level 1:colcon.colcon_core.package_discovery:discover_packages(path) discover
[0.406s] Level 1:colcon.colcon_core.package_discovery:discover_packages(path) using defaults
[0.426s] Level 1:colcon.colcon_core.package_discovery:discover_packages(prefix_path) check parameters
[0.426s] Level 1:colcon.colcon_core.package_discovery:discover_packages(prefix_path) discover
[0.429s] DEBUG:colcon.colcon_installed_package_information.package_discovery:Found 1 installed packages in /home/expert_amateur/voidwalking/arduino_ws/microros_ws/install
[0.430s] DEBUG:colcon.colcon_installed_package_information.package_discovery:Found 10 installed packages in /home/expert_amateur/voidwalking/ros2_ws/install
[0.432s] DEBUG:colcon.colcon_installed_package_information.package_discovery:Found 416 installed packages in /opt/ros/humble
[0.434s] Level 1:colcon.colcon_core.package_discovery:discover_packages(prefix_path) using defaults
[0.512s] Level 5:colcon.colcon_core.verb:set package 'cpp_pubsub' build argument 'cmake_args' from command line to 'None'
[0.512s] Level 5:colcon.colcon_core.verb:set package 'cpp_pubsub' build argument 'cmake_target' from command line to 'None'
[0.512s] Level 5:colcon.colcon_core.verb:set package 'cpp_pubsub' build argument 'cmake_target_skip_unavailable' from command line to 'False'
[0.512s] Level 5:colcon.colcon_core.verb:set package 'cpp_pubsub' build argument 'cmake_clean_cache' from command line to 'False'
[0.512s] Level 5:colcon.colcon_core.verb:set package 'cpp_pubsub' build argument 'cmake_clean_first' from command line to 'False'
[0.512s] Level 5:colcon.colcon_core.verb:set package 'cpp_pubsub' build argument 'cmake_force_configure' from command line to 'False'
[0.512s] Level 5:colcon.colcon_core.verb:set package 'cpp_pubsub' build argument 'ament_cmake_args' from command line to 'None'
[0.512s] Level 5:colcon.colcon_core.verb:set package 'cpp_pubsub' build argument 'catkin_cmake_args' from command line to 'None'
[0.512s] Level 5:colcon.colcon_core.verb:set package 'cpp_pubsub' build argument 'catkin_skip_building_tests' from command line to 'False'
[0.512s] DEBUG:colcon.colcon_core.verb:Building package 'cpp_pubsub' with the following arguments: {'ament_cmake_args': None, 'build_base': '/home/expert_amateur/vbm_ws/src/cpp_pubsub/build/cpp_pubsub', 'catkin_cmake_args': None, 'catkin_skip_building_tests': False, 'cmake_args': None, 'cmake_clean_cache': False, 'cmake_clean_first': False, 'cmake_force_configure': False, 'cmake_target': None, 'cmake_target_skip_unavailable': False, 'install_base': '/home/expert_amateur/vbm_ws/src/cpp_pubsub/install/cpp_pubsub', 'merge_install': False, 'path': '/home/expert_amateur/vbm_ws/src/cpp_pubsub', 'symlink_install': False, 'test_result_base': None}
[0.513s] INFO:colcon.colcon_core.executor:Executing jobs using 'parallel' executor
[0.516s] DEBUG:colcon.colcon_parallel_executor.executor.parallel:run_until_complete
[0.516s] INFO:colcon.colcon_ros.task.ament_cmake.build:Building ROS package in '/home/expert_amateur/vbm_ws/src/cpp_pubsub' with build type 'ament_cmake'
[0.517s] INFO:colcon.colcon_cmake.task.cmake.build:Building CMake package in '/home/expert_amateur/vbm_ws/src/cpp_pubsub'
[0.521s] INFO:colcon.colcon_core.plugin_system:Skipping extension 'colcon_core.shell.bat': Not used on non-Windows systems
[0.521s] INFO:colcon.colcon_core.shell:Skip shell extension 'powershell' for command environment: Not usable outside of PowerShell
[0.521s] DEBUG:colcon.colcon_core.shell:Skip shell extension 'dsv' for command environment
[0.531s] DEBUG:colcon.colcon_core.event_handler.log_command:Invoking command in '/home/expert_amateur/vbm_ws/src/cpp_pubsub/build/cpp_pubsub': CMAKE_PREFIX_PATH=${CMAKE_PREFIX_PATH}:/home/expert_amateur/voidwalking/ros2_ws/install/waypoints:/opt/ros/humble /usr/bin/cmake /home/expert_amateur/vbm_ws/src/cpp_pubsub -DCMAKE_INSTALL_PREFIX=/home/expert_amateur/vbm_ws/src/cpp_pubsub/install/cpp_pubsub
[1.871s] DEBUG:colcon.colcon_core.event_handler.log_command:Invoked command in '/home/expert_amateur/vbm_ws/src/cpp_pubsub/build/cpp_pubsub' returned '0': CMAKE_PREFIX_PATH=${CMAKE_PREFIX_PATH}:/home/expert_amateur/voidwalking/ros2_ws/install/waypoints:/opt/ros/humble /usr/bin/cmake /home/expert_amateur/vbm_ws/src/cpp_pubsub -DCMAKE_INSTALL_PREFIX=/home/expert_amateur/vbm_ws/src/cpp_pubsub/install/cpp_pubsub
[1.872s] DEBUG:colcon.colcon_core.event_handler.log_command:Invoking command in '/home/expert_amateur/vbm_ws/src/cpp_pubsub/build/cpp_pubsub': CMAKE_PREFIX_PATH=${CMAKE_PREFIX_PATH}:/home/expert_amateur/voidwalking/ros2_ws/install/waypoints:/opt/ros/humble /usr/bin/cmake --build /home/expert_amateur/vbm_ws/src/cpp_pubsub/build/cpp_pubsub -- -j12 -l12
[10.016s] DEBUG:colcon.colcon_core.event_handler.log_command:Invoked command in '/home/expert_amateur/vbm_ws/src/cpp_pubsub/build/cpp_pubsub' returned '0': CMAKE_PREFIX_PATH=${CMAKE_PREFIX_PATH}:/home/expert_amateur/voidwalking/ros2_ws/install/waypoints:/opt/ros/humble /usr/bin/cmake --build /home/expert_amateur/vbm_ws/src/cpp_pubsub/build/cpp_pubsub -- -j12 -l12
[10.049s] DEBUG:colcon.colcon_core.event_handler.log_command:Invoking command in '/home/expert_amateur/vbm_ws/src/cpp_pubsub/build/cpp_pubsub': CMAKE_PREFIX_PATH=${CMAKE_PREFIX_PATH}:/home/expert_amateur/voidwalking/ros2_ws/install/waypoints:/opt/ros/humble /usr/bin/cmake --install /home/expert_amateur/vbm_ws/src/cpp_pubsub/build/cpp_pubsub
[10.064s] Level 1:colcon.colcon_core.environment:create_environment_scripts_only(cpp_pubsub)
[10.065s] DEBUG:colcon.colcon_core.event_handler.log_command:Invoked command in '/home/expert_amateur/vbm_ws/src/cpp_pubsub/build/cpp_pubsub' returned '0': CMAKE_PREFIX_PATH=${CMAKE_PREFIX_PATH}:/home/expert_amateur/voidwalking/ros2_ws/install/waypoints:/opt/ros/humble /usr/bin/cmake --install /home/expert_amateur/vbm_ws/src/cpp_pubsub/build/cpp_pubsub
[10.069s] Level 1:colcon.colcon_core.environment:checking '/home/expert_amateur/vbm_ws/src/cpp_pubsub/install/cpp_pubsub' for CMake module files
[10.070s] Level 1:colcon.colcon_core.environment:checking '/home/expert_amateur/vbm_ws/src/cpp_pubsub/install/cpp_pubsub' for CMake config files
[10.070s] Level 1:colcon.colcon_core.shell:create_environment_hook('cpp_pubsub', 'cmake_prefix_path')
[10.071s] INFO:colcon.colcon_core.shell:Creating environment hook '/home/expert_amateur/vbm_ws/src/cpp_pubsub/install/cpp_pubsub/share/cpp_pubsub/hook/cmake_prefix_path.ps1'
[10.072s] INFO:colcon.colcon_core.shell:Creating environment descriptor '/home/expert_amateur/vbm_ws/src/cpp_pubsub/install/cpp_pubsub/share/cpp_pubsub/hook/cmake_prefix_path.dsv'
[10.073s] INFO:colcon.colcon_core.shell:Creating environment hook '/home/expert_amateur/vbm_ws/src/cpp_pubsub/install/cpp_pubsub/share/cpp_pubsub/hook/cmake_prefix_path.sh'
[10.074s] Level 1:colcon.colcon_core.environment:checking '/home/expert_amateur/vbm_ws/src/cpp_pubsub/install/cpp_pubsub/lib'
[10.074s] Level 1:colcon.colcon_core.environment:checking '/home/expert_amateur/vbm_ws/src/cpp_pubsub/install/cpp_pubsub/bin'
[10.074s] Level 1:colcon.colcon_core.environment:checking '/home/expert_amateur/vbm_ws/src/cpp_pubsub/install/cpp_pubsub/lib/pkgconfig/cpp_pubsub.pc'
[10.074s] Level 1:colcon.colcon_core.environment:checking '/home/expert_amateur/vbm_ws/src/cpp_pubsub/install/cpp_pubsub/lib/python3.10/site-packages'
[10.074s] Level 1:colcon.colcon_core.environment:checking '/home/expert_amateur/vbm_ws/src/cpp_pubsub/install/cpp_pubsub/bin'
[10.076s] INFO:colcon.colcon_core.shell:Creating package script '/home/expert_amateur/vbm_ws/src/cpp_pubsub/install/cpp_pubsub/share/cpp_pubsub/package.ps1'
[10.076s] INFO:colcon.colcon_core.shell:Creating package descriptor '/home/expert_amateur/vbm_ws/src/cpp_pubsub/install/cpp_pubsub/share/cpp_pubsub/package.dsv'
[10.077s] INFO:colcon.colcon_core.shell:Creating package script '/home/expert_amateur/vbm_ws/src/cpp_pubsub/install/cpp_pubsub/share/cpp_pubsub/package.sh'
[10.078s] INFO:colcon.colcon_core.shell:Creating package script '/home/expert_amateur/vbm_ws/src/cpp_pubsub/install/cpp_pubsub/share/cpp_pubsub/package.bash'
[10.079s] INFO:colcon.colcon_core.shell:Creating package script '/home/expert_amateur/vbm_ws/src/cpp_pubsub/install/cpp_pubsub/share/cpp_pubsub/package.zsh'
[10.079s] Level 1:colcon.colcon_core.environment:create_file_with_runtime_dependencies(/home/expert_amateur/vbm_ws/src/cpp_pubsub/install/cpp_pubsub/share/colcon-core/packages/cpp_pubsub)
[10.105s] Level 1:colcon.colcon_core.environment:create_environment_scripts_only(cpp_pubsub)
[10.107s] Level 1:colcon.colcon_core.environment:checking '/home/expert_amateur/vbm_ws/src/cpp_pubsub/install/cpp_pubsub' for CMake module files
[10.108s] Level 1:colcon.colcon_core.environment:checking '/home/expert_amateur/vbm_ws/src/cpp_pubsub/install/cpp_pubsub' for CMake config files
[10.108s] Level 1:colcon.colcon_core.shell:create_environment_hook('cpp_pubsub', 'cmake_prefix_path')
[10.109s] INFO:colcon.colcon_core.shell:Creating environment hook '/home/expert_amateur/vbm_ws/src/cpp_pubsub/install/cpp_pubsub/share/cpp_pubsub/hook/cmake_prefix_path.ps1'
[10.110s] INFO:colcon.colcon_core.shell:Creating environment descriptor '/home/expert_amateur/vbm_ws/src/cpp_pubsub/install/cpp_pubsub/share/cpp_pubsub/hook/cmake_prefix_path.dsv'
[10.110s] INFO:colcon.colcon_core.shell:Creating environment hook '/home/expert_amateur/vbm_ws/src/cpp_pubsub/install/cpp_pubsub/share/cpp_pubsub/hook/cmake_prefix_path.sh'
[10.111s] Level 1:colcon.colcon_core.environment:checking '/home/expert_amateur/vbm_ws/src/cpp_pubsub/install/cpp_pubsub/lib'
[10.111s] Level 1:colcon.colcon_core.environment:checking '/home/expert_amateur/vbm_ws/src/cpp_pubsub/install/cpp_pubsub/bin'
[10.111s] Level 1:colcon.colcon_core.environment:checking '/home/expert_amateur/vbm_ws/src/cpp_pubsub/install/cpp_pubsub/lib/pkgconfig/cpp_pubsub.pc'
[10.111s] Level 1:colcon.colcon_core.environment:checking '/home/expert_amateur/vbm_ws/src/cpp_pubsub/install/cpp_pubsub/lib/python3.10/site-packages'
[10.111s] Level 1:colcon.colcon_core.environment:checking '/home/expert_amateur/vbm_ws/src/cpp_pubsub/install/cpp_pubsub/bin'
[10.113s] INFO:colcon.colcon_core.shell:Creating package script '/home/expert_amateur/vbm_ws/src/cpp_pubsub/install/cpp_pubsub/share/cpp_pubsub/package.ps1'
[10.113s] INFO:colcon.colcon_core.shell:Creating package descriptor '/home/expert_amateur/vbm_ws/src/cpp_pubsub/install/cpp_pubsub/share/cpp_pubsub/package.dsv'
[10.114s] INFO:colcon.colcon_core.shell:Creating package script '/home/expert_amateur/vbm_ws/src/cpp_pubsub/install/cpp_pubsub/share/cpp_pubsub/package.sh'
[10.114s] INFO:colcon.colcon_core.shell:Creating package script '/home/expert_amateur/vbm_ws/src/cpp_pubsub/install/cpp_pubsub/share/cpp_pubsub/package.bash'
[10.115s] INFO:colcon.colcon_core.shell:Creating package script '/home/expert_amateur/vbm_ws/src/cpp_pubsub/install/cpp_pubsub/share/cpp_pubsub/package.zsh'
[10.115s] Level 1:colcon.colcon_core.environment:create_file_with_runtime_dependencies(/home/expert_amateur/vbm_ws/src/cpp_pubsub/install/cpp_pubsub/share/colcon-core/packages/cpp_pubsub)
[10.116s] DEBUG:colcon.colcon_parallel_executor.executor.parallel:closing loop
[10.116s] DEBUG:colcon.colcon_parallel_executor.executor.parallel:loop closed
[10.116s] DEBUG:colcon.colcon_parallel_executor.executor.parallel:run_until_complete finished with '0'
[10.116s] DEBUG:colcon.colcon_core.event_reactor:joining thread
[10.121s] INFO:colcon.colcon_core.plugin_system:Skipping extension 'colcon_notification.desktop_notification.terminal_notifier': Not used on non-Darwin systems
[10.121s] INFO:colcon.colcon_core.plugin_system:Skipping extension 'colcon_notification.desktop_notification.win32': Not used on non-Windows systems
[10.121s] INFO:colcon.colcon_notification.desktop_notification:Sending desktop notification using 'notify2'
[10.132s] DEBUG:colcon.colcon_core.event_reactor:joined thread
[10.134s] INFO:colcon.colcon_core.shell:Creating prefix script '/home/expert_amateur/vbm_ws/src/cpp_pubsub/install/local_setup.ps1'
[10.135s] INFO:colcon.colcon_core.shell:Creating prefix util module '/home/expert_amateur/vbm_ws/src/cpp_pubsub/install/_local_setup_util_ps1.py'
[10.136s] INFO:colcon.colcon_core.shell:Creating prefix chain script '/home/expert_amateur/vbm_ws/src/cpp_pubsub/install/setup.ps1'
[10.138s] INFO:colcon.colcon_core.shell:Creating prefix script '/home/expert_amateur/vbm_ws/src/cpp_pubsub/install/local_setup.sh'
[10.139s] INFO:colcon.colcon_core.shell:Creating prefix util module '/home/expert_amateur/vbm_ws/src/cpp_pubsub/install/_local_setup_util_sh.py'
[10.140s] INFO:colcon.colcon_core.shell:Creating prefix chain script '/home/expert_amateur/vbm_ws/src/cpp_pubsub/install/setup.sh'
[10.141s] INFO:colcon.colcon_core.shell:Creating prefix script '/home/expert_amateur/vbm_ws/src/cpp_pubsub/install/local_setup.bash'
[10.142s] INFO:colcon.colcon_core.shell:Creating prefix chain script '/home/expert_amateur/vbm_ws/src/cpp_pubsub/install/setup.bash'
[10.143s] INFO:colcon.colcon_core.shell:Creating prefix script '/home/expert_amateur/vbm_ws/src/cpp_pubsub/install/local_setup.zsh'
[10.144s] INFO:colcon.colcon_core.shell:Creating prefix chain script '/home/expert_amateur/vbm_ws/src/cpp_pubsub/install/setup.zsh'
