[0.048s] Invoking command in '/home/expert_amateur/vbm_ws/build/polygon_base': CMAKE_PREFIX_PATH=${CMAKE_PREFIX_PATH}:/home/expert_amateur/voidwalking/ros2_ws/install/waypoints:/opt/ros/humble /usr/bin/cmake --build /home/expert_amateur/vbm_ws/build/polygon_base -- -j12 -l12
[0.106s] [100%] Built target area_node
[0.151s] Invoked command in '/home/expert_amateur/vbm_ws/build/polygon_base' returned '0': CMAKE_PREFIX_PATH=${CMAKE_PREFIX_PATH}:/home/expert_amateur/voidwalking/ros2_ws/install/waypoints:/opt/ros/humble /usr/bin/cmake --build /home/expert_amateur/vbm_ws/build/polygon_base -- -j12 -l12
[0.212s] Invoking command in '/home/expert_amateur/vbm_ws/build/polygon_base': CMAKE_PREFIX_PATH=${CMAKE_PREFIX_PATH}:/home/expert_amateur/voidwalking/ros2_ws/install/waypoints:/opt/ros/humble /usr/bin/cmake --install /home/expert_amateur/vbm_ws/build/polygon_base
[0.227s] -- Install configuration: ""
[0.227s] -- Up-to-date: /home/expert_amateur/vbm_ws/install/polygon_base/include
[0.227s] -- Up-to-date: /home/expert_amateur/vbm_ws/install/polygon_base/include/polygon_base
[0.227s] -- Up-to-date: /home/expert_amateur/vbm_ws/install/polygon_base/include/polygon_base/regular_polygon.hpp
[0.228s] -- Up-to-date: /home/expert_amateur/vbm_ws/install/polygon_base/lib/polygon_base/area_node
[0.228s] -- Up-to-date: /home/expert_amateur/vbm_ws/install/polygon_base/share/ament_index/resource_index/package_run_dependencies/polygon_base
[0.228s] -- Up-to-date: /home/expert_amateur/vbm_ws/install/polygon_base/share/ament_index/resource_index/parent_prefix_path/polygon_base
[0.228s] -- Up-to-date: /home/expert_amateur/vbm_ws/install/polygon_base/share/polygon_base/environment/ament_prefix_path.sh
[0.228s] -- Up-to-date: /home/expert_amateur/vbm_ws/install/polygon_base/share/polygon_base/environment/ament_prefix_path.dsv
[0.229s] -- Up-to-date: /home/expert_amateur/vbm_ws/install/polygon_base/share/polygon_base/environment/path.sh
[0.229s] -- Up-to-date: /home/expert_amateur/vbm_ws/install/polygon_base/share/polygon_base/environment/path.dsv
[0.230s] -- Up-to-date: /home/expert_amateur/vbm_ws/install/polygon_base/share/polygon_base/local_setup.bash
[0.230s] -- Up-to-date: /home/expert_amateur/vbm_ws/install/polygon_base/share/polygon_base/local_setup.sh
[0.230s] -- Up-to-date: /home/expert_amateur/vbm_ws/install/polygon_base/share/polygon_base/local_setup.zsh
[0.230s] -- Up-to-date: /home/expert_amateur/vbm_ws/install/polygon_base/share/polygon_base/local_setup.dsv
[0.230s] -- Installing: /home/expert_amateur/vbm_ws/install/polygon_base/share/polygon_base/package.dsv
[0.230s] -- Up-to-date: /home/expert_amateur/vbm_ws/install/polygon_base/share/ament_index/resource_index/packages/polygon_base
[0.230s] -- Up-to-date: /home/expert_amateur/vbm_ws/install/polygon_base/share/polygon_base/cmake/ament_cmake_export_include_directories-extras.cmake
[0.230s] -- Up-to-date: /home/expert_amateur/vbm_ws/install/polygon_base/share/polygon_base/cmake/polygon_baseConfig.cmake
[0.231s] -- Up-to-date: /home/expert_amateur/vbm_ws/install/polygon_base/share/polygon_base/cmake/polygon_baseConfig-version.cmake
[0.235s] -- Up-to-date: /home/expert_amateur/vbm_ws/install/polygon_base/share/polygon_base/package.xml
[0.235s] Invoked command in '/home/expert_amateur/vbm_ws/build/polygon_base' returned '0': CMAKE_PREFIX_PATH=${CMAKE_PREFIX_PATH}:/home/expert_amateur/voidwalking/ros2_ws/install/waypoints:/opt/ros/humble /usr/bin/cmake --install /home/expert_amateur/vbm_ws/build/polygon_base
