[0.126s] Invoking command in '/home/expert_amateur/vbm_ws/build/vbm_project_env': CMAKE_PREFIX_PATH=${CMAKE_PREFIX_PATH}:/home/expert_amateur/voidwalking/ros2_ws/install/waypoints:/opt/ros/humble /usr/bin/cmake /home/expert_amateur/vbm_ws/src/vbm_project_env -DCMAKE_INSTALL_PREFIX=/home/expert_amateur/vbm_ws/install/vbm_project_env
[0.281s] -- The C compiler identification is GNU 11.4.0
[0.427s] -- The CXX compiler identification is GNU 11.4.0
[0.445s] -- Detecting C compiler ABI info
[0.522s] -- Detecting C compiler ABI info - done
[0.533s] -- Check for working C compiler: /usr/bin/cc - skipped
[0.533s] -- Detecting C compile features
[0.533s] -- Detecting C compile features - done
[0.537s] -- Detecting CXX compiler ABI info
[0.620s] -- Detecting CXX compiler ABI info - done
[0.629s] -- Check for working CXX compiler: /usr/bin/c++ - skipped
[0.629s] -- Detecting CXX compile features
[0.630s] -- Detecting CXX compile features - done
[0.636s] -- Found ament_cmake: 1.3.5 (/opt/ros/humble/share/ament_cmake/cmake)
[0.833s] -- Found Python3: /usr/bin/python3.10 (found version "3.10.12") found components: Interpreter 
[0.940s] -- Found ament_lint_auto: 0.12.8 (/opt/ros/humble/share/ament_lint_auto/cmake)
[1.036s] -- Added test 'flake8' to check Python code syntax and style conventions
[1.037s] -- Added test 'lint_cmake' to check CMake code style
[1.037s] -- Added test 'pep257' to check Python code against some of the docstring style conventions in PEP 257
[1.039s] -- Added test 'xmllint' to check XML markup files
[1.041s] -- Configuring done
[1.043s] -- Generating done
[1.044s] -- Build files have been written to: /home/expert_amateur/vbm_ws/build/vbm_project_env
[1.281s] Invoked command in '/home/expert_amateur/vbm_ws/build/vbm_project_env' returned '0': CMAKE_PREFIX_PATH=${CMAKE_PREFIX_PATH}:/home/expert_amateur/voidwalking/ros2_ws/install/waypoints:/opt/ros/humble /usr/bin/cmake /home/expert_amateur/vbm_ws/src/vbm_project_env -DCMAKE_INSTALL_PREFIX=/home/expert_amateur/vbm_ws/install/vbm_project_env
[1.281s] Invoking command in '/home/expert_amateur/vbm_ws/build/vbm_project_env': CMAKE_PREFIX_PATH=${CMAKE_PREFIX_PATH}:/home/expert_amateur/voidwalking/ros2_ws/install/waypoints:/opt/ros/humble /usr/bin/cmake --build /home/expert_amateur/vbm_ws/build/vbm_project_env -- -j12 -l12
[1.326s] Invoked command in '/home/expert_amateur/vbm_ws/build/vbm_project_env' returned '0': CMAKE_PREFIX_PATH=${CMAKE_PREFIX_PATH}:/home/expert_amateur/voidwalking/ros2_ws/install/waypoints:/opt/ros/humble /usr/bin/cmake --build /home/expert_amateur/vbm_ws/build/vbm_project_env -- -j12 -l12
[1.364s] Invoking command in '/home/expert_amateur/vbm_ws/build/vbm_project_env': CMAKE_PREFIX_PATH=${CMAKE_PREFIX_PATH}:/home/expert_amateur/voidwalking/ros2_ws/install/waypoints:/opt/ros/humble /usr/bin/cmake --install /home/expert_amateur/vbm_ws/build/vbm_project_env
[1.371s] -- Install configuration: ""
[1.371s] -- Installing: /home/expert_amateur/vbm_ws/install/vbm_project_env/share/vbm_project_env/launch
[1.372s] -- Installing: /home/expert_amateur/vbm_ws/install/vbm_project_env/share/vbm_project_env/launch/simulation.launch.py
[1.372s] -- Installing: /home/expert_amateur/vbm_ws/install/vbm_project_env/share/vbm_project_env/worlds
[1.372s] -- Installing: /home/expert_amateur/vbm_ws/install/vbm_project_env/share/vbm_project_env/worlds/simulation.world
[1.372s] -- Installing: /home/expert_amateur/vbm_ws/install/vbm_project_env/share/vbm_project_env/urdf
[1.372s] -- Installing: /home/expert_amateur/vbm_ws/install/vbm_project_env/share/vbm_project_env/urdf/camera.urdf
[1.372s] -- Installing: /home/expert_amateur/vbm_ws/install/vbm_project_env/share/ament_index/resource_index/package_run_dependencies/vbm_project_env
[1.372s] -- Installing: /home/expert_amateur/vbm_ws/install/vbm_project_env/share/ament_index/resource_index/parent_prefix_path/vbm_project_env
[1.372s] -- Installing: /home/expert_amateur/vbm_ws/install/vbm_project_env/share/vbm_project_env/environment/ament_prefix_path.sh
[1.372s] -- Installing: /home/expert_amateur/vbm_ws/install/vbm_project_env/share/vbm_project_env/environment/ament_prefix_path.dsv
[1.372s] -- Installing: /home/expert_amateur/vbm_ws/install/vbm_project_env/share/vbm_project_env/environment/path.sh
[1.372s] -- Installing: /home/expert_amateur/vbm_ws/install/vbm_project_env/share/vbm_project_env/environment/path.dsv
[1.372s] -- Installing: /home/expert_amateur/vbm_ws/install/vbm_project_env/share/vbm_project_env/local_setup.bash
[1.372s] -- Installing: /home/expert_amateur/vbm_ws/install/vbm_project_env/share/vbm_project_env/local_setup.sh
[1.373s] -- Installing: /home/expert_amateur/vbm_ws/install/vbm_project_env/share/vbm_project_env/local_setup.zsh
[1.373s] -- Installing: /home/expert_amateur/vbm_ws/install/vbm_project_env/share/vbm_project_env/local_setup.dsv
[1.373s] -- Installing: /home/expert_amateur/vbm_ws/install/vbm_project_env/share/vbm_project_env/package.dsv
[1.373s] -- Installing: /home/expert_amateur/vbm_ws/install/vbm_project_env/share/ament_index/resource_index/packages/vbm_project_env
[1.373s] -- Installing: /home/expert_amateur/vbm_ws/install/vbm_project_env/share/vbm_project_env/cmake/vbm_project_envConfig.cmake
[1.373s] -- Installing: /home/expert_amateur/vbm_ws/install/vbm_project_env/share/vbm_project_env/cmake/vbm_project_envConfig-version.cmake
[1.373s] -- Installing: /home/expert_amateur/vbm_ws/install/vbm_project_env/share/vbm_project_env/package.xml
[1.547s] Invoked command in '/home/expert_amateur/vbm_ws/build/vbm_project_env' returned '0': CMAKE_PREFIX_PATH=${CMAKE_PREFIX_PATH}:/home/expert_amateur/voidwalking/ros2_ws/install/waypoints:/opt/ros/humble /usr/bin/cmake --install /home/expert_amateur/vbm_ws/build/vbm_project_env
