[0.014s] Invoking command in '/home/expert_amateur/vbm_ws/src/cpp_srvcli/build/cpp_srvcli': CMAKE_PREFIX_PATH=${CMAKE_PREFIX_PATH}:/home/expert_amateur/voidwalking/ros2_ws/install/waypoints:/opt/ros/humble /usr/bin/cmake /home/expert_amateur/vbm_ws/src/cpp_srvcli -DCMAKE_INSTALL_PREFIX=/home/expert_amateur/vbm_ws/src/cpp_srvcli/install/cpp_srvcli
[0.058s] -- The C compiler identification is GNU 11.4.0
[0.104s] -- The CXX compiler identification is GNU 11.4.0
[0.110s] -- Detecting C compiler ABI info
[0.171s] -- Detecting C compiler ABI info - done
[0.185s] -- Check for working C compiler: /usr/bin/cc - skipped
[0.185s] -- Detecting C compile features
[0.186s] -- Detecting C compile features - done
[0.189s] -- Detecting CXX compiler ABI info
[0.262s] -- Detecting CXX compiler ABI info - done
[0.270s] -- Check for working CXX compiler: /usr/bin/c++ - skipped
[0.270s] -- Detecting CXX compile features
[0.271s] -- Detecting CXX compile features - done
[0.274s] -- Found ament_cmake: 1.3.5 (/opt/ros/humble/share/ament_cmake/cmake)
[0.440s] -- Found Python3: /usr/bin/python3.10 (found version "3.10.12") found components: Interpreter 
[0.539s] -- Found rclcpp: 16.0.5 (/opt/ros/humble/share/rclcpp/cmake)
[0.590s] -- Found rosidl_generator_c: 3.1.5 (/opt/ros/humble/share/rosidl_generator_c/cmake)
[0.596s] -- Found rosidl_adapter: 3.1.5 (/opt/ros/humble/share/rosidl_adapter/cmake)
[0.606s] -- Found rosidl_generator_cpp: 3.1.5 (/opt/ros/humble/share/rosidl_generator_cpp/cmake)
[0.621s] -- Using all available rosidl_typesupport_c: rosidl_typesupport_fastrtps_c;rosidl_typesupport_introspection_c
[0.643s] -- Using all available rosidl_typesupport_cpp: rosidl_typesupport_fastrtps_cpp;rosidl_typesupport_introspection_cpp
[0.722s] -- Found rmw_implementation_cmake: 6.1.1 (/opt/ros/humble/share/rmw_implementation_cmake/cmake)
[0.726s] -- Found rmw_fastrtps_cpp: 6.2.3 (/opt/ros/humble/share/rmw_fastrtps_cpp/cmake)
[0.817s] -- Found OpenSSL: /usr/lib/x86_64-linux-gnu/libcrypto.so (found version "3.0.2")  
[0.844s] -- Found FastRTPS: /opt/ros/humble/include  
[0.893s] -- Using RMW implementation 'rmw_fastrtps_cpp' as default
[0.905s] -- Looking for pthread.h
[0.963s] -- Looking for pthread.h - found
[0.963s] -- Performing Test CMAKE_HAVE_LIBC_PTHREAD
[1.022s] -- Performing Test CMAKE_HAVE_LIBC_PTHREAD - Success
[1.023s] -- Found Threads: TRUE  
[1.200s] -- Found example_interfaces: 0.9.3 (/opt/ros/humble/share/example_interfaces/cmake)
[1.425s] -- Configuring done
[1.436s] -- Generating done
[1.437s] -- Build files have been written to: /home/expert_amateur/vbm_ws/src/cpp_srvcli/build/cpp_srvcli
[1.445s] Invoked command in '/home/expert_amateur/vbm_ws/src/cpp_srvcli/build/cpp_srvcli' returned '0': CMAKE_PREFIX_PATH=${CMAKE_PREFIX_PATH}:/home/expert_amateur/voidwalking/ros2_ws/install/waypoints:/opt/ros/humble /usr/bin/cmake /home/expert_amateur/vbm_ws/src/cpp_srvcli -DCMAKE_INSTALL_PREFIX=/home/expert_amateur/vbm_ws/src/cpp_srvcli/install/cpp_srvcli
[1.447s] Invoking command in '/home/expert_amateur/vbm_ws/src/cpp_srvcli/build/cpp_srvcli': CMAKE_PREFIX_PATH=${CMAKE_PREFIX_PATH}:/home/expert_amateur/voidwalking/ros2_ws/install/waypoints:/opt/ros/humble /usr/bin/cmake --build /home/expert_amateur/vbm_ws/src/cpp_srvcli/build/cpp_srvcli -- -j12 -l12
[1.491s] [ 50%] [32mBuilding CXX object CMakeFiles/client.dir/src/add_two_ints_client.cpp.o[0m
[1.491s] [ 50%] [32mBuilding CXX object CMakeFiles/server.dir/src/add_two_ints_server.cpp.o[0m
[4.605s] [ 75%] [32m[1mLinking CXX executable server[0m
[4.728s] [100%] [32m[1mLinking CXX executable client[0m
[4.746s] [100%] Built target server
[4.873s] [100%] Built target client
[4.885s] Invoked command in '/home/expert_amateur/vbm_ws/src/cpp_srvcli/build/cpp_srvcli' returned '0': CMAKE_PREFIX_PATH=${CMAKE_PREFIX_PATH}:/home/expert_amateur/voidwalking/ros2_ws/install/waypoints:/opt/ros/humble /usr/bin/cmake --build /home/expert_amateur/vbm_ws/src/cpp_srvcli/build/cpp_srvcli -- -j12 -l12
[4.917s] Invoking command in '/home/expert_amateur/vbm_ws/src/cpp_srvcli/build/cpp_srvcli': CMAKE_PREFIX_PATH=${CMAKE_PREFIX_PATH}:/home/expert_amateur/voidwalking/ros2_ws/install/waypoints:/opt/ros/humble /usr/bin/cmake --install /home/expert_amateur/vbm_ws/src/cpp_srvcli/build/cpp_srvcli
[4.925s] -- Install configuration: ""
[4.925s] -- Installing: /home/expert_amateur/vbm_ws/src/cpp_srvcli/install/cpp_srvcli/lib/cpp_srvcli/server
[4.926s] -- Set runtime path of "/home/expert_amateur/vbm_ws/src/cpp_srvcli/install/cpp_srvcli/lib/cpp_srvcli/server" to ""
[4.926s] -- Installing: /home/expert_amateur/vbm_ws/src/cpp_srvcli/install/cpp_srvcli/lib/cpp_srvcli/client
[4.927s] -- Set runtime path of "/home/expert_amateur/vbm_ws/src/cpp_srvcli/install/cpp_srvcli/lib/cpp_srvcli/client" to ""
[4.927s] -- Installing: /home/expert_amateur/vbm_ws/src/cpp_srvcli/install/cpp_srvcli/share/ament_index/resource_index/package_run_dependencies/cpp_srvcli
[4.927s] -- Installing: /home/expert_amateur/vbm_ws/src/cpp_srvcli/install/cpp_srvcli/share/ament_index/resource_index/parent_prefix_path/cpp_srvcli
[4.927s] -- Installing: /home/expert_amateur/vbm_ws/src/cpp_srvcli/install/cpp_srvcli/share/cpp_srvcli/environment/ament_prefix_path.sh
[4.927s] -- Installing: /home/expert_amateur/vbm_ws/src/cpp_srvcli/install/cpp_srvcli/share/cpp_srvcli/environment/ament_prefix_path.dsv
[4.927s] -- Installing: /home/expert_amateur/vbm_ws/src/cpp_srvcli/install/cpp_srvcli/share/cpp_srvcli/environment/path.sh
[4.928s] -- Installing: /home/expert_amateur/vbm_ws/src/cpp_srvcli/install/cpp_srvcli/share/cpp_srvcli/environment/path.dsv
[4.928s] -- Installing: /home/expert_amateur/vbm_ws/src/cpp_srvcli/install/cpp_srvcli/share/cpp_srvcli/local_setup.bash
[4.928s] -- Installing: /home/expert_amateur/vbm_ws/src/cpp_srvcli/install/cpp_srvcli/share/cpp_srvcli/local_setup.sh
[4.928s] -- Installing: /home/expert_amateur/vbm_ws/src/cpp_srvcli/install/cpp_srvcli/share/cpp_srvcli/local_setup.zsh
[4.928s] -- Installing: /home/expert_amateur/vbm_ws/src/cpp_srvcli/install/cpp_srvcli/share/cpp_srvcli/local_setup.dsv
[4.928s] -- Installing: /home/expert_amateur/vbm_ws/src/cpp_srvcli/install/cpp_srvcli/share/cpp_srvcli/package.dsv
[4.928s] -- Installing: /home/expert_amateur/vbm_ws/src/cpp_srvcli/install/cpp_srvcli/share/ament_index/resource_index/packages/cpp_srvcli
[4.928s] -- Installing: /home/expert_amateur/vbm_ws/src/cpp_srvcli/install/cpp_srvcli/share/cpp_srvcli/cmake/cpp_srvcliConfig.cmake
[4.929s] -- Installing: /home/expert_amateur/vbm_ws/src/cpp_srvcli/install/cpp_srvcli/share/cpp_srvcli/cmake/cpp_srvcliConfig-version.cmake
[4.929s] -- Installing: /home/expert_amateur/vbm_ws/src/cpp_srvcli/install/cpp_srvcli/share/cpp_srvcli/package.xml
[4.930s] Invoked command in '/home/expert_amateur/vbm_ws/src/cpp_srvcli/build/cpp_srvcli' returned '0': CMAKE_PREFIX_PATH=${CMAKE_PREFIX_PATH}:/home/expert_amateur/voidwalking/ros2_ws/install/waypoints:/opt/ros/humble /usr/bin/cmake --install /home/expert_amateur/vbm_ws/src/cpp_srvcli/build/cpp_srvcli
