[0.011s] Invoking command in '/home/expert_amateur/vbm_ws/build/rrbot_gazebo': AMENT_PREFIX_PATH=/home/expert_amateur/vbm_ws/install/rrbot_description:${AMENT_PREFIX_PATH} CMAKE_PREFIX_PATH=/home/expert_amateur/vbm_ws/install/rrbot_description:/home/expert_amateur/voidwalking/ros2_ws/install/void_tests:/home/expert_amateur/voidwalking/ros2_ws/install/turtlebot_test:/home/expert_amateur/voidwalking/ros2_ws/install/spatio_temporal_voxel_layer:/home/expert_amateur/voidwalking/ros2_ws/install/main:/home/expert_amateur/voidwalking/ros2_ws/install/simulation:/home/expert_amateur/voidwalking/ros2_ws/install/rviz_satellite:/home/expert_amateur/voidwalking/ros2_ws/install/obstacle_avoidance:/home/expert_amateur/voidwalking/ros2_ws/install/nav2_turtlebot3:/home/expert_amateur/voidwalking/ros2_ws/install/mapping:/home/expert_amateur/voidwalking/arduino_ws/microros_ws/install/micro_ros_setup:/home/expert_amateur/voidwalking/ros2_ws/install/waypoints:/opt/ros/humble /usr/bin/cmake /home/expert_amateur/vbm_ws/src/rrbot_gazebo -DCMAKE_INSTALL_PREFIX=/home/expert_amateur/vbm_ws/install/rrbot_gazebo
[0.065s] -- The C compiler identification is GNU 11.4.0
[0.118s] -- The CXX compiler identification is GNU 11.4.0
[0.124s] -- Detecting C compiler ABI info
[0.184s] -- Detecting C compiler ABI info - done
[0.192s] -- Check for working C compiler: /usr/bin/cc - skipped
[0.192s] -- Detecting C compile features
[0.193s] -- Detecting C compile features - done
[0.196s] -- Detecting CXX compiler ABI info
[0.272s] -- Detecting CXX compiler ABI info - done
[0.280s] -- Check for working CXX compiler: /usr/bin/c++ - skipped
[0.281s] -- Detecting CXX compile features
[0.281s] -- Detecting CXX compile features - done
[0.284s] -- Found ament_cmake: 1.3.5 (/opt/ros/humble/share/ament_cmake/cmake)
[0.451s] -- Found Python3: /usr/bin/python3.10 (found version "3.10.12") found components: Interpreter 
[0.540s] -- Found rclcpp: 16.0.5 (/opt/ros/humble/share/rclcpp/cmake)
[0.587s] -- Found rosidl_generator_c: 3.1.5 (/opt/ros/humble/share/rosidl_generator_c/cmake)
[0.593s] -- Found rosidl_adapter: 3.1.5 (/opt/ros/humble/share/rosidl_adapter/cmake)
[0.602s] -- Found rosidl_generator_cpp: 3.1.5 (/opt/ros/humble/share/rosidl_generator_cpp/cmake)
[0.617s] -- Using all available rosidl_typesupport_c: rosidl_typesupport_fastrtps_c;rosidl_typesupport_introspection_c
[0.638s] -- Using all available rosidl_typesupport_cpp: rosidl_typesupport_fastrtps_cpp;rosidl_typesupport_introspection_cpp
[0.712s] -- Found rmw_implementation_cmake: 6.1.1 (/opt/ros/humble/share/rmw_implementation_cmake/cmake)
[0.715s] -- Found rmw_fastrtps_cpp: 6.2.3 (/opt/ros/humble/share/rmw_fastrtps_cpp/cmake)
[0.804s] -- Found OpenSSL: /usr/lib/x86_64-linux-gnu/libcrypto.so (found version "3.0.2")  
[0.831s] -- Found FastRTPS: /opt/ros/humble/include  
[0.876s] -- Using RMW implementation 'rmw_fastrtps_cpp' as default
[0.887s] -- Looking for pthread.h
[0.950s] -- Looking for pthread.h - found
[0.950s] -- Performing Test CMAKE_HAVE_LIBC_PTHREAD
[1.018s] -- Performing Test CMAKE_HAVE_LIBC_PTHREAD - Success
[1.019s] -- Found Threads: TRUE  
[1.188s] -- Found controller_manager_msgs: 2.30.0 (/opt/ros/humble/share/controller_manager_msgs/cmake)
[1.330s] -- Configuring done
[1.340s] -- Generating done
[1.341s] -- Build files have been written to: /home/expert_amateur/vbm_ws/build/rrbot_gazebo
[1.349s] Invoked command in '/home/expert_amateur/vbm_ws/build/rrbot_gazebo' returned '0': AMENT_PREFIX_PATH=/home/expert_amateur/vbm_ws/install/rrbot_description:${AMENT_PREFIX_PATH} CMAKE_PREFIX_PATH=/home/expert_amateur/vbm_ws/install/rrbot_description:/home/expert_amateur/voidwalking/ros2_ws/install/void_tests:/home/expert_amateur/voidwalking/ros2_ws/install/turtlebot_test:/home/expert_amateur/voidwalking/ros2_ws/install/spatio_temporal_voxel_layer:/home/expert_amateur/voidwalking/ros2_ws/install/main:/home/expert_amateur/voidwalking/ros2_ws/install/simulation:/home/expert_amateur/voidwalking/ros2_ws/install/rviz_satellite:/home/expert_amateur/voidwalking/ros2_ws/install/obstacle_avoidance:/home/expert_amateur/voidwalking/ros2_ws/install/nav2_turtlebot3:/home/expert_amateur/voidwalking/ros2_ws/install/mapping:/home/expert_amateur/voidwalking/arduino_ws/microros_ws/install/micro_ros_setup:/home/expert_amateur/voidwalking/ros2_ws/install/waypoints:/opt/ros/humble /usr/bin/cmake /home/expert_amateur/vbm_ws/src/rrbot_gazebo -DCMAKE_INSTALL_PREFIX=/home/expert_amateur/vbm_ws/install/rrbot_gazebo
[1.350s] Invoking command in '/home/expert_amateur/vbm_ws/build/rrbot_gazebo': AMENT_PREFIX_PATH=/home/expert_amateur/vbm_ws/install/rrbot_description:${AMENT_PREFIX_PATH} CMAKE_PREFIX_PATH=/home/expert_amateur/vbm_ws/install/rrbot_description:/home/expert_amateur/voidwalking/ros2_ws/install/void_tests:/home/expert_amateur/voidwalking/ros2_ws/install/turtlebot_test:/home/expert_amateur/voidwalking/ros2_ws/install/spatio_temporal_voxel_layer:/home/expert_amateur/voidwalking/ros2_ws/install/main:/home/expert_amateur/voidwalking/ros2_ws/install/simulation:/home/expert_amateur/voidwalking/ros2_ws/install/rviz_satellite:/home/expert_amateur/voidwalking/ros2_ws/install/obstacle_avoidance:/home/expert_amateur/voidwalking/ros2_ws/install/nav2_turtlebot3:/home/expert_amateur/voidwalking/ros2_ws/install/mapping:/home/expert_amateur/voidwalking/arduino_ws/microros_ws/install/micro_ros_setup:/home/expert_amateur/voidwalking/ros2_ws/install/waypoints:/opt/ros/humble /usr/bin/cmake --build /home/expert_amateur/vbm_ws/build/rrbot_gazebo -- -j12 -l12
[1.393s] [ 50%] [32mBuilding CXX object CMakeFiles/switch.dir/src/controller_switch.cpp.o[0m
[1.393s] [ 50%] [32mBuilding CXX object CMakeFiles/publisher.dir/src/position_publisher.cpp.o[0m
[4.808s] [ 75%] [32m[1mLinking CXX executable switch[0m
[4.951s] [ 75%] Built target switch
[5.446s] [100%] [32m[1mLinking CXX executable publisher[0m
[5.598s] [100%] Built target publisher
[5.607s] Invoked command in '/home/expert_amateur/vbm_ws/build/rrbot_gazebo' returned '0': AMENT_PREFIX_PATH=/home/expert_amateur/vbm_ws/install/rrbot_description:${AMENT_PREFIX_PATH} CMAKE_PREFIX_PATH=/home/expert_amateur/vbm_ws/install/rrbot_description:/home/expert_amateur/voidwalking/ros2_ws/install/void_tests:/home/expert_amateur/voidwalking/ros2_ws/install/turtlebot_test:/home/expert_amateur/voidwalking/ros2_ws/install/spatio_temporal_voxel_layer:/home/expert_amateur/voidwalking/ros2_ws/install/main:/home/expert_amateur/voidwalking/ros2_ws/install/simulation:/home/expert_amateur/voidwalking/ros2_ws/install/rviz_satellite:/home/expert_amateur/voidwalking/ros2_ws/install/obstacle_avoidance:/home/expert_amateur/voidwalking/ros2_ws/install/nav2_turtlebot3:/home/expert_amateur/voidwalking/ros2_ws/install/mapping:/home/expert_amateur/voidwalking/arduino_ws/microros_ws/install/micro_ros_setup:/home/expert_amateur/voidwalking/ros2_ws/install/waypoints:/opt/ros/humble /usr/bin/cmake --build /home/expert_amateur/vbm_ws/build/rrbot_gazebo -- -j12 -l12
[5.630s] Invoking command in '/home/expert_amateur/vbm_ws/build/rrbot_gazebo': AMENT_PREFIX_PATH=/home/expert_amateur/vbm_ws/install/rrbot_description:${AMENT_PREFIX_PATH} CMAKE_PREFIX_PATH=/home/expert_amateur/vbm_ws/install/rrbot_description:/home/expert_amateur/voidwalking/ros2_ws/install/void_tests:/home/expert_amateur/voidwalking/ros2_ws/install/turtlebot_test:/home/expert_amateur/voidwalking/ros2_ws/install/spatio_temporal_voxel_layer:/home/expert_amateur/voidwalking/ros2_ws/install/main:/home/expert_amateur/voidwalking/ros2_ws/install/simulation:/home/expert_amateur/voidwalking/ros2_ws/install/rviz_satellite:/home/expert_amateur/voidwalking/ros2_ws/install/obstacle_avoidance:/home/expert_amateur/voidwalking/ros2_ws/install/nav2_turtlebot3:/home/expert_amateur/voidwalking/ros2_ws/install/mapping:/home/expert_amateur/voidwalking/arduino_ws/microros_ws/install/micro_ros_setup:/home/expert_amateur/voidwalking/ros2_ws/install/waypoints:/opt/ros/humble /usr/bin/cmake --install /home/expert_amateur/vbm_ws/build/rrbot_gazebo
[5.638s] -- Install configuration: ""
[5.638s] -- Installing: /home/expert_amateur/vbm_ws/install/rrbot_gazebo/lib/rrbot_gazebo/publisher
[5.639s] -- Set runtime path of "/home/expert_amateur/vbm_ws/install/rrbot_gazebo/lib/rrbot_gazebo/publisher" to ""
[5.639s] -- Installing: /home/expert_amateur/vbm_ws/install/rrbot_gazebo/lib/rrbot_gazebo/switch
[5.640s] -- Set runtime path of "/home/expert_amateur/vbm_ws/install/rrbot_gazebo/lib/rrbot_gazebo/switch" to ""
[5.640s] -- Installing: /home/expert_amateur/vbm_ws/install/rrbot_gazebo/share/rrbot_gazebo/launch
[5.640s] -- Installing: /home/expert_amateur/vbm_ws/install/rrbot_gazebo/share/rrbot_gazebo/launch/rrbot_world.launch.py
[5.640s] -- Installing: /home/expert_amateur/vbm_ws/install/rrbot_gazebo/share/rrbot_gazebo/worlds
[5.640s] -- Installing: /home/expert_amateur/vbm_ws/install/rrbot_gazebo/share/rrbot_gazebo/worlds/rrbot.world
[5.640s] -- Installing: /home/expert_amateur/vbm_ws/install/rrbot_gazebo/share/rrbot_gazebo/config
[5.640s] -- Installing: /home/expert_amateur/vbm_ws/install/rrbot_gazebo/share/rrbot_gazebo/config/controllers.yaml
[5.640s] -- Installing: /home/expert_amateur/vbm_ws/install/rrbot_gazebo/share/rrbot_gazebo/config/gazebo_controllers.yaml
[5.641s] -- Installing: /home/expert_amateur/vbm_ws/install/rrbot_gazebo/share/ament_index/resource_index/package_run_dependencies/rrbot_gazebo
[5.641s] -- Installing: /home/expert_amateur/vbm_ws/install/rrbot_gazebo/share/ament_index/resource_index/parent_prefix_path/rrbot_gazebo
[5.641s] -- Installing: /home/expert_amateur/vbm_ws/install/rrbot_gazebo/share/rrbot_gazebo/environment/ament_prefix_path.sh
[5.641s] -- Installing: /home/expert_amateur/vbm_ws/install/rrbot_gazebo/share/rrbot_gazebo/environment/ament_prefix_path.dsv
[5.641s] -- Installing: /home/expert_amateur/vbm_ws/install/rrbot_gazebo/share/rrbot_gazebo/environment/path.sh
[5.641s] -- Installing: /home/expert_amateur/vbm_ws/install/rrbot_gazebo/share/rrbot_gazebo/environment/path.dsv
[5.641s] -- Installing: /home/expert_amateur/vbm_ws/install/rrbot_gazebo/share/rrbot_gazebo/local_setup.bash
[5.641s] -- Installing: /home/expert_amateur/vbm_ws/install/rrbot_gazebo/share/rrbot_gazebo/local_setup.sh
[5.641s] -- Installing: /home/expert_amateur/vbm_ws/install/rrbot_gazebo/share/rrbot_gazebo/local_setup.zsh
[5.641s] -- Installing: /home/expert_amateur/vbm_ws/install/rrbot_gazebo/share/rrbot_gazebo/local_setup.dsv
[5.642s] -- Installing: /home/expert_amateur/vbm_ws/install/rrbot_gazebo/share/rrbot_gazebo/package.dsv
[5.642s] -- Installing: /home/expert_amateur/vbm_ws/install/rrbot_gazebo/share/ament_index/resource_index/packages/rrbot_gazebo
[5.642s] -- Installing: /home/expert_amateur/vbm_ws/install/rrbot_gazebo/share/rrbot_gazebo/cmake/rrbot_gazeboConfig.cmake
[5.642s] -- Installing: /home/expert_amateur/vbm_ws/install/rrbot_gazebo/share/rrbot_gazebo/cmake/rrbot_gazeboConfig-version.cmake
[5.642s] -- Installing: /home/expert_amateur/vbm_ws/install/rrbot_gazebo/share/rrbot_gazebo/package.xml
[5.646s] Invoked command in '/home/expert_amateur/vbm_ws/build/rrbot_gazebo' returned '0': AMENT_PREFIX_PATH=/home/expert_amateur/vbm_ws/install/rrbot_description:${AMENT_PREFIX_PATH} CMAKE_PREFIX_PATH=/home/expert_amateur/vbm_ws/install/rrbot_description:/home/expert_amateur/voidwalking/ros2_ws/install/void_tests:/home/expert_amateur/voidwalking/ros2_ws/install/turtlebot_test:/home/expert_amateur/voidwalking/ros2_ws/install/spatio_temporal_voxel_layer:/home/expert_amateur/voidwalking/ros2_ws/install/main:/home/expert_amateur/voidwalking/ros2_ws/install/simulation:/home/expert_amateur/voidwalking/ros2_ws/install/rviz_satellite:/home/expert_amateur/voidwalking/ros2_ws/install/obstacle_avoidance:/home/expert_amateur/voidwalking/ros2_ws/install/nav2_turtlebot3:/home/expert_amateur/voidwalking/ros2_ws/install/mapping:/home/expert_amateur/voidwalking/arduino_ws/microros_ws/install/micro_ros_setup:/home/expert_amateur/voidwalking/ros2_ws/install/waypoints:/opt/ros/humble /usr/bin/cmake --install /home/expert_amateur/vbm_ws/build/rrbot_gazebo
