[2.040s] Invoking command in '/home/expert_amateur/vbm_ws/build/rrbot_description': CMAKE_PREFIX_PATH=${CMAKE_PREFIX_PATH}:/home/expert_amateur/voidwalking/ros2_ws/install/waypoints:/opt/ros/humble /usr/bin/cmake --build /home/expert_amateur/vbm_ws/build/rrbot_description -- -j12 -l12
[2.144s] Invoked command in '/home/expert_amateur/vbm_ws/build/rrbot_description' returned '0': CMAKE_PREFIX_PATH=${CMAKE_PREFIX_PATH}:/home/expert_amateur/voidwalking/ros2_ws/install/waypoints:/opt/ros/humble /usr/bin/cmake --build /home/expert_amateur/vbm_ws/build/rrbot_description -- -j12 -l12
[2.421s] Invoking command in '/home/expert_amateur/vbm_ws/build/rrbot_description': CMAKE_PREFIX_PATH=${CMAKE_PREFIX_PATH}:/home/expert_amateur/voidwalking/ros2_ws/install/waypoints:/opt/ros/humble /usr/bin/cmake --install /home/expert_amateur/vbm_ws/build/rrbot_description
[2.445s] -- Install configuration: ""
[2.445s] -- Up-to-date: /home/expert_amateur/vbm_ws/install/rrbot_description/share/rrbot_description/config
[2.445s] -- Up-to-date: /home/expert_amateur/vbm_ws/install/rrbot_description/share/rrbot_description/config/rrbot.rviz
[2.452s] -- Up-to-date: /home/expert_amateur/vbm_ws/install/rrbot_description/share/rrbot_description/gazebo
[2.453s] -- Up-to-date: /home/expert_amateur/vbm_ws/install/rrbot_description/share/rrbot_description/gazebo/rrbot.materials.xacro
[2.453s] -- Up-to-date: /home/expert_amateur/vbm_ws/install/rrbot_description/share/rrbot_description/gazebo/rrbot.gazebo.xacro
[2.454s] -- Up-to-date: /home/expert_amateur/vbm_ws/install/rrbot_description/share/rrbot_description/meshes
[2.454s] -- Up-to-date: /home/expert_amateur/vbm_ws/install/rrbot_description/share/rrbot_description/meshes/hokuyo.dae
[2.454s] -- Up-to-date: /home/expert_amateur/vbm_ws/install/rrbot_description/share/rrbot_description/launch
[2.454s] -- Up-to-date: /home/expert_amateur/vbm_ws/install/rrbot_description/share/rrbot_description/launch/view_robot.launch.py
[2.454s] -- Up-to-date: /home/expert_amateur/vbm_ws/install/rrbot_description/share/rrbot_description/launch/object_spawn.launch.py
[2.454s] -- Up-to-date: /home/expert_amateur/vbm_ws/install/rrbot_description/share/rrbot_description/ros2_control
[2.455s] -- Up-to-date: /home/expert_amateur/vbm_ws/install/rrbot_description/share/rrbot_description/ros2_control/rrbot.ros2_control.xacro
[2.455s] -- Up-to-date: /home/expert_amateur/vbm_ws/install/rrbot_description/share/rrbot_description/urdf
[2.455s] -- Up-to-date: /home/expert_amateur/vbm_ws/install/rrbot_description/share/rrbot_description/urdf/rrbot_description.urdf.xacro
[2.455s] -- Up-to-date: /home/expert_amateur/vbm_ws/install/rrbot_description/share/rrbot_description/urdf/object.urdf
[2.455s] -- Up-to-date: /home/expert_amateur/vbm_ws/install/rrbot_description/share/rrbot_description/urdf/rrbot.urdf.xacro
[2.455s] -- Up-to-date: /home/expert_amateur/vbm_ws/install/rrbot_description/share/rrbot_description/environment/rrbot_description.dsv
[2.456s] -- Up-to-date: /home/expert_amateur/vbm_ws/install/rrbot_description/share/ament_index/resource_index/package_run_dependencies/rrbot_description
[2.456s] -- Up-to-date: /home/expert_amateur/vbm_ws/install/rrbot_description/share/ament_index/resource_index/parent_prefix_path/rrbot_description
[2.456s] -- Up-to-date: /home/expert_amateur/vbm_ws/install/rrbot_description/share/rrbot_description/environment/ament_prefix_path.sh
[2.456s] -- Up-to-date: /home/expert_amateur/vbm_ws/install/rrbot_description/share/rrbot_description/environment/ament_prefix_path.dsv
[2.456s] -- Up-to-date: /home/expert_amateur/vbm_ws/install/rrbot_description/share/rrbot_description/environment/path.sh
[2.456s] -- Up-to-date: /home/expert_amateur/vbm_ws/install/rrbot_description/share/rrbot_description/environment/path.dsv
[2.456s] -- Up-to-date: /home/expert_amateur/vbm_ws/install/rrbot_description/share/rrbot_description/local_setup.bash
[2.457s] -- Up-to-date: /home/expert_amateur/vbm_ws/install/rrbot_description/share/rrbot_description/local_setup.sh
[2.457s] -- Up-to-date: /home/expert_amateur/vbm_ws/install/rrbot_description/share/rrbot_description/local_setup.zsh
[2.457s] -- Up-to-date: /home/expert_amateur/vbm_ws/install/rrbot_description/share/rrbot_description/local_setup.dsv
[2.466s] -- Installing: /home/expert_amateur/vbm_ws/install/rrbot_description/share/rrbot_description/package.dsv
[2.467s] -- Up-to-date: /home/expert_amateur/vbm_ws/install/rrbot_description/share/ament_index/resource_index/packages/rrbot_description
[2.467s] -- Up-to-date: /home/expert_amateur/vbm_ws/install/rrbot_description/share/rrbot_description/cmake/rrbot_descriptionConfig.cmake
[2.467s] -- Up-to-date: /home/expert_amateur/vbm_ws/install/rrbot_description/share/rrbot_description/cmake/rrbot_descriptionConfig-version.cmake
[2.467s] -- Up-to-date: /home/expert_amateur/vbm_ws/install/rrbot_description/share/rrbot_description/package.xml
[2.478s] Invoked command in '/home/expert_amateur/vbm_ws/build/rrbot_description' returned '0': CMAKE_PREFIX_PATH=${CMAKE_PREFIX_PATH}:/home/expert_amateur/voidwalking/ros2_ws/install/waypoints:/opt/ros/humble /usr/bin/cmake --install /home/expert_amateur/vbm_ws/build/rrbot_description
