[0.357s] DEBUG:colcon:Command line arguments: ['/usr/bin/colcon', 'build']
[0.357s] DEBUG:colcon:Parsed command line arguments: Namespace(log_base=None, log_level=None, verb_name='build', build_base='build', install_base='install', merge_install=False, symlink_install=False, test_result_base=None, continue_on_error=False, executor='parallel', parallel_workers=12, event_handlers=None, ignore_user_meta=False, metas=['./colcon.meta'], base_paths=['.'], packages_ignore=None, packages_ignore_regex=None, paths=None, packages_up_to=None, packages_up_to_regex=None, packages_above=None, packages_above_and_dependencies=None, packages_above_depth=None, packages_select_by_dep=None, packages_skip_by_dep=None, packages_skip_up_to=None, packages_select_build_failed=False, packages_skip_build_finished=False, packages_select_test_failures=False, packages_skip_test_passed=False, packages_select=None, packages_skip=None, packages_select_regex=None, packages_skip_regex=None, packages_start=None, packages_end=None, allow_overriding=[], cmake_args=None, cmake_target=None, cmake_target_skip_unavailable=False, cmake_clean_cache=False, cmake_clean_first=False, cmake_force_configure=False, ament_cmake_args=None, catkin_cmake_args=None, catkin_skip_building_tests=False, verb_parser=<colcon_defaults.argument_parser.defaults.DefaultArgumentsDecorator object at 0x7f34d45d2440>, verb_extension=<colcon_core.verb.build.BuildVerb object at 0x7f34d45d1ed0>, main=<bound method BuildVerb.main of <colcon_core.verb.build.BuildVerb object at 0x7f34d45d1ed0>>)
[0.379s] Level 1:colcon.colcon_core.package_discovery:discover_packages(colcon_meta) check parameters
[0.379s] Level 1:colcon.colcon_core.package_discovery:discover_packages(recursive) check parameters
[0.379s] Level 1:colcon.colcon_core.package_discovery:discover_packages(ignore) check parameters
[0.379s] Level 1:colcon.colcon_core.package_discovery:discover_packages(path) check parameters
[0.379s] Level 1:colcon.colcon_core.package_discovery:discover_packages(colcon_meta) discover
[0.379s] Level 1:colcon.colcon_core.package_discovery:discover_packages(recursive) discover
[0.379s] INFO:colcon.colcon_core.package_discovery:Crawling recursively for packages in '/home/expert_amateur/vbm_ws'
[0.379s] Level 1:colcon.colcon_core.package_identification:_identify(.) by extensions ['ignore', 'ignore_ament_install']
[0.379s] Level 1:colcon.colcon_core.package_identification:_identify(.) by extension 'ignore'
[0.379s] Level 1:colcon.colcon_core.package_identification:_identify(.) by extension 'ignore_ament_install'
[0.379s] Level 1:colcon.colcon_core.package_identification:_identify(.) by extensions ['colcon_pkg']
[0.379s] Level 1:colcon.colcon_core.package_identification:_identify(.) by extension 'colcon_pkg'
[0.379s] Level 1:colcon.colcon_core.package_identification:_identify(.) by extensions ['colcon_meta']
[0.379s] Level 1:colcon.colcon_core.package_identification:_identify(.) by extension 'colcon_meta'
[0.380s] Level 1:colcon.colcon_core.package_identification:_identify(.) by extensions ['ros']
[0.380s] Level 1:colcon.colcon_core.package_identification:_identify(.) by extension 'ros'
[0.399s] Level 1:colcon.colcon_core.package_identification:_identify(.) by extensions ['cmake', 'python']
[0.399s] Level 1:colcon.colcon_core.package_identification:_identify(.) by extension 'cmake'
[0.399s] Level 1:colcon.colcon_core.package_identification:_identify(.) by extension 'python'
[0.399s] Level 1:colcon.colcon_core.package_identification:_identify(.) by extensions ['python_setup_py']
[0.399s] Level 1:colcon.colcon_core.package_identification:_identify(.) by extension 'python_setup_py'
[0.399s] Level 1:colcon.colcon_core.package_identification:_identify(build) by extensions ['ignore', 'ignore_ament_install']
[0.399s] Level 1:colcon.colcon_core.package_identification:_identify(build) by extension 'ignore'
[0.399s] Level 1:colcon.colcon_core.package_identification:_identify(build) ignored
[0.400s] Level 1:colcon.colcon_core.package_identification:_identify(install) by extensions ['ignore', 'ignore_ament_install']
[0.400s] Level 1:colcon.colcon_core.package_identification:_identify(install) by extension 'ignore'
[0.400s] Level 1:colcon.colcon_core.package_identification:_identify(install) ignored
[0.400s] Level 1:colcon.colcon_core.package_identification:_identify(log) by extensions ['ignore', 'ignore_ament_install']
[0.400s] Level 1:colcon.colcon_core.package_identification:_identify(log) by extension 'ignore'
[0.400s] Level 1:colcon.colcon_core.package_identification:_identify(log) ignored
[0.400s] Level 1:colcon.colcon_core.package_identification:_identify(src) by extensions ['ignore', 'ignore_ament_install']
[0.400s] Level 1:colcon.colcon_core.package_identification:_identify(src) by extension 'ignore'
[0.400s] Level 1:colcon.colcon_core.package_identification:_identify(src) by extension 'ignore_ament_install'
[0.400s] Level 1:colcon.colcon_core.package_identification:_identify(src) by extensions ['colcon_pkg']
[0.400s] Level 1:colcon.colcon_core.package_identification:_identify(src) by extension 'colcon_pkg'
[0.400s] Level 1:colcon.colcon_core.package_identification:_identify(src) by extensions ['colcon_meta']
[0.400s] Level 1:colcon.colcon_core.package_identification:_identify(src) by extension 'colcon_meta'
[0.400s] Level 1:colcon.colcon_core.package_identification:_identify(src) by extensions ['ros']
[0.400s] Level 1:colcon.colcon_core.package_identification:_identify(src) by extension 'ros'
[0.400s] Level 1:colcon.colcon_core.package_identification:_identify(src) by extensions ['cmake', 'python']
[0.400s] Level 1:colcon.colcon_core.package_identification:_identify(src) by extension 'cmake'
[0.401s] Level 1:colcon.colcon_core.package_identification:_identify(src) by extension 'python'
[0.401s] Level 1:colcon.colcon_core.package_identification:_identify(src) by extensions ['python_setup_py']
[0.401s] Level 1:colcon.colcon_core.package_identification:_identify(src) by extension 'python_setup_py'
[0.401s] Level 1:colcon.colcon_core.package_identification:_identify(src/build) by extensions ['ignore', 'ignore_ament_install']
[0.401s] Level 1:colcon.colcon_core.package_identification:_identify(src/build) by extension 'ignore'
[0.401s] Level 1:colcon.colcon_core.package_identification:_identify(src/build) ignored
[0.401s] Level 1:colcon.colcon_core.package_identification:_identify(src/cpp_parameters) by extensions ['ignore', 'ignore_ament_install']
[0.401s] Level 1:colcon.colcon_core.package_identification:_identify(src/cpp_parameters) by extension 'ignore'
[0.401s] Level 1:colcon.colcon_core.package_identification:_identify(src/cpp_parameters) by extension 'ignore_ament_install'
[0.401s] Level 1:colcon.colcon_core.package_identification:_identify(src/cpp_parameters) by extensions ['colcon_pkg']
[0.401s] Level 1:colcon.colcon_core.package_identification:_identify(src/cpp_parameters) by extension 'colcon_pkg'
[0.401s] Level 1:colcon.colcon_core.package_identification:_identify(src/cpp_parameters) by extensions ['colcon_meta']
[0.401s] Level 1:colcon.colcon_core.package_identification:_identify(src/cpp_parameters) by extension 'colcon_meta'
[0.401s] Level 1:colcon.colcon_core.package_identification:_identify(src/cpp_parameters) by extensions ['ros']
[0.401s] Level 1:colcon.colcon_core.package_identification:_identify(src/cpp_parameters) by extension 'ros'
[0.404s] DEBUG:colcon.colcon_core.package_identification:Package 'src/cpp_parameters' with type 'ros.ament_cmake' and name 'cpp_parameters'
[0.404s] Level 1:colcon.colcon_core.package_identification:_identify(src/cpp_pubsub) by extensions ['ignore', 'ignore_ament_install']
[0.404s] Level 1:colcon.colcon_core.package_identification:_identify(src/cpp_pubsub) by extension 'ignore'
[0.404s] Level 1:colcon.colcon_core.package_identification:_identify(src/cpp_pubsub) by extension 'ignore_ament_install'
[0.404s] Level 1:colcon.colcon_core.package_identification:_identify(src/cpp_pubsub) by extensions ['colcon_pkg']
[0.404s] Level 1:colcon.colcon_core.package_identification:_identify(src/cpp_pubsub) by extension 'colcon_pkg'
[0.404s] Level 1:colcon.colcon_core.package_identification:_identify(src/cpp_pubsub) by extensions ['colcon_meta']
[0.404s] Level 1:colcon.colcon_core.package_identification:_identify(src/cpp_pubsub) by extension 'colcon_meta'
[0.404s] Level 1:colcon.colcon_core.package_identification:_identify(src/cpp_pubsub) by extensions ['ros']
[0.404s] Level 1:colcon.colcon_core.package_identification:_identify(src/cpp_pubsub) by extension 'ros'
[0.405s] DEBUG:colcon.colcon_core.package_identification:Package 'src/cpp_pubsub' with type 'ros.ament_cmake' and name 'cpp_pubsub'
[0.405s] Level 1:colcon.colcon_core.package_identification:_identify(src/cpp_srvcli) by extensions ['ignore', 'ignore_ament_install']
[0.405s] Level 1:colcon.colcon_core.package_identification:_identify(src/cpp_srvcli) by extension 'ignore'
[0.405s] Level 1:colcon.colcon_core.package_identification:_identify(src/cpp_srvcli) by extension 'ignore_ament_install'
[0.405s] Level 1:colcon.colcon_core.package_identification:_identify(src/cpp_srvcli) by extensions ['colcon_pkg']
[0.405s] Level 1:colcon.colcon_core.package_identification:_identify(src/cpp_srvcli) by extension 'colcon_pkg'
[0.405s] Level 1:colcon.colcon_core.package_identification:_identify(src/cpp_srvcli) by extensions ['colcon_meta']
[0.405s] Level 1:colcon.colcon_core.package_identification:_identify(src/cpp_srvcli) by extension 'colcon_meta'
[0.405s] Level 1:colcon.colcon_core.package_identification:_identify(src/cpp_srvcli) by extensions ['ros']
[0.405s] Level 1:colcon.colcon_core.package_identification:_identify(src/cpp_srvcli) by extension 'ros'
[0.406s] DEBUG:colcon.colcon_core.package_identification:Package 'src/cpp_srvcli' with type 'ros.ament_cmake' and name 'cpp_srvcli'
[0.406s] Level 1:colcon.colcon_core.package_identification:_identify(src/install) by extensions ['ignore', 'ignore_ament_install']
[0.406s] Level 1:colcon.colcon_core.package_identification:_identify(src/install) by extension 'ignore'
[0.406s] Level 1:colcon.colcon_core.package_identification:_identify(src/install) ignored
[0.406s] Level 1:colcon.colcon_core.package_identification:_identify(src/log) by extensions ['ignore', 'ignore_ament_install']
[0.406s] Level 1:colcon.colcon_core.package_identification:_identify(src/log) by extension 'ignore'
[0.406s] Level 1:colcon.colcon_core.package_identification:_identify(src/log) ignored
[0.406s] Level 1:colcon.colcon_core.package_identification:_identify(src/more_interfaces) by extensions ['ignore', 'ignore_ament_install']
[0.407s] Level 1:colcon.colcon_core.package_identification:_identify(src/more_interfaces) by extension 'ignore'
[0.407s] Level 1:colcon.colcon_core.package_identification:_identify(src/more_interfaces) by extension 'ignore_ament_install'
[0.407s] Level 1:colcon.colcon_core.package_identification:_identify(src/more_interfaces) by extensions ['colcon_pkg']
[0.407s] Level 1:colcon.colcon_core.package_identification:_identify(src/more_interfaces) by extension 'colcon_pkg'
[0.407s] Level 1:colcon.colcon_core.package_identification:_identify(src/more_interfaces) by extensions ['colcon_meta']
[0.407s] Level 1:colcon.colcon_core.package_identification:_identify(src/more_interfaces) by extension 'colcon_meta'
[0.407s] Level 1:colcon.colcon_core.package_identification:_identify(src/more_interfaces) by extensions ['ros']
[0.407s] Level 1:colcon.colcon_core.package_identification:_identify(src/more_interfaces) by extension 'ros'
[0.407s] DEBUG:colcon.colcon_core.package_identification:Package 'src/more_interfaces' with type 'ros.ament_cmake' and name 'more_interfaces'
[0.407s] Level 1:colcon.colcon_core.package_identification:_identify(src/tutorial_interfaces) by extensions ['ignore', 'ignore_ament_install']
[0.407s] Level 1:colcon.colcon_core.package_identification:_identify(src/tutorial_interfaces) by extension 'ignore'
[0.407s] Level 1:colcon.colcon_core.package_identification:_identify(src/tutorial_interfaces) by extension 'ignore_ament_install'
[0.408s] Level 1:colcon.colcon_core.package_identification:_identify(src/tutorial_interfaces) by extensions ['colcon_pkg']
[0.408s] Level 1:colcon.colcon_core.package_identification:_identify(src/tutorial_interfaces) by extension 'colcon_pkg'
[0.408s] Level 1:colcon.colcon_core.package_identification:_identify(src/tutorial_interfaces) by extensions ['colcon_meta']
[0.408s] Level 1:colcon.colcon_core.package_identification:_identify(src/tutorial_interfaces) by extension 'colcon_meta'
[0.408s] Level 1:colcon.colcon_core.package_identification:_identify(src/tutorial_interfaces) by extensions ['ros']
[0.408s] Level 1:colcon.colcon_core.package_identification:_identify(src/tutorial_interfaces) by extension 'ros'
[0.408s] DEBUG:colcon.colcon_core.package_identification:Package 'src/tutorial_interfaces' with type 'ros.ament_cmake' and name 'tutorial_interfaces'
[0.408s] Level 1:colcon.colcon_core.package_discovery:discover_packages(recursive) using defaults
[0.408s] Level 1:colcon.colcon_core.package_discovery:discover_packages(ignore) discover
[0.408s] Level 1:colcon.colcon_core.package_discovery:discover_packages(ignore) using defaults
[0.408s] Level 1:colcon.colcon_core.package_discovery:discover_packages(path) discover
[0.408s] Level 1:colcon.colcon_core.package_discovery:discover_packages(path) using defaults
[0.429s] Level 1:colcon.colcon_core.package_discovery:discover_packages(prefix_path) check parameters
[0.429s] Level 1:colcon.colcon_core.package_discovery:discover_packages(prefix_path) discover
[0.432s] DEBUG:colcon.colcon_installed_package_information.package_discovery:Found 4 installed packages in /home/expert_amateur/vbm_ws/install
[0.432s] DEBUG:colcon.colcon_installed_package_information.package_discovery:Found 1 installed packages in /home/expert_amateur/voidwalking/arduino_ws/microros_ws/install
[0.433s] DEBUG:colcon.colcon_installed_package_information.package_discovery:Found 10 installed packages in /home/expert_amateur/voidwalking/ros2_ws/install
[0.435s] DEBUG:colcon.colcon_installed_package_information.package_discovery:Found 416 installed packages in /opt/ros/humble
[0.438s] Level 1:colcon.colcon_core.package_discovery:discover_packages(prefix_path) using defaults
[0.510s] Level 5:colcon.colcon_core.verb:set package 'cpp_parameters' build argument 'cmake_args' from command line to 'None'
[0.510s] Level 5:colcon.colcon_core.verb:set package 'cpp_parameters' build argument 'cmake_target' from command line to 'None'
[0.510s] Level 5:colcon.colcon_core.verb:set package 'cpp_parameters' build argument 'cmake_target_skip_unavailable' from command line to 'False'
[0.510s] Level 5:colcon.colcon_core.verb:set package 'cpp_parameters' build argument 'cmake_clean_cache' from command line to 'False'
[0.510s] Level 5:colcon.colcon_core.verb:set package 'cpp_parameters' build argument 'cmake_clean_first' from command line to 'False'
[0.510s] Level 5:colcon.colcon_core.verb:set package 'cpp_parameters' build argument 'cmake_force_configure' from command line to 'False'
[0.510s] Level 5:colcon.colcon_core.verb:set package 'cpp_parameters' build argument 'ament_cmake_args' from command line to 'None'
[0.510s] Level 5:colcon.colcon_core.verb:set package 'cpp_parameters' build argument 'catkin_cmake_args' from command line to 'None'
[0.510s] Level 5:colcon.colcon_core.verb:set package 'cpp_parameters' build argument 'catkin_skip_building_tests' from command line to 'False'
[0.510s] DEBUG:colcon.colcon_core.verb:Building package 'cpp_parameters' with the following arguments: {'ament_cmake_args': None, 'build_base': '/home/expert_amateur/vbm_ws/build/cpp_parameters', 'catkin_cmake_args': None, 'catkin_skip_building_tests': False, 'cmake_args': None, 'cmake_clean_cache': False, 'cmake_clean_first': False, 'cmake_force_configure': False, 'cmake_target': None, 'cmake_target_skip_unavailable': False, 'install_base': '/home/expert_amateur/vbm_ws/install/cpp_parameters', 'merge_install': False, 'path': '/home/expert_amateur/vbm_ws/src/cpp_parameters', 'symlink_install': False, 'test_result_base': None}
[0.511s] Level 5:colcon.colcon_core.verb:set package 'more_interfaces' build argument 'cmake_args' from command line to 'None'
[0.511s] Level 5:colcon.colcon_core.verb:set package 'more_interfaces' build argument 'cmake_target' from command line to 'None'
[0.511s] Level 5:colcon.colcon_core.verb:set package 'more_interfaces' build argument 'cmake_target_skip_unavailable' from command line to 'False'
[0.511s] Level 5:colcon.colcon_core.verb:set package 'more_interfaces' build argument 'cmake_clean_cache' from command line to 'False'
[0.511s] Level 5:colcon.colcon_core.verb:set package 'more_interfaces' build argument 'cmake_clean_first' from command line to 'False'
[0.511s] Level 5:colcon.colcon_core.verb:set package 'more_interfaces' build argument 'cmake_force_configure' from command line to 'False'
[0.511s] Level 5:colcon.colcon_core.verb:set package 'more_interfaces' build argument 'ament_cmake_args' from command line to 'None'
[0.511s] Level 5:colcon.colcon_core.verb:set package 'more_interfaces' build argument 'catkin_cmake_args' from command line to 'None'
[0.511s] Level 5:colcon.colcon_core.verb:set package 'more_interfaces' build argument 'catkin_skip_building_tests' from command line to 'False'
[0.511s] DEBUG:colcon.colcon_core.verb:Building package 'more_interfaces' with the following arguments: {'ament_cmake_args': None, 'build_base': '/home/expert_amateur/vbm_ws/build/more_interfaces', 'catkin_cmake_args': None, 'catkin_skip_building_tests': False, 'cmake_args': None, 'cmake_clean_cache': False, 'cmake_clean_first': False, 'cmake_force_configure': False, 'cmake_target': None, 'cmake_target_skip_unavailable': False, 'install_base': '/home/expert_amateur/vbm_ws/install/more_interfaces', 'merge_install': False, 'path': '/home/expert_amateur/vbm_ws/src/more_interfaces', 'symlink_install': False, 'test_result_base': None}
[0.512s] Level 5:colcon.colcon_core.verb:set package 'tutorial_interfaces' build argument 'cmake_args' from command line to 'None'
[0.512s] Level 5:colcon.colcon_core.verb:set package 'tutorial_interfaces' build argument 'cmake_target' from command line to 'None'
[0.512s] Level 5:colcon.colcon_core.verb:set package 'tutorial_interfaces' build argument 'cmake_target_skip_unavailable' from command line to 'False'
[0.512s] Level 5:colcon.colcon_core.verb:set package 'tutorial_interfaces' build argument 'cmake_clean_cache' from command line to 'False'
[0.513s] Level 5:colcon.colcon_core.verb:set package 'tutorial_interfaces' build argument 'cmake_clean_first' from command line to 'False'
[0.513s] Level 5:colcon.colcon_core.verb:set package 'tutorial_interfaces' build argument 'cmake_force_configure' from command line to 'False'
[0.513s] Level 5:colcon.colcon_core.verb:set package 'tutorial_interfaces' build argument 'ament_cmake_args' from command line to 'None'
[0.513s] Level 5:colcon.colcon_core.verb:set package 'tutorial_interfaces' build argument 'catkin_cmake_args' from command line to 'None'
[0.513s] Level 5:colcon.colcon_core.verb:set package 'tutorial_interfaces' build argument 'catkin_skip_building_tests' from command line to 'False'
[0.513s] DEBUG:colcon.colcon_core.verb:Building package 'tutorial_interfaces' with the following arguments: {'ament_cmake_args': None, 'build_base': '/home/expert_amateur/vbm_ws/build/tutorial_interfaces', 'catkin_cmake_args': None, 'catkin_skip_building_tests': False, 'cmake_args': None, 'cmake_clean_cache': False, 'cmake_clean_first': False, 'cmake_force_configure': False, 'cmake_target': None, 'cmake_target_skip_unavailable': False, 'install_base': '/home/expert_amateur/vbm_ws/install/tutorial_interfaces', 'merge_install': False, 'path': '/home/expert_amateur/vbm_ws/src/tutorial_interfaces', 'symlink_install': False, 'test_result_base': None}
[0.514s] Level 5:colcon.colcon_core.verb:set package 'cpp_pubsub' build argument 'cmake_args' from command line to 'None'
[0.514s] Level 5:colcon.colcon_core.verb:set package 'cpp_pubsub' build argument 'cmake_target' from command line to 'None'
[0.514s] Level 5:colcon.colcon_core.verb:set package 'cpp_pubsub' build argument 'cmake_target_skip_unavailable' from command line to 'False'
[0.514s] Level 5:colcon.colcon_core.verb:set package 'cpp_pubsub' build argument 'cmake_clean_cache' from command line to 'False'
[0.514s] Level 5:colcon.colcon_core.verb:set package 'cpp_pubsub' build argument 'cmake_clean_first' from command line to 'False'
[0.514s] Level 5:colcon.colcon_core.verb:set package 'cpp_pubsub' build argument 'cmake_force_configure' from command line to 'False'
[0.514s] Level 5:colcon.colcon_core.verb:set package 'cpp_pubsub' build argument 'ament_cmake_args' from command line to 'None'
[0.514s] Level 5:colcon.colcon_core.verb:set package 'cpp_pubsub' build argument 'catkin_cmake_args' from command line to 'None'
[0.514s] Level 5:colcon.colcon_core.verb:set package 'cpp_pubsub' build argument 'catkin_skip_building_tests' from command line to 'False'
[0.514s] DEBUG:colcon.colcon_core.verb:Building package 'cpp_pubsub' with the following arguments: {'ament_cmake_args': None, 'build_base': '/home/expert_amateur/vbm_ws/build/cpp_pubsub', 'catkin_cmake_args': None, 'catkin_skip_building_tests': False, 'cmake_args': None, 'cmake_clean_cache': False, 'cmake_clean_first': False, 'cmake_force_configure': False, 'cmake_target': None, 'cmake_target_skip_unavailable': False, 'install_base': '/home/expert_amateur/vbm_ws/install/cpp_pubsub', 'merge_install': False, 'path': '/home/expert_amateur/vbm_ws/src/cpp_pubsub', 'symlink_install': False, 'test_result_base': None}
[0.515s] Level 5:colcon.colcon_core.verb:set package 'cpp_srvcli' build argument 'cmake_args' from command line to 'None'
[0.515s] Level 5:colcon.colcon_core.verb:set package 'cpp_srvcli' build argument 'cmake_target' from command line to 'None'
[0.515s] Level 5:colcon.colcon_core.verb:set package 'cpp_srvcli' build argument 'cmake_target_skip_unavailable' from command line to 'False'
[0.515s] Level 5:colcon.colcon_core.verb:set package 'cpp_srvcli' build argument 'cmake_clean_cache' from command line to 'False'
[0.515s] Level 5:colcon.colcon_core.verb:set package 'cpp_srvcli' build argument 'cmake_clean_first' from command line to 'False'
[0.515s] Level 5:colcon.colcon_core.verb:set package 'cpp_srvcli' build argument 'cmake_force_configure' from command line to 'False'
[0.515s] Level 5:colcon.colcon_core.verb:set package 'cpp_srvcli' build argument 'ament_cmake_args' from command line to 'None'
[0.515s] Level 5:colcon.colcon_core.verb:set package 'cpp_srvcli' build argument 'catkin_cmake_args' from command line to 'None'
[0.515s] Level 5:colcon.colcon_core.verb:set package 'cpp_srvcli' build argument 'catkin_skip_building_tests' from command line to 'False'
[0.515s] DEBUG:colcon.colcon_core.verb:Building package 'cpp_srvcli' with the following arguments: {'ament_cmake_args': None, 'build_base': '/home/expert_amateur/vbm_ws/build/cpp_srvcli', 'catkin_cmake_args': None, 'catkin_skip_building_tests': False, 'cmake_args': None, 'cmake_clean_cache': False, 'cmake_clean_first': False, 'cmake_force_configure': False, 'cmake_target': None, 'cmake_target_skip_unavailable': False, 'install_base': '/home/expert_amateur/vbm_ws/install/cpp_srvcli', 'merge_install': False, 'path': '/home/expert_amateur/vbm_ws/src/cpp_srvcli', 'symlink_install': False, 'test_result_base': None}
[0.516s] INFO:colcon.colcon_core.executor:Executing jobs using 'parallel' executor
[0.519s] DEBUG:colcon.colcon_parallel_executor.executor.parallel:run_until_complete
[0.519s] INFO:colcon.colcon_ros.task.ament_cmake.build:Building ROS package in '/home/expert_amateur/vbm_ws/src/tutorial_interfaces' with build type 'ament_cmake'
[0.519s] INFO:colcon.colcon_cmake.task.cmake.build:Building CMake package in '/home/expert_amateur/vbm_ws/src/tutorial_interfaces'
[0.523s] INFO:colcon.colcon_core.plugin_system:Skipping extension 'colcon_core.shell.bat': Not used on non-Windows systems
[0.523s] INFO:colcon.colcon_core.shell:Skip shell extension 'powershell' for command environment: Not usable outside of PowerShell
[0.523s] DEBUG:colcon.colcon_core.shell:Skip shell extension 'dsv' for command environment
[0.530s] INFO:colcon.colcon_ros.task.ament_cmake.build:Building ROS package in '/home/expert_amateur/vbm_ws/src/cpp_parameters' with build type 'ament_cmake'
[0.530s] INFO:colcon.colcon_cmake.task.cmake.build:Building CMake package in '/home/expert_amateur/vbm_ws/src/cpp_parameters'
[0.532s] INFO:colcon.colcon_core.shell:Skip shell extension 'powershell' for command environment: Not usable outside of PowerShell
[0.532s] DEBUG:colcon.colcon_core.shell:Skip shell extension 'dsv' for command environment
[0.538s] INFO:colcon.colcon_ros.task.ament_cmake.build:Building ROS package in '/home/expert_amateur/vbm_ws/src/more_interfaces' with build type 'ament_cmake'
[0.538s] INFO:colcon.colcon_cmake.task.cmake.build:Building CMake package in '/home/expert_amateur/vbm_ws/src/more_interfaces'
[0.539s] INFO:colcon.colcon_core.shell:Skip shell extension 'powershell' for command environment: Not usable outside of PowerShell
[0.539s] DEBUG:colcon.colcon_core.shell:Skip shell extension 'dsv' for command environment
[0.551s] DEBUG:colcon.colcon_core.event_handler.log_command:Invoking command in '/home/expert_amateur/vbm_ws/build/tutorial_interfaces': CMAKE_PREFIX_PATH=${CMAKE_PREFIX_PATH}:/home/expert_amateur/voidwalking/ros2_ws/install/waypoints:/opt/ros/humble /usr/bin/cmake --build /home/expert_amateur/vbm_ws/build/tutorial_interfaces -- -j12 -l12
[0.554s] DEBUG:colcon.colcon_core.event_handler.log_command:Invoking command in '/home/expert_amateur/vbm_ws/build/cpp_parameters': CMAKE_PREFIX_PATH=${CMAKE_PREFIX_PATH}:/home/expert_amateur/voidwalking/ros2_ws/install/waypoints:/opt/ros/humble /usr/bin/cmake /home/expert_amateur/vbm_ws/src/cpp_parameters -DCMAKE_INSTALL_PREFIX=/home/expert_amateur/vbm_ws/install/cpp_parameters
[0.556s] DEBUG:colcon.colcon_core.event_handler.log_command:Invoking command in '/home/expert_amateur/vbm_ws/build/more_interfaces': CMAKE_PREFIX_PATH=${CMAKE_PREFIX_PATH}:/home/expert_amateur/voidwalking/ros2_ws/install/waypoints:/opt/ros/humble /usr/bin/cmake --build /home/expert_amateur/vbm_ws/build/more_interfaces -- -j12 -l12
[0.954s] DEBUG:colcon.colcon_core.event_handler.log_command:Invoked command in '/home/expert_amateur/vbm_ws/build/more_interfaces' returned '0': CMAKE_PREFIX_PATH=${CMAKE_PREFIX_PATH}:/home/expert_amateur/voidwalking/ros2_ws/install/waypoints:/opt/ros/humble /usr/bin/cmake --build /home/expert_amateur/vbm_ws/build/more_interfaces -- -j12 -l12
[0.955s] DEBUG:colcon.colcon_core.event_handler.log_command:Invoked command in '/home/expert_amateur/vbm_ws/build/tutorial_interfaces' returned '0': CMAKE_PREFIX_PATH=${CMAKE_PREFIX_PATH}:/home/expert_amateur/voidwalking/ros2_ws/install/waypoints:/opt/ros/humble /usr/bin/cmake --build /home/expert_amateur/vbm_ws/build/tutorial_interfaces -- -j12 -l12
[1.010s] DEBUG:colcon.colcon_core.event_handler.log_command:Invoking command in '/home/expert_amateur/vbm_ws/build/more_interfaces': CMAKE_PREFIX_PATH=${CMAKE_PREFIX_PATH}:/home/expert_amateur/voidwalking/ros2_ws/install/waypoints:/opt/ros/humble /usr/bin/cmake --install /home/expert_amateur/vbm_ws/build/more_interfaces
[1.029s] DEBUG:colcon.colcon_core.event_handler.log_command:Invoking command in '/home/expert_amateur/vbm_ws/build/tutorial_interfaces': CMAKE_PREFIX_PATH=${CMAKE_PREFIX_PATH}:/home/expert_amateur/voidwalking/ros2_ws/install/waypoints:/opt/ros/humble /usr/bin/cmake --install /home/expert_amateur/vbm_ws/build/tutorial_interfaces
[1.063s] Level 1:colcon.colcon_core.environment:create_environment_scripts_only(more_interfaces)
[1.064s] DEBUG:colcon.colcon_core.event_handler.log_command:Invoked command in '/home/expert_amateur/vbm_ws/build/more_interfaces' returned '0': CMAKE_PREFIX_PATH=${CMAKE_PREFIX_PATH}:/home/expert_amateur/voidwalking/ros2_ws/install/waypoints:/opt/ros/humble /usr/bin/cmake --install /home/expert_amateur/vbm_ws/build/more_interfaces
[1.068s] Level 1:colcon.colcon_core.environment:checking '/home/expert_amateur/vbm_ws/install/more_interfaces' for CMake module files
[1.068s] Level 1:colcon.colcon_core.environment:checking '/home/expert_amateur/vbm_ws/install/more_interfaces' for CMake config files
[1.069s] Level 1:colcon.colcon_core.shell:create_environment_hook('more_interfaces', 'cmake_prefix_path')
[1.071s] INFO:colcon.colcon_core.shell:Creating environment hook '/home/expert_amateur/vbm_ws/install/more_interfaces/share/more_interfaces/hook/cmake_prefix_path.ps1'
[1.071s] INFO:colcon.colcon_core.shell:Creating environment descriptor '/home/expert_amateur/vbm_ws/install/more_interfaces/share/more_interfaces/hook/cmake_prefix_path.dsv'
[1.072s] INFO:colcon.colcon_core.shell:Creating environment hook '/home/expert_amateur/vbm_ws/install/more_interfaces/share/more_interfaces/hook/cmake_prefix_path.sh'
[1.073s] Level 1:colcon.colcon_core.environment:checking '/home/expert_amateur/vbm_ws/install/more_interfaces/lib'
[1.073s] Level 1:colcon.colcon_core.shell:create_environment_hook('more_interfaces', 'ld_library_path_lib')
[1.074s] INFO:colcon.colcon_core.shell:Creating environment hook '/home/expert_amateur/vbm_ws/install/more_interfaces/share/more_interfaces/hook/ld_library_path_lib.ps1'
[1.075s] INFO:colcon.colcon_core.shell:Creating environment descriptor '/home/expert_amateur/vbm_ws/install/more_interfaces/share/more_interfaces/hook/ld_library_path_lib.dsv'
[1.076s] INFO:colcon.colcon_core.shell:Creating environment hook '/home/expert_amateur/vbm_ws/install/more_interfaces/share/more_interfaces/hook/ld_library_path_lib.sh'
[1.076s] Level 1:colcon.colcon_core.environment:checking '/home/expert_amateur/vbm_ws/install/more_interfaces/bin'
[1.077s] Level 1:colcon.colcon_core.environment:checking '/home/expert_amateur/vbm_ws/install/more_interfaces/lib/pkgconfig/more_interfaces.pc'
[1.077s] Level 1:colcon.colcon_core.environment:checking '/home/expert_amateur/vbm_ws/install/more_interfaces/lib/python3.10/site-packages'
[1.078s] Level 1:colcon.colcon_core.environment:checking '/home/expert_amateur/vbm_ws/install/more_interfaces/bin'
[1.079s] INFO:colcon.colcon_core.shell:Creating package script '/home/expert_amateur/vbm_ws/install/more_interfaces/share/more_interfaces/package.ps1'
[1.081s] INFO:colcon.colcon_core.shell:Creating package descriptor '/home/expert_amateur/vbm_ws/install/more_interfaces/share/more_interfaces/package.dsv'
[1.082s] INFO:colcon.colcon_core.shell:Creating package script '/home/expert_amateur/vbm_ws/install/more_interfaces/share/more_interfaces/package.sh'
[1.082s] INFO:colcon.colcon_core.shell:Creating package script '/home/expert_amateur/vbm_ws/install/more_interfaces/share/more_interfaces/package.bash'
[1.083s] INFO:colcon.colcon_core.shell:Creating package script '/home/expert_amateur/vbm_ws/install/more_interfaces/share/more_interfaces/package.zsh'
[1.084s] Level 1:colcon.colcon_core.environment:create_file_with_runtime_dependencies(/home/expert_amateur/vbm_ws/install/more_interfaces/share/colcon-core/packages/more_interfaces)
[1.085s] Level 1:colcon.colcon_core.environment:create_environment_scripts_only(tutorial_interfaces)
[1.087s] Level 1:colcon.colcon_core.environment:checking '/home/expert_amateur/vbm_ws/install/tutorial_interfaces' for CMake module files
[1.087s] DEBUG:colcon.colcon_core.event_handler.log_command:Invoked command in '/home/expert_amateur/vbm_ws/build/tutorial_interfaces' returned '0': CMAKE_PREFIX_PATH=${CMAKE_PREFIX_PATH}:/home/expert_amateur/voidwalking/ros2_ws/install/waypoints:/opt/ros/humble /usr/bin/cmake --install /home/expert_amateur/vbm_ws/build/tutorial_interfaces
[1.088s] Level 1:colcon.colcon_core.environment:checking '/home/expert_amateur/vbm_ws/install/tutorial_interfaces' for CMake config files
[1.088s] Level 1:colcon.colcon_core.shell:create_environment_hook('tutorial_interfaces', 'cmake_prefix_path')
[1.089s] INFO:colcon.colcon_core.shell:Creating environment hook '/home/expert_amateur/vbm_ws/install/tutorial_interfaces/share/tutorial_interfaces/hook/cmake_prefix_path.ps1'
[1.090s] INFO:colcon.colcon_core.shell:Creating environment descriptor '/home/expert_amateur/vbm_ws/install/tutorial_interfaces/share/tutorial_interfaces/hook/cmake_prefix_path.dsv'
[1.090s] INFO:colcon.colcon_core.shell:Creating environment hook '/home/expert_amateur/vbm_ws/install/tutorial_interfaces/share/tutorial_interfaces/hook/cmake_prefix_path.sh'
[1.090s] Level 1:colcon.colcon_core.environment:checking '/home/expert_amateur/vbm_ws/install/tutorial_interfaces/lib'
[1.090s] Level 1:colcon.colcon_core.shell:create_environment_hook('tutorial_interfaces', 'ld_library_path_lib')
[1.092s] INFO:colcon.colcon_core.shell:Creating environment hook '/home/expert_amateur/vbm_ws/install/tutorial_interfaces/share/tutorial_interfaces/hook/ld_library_path_lib.ps1'
[1.092s] INFO:colcon.colcon_core.shell:Creating environment descriptor '/home/expert_amateur/vbm_ws/install/tutorial_interfaces/share/tutorial_interfaces/hook/ld_library_path_lib.dsv'
[1.092s] INFO:colcon.colcon_core.shell:Creating environment hook '/home/expert_amateur/vbm_ws/install/tutorial_interfaces/share/tutorial_interfaces/hook/ld_library_path_lib.sh'
[1.093s] Level 1:colcon.colcon_core.environment:checking '/home/expert_amateur/vbm_ws/install/tutorial_interfaces/bin'
[1.093s] Level 1:colcon.colcon_core.environment:checking '/home/expert_amateur/vbm_ws/install/tutorial_interfaces/lib/pkgconfig/tutorial_interfaces.pc'
[1.093s] Level 1:colcon.colcon_core.environment:checking '/home/expert_amateur/vbm_ws/install/tutorial_interfaces/lib/python3.10/site-packages'
[1.093s] Level 1:colcon.colcon_core.environment:checking '/home/expert_amateur/vbm_ws/install/tutorial_interfaces/bin'
[1.095s] INFO:colcon.colcon_core.shell:Creating package script '/home/expert_amateur/vbm_ws/install/tutorial_interfaces/share/tutorial_interfaces/package.ps1'
[1.095s] INFO:colcon.colcon_core.shell:Creating package descriptor '/home/expert_amateur/vbm_ws/install/tutorial_interfaces/share/tutorial_interfaces/package.dsv'
[1.095s] INFO:colcon.colcon_core.shell:Creating package script '/home/expert_amateur/vbm_ws/install/tutorial_interfaces/share/tutorial_interfaces/package.sh'
[1.096s] INFO:colcon.colcon_core.shell:Creating package script '/home/expert_amateur/vbm_ws/install/tutorial_interfaces/share/tutorial_interfaces/package.bash'
[1.096s] INFO:colcon.colcon_core.shell:Creating package script '/home/expert_amateur/vbm_ws/install/tutorial_interfaces/share/tutorial_interfaces/package.zsh'
[1.096s] Level 1:colcon.colcon_core.environment:create_file_with_runtime_dependencies(/home/expert_amateur/vbm_ws/install/tutorial_interfaces/share/colcon-core/packages/tutorial_interfaces)
[1.130s] Level 1:colcon.colcon_core.environment:create_environment_scripts_only(more_interfaces)
[1.132s] Level 1:colcon.colcon_core.environment:checking '/home/expert_amateur/vbm_ws/install/more_interfaces' for CMake module files
[1.132s] Level 1:colcon.colcon_core.environment:checking '/home/expert_amateur/vbm_ws/install/more_interfaces' for CMake config files
[1.133s] Level 1:colcon.colcon_core.shell:create_environment_hook('more_interfaces', 'cmake_prefix_path')
[1.134s] INFO:colcon.colcon_core.shell:Creating environment hook '/home/expert_amateur/vbm_ws/install/more_interfaces/share/more_interfaces/hook/cmake_prefix_path.ps1'
[1.134s] INFO:colcon.colcon_core.shell:Creating environment descriptor '/home/expert_amateur/vbm_ws/install/more_interfaces/share/more_interfaces/hook/cmake_prefix_path.dsv'
[1.135s] INFO:colcon.colcon_core.shell:Creating environment hook '/home/expert_amateur/vbm_ws/install/more_interfaces/share/more_interfaces/hook/cmake_prefix_path.sh'
[1.135s] Level 1:colcon.colcon_core.environment:checking '/home/expert_amateur/vbm_ws/install/more_interfaces/lib'
[1.135s] Level 1:colcon.colcon_core.shell:create_environment_hook('more_interfaces', 'ld_library_path_lib')
[1.136s] INFO:colcon.colcon_core.shell:Creating environment hook '/home/expert_amateur/vbm_ws/install/more_interfaces/share/more_interfaces/hook/ld_library_path_lib.ps1'
[1.137s] INFO:colcon.colcon_core.shell:Creating environment descriptor '/home/expert_amateur/vbm_ws/install/more_interfaces/share/more_interfaces/hook/ld_library_path_lib.dsv'
[1.137s] INFO:colcon.colcon_core.shell:Creating environment hook '/home/expert_amateur/vbm_ws/install/more_interfaces/share/more_interfaces/hook/ld_library_path_lib.sh'
[1.137s] Level 1:colcon.colcon_core.environment:checking '/home/expert_amateur/vbm_ws/install/more_interfaces/bin'
[1.137s] Level 1:colcon.colcon_core.environment:checking '/home/expert_amateur/vbm_ws/install/more_interfaces/lib/pkgconfig/more_interfaces.pc'
[1.138s] Level 1:colcon.colcon_core.environment:checking '/home/expert_amateur/vbm_ws/install/more_interfaces/lib/python3.10/site-packages'
[1.138s] Level 1:colcon.colcon_core.environment:checking '/home/expert_amateur/vbm_ws/install/more_interfaces/bin'
[1.139s] INFO:colcon.colcon_core.shell:Creating package script '/home/expert_amateur/vbm_ws/install/more_interfaces/share/more_interfaces/package.ps1'
[1.140s] INFO:colcon.colcon_core.shell:Creating package descriptor '/home/expert_amateur/vbm_ws/install/more_interfaces/share/more_interfaces/package.dsv'
[1.140s] INFO:colcon.colcon_core.shell:Creating package script '/home/expert_amateur/vbm_ws/install/more_interfaces/share/more_interfaces/package.sh'
[1.141s] INFO:colcon.colcon_core.shell:Creating package script '/home/expert_amateur/vbm_ws/install/more_interfaces/share/more_interfaces/package.bash'
[1.141s] INFO:colcon.colcon_core.shell:Creating package script '/home/expert_amateur/vbm_ws/install/more_interfaces/share/more_interfaces/package.zsh'
[1.141s] Level 1:colcon.colcon_core.environment:create_file_with_runtime_dependencies(/home/expert_amateur/vbm_ws/install/more_interfaces/share/colcon-core/packages/more_interfaces)
[1.167s] Level 1:colcon.colcon_core.environment:create_environment_scripts_only(tutorial_interfaces)
[1.169s] Level 1:colcon.colcon_core.environment:checking '/home/expert_amateur/vbm_ws/install/tutorial_interfaces' for CMake module files
[1.170s] Level 1:colcon.colcon_core.environment:checking '/home/expert_amateur/vbm_ws/install/tutorial_interfaces' for CMake config files
[1.170s] Level 1:colcon.colcon_core.shell:create_environment_hook('tutorial_interfaces', 'cmake_prefix_path')
[1.172s] INFO:colcon.colcon_core.shell:Creating environment hook '/home/expert_amateur/vbm_ws/install/tutorial_interfaces/share/tutorial_interfaces/hook/cmake_prefix_path.ps1'
[1.172s] INFO:colcon.colcon_core.shell:Creating environment descriptor '/home/expert_amateur/vbm_ws/install/tutorial_interfaces/share/tutorial_interfaces/hook/cmake_prefix_path.dsv'
[1.172s] INFO:colcon.colcon_core.shell:Creating environment hook '/home/expert_amateur/vbm_ws/install/tutorial_interfaces/share/tutorial_interfaces/hook/cmake_prefix_path.sh'
[1.173s] Level 1:colcon.colcon_core.environment:checking '/home/expert_amateur/vbm_ws/install/tutorial_interfaces/lib'
[1.173s] Level 1:colcon.colcon_core.shell:create_environment_hook('tutorial_interfaces', 'ld_library_path_lib')
[1.174s] INFO:colcon.colcon_core.shell:Creating environment hook '/home/expert_amateur/vbm_ws/install/tutorial_interfaces/share/tutorial_interfaces/hook/ld_library_path_lib.ps1'
[1.174s] INFO:colcon.colcon_core.shell:Creating environment descriptor '/home/expert_amateur/vbm_ws/install/tutorial_interfaces/share/tutorial_interfaces/hook/ld_library_path_lib.dsv'
[1.174s] INFO:colcon.colcon_core.shell:Creating environment hook '/home/expert_amateur/vbm_ws/install/tutorial_interfaces/share/tutorial_interfaces/hook/ld_library_path_lib.sh'
[1.175s] Level 1:colcon.colcon_core.environment:checking '/home/expert_amateur/vbm_ws/install/tutorial_interfaces/bin'
[1.175s] Level 1:colcon.colcon_core.environment:checking '/home/expert_amateur/vbm_ws/install/tutorial_interfaces/lib/pkgconfig/tutorial_interfaces.pc'
[1.175s] Level 1:colcon.colcon_core.environment:checking '/home/expert_amateur/vbm_ws/install/tutorial_interfaces/lib/python3.10/site-packages'
[1.175s] Level 1:colcon.colcon_core.environment:checking '/home/expert_amateur/vbm_ws/install/tutorial_interfaces/bin'
[1.176s] INFO:colcon.colcon_core.shell:Creating package script '/home/expert_amateur/vbm_ws/install/tutorial_interfaces/share/tutorial_interfaces/package.ps1'
[1.177s] INFO:colcon.colcon_core.shell:Creating package descriptor '/home/expert_amateur/vbm_ws/install/tutorial_interfaces/share/tutorial_interfaces/package.dsv'
[1.177s] INFO:colcon.colcon_core.shell:Creating package script '/home/expert_amateur/vbm_ws/install/tutorial_interfaces/share/tutorial_interfaces/package.sh'
[1.178s] INFO:colcon.colcon_core.shell:Creating package script '/home/expert_amateur/vbm_ws/install/tutorial_interfaces/share/tutorial_interfaces/package.bash'
[1.178s] INFO:colcon.colcon_core.shell:Creating package script '/home/expert_amateur/vbm_ws/install/tutorial_interfaces/share/tutorial_interfaces/package.zsh'
[1.178s] Level 1:colcon.colcon_core.environment:create_file_with_runtime_dependencies(/home/expert_amateur/vbm_ws/install/tutorial_interfaces/share/colcon-core/packages/tutorial_interfaces)
[1.178s] INFO:colcon.colcon_ros.task.ament_cmake.build:Building ROS package in '/home/expert_amateur/vbm_ws/src/cpp_pubsub' with build type 'ament_cmake'
[1.179s] INFO:colcon.colcon_cmake.task.cmake.build:Building CMake package in '/home/expert_amateur/vbm_ws/src/cpp_pubsub'
[1.180s] INFO:colcon.colcon_core.shell:Skip shell extension 'powershell' for command environment: Not usable outside of PowerShell
[1.180s] DEBUG:colcon.colcon_core.shell:Skip shell extension 'dsv' for command environment
[1.186s] INFO:colcon.colcon_ros.task.ament_cmake.build:Building ROS package in '/home/expert_amateur/vbm_ws/src/cpp_srvcli' with build type 'ament_cmake'
[1.186s] INFO:colcon.colcon_cmake.task.cmake.build:Building CMake package in '/home/expert_amateur/vbm_ws/src/cpp_srvcli'
[1.188s] INFO:colcon.colcon_core.shell:Skip shell extension 'powershell' for command environment: Not usable outside of PowerShell
[1.188s] DEBUG:colcon.colcon_core.shell:Skip shell extension 'dsv' for command environment
[1.197s] DEBUG:colcon.colcon_core.event_handler.log_command:Invoking command in '/home/expert_amateur/vbm_ws/build/cpp_pubsub': CMAKE_PREFIX_PATH=/home/expert_amateur/vbm_ws/install/tutorial_interfaces:/home/expert_amateur/vbm_ws/install/more_interfaces:/home/expert_amateur/vbm_ws/install/cpp_srvcli:/home/expert_amateur/vbm_ws/install/cpp_pubsub:/home/expert_amateur/voidwalking/ros2_ws/install/void_tests:/home/expert_amateur/voidwalking/ros2_ws/install/turtlebot_test:/home/expert_amateur/voidwalking/ros2_ws/install/spatio_temporal_voxel_layer:/home/expert_amateur/voidwalking/ros2_ws/install/main:/home/expert_amateur/voidwalking/ros2_ws/install/simulation:/home/expert_amateur/voidwalking/ros2_ws/install/rviz_satellite:/home/expert_amateur/voidwalking/ros2_ws/install/obstacle_avoidance:/home/expert_amateur/voidwalking/ros2_ws/install/nav2_turtlebot3:/home/expert_amateur/voidwalking/ros2_ws/install/mapping:/home/expert_amateur/voidwalking/arduino_ws/microros_ws/install/micro_ros_setup:/home/expert_amateur/voidwalking/ros2_ws/install/waypoints:/opt/ros/humble LD_LIBRARY_PATH=/home/expert_amateur/vbm_ws/install/tutorial_interfaces/lib:/home/expert_amateur/vbm_ws/install/more_interfaces/lib:/home/expert_amateur/voidwalking/ros2_ws/install/spatio_temporal_voxel_layer/lib:/home/expert_amateur/voidwalking/ros2_ws/install/rviz_satellite/lib:/home/expert_amateur/voidwalking/ros2_ws/install/mapping/lib:/usr/lib/x86_64-linux-gnu/gazebo-11/plugins:/opt/ros/humble/opt/rviz_ogre_vendor/lib:/opt/ros/humble/lib/x86_64-linux-gnu:/opt/ros/humble/lib /usr/bin/cmake --build /home/expert_amateur/vbm_ws/build/cpp_pubsub -- -j12 -l12
[1.200s] DEBUG:colcon.colcon_core.event_handler.log_command:Invoking command in '/home/expert_amateur/vbm_ws/build/cpp_srvcli': CMAKE_PREFIX_PATH=/home/expert_amateur/vbm_ws/install/tutorial_interfaces:/home/expert_amateur/vbm_ws/install/more_interfaces:/home/expert_amateur/vbm_ws/install/cpp_srvcli:/home/expert_amateur/vbm_ws/install/cpp_pubsub:/home/expert_amateur/voidwalking/ros2_ws/install/void_tests:/home/expert_amateur/voidwalking/ros2_ws/install/turtlebot_test:/home/expert_amateur/voidwalking/ros2_ws/install/spatio_temporal_voxel_layer:/home/expert_amateur/voidwalking/ros2_ws/install/main:/home/expert_amateur/voidwalking/ros2_ws/install/simulation:/home/expert_amateur/voidwalking/ros2_ws/install/rviz_satellite:/home/expert_amateur/voidwalking/ros2_ws/install/obstacle_avoidance:/home/expert_amateur/voidwalking/ros2_ws/install/nav2_turtlebot3:/home/expert_amateur/voidwalking/ros2_ws/install/mapping:/home/expert_amateur/voidwalking/arduino_ws/microros_ws/install/micro_ros_setup:/home/expert_amateur/voidwalking/ros2_ws/install/waypoints:/opt/ros/humble LD_LIBRARY_PATH=/home/expert_amateur/vbm_ws/install/tutorial_interfaces/lib:/home/expert_amateur/vbm_ws/install/more_interfaces/lib:/home/expert_amateur/voidwalking/ros2_ws/install/spatio_temporal_voxel_layer/lib:/home/expert_amateur/voidwalking/ros2_ws/install/rviz_satellite/lib:/home/expert_amateur/voidwalking/ros2_ws/install/mapping/lib:/usr/lib/x86_64-linux-gnu/gazebo-11/plugins:/opt/ros/humble/opt/rviz_ogre_vendor/lib:/opt/ros/humble/lib/x86_64-linux-gnu:/opt/ros/humble/lib /usr/bin/cmake --build /home/expert_amateur/vbm_ws/build/cpp_srvcli -- -j12 -l12
[1.252s] DEBUG:colcon.colcon_core.event_handler.log_command:Invoked command in '/home/expert_amateur/vbm_ws/build/cpp_pubsub' returned '0': CMAKE_PREFIX_PATH=/home/expert_amateur/vbm_ws/install/tutorial_interfaces:/home/expert_amateur/vbm_ws/install/more_interfaces:/home/expert_amateur/vbm_ws/install/cpp_srvcli:/home/expert_amateur/vbm_ws/install/cpp_pubsub:/home/expert_amateur/voidwalking/ros2_ws/install/void_tests:/home/expert_amateur/voidwalking/ros2_ws/install/turtlebot_test:/home/expert_amateur/voidwalking/ros2_ws/install/spatio_temporal_voxel_layer:/home/expert_amateur/voidwalking/ros2_ws/install/main:/home/expert_amateur/voidwalking/ros2_ws/install/simulation:/home/expert_amateur/voidwalking/ros2_ws/install/rviz_satellite:/home/expert_amateur/voidwalking/ros2_ws/install/obstacle_avoidance:/home/expert_amateur/voidwalking/ros2_ws/install/nav2_turtlebot3:/home/expert_amateur/voidwalking/ros2_ws/install/mapping:/home/expert_amateur/voidwalking/arduino_ws/microros_ws/install/micro_ros_setup:/home/expert_amateur/voidwalking/ros2_ws/install/waypoints:/opt/ros/humble LD_LIBRARY_PATH=/home/expert_amateur/vbm_ws/install/tutorial_interfaces/lib:/home/expert_amateur/vbm_ws/install/more_interfaces/lib:/home/expert_amateur/voidwalking/ros2_ws/install/spatio_temporal_voxel_layer/lib:/home/expert_amateur/voidwalking/ros2_ws/install/rviz_satellite/lib:/home/expert_amateur/voidwalking/ros2_ws/install/mapping/lib:/usr/lib/x86_64-linux-gnu/gazebo-11/plugins:/opt/ros/humble/opt/rviz_ogre_vendor/lib:/opt/ros/humble/lib/x86_64-linux-gnu:/opt/ros/humble/lib /usr/bin/cmake --build /home/expert_amateur/vbm_ws/build/cpp_pubsub -- -j12 -l12
[1.253s] DEBUG:colcon.colcon_core.event_handler.log_command:Invoked command in '/home/expert_amateur/vbm_ws/build/cpp_srvcli' returned '0': CMAKE_PREFIX_PATH=/home/expert_amateur/vbm_ws/install/tutorial_interfaces:/home/expert_amateur/vbm_ws/install/more_interfaces:/home/expert_amateur/vbm_ws/install/cpp_srvcli:/home/expert_amateur/vbm_ws/install/cpp_pubsub:/home/expert_amateur/voidwalking/ros2_ws/install/void_tests:/home/expert_amateur/voidwalking/ros2_ws/install/turtlebot_test:/home/expert_amateur/voidwalking/ros2_ws/install/spatio_temporal_voxel_layer:/home/expert_amateur/voidwalking/ros2_ws/install/main:/home/expert_amateur/voidwalking/ros2_ws/install/simulation:/home/expert_amateur/voidwalking/ros2_ws/install/rviz_satellite:/home/expert_amateur/voidwalking/ros2_ws/install/obstacle_avoidance:/home/expert_amateur/voidwalking/ros2_ws/install/nav2_turtlebot3:/home/expert_amateur/voidwalking/ros2_ws/install/mapping:/home/expert_amateur/voidwalking/arduino_ws/microros_ws/install/micro_ros_setup:/home/expert_amateur/voidwalking/ros2_ws/install/waypoints:/opt/ros/humble LD_LIBRARY_PATH=/home/expert_amateur/vbm_ws/install/tutorial_interfaces/lib:/home/expert_amateur/vbm_ws/install/more_interfaces/lib:/home/expert_amateur/voidwalking/ros2_ws/install/spatio_temporal_voxel_layer/lib:/home/expert_amateur/voidwalking/ros2_ws/install/rviz_satellite/lib:/home/expert_amateur/voidwalking/ros2_ws/install/mapping/lib:/usr/lib/x86_64-linux-gnu/gazebo-11/plugins:/opt/ros/humble/opt/rviz_ogre_vendor/lib:/opt/ros/humble/lib/x86_64-linux-gnu:/opt/ros/humble/lib /usr/bin/cmake --build /home/expert_amateur/vbm_ws/build/cpp_srvcli -- -j12 -l12
[1.275s] DEBUG:colcon.colcon_core.event_handler.log_command:Invoking command in '/home/expert_amateur/vbm_ws/build/cpp_pubsub': CMAKE_PREFIX_PATH=/home/expert_amateur/vbm_ws/install/tutorial_interfaces:/home/expert_amateur/vbm_ws/install/more_interfaces:/home/expert_amateur/vbm_ws/install/cpp_srvcli:/home/expert_amateur/vbm_ws/install/cpp_pubsub:/home/expert_amateur/voidwalking/ros2_ws/install/void_tests:/home/expert_amateur/voidwalking/ros2_ws/install/turtlebot_test:/home/expert_amateur/voidwalking/ros2_ws/install/spatio_temporal_voxel_layer:/home/expert_amateur/voidwalking/ros2_ws/install/main:/home/expert_amateur/voidwalking/ros2_ws/install/simulation:/home/expert_amateur/voidwalking/ros2_ws/install/rviz_satellite:/home/expert_amateur/voidwalking/ros2_ws/install/obstacle_avoidance:/home/expert_amateur/voidwalking/ros2_ws/install/nav2_turtlebot3:/home/expert_amateur/voidwalking/ros2_ws/install/mapping:/home/expert_amateur/voidwalking/arduino_ws/microros_ws/install/micro_ros_setup:/home/expert_amateur/voidwalking/ros2_ws/install/waypoints:/opt/ros/humble LD_LIBRARY_PATH=/home/expert_amateur/vbm_ws/install/tutorial_interfaces/lib:/home/expert_amateur/vbm_ws/install/more_interfaces/lib:/home/expert_amateur/voidwalking/ros2_ws/install/spatio_temporal_voxel_layer/lib:/home/expert_amateur/voidwalking/ros2_ws/install/rviz_satellite/lib:/home/expert_amateur/voidwalking/ros2_ws/install/mapping/lib:/usr/lib/x86_64-linux-gnu/gazebo-11/plugins:/opt/ros/humble/opt/rviz_ogre_vendor/lib:/opt/ros/humble/lib/x86_64-linux-gnu:/opt/ros/humble/lib /usr/bin/cmake --install /home/expert_amateur/vbm_ws/build/cpp_pubsub
[1.276s] DEBUG:colcon.colcon_core.event_handler.log_command:Invoking command in '/home/expert_amateur/vbm_ws/build/cpp_srvcli': CMAKE_PREFIX_PATH=/home/expert_amateur/vbm_ws/install/tutorial_interfaces:/home/expert_amateur/vbm_ws/install/more_interfaces:/home/expert_amateur/vbm_ws/install/cpp_srvcli:/home/expert_amateur/vbm_ws/install/cpp_pubsub:/home/expert_amateur/voidwalking/ros2_ws/install/void_tests:/home/expert_amateur/voidwalking/ros2_ws/install/turtlebot_test:/home/expert_amateur/voidwalking/ros2_ws/install/spatio_temporal_voxel_layer:/home/expert_amateur/voidwalking/ros2_ws/install/main:/home/expert_amateur/voidwalking/ros2_ws/install/simulation:/home/expert_amateur/voidwalking/ros2_ws/install/rviz_satellite:/home/expert_amateur/voidwalking/ros2_ws/install/obstacle_avoidance:/home/expert_amateur/voidwalking/ros2_ws/install/nav2_turtlebot3:/home/expert_amateur/voidwalking/ros2_ws/install/mapping:/home/expert_amateur/voidwalking/arduino_ws/microros_ws/install/micro_ros_setup:/home/expert_amateur/voidwalking/ros2_ws/install/waypoints:/opt/ros/humble LD_LIBRARY_PATH=/home/expert_amateur/vbm_ws/install/tutorial_interfaces/lib:/home/expert_amateur/vbm_ws/install/more_interfaces/lib:/home/expert_amateur/voidwalking/ros2_ws/install/spatio_temporal_voxel_layer/lib:/home/expert_amateur/voidwalking/ros2_ws/install/rviz_satellite/lib:/home/expert_amateur/voidwalking/ros2_ws/install/mapping/lib:/usr/lib/x86_64-linux-gnu/gazebo-11/plugins:/opt/ros/humble/opt/rviz_ogre_vendor/lib:/opt/ros/humble/lib/x86_64-linux-gnu:/opt/ros/humble/lib /usr/bin/cmake --install /home/expert_amateur/vbm_ws/build/cpp_srvcli
[1.284s] Level 1:colcon.colcon_core.environment:create_environment_scripts_only(cpp_srvcli)
[1.286s] Level 1:colcon.colcon_core.environment:checking '/home/expert_amateur/vbm_ws/install/cpp_srvcli' for CMake module files
[1.287s] DEBUG:colcon.colcon_core.event_handler.log_command:Invoked command in '/home/expert_amateur/vbm_ws/build/cpp_srvcli' returned '0': CMAKE_PREFIX_PATH=/home/expert_amateur/vbm_ws/install/tutorial_interfaces:/home/expert_amateur/vbm_ws/install/more_interfaces:/home/expert_amateur/vbm_ws/install/cpp_srvcli:/home/expert_amateur/vbm_ws/install/cpp_pubsub:/home/expert_amateur/voidwalking/ros2_ws/install/void_tests:/home/expert_amateur/voidwalking/ros2_ws/install/turtlebot_test:/home/expert_amateur/voidwalking/ros2_ws/install/spatio_temporal_voxel_layer:/home/expert_amateur/voidwalking/ros2_ws/install/main:/home/expert_amateur/voidwalking/ros2_ws/install/simulation:/home/expert_amateur/voidwalking/ros2_ws/install/rviz_satellite:/home/expert_amateur/voidwalking/ros2_ws/install/obstacle_avoidance:/home/expert_amateur/voidwalking/ros2_ws/install/nav2_turtlebot3:/home/expert_amateur/voidwalking/ros2_ws/install/mapping:/home/expert_amateur/voidwalking/arduino_ws/microros_ws/install/micro_ros_setup:/home/expert_amateur/voidwalking/ros2_ws/install/waypoints:/opt/ros/humble LD_LIBRARY_PATH=/home/expert_amateur/vbm_ws/install/tutorial_interfaces/lib:/home/expert_amateur/vbm_ws/install/more_interfaces/lib:/home/expert_amateur/voidwalking/ros2_ws/install/spatio_temporal_voxel_layer/lib:/home/expert_amateur/voidwalking/ros2_ws/install/rviz_satellite/lib:/home/expert_amateur/voidwalking/ros2_ws/install/mapping/lib:/usr/lib/x86_64-linux-gnu/gazebo-11/plugins:/opt/ros/humble/opt/rviz_ogre_vendor/lib:/opt/ros/humble/lib/x86_64-linux-gnu:/opt/ros/humble/lib /usr/bin/cmake --install /home/expert_amateur/vbm_ws/build/cpp_srvcli
[1.287s] Level 1:colcon.colcon_core.environment:checking '/home/expert_amateur/vbm_ws/install/cpp_srvcli' for CMake config files
[1.287s] Level 1:colcon.colcon_core.shell:create_environment_hook('cpp_srvcli', 'cmake_prefix_path')
[1.288s] INFO:colcon.colcon_core.shell:Creating environment hook '/home/expert_amateur/vbm_ws/install/cpp_srvcli/share/cpp_srvcli/hook/cmake_prefix_path.ps1'
[1.289s] INFO:colcon.colcon_core.shell:Creating environment descriptor '/home/expert_amateur/vbm_ws/install/cpp_srvcli/share/cpp_srvcli/hook/cmake_prefix_path.dsv'
[1.289s] INFO:colcon.colcon_core.shell:Creating environment hook '/home/expert_amateur/vbm_ws/install/cpp_srvcli/share/cpp_srvcli/hook/cmake_prefix_path.sh'
[1.289s] Level 1:colcon.colcon_core.environment:checking '/home/expert_amateur/vbm_ws/install/cpp_srvcli/lib'
[1.289s] Level 1:colcon.colcon_core.environment:checking '/home/expert_amateur/vbm_ws/install/cpp_srvcli/bin'
[1.289s] Level 1:colcon.colcon_core.environment:checking '/home/expert_amateur/vbm_ws/install/cpp_srvcli/lib/pkgconfig/cpp_srvcli.pc'
[1.290s] Level 1:colcon.colcon_core.environment:checking '/home/expert_amateur/vbm_ws/install/cpp_srvcli/lib/python3.10/site-packages'
[1.290s] Level 1:colcon.colcon_core.environment:checking '/home/expert_amateur/vbm_ws/install/cpp_srvcli/bin'
[1.291s] INFO:colcon.colcon_core.shell:Creating package script '/home/expert_amateur/vbm_ws/install/cpp_srvcli/share/cpp_srvcli/package.ps1'
[1.291s] INFO:colcon.colcon_core.shell:Creating package descriptor '/home/expert_amateur/vbm_ws/install/cpp_srvcli/share/cpp_srvcli/package.dsv'
[1.292s] INFO:colcon.colcon_core.shell:Creating package script '/home/expert_amateur/vbm_ws/install/cpp_srvcli/share/cpp_srvcli/package.sh'
[1.292s] INFO:colcon.colcon_core.shell:Creating package script '/home/expert_amateur/vbm_ws/install/cpp_srvcli/share/cpp_srvcli/package.bash'
[1.292s] INFO:colcon.colcon_core.shell:Creating package script '/home/expert_amateur/vbm_ws/install/cpp_srvcli/share/cpp_srvcli/package.zsh'
[1.293s] Level 1:colcon.colcon_core.environment:create_file_with_runtime_dependencies(/home/expert_amateur/vbm_ws/install/cpp_srvcli/share/colcon-core/packages/cpp_srvcli)
[1.293s] Level 1:colcon.colcon_core.environment:create_environment_scripts_only(cpp_pubsub)
[1.295s] Level 1:colcon.colcon_core.environment:checking '/home/expert_amateur/vbm_ws/install/cpp_pubsub' for CMake module files
[1.295s] DEBUG:colcon.colcon_core.event_handler.log_command:Invoked command in '/home/expert_amateur/vbm_ws/build/cpp_pubsub' returned '0': CMAKE_PREFIX_PATH=/home/expert_amateur/vbm_ws/install/tutorial_interfaces:/home/expert_amateur/vbm_ws/install/more_interfaces:/home/expert_amateur/vbm_ws/install/cpp_srvcli:/home/expert_amateur/vbm_ws/install/cpp_pubsub:/home/expert_amateur/voidwalking/ros2_ws/install/void_tests:/home/expert_amateur/voidwalking/ros2_ws/install/turtlebot_test:/home/expert_amateur/voidwalking/ros2_ws/install/spatio_temporal_voxel_layer:/home/expert_amateur/voidwalking/ros2_ws/install/main:/home/expert_amateur/voidwalking/ros2_ws/install/simulation:/home/expert_amateur/voidwalking/ros2_ws/install/rviz_satellite:/home/expert_amateur/voidwalking/ros2_ws/install/obstacle_avoidance:/home/expert_amateur/voidwalking/ros2_ws/install/nav2_turtlebot3:/home/expert_amateur/voidwalking/ros2_ws/install/mapping:/home/expert_amateur/voidwalking/arduino_ws/microros_ws/install/micro_ros_setup:/home/expert_amateur/voidwalking/ros2_ws/install/waypoints:/opt/ros/humble LD_LIBRARY_PATH=/home/expert_amateur/vbm_ws/install/tutorial_interfaces/lib:/home/expert_amateur/vbm_ws/install/more_interfaces/lib:/home/expert_amateur/voidwalking/ros2_ws/install/spatio_temporal_voxel_layer/lib:/home/expert_amateur/voidwalking/ros2_ws/install/rviz_satellite/lib:/home/expert_amateur/voidwalking/ros2_ws/install/mapping/lib:/usr/lib/x86_64-linux-gnu/gazebo-11/plugins:/opt/ros/humble/opt/rviz_ogre_vendor/lib:/opt/ros/humble/lib/x86_64-linux-gnu:/opt/ros/humble/lib /usr/bin/cmake --install /home/expert_amateur/vbm_ws/build/cpp_pubsub
[1.296s] Level 1:colcon.colcon_core.environment:checking '/home/expert_amateur/vbm_ws/install/cpp_pubsub' for CMake config files
[1.296s] Level 1:colcon.colcon_core.shell:create_environment_hook('cpp_pubsub', 'cmake_prefix_path')
[1.297s] INFO:colcon.colcon_core.shell:Creating environment hook '/home/expert_amateur/vbm_ws/install/cpp_pubsub/share/cpp_pubsub/hook/cmake_prefix_path.ps1'
[1.297s] INFO:colcon.colcon_core.shell:Creating environment descriptor '/home/expert_amateur/vbm_ws/install/cpp_pubsub/share/cpp_pubsub/hook/cmake_prefix_path.dsv'
[1.298s] INFO:colcon.colcon_core.shell:Creating environment hook '/home/expert_amateur/vbm_ws/install/cpp_pubsub/share/cpp_pubsub/hook/cmake_prefix_path.sh'
[1.298s] Level 1:colcon.colcon_core.environment:checking '/home/expert_amateur/vbm_ws/install/cpp_pubsub/lib'
[1.298s] Level 1:colcon.colcon_core.environment:checking '/home/expert_amateur/vbm_ws/install/cpp_pubsub/bin'
[1.298s] Level 1:colcon.colcon_core.environment:checking '/home/expert_amateur/vbm_ws/install/cpp_pubsub/lib/pkgconfig/cpp_pubsub.pc'
[1.299s] Level 1:colcon.colcon_core.environment:checking '/home/expert_amateur/vbm_ws/install/cpp_pubsub/lib/python3.10/site-packages'
[1.299s] Level 1:colcon.colcon_core.environment:checking '/home/expert_amateur/vbm_ws/install/cpp_pubsub/bin'
[1.300s] INFO:colcon.colcon_core.shell:Creating package script '/home/expert_amateur/vbm_ws/install/cpp_pubsub/share/cpp_pubsub/package.ps1'
[1.300s] INFO:colcon.colcon_core.shell:Creating package descriptor '/home/expert_amateur/vbm_ws/install/cpp_pubsub/share/cpp_pubsub/package.dsv'
[1.301s] INFO:colcon.colcon_core.shell:Creating package script '/home/expert_amateur/vbm_ws/install/cpp_pubsub/share/cpp_pubsub/package.sh'
[1.301s] INFO:colcon.colcon_core.shell:Creating package script '/home/expert_amateur/vbm_ws/install/cpp_pubsub/share/cpp_pubsub/package.bash'
[1.301s] INFO:colcon.colcon_core.shell:Creating package script '/home/expert_amateur/vbm_ws/install/cpp_pubsub/share/cpp_pubsub/package.zsh'
[1.301s] Level 1:colcon.colcon_core.environment:create_file_with_runtime_dependencies(/home/expert_amateur/vbm_ws/install/cpp_pubsub/share/colcon-core/packages/cpp_pubsub)
[1.315s] Level 1:colcon.colcon_core.environment:create_environment_scripts_only(cpp_srvcli)
[1.317s] Level 1:colcon.colcon_core.environment:checking '/home/expert_amateur/vbm_ws/install/cpp_srvcli' for CMake module files
[1.317s] Level 1:colcon.colcon_core.environment:checking '/home/expert_amateur/vbm_ws/install/cpp_srvcli' for CMake config files
[1.318s] Level 1:colcon.colcon_core.shell:create_environment_hook('cpp_srvcli', 'cmake_prefix_path')
[1.319s] INFO:colcon.colcon_core.shell:Creating environment hook '/home/expert_amateur/vbm_ws/install/cpp_srvcli/share/cpp_srvcli/hook/cmake_prefix_path.ps1'
[1.319s] INFO:colcon.colcon_core.shell:Creating environment descriptor '/home/expert_amateur/vbm_ws/install/cpp_srvcli/share/cpp_srvcli/hook/cmake_prefix_path.dsv'
[1.320s] INFO:colcon.colcon_core.shell:Creating environment hook '/home/expert_amateur/vbm_ws/install/cpp_srvcli/share/cpp_srvcli/hook/cmake_prefix_path.sh'
[1.320s] Level 1:colcon.colcon_core.environment:checking '/home/expert_amateur/vbm_ws/install/cpp_srvcli/lib'
[1.320s] Level 1:colcon.colcon_core.environment:checking '/home/expert_amateur/vbm_ws/install/cpp_srvcli/bin'
[1.320s] Level 1:colcon.colcon_core.environment:checking '/home/expert_amateur/vbm_ws/install/cpp_srvcli/lib/pkgconfig/cpp_srvcli.pc'
[1.321s] Level 1:colcon.colcon_core.environment:checking '/home/expert_amateur/vbm_ws/install/cpp_srvcli/lib/python3.10/site-packages'
[1.321s] Level 1:colcon.colcon_core.environment:checking '/home/expert_amateur/vbm_ws/install/cpp_srvcli/bin'
[1.322s] INFO:colcon.colcon_core.shell:Creating package script '/home/expert_amateur/vbm_ws/install/cpp_srvcli/share/cpp_srvcli/package.ps1'
[1.323s] INFO:colcon.colcon_core.shell:Creating package descriptor '/home/expert_amateur/vbm_ws/install/cpp_srvcli/share/cpp_srvcli/package.dsv'
[1.323s] INFO:colcon.colcon_core.shell:Creating package script '/home/expert_amateur/vbm_ws/install/cpp_srvcli/share/cpp_srvcli/package.sh'
[1.323s] INFO:colcon.colcon_core.shell:Creating package script '/home/expert_amateur/vbm_ws/install/cpp_srvcli/share/cpp_srvcli/package.bash'
[1.324s] INFO:colcon.colcon_core.shell:Creating package script '/home/expert_amateur/vbm_ws/install/cpp_srvcli/share/cpp_srvcli/package.zsh'
[1.324s] Level 1:colcon.colcon_core.environment:create_file_with_runtime_dependencies(/home/expert_amateur/vbm_ws/install/cpp_srvcli/share/colcon-core/packages/cpp_srvcli)
[1.326s] Level 1:colcon.colcon_core.environment:create_environment_scripts_only(cpp_pubsub)
[1.328s] Level 1:colcon.colcon_core.environment:checking '/home/expert_amateur/vbm_ws/install/cpp_pubsub' for CMake module files
[1.328s] Level 1:colcon.colcon_core.environment:checking '/home/expert_amateur/vbm_ws/install/cpp_pubsub' for CMake config files
[1.329s] Level 1:colcon.colcon_core.shell:create_environment_hook('cpp_pubsub', 'cmake_prefix_path')
[1.330s] INFO:colcon.colcon_core.shell:Creating environment hook '/home/expert_amateur/vbm_ws/install/cpp_pubsub/share/cpp_pubsub/hook/cmake_prefix_path.ps1'
[1.330s] INFO:colcon.colcon_core.shell:Creating environment descriptor '/home/expert_amateur/vbm_ws/install/cpp_pubsub/share/cpp_pubsub/hook/cmake_prefix_path.dsv'
[1.330s] INFO:colcon.colcon_core.shell:Creating environment hook '/home/expert_amateur/vbm_ws/install/cpp_pubsub/share/cpp_pubsub/hook/cmake_prefix_path.sh'
[1.331s] Level 1:colcon.colcon_core.environment:checking '/home/expert_amateur/vbm_ws/install/cpp_pubsub/lib'
[1.331s] Level 1:colcon.colcon_core.environment:checking '/home/expert_amateur/vbm_ws/install/cpp_pubsub/bin'
[1.331s] Level 1:colcon.colcon_core.environment:checking '/home/expert_amateur/vbm_ws/install/cpp_pubsub/lib/pkgconfig/cpp_pubsub.pc'
[1.331s] Level 1:colcon.colcon_core.environment:checking '/home/expert_amateur/vbm_ws/install/cpp_pubsub/lib/python3.10/site-packages'
[1.331s] Level 1:colcon.colcon_core.environment:checking '/home/expert_amateur/vbm_ws/install/cpp_pubsub/bin'
[1.332s] INFO:colcon.colcon_core.shell:Creating package script '/home/expert_amateur/vbm_ws/install/cpp_pubsub/share/cpp_pubsub/package.ps1'
[1.333s] INFO:colcon.colcon_core.shell:Creating package descriptor '/home/expert_amateur/vbm_ws/install/cpp_pubsub/share/cpp_pubsub/package.dsv'
[1.333s] INFO:colcon.colcon_core.shell:Creating package script '/home/expert_amateur/vbm_ws/install/cpp_pubsub/share/cpp_pubsub/package.sh'
[1.334s] INFO:colcon.colcon_core.shell:Creating package script '/home/expert_amateur/vbm_ws/install/cpp_pubsub/share/cpp_pubsub/package.bash'
[1.334s] INFO:colcon.colcon_core.shell:Creating package script '/home/expert_amateur/vbm_ws/install/cpp_pubsub/share/cpp_pubsub/package.zsh'
[1.334s] Level 1:colcon.colcon_core.environment:create_file_with_runtime_dependencies(/home/expert_amateur/vbm_ws/install/cpp_pubsub/share/colcon-core/packages/cpp_pubsub)
[1.887s] DEBUG:colcon.colcon_core.event_handler.log_command:Invoked command in '/home/expert_amateur/vbm_ws/build/cpp_parameters' returned '0': CMAKE_PREFIX_PATH=${CMAKE_PREFIX_PATH}:/home/expert_amateur/voidwalking/ros2_ws/install/waypoints:/opt/ros/humble /usr/bin/cmake /home/expert_amateur/vbm_ws/src/cpp_parameters -DCMAKE_INSTALL_PREFIX=/home/expert_amateur/vbm_ws/install/cpp_parameters
[1.888s] DEBUG:colcon.colcon_core.event_handler.log_command:Invoking command in '/home/expert_amateur/vbm_ws/build/cpp_parameters': CMAKE_PREFIX_PATH=${CMAKE_PREFIX_PATH}:/home/expert_amateur/voidwalking/ros2_ws/install/waypoints:/opt/ros/humble /usr/bin/cmake --build /home/expert_amateur/vbm_ws/build/cpp_parameters -- -j12 -l12
[4.816s] DEBUG:colcon.colcon_core.event_handler.log_command:Invoked command in '/home/expert_amateur/vbm_ws/build/cpp_parameters' returned '0': CMAKE_PREFIX_PATH=${CMAKE_PREFIX_PATH}:/home/expert_amateur/voidwalking/ros2_ws/install/waypoints:/opt/ros/humble /usr/bin/cmake --build /home/expert_amateur/vbm_ws/build/cpp_parameters -- -j12 -l12
[4.836s] DEBUG:colcon.colcon_core.event_handler.log_command:Invoking command in '/home/expert_amateur/vbm_ws/build/cpp_parameters': CMAKE_PREFIX_PATH=${CMAKE_PREFIX_PATH}:/home/expert_amateur/voidwalking/ros2_ws/install/waypoints:/opt/ros/humble /usr/bin/cmake --install /home/expert_amateur/vbm_ws/build/cpp_parameters
[4.845s] Level 1:colcon.colcon_core.environment:create_environment_scripts_only(cpp_parameters)
[4.847s] Level 1:colcon.colcon_core.environment:checking '/home/expert_amateur/vbm_ws/install/cpp_parameters' for CMake module files
[4.848s] DEBUG:colcon.colcon_core.event_handler.log_command:Invoked command in '/home/expert_amateur/vbm_ws/build/cpp_parameters' returned '0': CMAKE_PREFIX_PATH=${CMAKE_PREFIX_PATH}:/home/expert_amateur/voidwalking/ros2_ws/install/waypoints:/opt/ros/humble /usr/bin/cmake --install /home/expert_amateur/vbm_ws/build/cpp_parameters
[4.848s] Level 1:colcon.colcon_core.environment:checking '/home/expert_amateur/vbm_ws/install/cpp_parameters' for CMake config files
[4.848s] Level 1:colcon.colcon_core.shell:create_environment_hook('cpp_parameters', 'cmake_prefix_path')
[4.849s] INFO:colcon.colcon_core.shell:Creating environment hook '/home/expert_amateur/vbm_ws/install/cpp_parameters/share/cpp_parameters/hook/cmake_prefix_path.ps1'
[4.850s] INFO:colcon.colcon_core.shell:Creating environment descriptor '/home/expert_amateur/vbm_ws/install/cpp_parameters/share/cpp_parameters/hook/cmake_prefix_path.dsv'
[4.850s] INFO:colcon.colcon_core.shell:Creating environment hook '/home/expert_amateur/vbm_ws/install/cpp_parameters/share/cpp_parameters/hook/cmake_prefix_path.sh'
[4.850s] Level 1:colcon.colcon_core.environment:checking '/home/expert_amateur/vbm_ws/install/cpp_parameters/lib'
[4.850s] Level 1:colcon.colcon_core.environment:checking '/home/expert_amateur/vbm_ws/install/cpp_parameters/bin'
[4.851s] Level 1:colcon.colcon_core.environment:checking '/home/expert_amateur/vbm_ws/install/cpp_parameters/lib/pkgconfig/cpp_parameters.pc'
[4.851s] Level 1:colcon.colcon_core.environment:checking '/home/expert_amateur/vbm_ws/install/cpp_parameters/lib/python3.10/site-packages'
[4.851s] Level 1:colcon.colcon_core.environment:checking '/home/expert_amateur/vbm_ws/install/cpp_parameters/bin'
[4.852s] INFO:colcon.colcon_core.shell:Creating package script '/home/expert_amateur/vbm_ws/install/cpp_parameters/share/cpp_parameters/package.ps1'
[4.853s] INFO:colcon.colcon_core.shell:Creating package descriptor '/home/expert_amateur/vbm_ws/install/cpp_parameters/share/cpp_parameters/package.dsv'
[4.853s] INFO:colcon.colcon_core.shell:Creating package script '/home/expert_amateur/vbm_ws/install/cpp_parameters/share/cpp_parameters/package.sh'
[4.853s] INFO:colcon.colcon_core.shell:Creating package script '/home/expert_amateur/vbm_ws/install/cpp_parameters/share/cpp_parameters/package.bash'
[4.853s] INFO:colcon.colcon_core.shell:Creating package script '/home/expert_amateur/vbm_ws/install/cpp_parameters/share/cpp_parameters/package.zsh'
[4.854s] Level 1:colcon.colcon_core.environment:create_file_with_runtime_dependencies(/home/expert_amateur/vbm_ws/install/cpp_parameters/share/colcon-core/packages/cpp_parameters)
[4.876s] Level 1:colcon.colcon_core.environment:create_environment_scripts_only(cpp_parameters)
[4.878s] Level 1:colcon.colcon_core.environment:checking '/home/expert_amateur/vbm_ws/install/cpp_parameters' for CMake module files
[4.879s] Level 1:colcon.colcon_core.environment:checking '/home/expert_amateur/vbm_ws/install/cpp_parameters' for CMake config files
[4.879s] Level 1:colcon.colcon_core.shell:create_environment_hook('cpp_parameters', 'cmake_prefix_path')
[4.880s] INFO:colcon.colcon_core.shell:Creating environment hook '/home/expert_amateur/vbm_ws/install/cpp_parameters/share/cpp_parameters/hook/cmake_prefix_path.ps1'
[4.881s] INFO:colcon.colcon_core.shell:Creating environment descriptor '/home/expert_amateur/vbm_ws/install/cpp_parameters/share/cpp_parameters/hook/cmake_prefix_path.dsv'
[4.881s] INFO:colcon.colcon_core.shell:Creating environment hook '/home/expert_amateur/vbm_ws/install/cpp_parameters/share/cpp_parameters/hook/cmake_prefix_path.sh'
[4.882s] Level 1:colcon.colcon_core.environment:checking '/home/expert_amateur/vbm_ws/install/cpp_parameters/lib'
[4.882s] Level 1:colcon.colcon_core.environment:checking '/home/expert_amateur/vbm_ws/install/cpp_parameters/bin'
[4.882s] Level 1:colcon.colcon_core.environment:checking '/home/expert_amateur/vbm_ws/install/cpp_parameters/lib/pkgconfig/cpp_parameters.pc'
[4.882s] Level 1:colcon.colcon_core.environment:checking '/home/expert_amateur/vbm_ws/install/cpp_parameters/lib/python3.10/site-packages'
[4.882s] Level 1:colcon.colcon_core.environment:checking '/home/expert_amateur/vbm_ws/install/cpp_parameters/bin'
[4.884s] INFO:colcon.colcon_core.shell:Creating package script '/home/expert_amateur/vbm_ws/install/cpp_parameters/share/cpp_parameters/package.ps1'
[4.884s] INFO:colcon.colcon_core.shell:Creating package descriptor '/home/expert_amateur/vbm_ws/install/cpp_parameters/share/cpp_parameters/package.dsv'
[4.885s] INFO:colcon.colcon_core.shell:Creating package script '/home/expert_amateur/vbm_ws/install/cpp_parameters/share/cpp_parameters/package.sh'
[4.885s] INFO:colcon.colcon_core.shell:Creating package script '/home/expert_amateur/vbm_ws/install/cpp_parameters/share/cpp_parameters/package.bash'
[4.885s] INFO:colcon.colcon_core.shell:Creating package script '/home/expert_amateur/vbm_ws/install/cpp_parameters/share/cpp_parameters/package.zsh'
[4.886s] Level 1:colcon.colcon_core.environment:create_file_with_runtime_dependencies(/home/expert_amateur/vbm_ws/install/cpp_parameters/share/colcon-core/packages/cpp_parameters)
[4.886s] DEBUG:colcon.colcon_parallel_executor.executor.parallel:closing loop
[4.886s] DEBUG:colcon.colcon_parallel_executor.executor.parallel:loop closed
[4.886s] DEBUG:colcon.colcon_parallel_executor.executor.parallel:run_until_complete finished with '0'
[4.886s] DEBUG:colcon.colcon_core.event_reactor:joining thread
[4.892s] INFO:colcon.colcon_core.plugin_system:Skipping extension 'colcon_notification.desktop_notification.terminal_notifier': Not used on non-Darwin systems
[4.892s] INFO:colcon.colcon_core.plugin_system:Skipping extension 'colcon_notification.desktop_notification.win32': Not used on non-Windows systems
[4.892s] INFO:colcon.colcon_notification.desktop_notification:Sending desktop notification using 'notify2'
[4.904s] DEBUG:colcon.colcon_core.event_reactor:joined thread
[4.906s] INFO:colcon.colcon_core.shell:Creating prefix script '/home/expert_amateur/vbm_ws/install/local_setup.ps1'
[4.907s] INFO:colcon.colcon_core.shell:Creating prefix util module '/home/expert_amateur/vbm_ws/install/_local_setup_util_ps1.py'
[4.908s] INFO:colcon.colcon_core.shell:Creating prefix chain script '/home/expert_amateur/vbm_ws/install/setup.ps1'
[4.910s] INFO:colcon.colcon_core.shell:Creating prefix script '/home/expert_amateur/vbm_ws/install/local_setup.sh'
[4.911s] INFO:colcon.colcon_core.shell:Creating prefix util module '/home/expert_amateur/vbm_ws/install/_local_setup_util_sh.py'
[4.911s] INFO:colcon.colcon_core.shell:Creating prefix chain script '/home/expert_amateur/vbm_ws/install/setup.sh'
[4.913s] INFO:colcon.colcon_core.shell:Creating prefix script '/home/expert_amateur/vbm_ws/install/local_setup.bash'
[4.914s] INFO:colcon.colcon_core.shell:Creating prefix chain script '/home/expert_amateur/vbm_ws/install/setup.bash'
[4.916s] INFO:colcon.colcon_core.shell:Creating prefix script '/home/expert_amateur/vbm_ws/install/local_setup.zsh'
[4.916s] INFO:colcon.colcon_core.shell:Creating prefix chain script '/home/expert_amateur/vbm_ws/install/setup.zsh'
