[0.017s] Invoking command in '/home/expert_amateur/vbm_ws/build/tutorial_interfaces': CMAKE_PREFIX_PATH=${CMAKE_PREFIX_PATH}:/home/expert_amateur/voidwalking/ros2_ws/install/waypoints:/opt/ros/humble /usr/bin/cmake /home/expert_amateur/vbm_ws/src/tutorial_interfaces -DCMAKE_INSTALL_PREFIX=/home/expert_amateur/vbm_ws/install/tutorial_interfaces
[0.117s] -- The C compiler identification is GNU 11.4.0
[0.194s] -- The CXX compiler identification is GNU 11.4.0
[0.203s] -- Detecting C compiler ABI info
[0.264s] -- Detecting C compiler ABI info - done
[0.271s] -- Check for working C compiler: /usr/bin/cc - skipped
[0.271s] -- Detecting C compile features
[0.272s] -- Detecting C compile features - done
[0.275s] -- Detecting CXX compiler ABI info
[0.342s] -- Detecting CXX compiler ABI info - done
[0.349s] -- Check for working CXX compiler: /usr/bin/c++ - skipped
[0.349s] -- Detecting CXX compile features
[0.350s] -- Detecting CXX compile features - done
[0.354s] -- Found ament_cmake: 1.3.5 (/opt/ros/humble/share/ament_cmake/cmake)
[0.519s] -- Found Python3: /usr/bin/python3.10 (found version "3.10.12") found components: Interpreter 
[0.623s] -- Found geometry_msgs: 4.2.3 (/opt/ros/humble/share/geometry_msgs/cmake)
[0.674s] -- Found rosidl_generator_c: 3.1.5 (/opt/ros/humble/share/rosidl_generator_c/cmake)
[0.681s] -- Found rosidl_adapter: 3.1.5 (/opt/ros/humble/share/rosidl_adapter/cmake)
[0.692s] -- Found rosidl_generator_cpp: 3.1.5 (/opt/ros/humble/share/rosidl_generator_cpp/cmake)
[0.711s] -- Using all available rosidl_typesupport_c: rosidl_typesupport_fastrtps_c;rosidl_typesupport_introspection_c
[0.736s] -- Using all available rosidl_typesupport_cpp: rosidl_typesupport_fastrtps_cpp;rosidl_typesupport_introspection_cpp
[0.867s] -- Found rosidl_default_generators: 1.2.0 (/opt/ros/humble/share/rosidl_default_generators/cmake)
[1.032s] [31mCMake Error at /opt/ros/humble/share/rosidl_adapter/cmake/rosidl_adapt_interfaces.cmake:59 (message):
[1.033s]   execute_process(/usr/bin/python3.10 -m rosidl_adapter --package-name
[1.033s]   tutorial_interfaces --arguments-file
[1.033s]   /home/expert_amateur/vbm_ws/build/tutorial_interfaces/rosidl_adapter__arguments__tutorial_interfaces.json
[1.033s]   --output-dir
[1.033s]   /home/expert_amateur/vbm_ws/build/tutorial_interfaces/rosidl_adapter/tutorial_interfaces
[1.033s]   --output-file
[1.033s]   /home/expert_amateur/vbm_ws/build/tutorial_interfaces/rosidl_adapter/tutorial_interfaces.idls)
[1.033s]   returned error code 1:
[1.033s] 
[1.033s]   Error processing 'int64 Num' of 'tutorial_interfaces/Num': ''Num' is an
[1.033s]   invalid field name.  It should have the pattern
[1.033s]   '^(?!.*__)(?!.*_$)[a-z][a-z0-9_]*$''
[1.033s] 
[1.033s]   Traceback (most recent call last):
[1.033s] 
[1.033s]     File "/usr/lib/python3.10/runpy.py", line 196, in _run_module_as_main
[1.034s]       return _run_code(code, main_globals, None,
[1.034s]     File "/usr/lib/python3.10/runpy.py", line 86, in _run_code
[1.034s]       exec(code, run_globals)
[1.034s]     File "/opt/ros/humble/local/lib/python3.10/dist-packages/rosidl_adapter/__main__.py", line 19, in <module>
[1.034s]       sys.exit(main())
[1.034s]     File "/opt/ros/humble/local/lib/python3.10/dist-packages/rosidl_adapter/main.py", line 53, in main
[1.034s]       abs_idl_file = convert_to_idl(
[1.034s]     File "/opt/ros/humble/local/lib/python3.10/dist-packages/rosidl_adapter/__init__.py", line 19, in convert_to_idl
[1.034s]       return convert_msg_to_idl(
[1.034s]     File "/opt/ros/humble/local/lib/python3.10/dist-packages/rosidl_adapter/msg/__init__.py", line 28, in convert_msg_to_idl
[1.034s]       msg = parse_message_string(package_name, input_file.stem, content)
[1.034s]     File "/opt/ros/humble/local/lib/python3.10/dist-packages/rosidl_adapter/parser.py", line 519, in parse_message_string
[1.034s]       fields.append(Field(
[1.034s]     File "/opt/ros/humble/local/lib/python3.10/dist-packages/rosidl_adapter/parser.py", line 354, in __init__
[1.034s]       raise NameError(
[1.034s] 
[1.034s]   NameError: 'Num' is an invalid field name.  It should have the pattern
[1.034s]   '^(?!.*__)(?!.*_$)[a-z][a-z0-9_]*$'
[1.035s] 
[1.035s] Call Stack (most recent call first):
[1.035s]   /opt/ros/humble/share/rosidl_cmake/cmake/rosidl_generate_interfaces.cmake:130 (rosidl_adapt_interfaces)
[1.035s]   CMakeLists.txt:13 (rosidl_generate_interfaces)
[1.035s] 
[1.035s] [0m
[1.035s] -- Configuring incomplete, errors occurred!
[1.035s] See also "/home/expert_amateur/vbm_ws/build/tutorial_interfaces/CMakeFiles/CMakeOutput.log".
[1.039s] Invoked command in '/home/expert_amateur/vbm_ws/build/tutorial_interfaces' returned '1': CMAKE_PREFIX_PATH=${CMAKE_PREFIX_PATH}:/home/expert_amateur/voidwalking/ros2_ws/install/waypoints:/opt/ros/humble /usr/bin/cmake /home/expert_amateur/vbm_ws/src/tutorial_interfaces -DCMAKE_INSTALL_PREFIX=/home/expert_amateur/vbm_ws/install/tutorial_interfaces
