[0.053s] Invoking command in '/home/expert_amateur/vbm_ws/build/tutorial_interfaces': CMAKE_PREFIX_PATH=${CMAKE_PREFIX_PATH}:/home/expert_amateur/voidwalking/ros2_ws/install/waypoints:/opt/ros/humble /usr/bin/cmake --build /home/expert_amateur/vbm_ws/build/tutorial_interfaces -- -j12 -l12
[0.113s] [  2%] Built target tutorial_interfaces__cpp
[0.120s] [ 12%] Built target tutorial_interfaces__rosidl_generator_c
[0.135s] [ 12%] Built target ament_cmake_python_copy_tutorial_interfaces
[0.177s] [ 23%] Built target tutorial_interfaces__rosidl_typesupport_fastrtps_cpp
[0.201s] [ 34%] Built target tutorial_interfaces__rosidl_typesupport_c
[0.202s] [ 44%] Built target tutorial_interfaces__rosidl_typesupport_cpp
[0.212s] [ 55%] Built target tutorial_interfaces__rosidl_typesupport_introspection_cpp
[0.217s] [ 65%] Built target tutorial_interfaces__rosidl_typesupport_introspection_c
[0.218s] [ 76%] Built target tutorial_interfaces__rosidl_typesupport_fastrtps_c
[0.260s] [ 76%] Built target tutorial_interfaces
[0.293s] [ 78%] Built target tutorial_interfaces__py
[0.329s] [ 87%] Built target tutorial_interfaces__rosidl_generator_py
[0.366s] [ 95%] Built target tutorial_interfaces__rosidl_typesupport_c__pyext
[0.366s] [ 95%] Built target tutorial_interfaces__rosidl_typesupport_introspection_c__pyext
[0.367s] [100%] Built target tutorial_interfaces__rosidl_typesupport_fastrtps_c__pyext
[0.737s] running egg_info
[0.738s] writing tutorial_interfaces.egg-info/PKG-INFO
[0.738s] writing dependency_links to tutorial_interfaces.egg-info/dependency_links.txt
[0.739s] writing top-level names to tutorial_interfaces.egg-info/top_level.txt
[0.742s] reading manifest file 'tutorial_interfaces.egg-info/SOURCES.txt'
[0.743s] writing manifest file 'tutorial_interfaces.egg-info/SOURCES.txt'
[0.778s] [100%] Built target ament_cmake_python_build_tutorial_interfaces_egg
[0.790s] Invoked command in '/home/expert_amateur/vbm_ws/build/tutorial_interfaces' returned '0': CMAKE_PREFIX_PATH=${CMAKE_PREFIX_PATH}:/home/expert_amateur/voidwalking/ros2_ws/install/waypoints:/opt/ros/humble /usr/bin/cmake --build /home/expert_amateur/vbm_ws/build/tutorial_interfaces -- -j12 -l12
[0.893s] Invoking command in '/home/expert_amateur/vbm_ws/build/tutorial_interfaces': CMAKE_PREFIX_PATH=${CMAKE_PREFIX_PATH}:/home/expert_amateur/voidwalking/ros2_ws/install/waypoints:/opt/ros/humble /usr/bin/cmake --install /home/expert_amateur/vbm_ws/build/tutorial_interfaces
[0.901s] -- Install configuration: ""
[0.902s] -- Up-to-date: /home/expert_amateur/vbm_ws/install/tutorial_interfaces/share/ament_index/resource_index/rosidl_interfaces/tutorial_interfaces
[0.902s] -- Up-to-date: /home/expert_amateur/vbm_ws/install/tutorial_interfaces/include/tutorial_interfaces/tutorial_interfaces
[0.902s] -- Up-to-date: /home/expert_amateur/vbm_ws/install/tutorial_interfaces/include/tutorial_interfaces/tutorial_interfaces/srv
[0.902s] -- Up-to-date: /home/expert_amateur/vbm_ws/install/tutorial_interfaces/include/tutorial_interfaces/tutorial_interfaces/srv/detail
[0.902s] -- Up-to-date: /home/expert_amateur/vbm_ws/install/tutorial_interfaces/include/tutorial_interfaces/tutorial_interfaces/srv/detail/add_three_ints__functions.c
[0.902s] -- Up-to-date: /home/expert_amateur/vbm_ws/install/tutorial_interfaces/include/tutorial_interfaces/tutorial_interfaces/srv/detail/add_three_ints__type_support.h
[0.902s] -- Up-to-date: /home/expert_amateur/vbm_ws/install/tutorial_interfaces/include/tutorial_interfaces/tutorial_interfaces/srv/detail/add_three_ints__functions.h
[0.903s] -- Up-to-date: /home/expert_amateur/vbm_ws/install/tutorial_interfaces/include/tutorial_interfaces/tutorial_interfaces/srv/detail/add_three_ints__struct.h
[0.903s] -- Up-to-date: /home/expert_amateur/vbm_ws/install/tutorial_interfaces/include/tutorial_interfaces/tutorial_interfaces/srv/add_three_ints.h
[0.903s] -- Up-to-date: /home/expert_amateur/vbm_ws/install/tutorial_interfaces/include/tutorial_interfaces/tutorial_interfaces/msg
[0.903s] -- Up-to-date: /home/expert_amateur/vbm_ws/install/tutorial_interfaces/include/tutorial_interfaces/tutorial_interfaces/msg/num.h
[0.903s] -- Up-to-date: /home/expert_amateur/vbm_ws/install/tutorial_interfaces/include/tutorial_interfaces/tutorial_interfaces/msg/sphere.h
[0.903s] -- Up-to-date: /home/expert_amateur/vbm_ws/install/tutorial_interfaces/include/tutorial_interfaces/tutorial_interfaces/msg/detail
[0.903s] -- Up-to-date: /home/expert_amateur/vbm_ws/install/tutorial_interfaces/include/tutorial_interfaces/tutorial_interfaces/msg/detail/num__functions.h
[0.903s] -- Up-to-date: /home/expert_amateur/vbm_ws/install/tutorial_interfaces/include/tutorial_interfaces/tutorial_interfaces/msg/detail/num__functions.c
[0.903s] -- Up-to-date: /home/expert_amateur/vbm_ws/install/tutorial_interfaces/include/tutorial_interfaces/tutorial_interfaces/msg/detail/sphere__type_support.h
[0.903s] -- Up-to-date: /home/expert_amateur/vbm_ws/install/tutorial_interfaces/include/tutorial_interfaces/tutorial_interfaces/msg/detail/num__struct.h
[0.903s] -- Up-to-date: /home/expert_amateur/vbm_ws/install/tutorial_interfaces/include/tutorial_interfaces/tutorial_interfaces/msg/detail/sphere__functions.h
[0.904s] -- Up-to-date: /home/expert_amateur/vbm_ws/install/tutorial_interfaces/include/tutorial_interfaces/tutorial_interfaces/msg/detail/num__type_support.h
[0.904s] -- Up-to-date: /home/expert_amateur/vbm_ws/install/tutorial_interfaces/include/tutorial_interfaces/tutorial_interfaces/msg/detail/sphere__functions.c
[0.904s] -- Up-to-date: /home/expert_amateur/vbm_ws/install/tutorial_interfaces/include/tutorial_interfaces/tutorial_interfaces/msg/detail/sphere__struct.h
[0.904s] -- Up-to-date: /home/expert_amateur/vbm_ws/install/tutorial_interfaces/include/tutorial_interfaces/tutorial_interfaces/msg/rosidl_generator_c__visibility_control.h
[0.904s] -- Up-to-date: /home/expert_amateur/vbm_ws/install/tutorial_interfaces/share/tutorial_interfaces/environment/library_path.sh
[0.904s] -- Up-to-date: /home/expert_amateur/vbm_ws/install/tutorial_interfaces/share/tutorial_interfaces/environment/library_path.dsv
[0.904s] -- Up-to-date: /home/expert_amateur/vbm_ws/install/tutorial_interfaces/lib/libtutorial_interfaces__rosidl_generator_c.so
[0.904s] -- Up-to-date: /home/expert_amateur/vbm_ws/install/tutorial_interfaces/include/tutorial_interfaces/tutorial_interfaces
[0.904s] -- Up-to-date: /home/expert_amateur/vbm_ws/install/tutorial_interfaces/include/tutorial_interfaces/tutorial_interfaces/srv
[0.905s] -- Up-to-date: /home/expert_amateur/vbm_ws/install/tutorial_interfaces/include/tutorial_interfaces/tutorial_interfaces/srv/detail
[0.905s] -- Up-to-date: /home/expert_amateur/vbm_ws/install/tutorial_interfaces/include/tutorial_interfaces/tutorial_interfaces/srv/detail/add_three_ints__rosidl_typesupport_fastrtps_c.h
[0.905s] -- Up-to-date: /home/expert_amateur/vbm_ws/install/tutorial_interfaces/include/tutorial_interfaces/tutorial_interfaces/msg
[0.905s] -- Up-to-date: /home/expert_amateur/vbm_ws/install/tutorial_interfaces/include/tutorial_interfaces/tutorial_interfaces/msg/rosidl_typesupport_fastrtps_c__visibility_control.h
[0.906s] -- Up-to-date: /home/expert_amateur/vbm_ws/install/tutorial_interfaces/include/tutorial_interfaces/tutorial_interfaces/msg/detail
[0.906s] -- Up-to-date: /home/expert_amateur/vbm_ws/install/tutorial_interfaces/include/tutorial_interfaces/tutorial_interfaces/msg/detail/sphere__rosidl_typesupport_fastrtps_c.h
[0.906s] -- Up-to-date: /home/expert_amateur/vbm_ws/install/tutorial_interfaces/include/tutorial_interfaces/tutorial_interfaces/msg/detail/num__rosidl_typesupport_fastrtps_c.h
[0.906s] -- Up-to-date: /home/expert_amateur/vbm_ws/install/tutorial_interfaces/lib/libtutorial_interfaces__rosidl_typesupport_fastrtps_c.so
[0.906s] -- Up-to-date: /home/expert_amateur/vbm_ws/install/tutorial_interfaces/include/tutorial_interfaces/tutorial_interfaces
[0.907s] -- Up-to-date: /home/expert_amateur/vbm_ws/install/tutorial_interfaces/include/tutorial_interfaces/tutorial_interfaces/srv
[0.907s] -- Up-to-date: /home/expert_amateur/vbm_ws/install/tutorial_interfaces/include/tutorial_interfaces/tutorial_interfaces/srv/add_three_ints.hpp
[0.907s] -- Up-to-date: /home/expert_amateur/vbm_ws/install/tutorial_interfaces/include/tutorial_interfaces/tutorial_interfaces/srv/detail
[0.907s] -- Up-to-date: /home/expert_amateur/vbm_ws/install/tutorial_interfaces/include/tutorial_interfaces/tutorial_interfaces/srv/detail/add_three_ints__builder.hpp
[0.907s] -- Up-to-date: /home/expert_amateur/vbm_ws/install/tutorial_interfaces/include/tutorial_interfaces/tutorial_interfaces/srv/detail/add_three_ints__traits.hpp
[0.907s] -- Up-to-date: /home/expert_amateur/vbm_ws/install/tutorial_interfaces/include/tutorial_interfaces/tutorial_interfaces/srv/detail/add_three_ints__struct.hpp
[0.907s] -- Up-to-date: /home/expert_amateur/vbm_ws/install/tutorial_interfaces/include/tutorial_interfaces/tutorial_interfaces/msg
[0.908s] -- Up-to-date: /home/expert_amateur/vbm_ws/install/tutorial_interfaces/include/tutorial_interfaces/tutorial_interfaces/msg/num.hpp
[0.908s] -- Up-to-date: /home/expert_amateur/vbm_ws/install/tutorial_interfaces/include/tutorial_interfaces/tutorial_interfaces/msg/sphere.hpp
[0.908s] -- Up-to-date: /home/expert_amateur/vbm_ws/install/tutorial_interfaces/include/tutorial_interfaces/tutorial_interfaces/msg/detail
[0.908s] -- Up-to-date: /home/expert_amateur/vbm_ws/install/tutorial_interfaces/include/tutorial_interfaces/tutorial_interfaces/msg/detail/sphere__struct.hpp
[0.908s] -- Up-to-date: /home/expert_amateur/vbm_ws/install/tutorial_interfaces/include/tutorial_interfaces/tutorial_interfaces/msg/detail/num__struct.hpp
[0.908s] -- Up-to-date: /home/expert_amateur/vbm_ws/install/tutorial_interfaces/include/tutorial_interfaces/tutorial_interfaces/msg/detail/num__traits.hpp
[0.908s] -- Up-to-date: /home/expert_amateur/vbm_ws/install/tutorial_interfaces/include/tutorial_interfaces/tutorial_interfaces/msg/detail/num__builder.hpp
[0.908s] -- Up-to-date: /home/expert_amateur/vbm_ws/install/tutorial_interfaces/include/tutorial_interfaces/tutorial_interfaces/msg/detail/sphere__builder.hpp
[0.908s] -- Up-to-date: /home/expert_amateur/vbm_ws/install/tutorial_interfaces/include/tutorial_interfaces/tutorial_interfaces/msg/detail/sphere__traits.hpp
[0.908s] -- Up-to-date: /home/expert_amateur/vbm_ws/install/tutorial_interfaces/include/tutorial_interfaces/tutorial_interfaces
[0.908s] -- Up-to-date: /home/expert_amateur/vbm_ws/install/tutorial_interfaces/include/tutorial_interfaces/tutorial_interfaces/srv
[0.909s] -- Up-to-date: /home/expert_amateur/vbm_ws/install/tutorial_interfaces/include/tutorial_interfaces/tutorial_interfaces/srv/detail
[0.909s] -- Up-to-date: /home/expert_amateur/vbm_ws/install/tutorial_interfaces/include/tutorial_interfaces/tutorial_interfaces/srv/detail/add_three_ints__rosidl_typesupport_fastrtps_cpp.hpp
[0.909s] -- Up-to-date: /home/expert_amateur/vbm_ws/install/tutorial_interfaces/include/tutorial_interfaces/tutorial_interfaces/srv/detail/dds_fastrtps
[0.909s] -- Up-to-date: /home/expert_amateur/vbm_ws/install/tutorial_interfaces/include/tutorial_interfaces/tutorial_interfaces/msg
[0.909s] -- Up-to-date: /home/expert_amateur/vbm_ws/install/tutorial_interfaces/include/tutorial_interfaces/tutorial_interfaces/msg/rosidl_typesupport_fastrtps_cpp__visibility_control.h
[0.909s] -- Up-to-date: /home/expert_amateur/vbm_ws/install/tutorial_interfaces/include/tutorial_interfaces/tutorial_interfaces/msg/detail
[0.909s] -- Up-to-date: /home/expert_amateur/vbm_ws/install/tutorial_interfaces/include/tutorial_interfaces/tutorial_interfaces/msg/detail/sphere__rosidl_typesupport_fastrtps_cpp.hpp
[0.909s] -- Up-to-date: /home/expert_amateur/vbm_ws/install/tutorial_interfaces/include/tutorial_interfaces/tutorial_interfaces/msg/detail/num__rosidl_typesupport_fastrtps_cpp.hpp
[0.909s] -- Up-to-date: /home/expert_amateur/vbm_ws/install/tutorial_interfaces/include/tutorial_interfaces/tutorial_interfaces/msg/detail/dds_fastrtps
[0.909s] -- Up-to-date: /home/expert_amateur/vbm_ws/install/tutorial_interfaces/lib/libtutorial_interfaces__rosidl_typesupport_fastrtps_cpp.so
[0.909s] -- Up-to-date: /home/expert_amateur/vbm_ws/install/tutorial_interfaces/include/tutorial_interfaces/tutorial_interfaces
[0.910s] -- Up-to-date: /home/expert_amateur/vbm_ws/install/tutorial_interfaces/include/tutorial_interfaces/tutorial_interfaces/srv
[0.910s] -- Up-to-date: /home/expert_amateur/vbm_ws/install/tutorial_interfaces/include/tutorial_interfaces/tutorial_interfaces/srv/detail
[0.910s] -- Up-to-date: /home/expert_amateur/vbm_ws/install/tutorial_interfaces/include/tutorial_interfaces/tutorial_interfaces/srv/detail/add_three_ints__rosidl_typesupport_introspection_c.h
[0.910s] -- Up-to-date: /home/expert_amateur/vbm_ws/install/tutorial_interfaces/include/tutorial_interfaces/tutorial_interfaces/srv/detail/add_three_ints__type_support.c
[0.910s] -- Up-to-date: /home/expert_amateur/vbm_ws/install/tutorial_interfaces/include/tutorial_interfaces/tutorial_interfaces/msg
[0.910s] -- Up-to-date: /home/expert_amateur/vbm_ws/install/tutorial_interfaces/include/tutorial_interfaces/tutorial_interfaces/msg/rosidl_typesupport_introspection_c__visibility_control.h
[0.910s] -- Up-to-date: /home/expert_amateur/vbm_ws/install/tutorial_interfaces/include/tutorial_interfaces/tutorial_interfaces/msg/detail
[0.910s] -- Up-to-date: /home/expert_amateur/vbm_ws/install/tutorial_interfaces/include/tutorial_interfaces/tutorial_interfaces/msg/detail/sphere__rosidl_typesupport_introspection_c.h
[0.910s] -- Up-to-date: /home/expert_amateur/vbm_ws/install/tutorial_interfaces/include/tutorial_interfaces/tutorial_interfaces/msg/detail/num__rosidl_typesupport_introspection_c.h
[0.910s] -- Up-to-date: /home/expert_amateur/vbm_ws/install/tutorial_interfaces/include/tutorial_interfaces/tutorial_interfaces/msg/detail/sphere__type_support.c
[0.911s] -- Up-to-date: /home/expert_amateur/vbm_ws/install/tutorial_interfaces/include/tutorial_interfaces/tutorial_interfaces/msg/detail/num__type_support.c
[0.911s] -- Up-to-date: /home/expert_amateur/vbm_ws/install/tutorial_interfaces/lib/libtutorial_interfaces__rosidl_typesupport_introspection_c.so
[0.911s] -- Up-to-date: /home/expert_amateur/vbm_ws/install/tutorial_interfaces/lib/libtutorial_interfaces__rosidl_typesupport_c.so
[0.911s] -- Up-to-date: /home/expert_amateur/vbm_ws/install/tutorial_interfaces/include/tutorial_interfaces/tutorial_interfaces
[0.911s] -- Up-to-date: /home/expert_amateur/vbm_ws/install/tutorial_interfaces/include/tutorial_interfaces/tutorial_interfaces/srv
[0.911s] -- Up-to-date: /home/expert_amateur/vbm_ws/install/tutorial_interfaces/include/tutorial_interfaces/tutorial_interfaces/srv/detail
[0.911s] -- Up-to-date: /home/expert_amateur/vbm_ws/install/tutorial_interfaces/include/tutorial_interfaces/tutorial_interfaces/srv/detail/add_three_ints__type_support.cpp
[0.911s] -- Up-to-date: /home/expert_amateur/vbm_ws/install/tutorial_interfaces/include/tutorial_interfaces/tutorial_interfaces/srv/detail/add_three_ints__rosidl_typesupport_introspection_cpp.hpp
[0.911s] -- Up-to-date: /home/expert_amateur/vbm_ws/install/tutorial_interfaces/include/tutorial_interfaces/tutorial_interfaces/msg
[0.911s] -- Up-to-date: /home/expert_amateur/vbm_ws/install/tutorial_interfaces/include/tutorial_interfaces/tutorial_interfaces/msg/detail
[0.911s] -- Up-to-date: /home/expert_amateur/vbm_ws/install/tutorial_interfaces/include/tutorial_interfaces/tutorial_interfaces/msg/detail/sphere__type_support.cpp
[0.912s] -- Up-to-date: /home/expert_amateur/vbm_ws/install/tutorial_interfaces/include/tutorial_interfaces/tutorial_interfaces/msg/detail/num__type_support.cpp
[0.912s] -- Up-to-date: /home/expert_amateur/vbm_ws/install/tutorial_interfaces/include/tutorial_interfaces/tutorial_interfaces/msg/detail/num__rosidl_typesupport_introspection_cpp.hpp
[0.912s] -- Up-to-date: /home/expert_amateur/vbm_ws/install/tutorial_interfaces/include/tutorial_interfaces/tutorial_interfaces/msg/detail/sphere__rosidl_typesupport_introspection_cpp.hpp
[0.912s] -- Up-to-date: /home/expert_amateur/vbm_ws/install/tutorial_interfaces/lib/libtutorial_interfaces__rosidl_typesupport_introspection_cpp.so
[0.912s] -- Up-to-date: /home/expert_amateur/vbm_ws/install/tutorial_interfaces/lib/libtutorial_interfaces__rosidl_typesupport_cpp.so
[0.912s] -- Up-to-date: /home/expert_amateur/vbm_ws/install/tutorial_interfaces/share/tutorial_interfaces/environment/pythonpath.sh
[0.912s] -- Up-to-date: /home/expert_amateur/vbm_ws/install/tutorial_interfaces/share/tutorial_interfaces/environment/pythonpath.dsv
[0.912s] -- Up-to-date: /home/expert_amateur/vbm_ws/install/tutorial_interfaces/local/lib/python3.10/dist-packages/tutorial_interfaces-0.0.0-py3.10.egg-info
[0.913s] -- Installing: /home/expert_amateur/vbm_ws/install/tutorial_interfaces/local/lib/python3.10/dist-packages/tutorial_interfaces-0.0.0-py3.10.egg-info/SOURCES.txt
[0.913s] -- Installing: /home/expert_amateur/vbm_ws/install/tutorial_interfaces/local/lib/python3.10/dist-packages/tutorial_interfaces-0.0.0-py3.10.egg-info/PKG-INFO
[0.913s] -- Installing: /home/expert_amateur/vbm_ws/install/tutorial_interfaces/local/lib/python3.10/dist-packages/tutorial_interfaces-0.0.0-py3.10.egg-info/dependency_links.txt
[0.913s] -- Installing: /home/expert_amateur/vbm_ws/install/tutorial_interfaces/local/lib/python3.10/dist-packages/tutorial_interfaces-0.0.0-py3.10.egg-info/top_level.txt
[0.913s] -- Up-to-date: /home/expert_amateur/vbm_ws/install/tutorial_interfaces/local/lib/python3.10/dist-packages/tutorial_interfaces
[0.913s] -- Up-to-date: /home/expert_amateur/vbm_ws/install/tutorial_interfaces/local/lib/python3.10/dist-packages/tutorial_interfaces/srv
[0.913s] -- Up-to-date: /home/expert_amateur/vbm_ws/install/tutorial_interfaces/local/lib/python3.10/dist-packages/tutorial_interfaces/srv/__init__.py
[0.913s] -- Up-to-date: /home/expert_amateur/vbm_ws/install/tutorial_interfaces/local/lib/python3.10/dist-packages/tutorial_interfaces/srv/_add_three_ints.py
[0.913s] -- Up-to-date: /home/expert_amateur/vbm_ws/install/tutorial_interfaces/local/lib/python3.10/dist-packages/tutorial_interfaces/srv/_add_three_ints_s.c
[0.914s] -- Up-to-date: /home/expert_amateur/vbm_ws/install/tutorial_interfaces/local/lib/python3.10/dist-packages/tutorial_interfaces/__init__.py
[0.914s] -- Up-to-date: /home/expert_amateur/vbm_ws/install/tutorial_interfaces/local/lib/python3.10/dist-packages/tutorial_interfaces/_tutorial_interfaces_s.ep.rosidl_typesupport_introspection_c.c
[0.914s] -- Up-to-date: /home/expert_amateur/vbm_ws/install/tutorial_interfaces/local/lib/python3.10/dist-packages/tutorial_interfaces/_tutorial_interfaces_s.ep.rosidl_typesupport_fastrtps_c.c
[0.914s] -- Up-to-date: /home/expert_amateur/vbm_ws/install/tutorial_interfaces/local/lib/python3.10/dist-packages/tutorial_interfaces/tutorial_interfaces_s__rosidl_typesupport_c.cpython-310-x86_64-linux-gnu.so
[0.914s] -- Up-to-date: /home/expert_amateur/vbm_ws/install/tutorial_interfaces/local/lib/python3.10/dist-packages/tutorial_interfaces/libtutorial_interfaces__rosidl_generator_py.so
[0.914s] -- Up-to-date: /home/expert_amateur/vbm_ws/install/tutorial_interfaces/local/lib/python3.10/dist-packages/tutorial_interfaces/_tutorial_interfaces_s.ep.rosidl_typesupport_c.c
[0.915s] -- Up-to-date: /home/expert_amateur/vbm_ws/install/tutorial_interfaces/local/lib/python3.10/dist-packages/tutorial_interfaces/msg
[0.915s] -- Up-to-date: /home/expert_amateur/vbm_ws/install/tutorial_interfaces/local/lib/python3.10/dist-packages/tutorial_interfaces/msg/_sphere.py
[0.915s] -- Up-to-date: /home/expert_amateur/vbm_ws/install/tutorial_interfaces/local/lib/python3.10/dist-packages/tutorial_interfaces/msg/__init__.py
[0.915s] -- Up-to-date: /home/expert_amateur/vbm_ws/install/tutorial_interfaces/local/lib/python3.10/dist-packages/tutorial_interfaces/msg/_sphere_s.c
[0.915s] -- Up-to-date: /home/expert_amateur/vbm_ws/install/tutorial_interfaces/local/lib/python3.10/dist-packages/tutorial_interfaces/msg/_num.py
[0.915s] -- Up-to-date: /home/expert_amateur/vbm_ws/install/tutorial_interfaces/local/lib/python3.10/dist-packages/tutorial_interfaces/msg/_num_s.c
[0.915s] -- Up-to-date: /home/expert_amateur/vbm_ws/install/tutorial_interfaces/local/lib/python3.10/dist-packages/tutorial_interfaces/tutorial_interfaces_s__rosidl_typesupport_fastrtps_c.cpython-310-x86_64-linux-gnu.so
[0.916s] -- Up-to-date: /home/expert_amateur/vbm_ws/install/tutorial_interfaces/local/lib/python3.10/dist-packages/tutorial_interfaces/tutorial_interfaces_s__rosidl_typesupport_introspection_c.cpython-310-x86_64-linux-gnu.so
[0.952s] Listing '/home/expert_amateur/vbm_ws/install/tutorial_interfaces/local/lib/python3.10/dist-packages/tutorial_interfaces'...
[0.952s] Listing '/home/expert_amateur/vbm_ws/install/tutorial_interfaces/local/lib/python3.10/dist-packages/tutorial_interfaces/msg'...
[0.952s] Listing '/home/expert_amateur/vbm_ws/install/tutorial_interfaces/local/lib/python3.10/dist-packages/tutorial_interfaces/srv'...
[0.956s] -- Up-to-date: /home/expert_amateur/vbm_ws/install/tutorial_interfaces/local/lib/python3.10/dist-packages/tutorial_interfaces/tutorial_interfaces_s__rosidl_typesupport_fastrtps_c.cpython-310-x86_64-linux-gnu.so
[0.956s] -- Up-to-date: /home/expert_amateur/vbm_ws/install/tutorial_interfaces/local/lib/python3.10/dist-packages/tutorial_interfaces/tutorial_interfaces_s__rosidl_typesupport_introspection_c.cpython-310-x86_64-linux-gnu.so
[0.956s] -- Up-to-date: /home/expert_amateur/vbm_ws/install/tutorial_interfaces/local/lib/python3.10/dist-packages/tutorial_interfaces/tutorial_interfaces_s__rosidl_typesupport_c.cpython-310-x86_64-linux-gnu.so
[0.957s] -- Up-to-date: /home/expert_amateur/vbm_ws/install/tutorial_interfaces/lib/libtutorial_interfaces__rosidl_generator_py.so
[0.957s] -- Up-to-date: /home/expert_amateur/vbm_ws/install/tutorial_interfaces/share/tutorial_interfaces/msg/Num.idl
[0.957s] -- Up-to-date: /home/expert_amateur/vbm_ws/install/tutorial_interfaces/share/tutorial_interfaces/msg/Sphere.idl
[0.957s] -- Up-to-date: /home/expert_amateur/vbm_ws/install/tutorial_interfaces/share/tutorial_interfaces/srv/AddThreeInts.idl
[0.957s] -- Up-to-date: /home/expert_amateur/vbm_ws/install/tutorial_interfaces/share/tutorial_interfaces/msg/Num.msg
[0.958s] -- Up-to-date: /home/expert_amateur/vbm_ws/install/tutorial_interfaces/share/tutorial_interfaces/msg/Sphere.msg
[0.958s] -- Up-to-date: /home/expert_amateur/vbm_ws/install/tutorial_interfaces/share/tutorial_interfaces/srv/AddThreeInts.srv
[0.958s] -- Up-to-date: /home/expert_amateur/vbm_ws/install/tutorial_interfaces/share/tutorial_interfaces/srv/AddThreeInts_Request.msg
[0.958s] -- Up-to-date: /home/expert_amateur/vbm_ws/install/tutorial_interfaces/share/tutorial_interfaces/srv/AddThreeInts_Response.msg
[0.958s] -- Up-to-date: /home/expert_amateur/vbm_ws/install/tutorial_interfaces/share/ament_index/resource_index/package_run_dependencies/tutorial_interfaces
[0.958s] -- Up-to-date: /home/expert_amateur/vbm_ws/install/tutorial_interfaces/share/ament_index/resource_index/parent_prefix_path/tutorial_interfaces
[0.958s] -- Up-to-date: /home/expert_amateur/vbm_ws/install/tutorial_interfaces/share/tutorial_interfaces/environment/ament_prefix_path.sh
[0.959s] -- Up-to-date: /home/expert_amateur/vbm_ws/install/tutorial_interfaces/share/tutorial_interfaces/environment/ament_prefix_path.dsv
[0.959s] -- Up-to-date: /home/expert_amateur/vbm_ws/install/tutorial_interfaces/share/tutorial_interfaces/environment/path.sh
[0.959s] -- Up-to-date: /home/expert_amateur/vbm_ws/install/tutorial_interfaces/share/tutorial_interfaces/environment/path.dsv
[0.959s] -- Up-to-date: /home/expert_amateur/vbm_ws/install/tutorial_interfaces/share/tutorial_interfaces/local_setup.bash
[0.959s] -- Up-to-date: /home/expert_amateur/vbm_ws/install/tutorial_interfaces/share/tutorial_interfaces/local_setup.sh
[0.960s] -- Up-to-date: /home/expert_amateur/vbm_ws/install/tutorial_interfaces/share/tutorial_interfaces/local_setup.zsh
[0.960s] -- Up-to-date: /home/expert_amateur/vbm_ws/install/tutorial_interfaces/share/tutorial_interfaces/local_setup.dsv
[0.960s] -- Installing: /home/expert_amateur/vbm_ws/install/tutorial_interfaces/share/tutorial_interfaces/package.dsv
[0.960s] -- Up-to-date: /home/expert_amateur/vbm_ws/install/tutorial_interfaces/share/ament_index/resource_index/packages/tutorial_interfaces
[0.960s] -- Up-to-date: /home/expert_amateur/vbm_ws/install/tutorial_interfaces/share/tutorial_interfaces/cmake/export_tutorial_interfaces__rosidl_generator_cExport.cmake
[0.961s] -- Up-to-date: /home/expert_amateur/vbm_ws/install/tutorial_interfaces/share/tutorial_interfaces/cmake/export_tutorial_interfaces__rosidl_generator_cExport-noconfig.cmake
[0.961s] -- Up-to-date: /home/expert_amateur/vbm_ws/install/tutorial_interfaces/share/tutorial_interfaces/cmake/export_tutorial_interfaces__rosidl_typesupport_fastrtps_cExport.cmake
[0.961s] -- Up-to-date: /home/expert_amateur/vbm_ws/install/tutorial_interfaces/share/tutorial_interfaces/cmake/export_tutorial_interfaces__rosidl_typesupport_fastrtps_cExport-noconfig.cmake
[0.962s] -- Up-to-date: /home/expert_amateur/vbm_ws/install/tutorial_interfaces/share/tutorial_interfaces/cmake/export_tutorial_interfaces__rosidl_generator_cppExport.cmake
[0.963s] -- Up-to-date: /home/expert_amateur/vbm_ws/install/tutorial_interfaces/share/tutorial_interfaces/cmake/export_tutorial_interfaces__rosidl_typesupport_fastrtps_cppExport.cmake
[0.963s] -- Up-to-date: /home/expert_amateur/vbm_ws/install/tutorial_interfaces/share/tutorial_interfaces/cmake/export_tutorial_interfaces__rosidl_typesupport_fastrtps_cppExport-noconfig.cmake
[0.964s] -- Up-to-date: /home/expert_amateur/vbm_ws/install/tutorial_interfaces/share/tutorial_interfaces/cmake/tutorial_interfaces__rosidl_typesupport_introspection_cExport.cmake
[0.964s] -- Up-to-date: /home/expert_amateur/vbm_ws/install/tutorial_interfaces/share/tutorial_interfaces/cmake/tutorial_interfaces__rosidl_typesupport_introspection_cExport-noconfig.cmake
[0.965s] -- Up-to-date: /home/expert_amateur/vbm_ws/install/tutorial_interfaces/share/tutorial_interfaces/cmake/tutorial_interfaces__rosidl_typesupport_cExport.cmake
[0.965s] -- Up-to-date: /home/expert_amateur/vbm_ws/install/tutorial_interfaces/share/tutorial_interfaces/cmake/tutorial_interfaces__rosidl_typesupport_cExport-noconfig.cmake
[0.965s] -- Up-to-date: /home/expert_amateur/vbm_ws/install/tutorial_interfaces/share/tutorial_interfaces/cmake/tutorial_interfaces__rosidl_typesupport_introspection_cppExport.cmake
[0.972s] -- Up-to-date: /home/expert_amateur/vbm_ws/install/tutorial_interfaces/share/tutorial_interfaces/cmake/tutorial_interfaces__rosidl_typesupport_introspection_cppExport-noconfig.cmake
[0.972s] -- Up-to-date: /home/expert_amateur/vbm_ws/install/tutorial_interfaces/share/tutorial_interfaces/cmake/tutorial_interfaces__rosidl_typesupport_cppExport.cmake
[0.973s] -- Up-to-date: /home/expert_amateur/vbm_ws/install/tutorial_interfaces/share/tutorial_interfaces/cmake/tutorial_interfaces__rosidl_typesupport_cppExport-noconfig.cmake
[0.973s] -- Up-to-date: /home/expert_amateur/vbm_ws/install/tutorial_interfaces/share/tutorial_interfaces/cmake/export_tutorial_interfaces__rosidl_generator_pyExport.cmake
[0.974s] -- Up-to-date: /home/expert_amateur/vbm_ws/install/tutorial_interfaces/share/tutorial_interfaces/cmake/export_tutorial_interfaces__rosidl_generator_pyExport-noconfig.cmake
[0.974s] -- Up-to-date: /home/expert_amateur/vbm_ws/install/tutorial_interfaces/share/tutorial_interfaces/cmake/rosidl_cmake-extras.cmake
[0.974s] -- Up-to-date: /home/expert_amateur/vbm_ws/install/tutorial_interfaces/share/tutorial_interfaces/cmake/ament_cmake_export_dependencies-extras.cmake
[0.975s] -- Up-to-date: /home/expert_amateur/vbm_ws/install/tutorial_interfaces/share/tutorial_interfaces/cmake/ament_cmake_export_include_directories-extras.cmake
[0.975s] -- Up-to-date: /home/expert_amateur/vbm_ws/install/tutorial_interfaces/share/tutorial_interfaces/cmake/ament_cmake_export_libraries-extras.cmake
[0.976s] -- Up-to-date: /home/expert_amateur/vbm_ws/install/tutorial_interfaces/share/tutorial_interfaces/cmake/ament_cmake_export_targets-extras.cmake
[0.976s] -- Up-to-date: /home/expert_amateur/vbm_ws/install/tutorial_interfaces/share/tutorial_interfaces/cmake/rosidl_cmake_export_typesupport_targets-extras.cmake
[0.976s] -- Up-to-date: /home/expert_amateur/vbm_ws/install/tutorial_interfaces/share/tutorial_interfaces/cmake/rosidl_cmake_export_typesupport_libraries-extras.cmake
[0.977s] -- Up-to-date: /home/expert_amateur/vbm_ws/install/tutorial_interfaces/share/tutorial_interfaces/cmake/tutorial_interfacesConfig.cmake
[0.977s] -- Up-to-date: /home/expert_amateur/vbm_ws/install/tutorial_interfaces/share/tutorial_interfaces/cmake/tutorial_interfacesConfig-version.cmake
[0.977s] -- Up-to-date: /home/expert_amateur/vbm_ws/install/tutorial_interfaces/share/tutorial_interfaces/package.xml
[0.982s] Invoked command in '/home/expert_amateur/vbm_ws/build/tutorial_interfaces' returned '0': CMAKE_PREFIX_PATH=${CMAKE_PREFIX_PATH}:/home/expert_amateur/voidwalking/ros2_ws/install/waypoints:/opt/ros/humble /usr/bin/cmake --install /home/expert_amateur/vbm_ws/build/tutorial_interfaces
