[0.017s] Invoking command in '/home/expert_amateur/vbm_ws/build/cpp_srvcli': CMAKE_PREFIX_PATH=${CMAKE_PREFIX_PATH}:/home/expert_amateur/voidwalking/ros2_ws/install/waypoints:/opt/ros/humble /usr/bin/cmake --build /home/expert_amateur/vbm_ws/build/cpp_srvcli -- -j12 -l12
[0.073s] [100%] Built target server
[0.073s] [100%] Built target client
[0.085s] Invoked command in '/home/expert_amateur/vbm_ws/build/cpp_srvcli' returned '0': CMAKE_PREFIX_PATH=${CMAKE_PREFIX_PATH}:/home/expert_amateur/voidwalking/ros2_ws/install/waypoints:/opt/ros/humble /usr/bin/cmake --build /home/expert_amateur/vbm_ws/build/cpp_srvcli -- -j12 -l12
[0.124s] Invoking command in '/home/expert_amateur/vbm_ws/build/cpp_srvcli': CMAKE_PREFIX_PATH=${CMAKE_PREFIX_PATH}:/home/expert_amateur/voidwalking/ros2_ws/install/waypoints:/opt/ros/humble /usr/bin/cmake --install /home/expert_amateur/vbm_ws/build/cpp_srvcli
[0.131s] -- Install configuration: ""
[0.131s] -- Up-to-date: /home/expert_amateur/vbm_ws/install/cpp_srvcli/lib/cpp_srvcli/server
[0.132s] -- Up-to-date: /home/expert_amateur/vbm_ws/install/cpp_srvcli/lib/cpp_srvcli/client
[0.132s] -- Up-to-date: /home/expert_amateur/vbm_ws/install/cpp_srvcli/share/ament_index/resource_index/package_run_dependencies/cpp_srvcli
[0.132s] -- Up-to-date: /home/expert_amateur/vbm_ws/install/cpp_srvcli/share/ament_index/resource_index/parent_prefix_path/cpp_srvcli
[0.132s] -- Up-to-date: /home/expert_amateur/vbm_ws/install/cpp_srvcli/share/cpp_srvcli/environment/ament_prefix_path.sh
[0.132s] -- Up-to-date: /home/expert_amateur/vbm_ws/install/cpp_srvcli/share/cpp_srvcli/environment/ament_prefix_path.dsv
[0.132s] -- Up-to-date: /home/expert_amateur/vbm_ws/install/cpp_srvcli/share/cpp_srvcli/environment/path.sh
[0.132s] -- Up-to-date: /home/expert_amateur/vbm_ws/install/cpp_srvcli/share/cpp_srvcli/environment/path.dsv
[0.132s] -- Up-to-date: /home/expert_amateur/vbm_ws/install/cpp_srvcli/share/cpp_srvcli/local_setup.bash
[0.133s] -- Up-to-date: /home/expert_amateur/vbm_ws/install/cpp_srvcli/share/cpp_srvcli/local_setup.sh
[0.133s] -- Up-to-date: /home/expert_amateur/vbm_ws/install/cpp_srvcli/share/cpp_srvcli/local_setup.zsh
[0.133s] -- Up-to-date: /home/expert_amateur/vbm_ws/install/cpp_srvcli/share/cpp_srvcli/local_setup.dsv
[0.133s] -- Installing: /home/expert_amateur/vbm_ws/install/cpp_srvcli/share/cpp_srvcli/package.dsv
[0.133s] -- Up-to-date: /home/expert_amateur/vbm_ws/install/cpp_srvcli/share/ament_index/resource_index/packages/cpp_srvcli
[0.133s] -- Up-to-date: /home/expert_amateur/vbm_ws/install/cpp_srvcli/share/cpp_srvcli/cmake/cpp_srvcliConfig.cmake
[0.133s] -- Up-to-date: /home/expert_amateur/vbm_ws/install/cpp_srvcli/share/cpp_srvcli/cmake/cpp_srvcliConfig-version.cmake
[0.133s] -- Up-to-date: /home/expert_amateur/vbm_ws/install/cpp_srvcli/share/cpp_srvcli/package.xml
[0.134s] Invoked command in '/home/expert_amateur/vbm_ws/build/cpp_srvcli' returned '0': CMAKE_PREFIX_PATH=${CMAKE_PREFIX_PATH}:/home/expert_amateur/voidwalking/ros2_ws/install/waypoints:/opt/ros/humble /usr/bin/cmake --install /home/expert_amateur/vbm_ws/build/cpp_srvcli
