[0.673s] Invoking command in '/home/expert_amateur/vbm_ws/build/polygon_base': CMAKE_PREFIX_PATH=${CMAKE_PREFIX_PATH}:/home/expert_amateur/voidwalking/ros2_ws/install/waypoints:/opt/ros/humble /usr/bin/cmake --build /home/expert_amateur/vbm_ws/build/polygon_base -- -j12 -l12
[0.745s] [35m[1mConsolidate compiler generated dependencies of target area_node[0m
[0.784s] [100%] Built target area_node
[0.850s] Invoked command in '/home/expert_amateur/vbm_ws/build/polygon_base' returned '0': CMAKE_PREFIX_PATH=${CMAKE_PREFIX_PATH}:/home/expert_amateur/voidwalking/ros2_ws/install/waypoints:/opt/ros/humble /usr/bin/cmake --build /home/expert_amateur/vbm_ws/build/polygon_base -- -j12 -l12
[1.015s] Invoking command in '/home/expert_amateur/vbm_ws/build/polygon_base': CMAKE_PREFIX_PATH=${CMAKE_PREFIX_PATH}:/home/expert_amateur/voidwalking/ros2_ws/install/waypoints:/opt/ros/humble /usr/bin/cmake --install /home/expert_amateur/vbm_ws/build/polygon_base
[1.034s] -- Install configuration: ""
[1.034s] -- Up-to-date: /home/expert_amateur/vbm_ws/install/polygon_base/include
[1.034s] -- Up-to-date: /home/expert_amateur/vbm_ws/install/polygon_base/include/polygon_base
[1.035s] -- Up-to-date: /home/expert_amateur/vbm_ws/install/polygon_base/include/polygon_base/regular_polygon.hpp
[1.035s] -- Up-to-date: /home/expert_amateur/vbm_ws/install/polygon_base/lib/polygon_base/area_node
[1.035s] -- Up-to-date: /home/expert_amateur/vbm_ws/install/polygon_base/share/ament_index/resource_index/package_run_dependencies/polygon_base
[1.036s] -- Up-to-date: /home/expert_amateur/vbm_ws/install/polygon_base/share/ament_index/resource_index/parent_prefix_path/polygon_base
[1.036s] -- Up-to-date: /home/expert_amateur/vbm_ws/install/polygon_base/share/polygon_base/environment/ament_prefix_path.sh
[1.037s] -- Up-to-date: /home/expert_amateur/vbm_ws/install/polygon_base/share/polygon_base/environment/ament_prefix_path.dsv
[1.037s] -- Up-to-date: /home/expert_amateur/vbm_ws/install/polygon_base/share/polygon_base/environment/path.sh
[1.037s] -- Up-to-date: /home/expert_amateur/vbm_ws/install/polygon_base/share/polygon_base/environment/path.dsv
[1.038s] -- Up-to-date: /home/expert_amateur/vbm_ws/install/polygon_base/share/polygon_base/local_setup.bash
[1.038s] -- Up-to-date: /home/expert_amateur/vbm_ws/install/polygon_base/share/polygon_base/local_setup.sh
[1.038s] -- Up-to-date: /home/expert_amateur/vbm_ws/install/polygon_base/share/polygon_base/local_setup.zsh
[1.039s] -- Up-to-date: /home/expert_amateur/vbm_ws/install/polygon_base/share/polygon_base/local_setup.dsv
[1.039s] -- Installing: /home/expert_amateur/vbm_ws/install/polygon_base/share/polygon_base/package.dsv
[1.040s] -- Up-to-date: /home/expert_amateur/vbm_ws/install/polygon_base/share/ament_index/resource_index/packages/polygon_base
[1.040s] -- Up-to-date: /home/expert_amateur/vbm_ws/install/polygon_base/share/polygon_base/cmake/ament_cmake_export_include_directories-extras.cmake
[1.041s] -- Up-to-date: /home/expert_amateur/vbm_ws/install/polygon_base/share/polygon_base/cmake/polygon_baseConfig.cmake
[1.041s] -- Up-to-date: /home/expert_amateur/vbm_ws/install/polygon_base/share/polygon_base/cmake/polygon_baseConfig-version.cmake
[1.041s] -- Up-to-date: /home/expert_amateur/vbm_ws/install/polygon_base/share/polygon_base/package.xml
[1.124s] Invoked command in '/home/expert_amateur/vbm_ws/build/polygon_base' returned '0': CMAKE_PREFIX_PATH=${CMAKE_PREFIX_PATH}:/home/expert_amateur/voidwalking/ros2_ws/install/waypoints:/opt/ros/humble /usr/bin/cmake --install /home/expert_amateur/vbm_ws/build/polygon_base
