[0.158s] Invoking command in '/home/expert_amateur/vbm_ws/build/vbm_project_env': CMAKE_PREFIX_PATH=${CMAKE_PREFIX_PATH}:/home/expert_amateur/voidwalking/ros2_ws/install/waypoints:/opt/ros/humble /usr/bin/cmake --build /home/expert_amateur/vbm_ws/build/vbm_project_env -- -j12 -l12
[0.211s] Invoked command in '/home/expert_amateur/vbm_ws/build/vbm_project_env' returned '0': CMAKE_PREFIX_PATH=${CMAKE_PREFIX_PATH}:/home/expert_amateur/voidwalking/ros2_ws/install/waypoints:/opt/ros/humble /usr/bin/cmake --build /home/expert_amateur/vbm_ws/build/vbm_project_env -- -j12 -l12
[0.409s] Invoking command in '/home/expert_amateur/vbm_ws/build/vbm_project_env': CMAKE_PREFIX_PATH=${CMAKE_PREFIX_PATH}:/home/expert_amateur/voidwalking/ros2_ws/install/waypoints:/opt/ros/humble /usr/bin/cmake --install /home/expert_amateur/vbm_ws/build/vbm_project_env
[0.432s] -- Install configuration: ""
[0.432s] -- Up-to-date: /home/expert_amateur/vbm_ws/install/vbm_project_env/share/vbm_project_env/launch
[0.432s] -- Up-to-date: /home/expert_amateur/vbm_ws/install/vbm_project_env/share/vbm_project_env/launch/simulation.launch.py
[0.432s] -- Up-to-date: /home/expert_amateur/vbm_ws/install/vbm_project_env/share/vbm_project_env/worlds
[0.432s] -- Up-to-date: /home/expert_amateur/vbm_ws/install/vbm_project_env/share/vbm_project_env/worlds/simulation.world
[0.432s] -- Up-to-date: /home/expert_amateur/vbm_ws/install/vbm_project_env/share/vbm_project_env/urdf
[0.434s] -- Up-to-date: /home/expert_amateur/vbm_ws/install/vbm_project_env/share/vbm_project_env/urdf/camera.urdf
[0.434s] -- Up-to-date: /home/expert_amateur/vbm_ws/install/vbm_project_env/share/ament_index/resource_index/package_run_dependencies/vbm_project_env
[0.434s] -- Up-to-date: /home/expert_amateur/vbm_ws/install/vbm_project_env/share/ament_index/resource_index/parent_prefix_path/vbm_project_env
[0.434s] -- Up-to-date: /home/expert_amateur/vbm_ws/install/vbm_project_env/share/vbm_project_env/environment/ament_prefix_path.sh
[0.434s] -- Up-to-date: /home/expert_amateur/vbm_ws/install/vbm_project_env/share/vbm_project_env/environment/ament_prefix_path.dsv
[0.434s] -- Up-to-date: /home/expert_amateur/vbm_ws/install/vbm_project_env/share/vbm_project_env/environment/path.sh
[0.434s] -- Up-to-date: /home/expert_amateur/vbm_ws/install/vbm_project_env/share/vbm_project_env/environment/path.dsv
[0.434s] -- Up-to-date: /home/expert_amateur/vbm_ws/install/vbm_project_env/share/vbm_project_env/local_setup.bash
[0.434s] -- Up-to-date: /home/expert_amateur/vbm_ws/install/vbm_project_env/share/vbm_project_env/local_setup.sh
[0.434s] -- Up-to-date: /home/expert_amateur/vbm_ws/install/vbm_project_env/share/vbm_project_env/local_setup.zsh
[0.434s] -- Up-to-date: /home/expert_amateur/vbm_ws/install/vbm_project_env/share/vbm_project_env/local_setup.dsv
[0.434s] -- Up-to-date: /home/expert_amateur/vbm_ws/install/vbm_project_env/share/vbm_project_env/package.dsv
[0.434s] -- Up-to-date: /home/expert_amateur/vbm_ws/install/vbm_project_env/share/ament_index/resource_index/packages/vbm_project_env
[0.435s] -- Up-to-date: /home/expert_amateur/vbm_ws/install/vbm_project_env/share/vbm_project_env/cmake/vbm_project_envConfig.cmake
[0.435s] -- Up-to-date: /home/expert_amateur/vbm_ws/install/vbm_project_env/share/vbm_project_env/cmake/vbm_project_envConfig-version.cmake
[0.435s] -- Up-to-date: /home/expert_amateur/vbm_ws/install/vbm_project_env/share/vbm_project_env/package.xml
[0.770s] Invoked command in '/home/expert_amateur/vbm_ws/build/vbm_project_env' returned '0': CMAKE_PREFIX_PATH=${CMAKE_PREFIX_PATH}:/home/expert_amateur/voidwalking/ros2_ws/install/waypoints:/opt/ros/humble /usr/bin/cmake --install /home/expert_amateur/vbm_ws/build/vbm_project_env
