[1.383s] Invoking command in '/home/expert_amateur/vbm_ws/build/cpp_parameters': CMAKE_PREFIX_PATH=${CMAKE_PREFIX_PATH}:/home/expert_amateur/voidwalking/ros2_ws/install/waypoints:/opt/ros/humble /usr/bin/cmake --build /home/expert_amateur/vbm_ws/build/cpp_parameters -- -j12 -l12
[1.614s] [100%] Built target minimal_param_node
[1.669s] Invoked command in '/home/expert_amateur/vbm_ws/build/cpp_parameters' returned '0': CMAKE_PREFIX_PATH=${CMAKE_PREFIX_PATH}:/home/expert_amateur/voidwalking/ros2_ws/install/waypoints:/opt/ros/humble /usr/bin/cmake --build /home/expert_amateur/vbm_ws/build/cpp_parameters -- -j12 -l12
[2.319s] Invoking command in '/home/expert_amateur/vbm_ws/build/cpp_parameters': CMAKE_PREFIX_PATH=${CMAKE_PREFIX_PATH}:/home/expert_amateur/voidwalking/ros2_ws/install/waypoints:/opt/ros/humble /usr/bin/cmake --install /home/expert_amateur/vbm_ws/build/cpp_parameters
[2.404s] -- Install configuration: ""
[2.404s] -- Up-to-date: /home/expert_amateur/vbm_ws/install/cpp_parameters/lib/cpp_parameters/minimal_param_node
[2.406s] -- Up-to-date: /home/expert_amateur/vbm_ws/install/cpp_parameters/share/cpp_parameters/launch
[2.408s] -- Up-to-date: /home/expert_amateur/vbm_ws/install/cpp_parameters/share/cpp_parameters/launch/cpp_parameters_launch.py
[2.409s] -- Up-to-date: /home/expert_amateur/vbm_ws/install/cpp_parameters/share/ament_index/resource_index/package_run_dependencies/cpp_parameters
[2.409s] -- Up-to-date: /home/expert_amateur/vbm_ws/install/cpp_parameters/share/ament_index/resource_index/parent_prefix_path/cpp_parameters
[2.409s] -- Up-to-date: /home/expert_amateur/vbm_ws/install/cpp_parameters/share/cpp_parameters/environment/ament_prefix_path.sh
[2.410s] -- Up-to-date: /home/expert_amateur/vbm_ws/install/cpp_parameters/share/cpp_parameters/environment/ament_prefix_path.dsv
[2.410s] -- Up-to-date: /home/expert_amateur/vbm_ws/install/cpp_parameters/share/cpp_parameters/environment/path.sh
[2.410s] -- Up-to-date: /home/expert_amateur/vbm_ws/install/cpp_parameters/share/cpp_parameters/environment/path.dsv
[2.410s] -- Up-to-date: /home/expert_amateur/vbm_ws/install/cpp_parameters/share/cpp_parameters/local_setup.bash
[2.410s] -- Up-to-date: /home/expert_amateur/vbm_ws/install/cpp_parameters/share/cpp_parameters/local_setup.sh
[2.410s] -- Up-to-date: /home/expert_amateur/vbm_ws/install/cpp_parameters/share/cpp_parameters/local_setup.zsh
[2.411s] -- Up-to-date: /home/expert_amateur/vbm_ws/install/cpp_parameters/share/cpp_parameters/local_setup.dsv
[2.411s] -- Installing: /home/expert_amateur/vbm_ws/install/cpp_parameters/share/cpp_parameters/package.dsv
[2.411s] -- Up-to-date: /home/expert_amateur/vbm_ws/install/cpp_parameters/share/ament_index/resource_index/packages/cpp_parameters
[2.411s] -- Up-to-date: /home/expert_amateur/vbm_ws/install/cpp_parameters/share/cpp_parameters/cmake/cpp_parametersConfig.cmake
[2.411s] -- Up-to-date: /home/expert_amateur/vbm_ws/install/cpp_parameters/share/cpp_parameters/cmake/cpp_parametersConfig-version.cmake
[2.411s] -- Up-to-date: /home/expert_amateur/vbm_ws/install/cpp_parameters/share/cpp_parameters/package.xml
[2.412s] Invoked command in '/home/expert_amateur/vbm_ws/build/cpp_parameters' returned '0': CMAKE_PREFIX_PATH=${CMAKE_PREFIX_PATH}:/home/expert_amateur/voidwalking/ros2_ws/install/waypoints:/opt/ros/humble /usr/bin/cmake --install /home/expert_amateur/vbm_ws/build/cpp_parameters
