[0.020s] Invoking command in '/home/expert_amateur/vbm_ws/src/build/cpp_pubsub': CMAKE_PREFIX_PATH=${CMAKE_PREFIX_PATH}:/home/expert_amateur/voidwalking/ros2_ws/install/waypoints:/opt/ros/humble /usr/bin/cmake /home/expert_amateur/vbm_ws/src/cpp_pubsub -DCMAKE_INSTALL_PREFIX=/home/expert_amateur/vbm_ws/src/install/cpp_pubsub
[0.082s] -- The C compiler identification is GNU 11.4.0
[0.131s] -- The CXX compiler identification is GNU 11.4.0
[0.138s] -- Detecting C compiler ABI info
[0.197s] -- Detecting C compiler ABI info - done
[0.205s] -- Check for working C compiler: /usr/bin/cc - skipped
[0.205s] -- Detecting C compile features
[0.206s] -- Detecting C compile features - done
[0.209s] -- Detecting CXX compiler ABI info
[0.276s] -- Detecting CXX compiler ABI info - done
[0.283s] -- Check for working CXX compiler: /usr/bin/c++ - skipped
[0.284s] -- Detecting CXX compile features
[0.284s] -- Detecting CXX compile features - done
[0.287s] -- Found ament_cmake: 1.3.5 (/opt/ros/humble/share/ament_cmake/cmake)
[0.455s] -- Found Python3: /usr/bin/python3.10 (found version "3.10.12") found components: Interpreter 
[0.576s] -- Found rclcpp: 16.0.5 (/opt/ros/humble/share/rclcpp/cmake)
[0.626s] -- Found rosidl_generator_c: 3.1.5 (/opt/ros/humble/share/rosidl_generator_c/cmake)
[0.632s] -- Found rosidl_adapter: 3.1.5 (/opt/ros/humble/share/rosidl_adapter/cmake)
[0.642s] -- Found rosidl_generator_cpp: 3.1.5 (/opt/ros/humble/share/rosidl_generator_cpp/cmake)
[0.657s] -- Using all available rosidl_typesupport_c: rosidl_typesupport_fastrtps_c;rosidl_typesupport_introspection_c
[0.679s] -- Using all available rosidl_typesupport_cpp: rosidl_typesupport_fastrtps_cpp;rosidl_typesupport_introspection_cpp
[0.756s] -- Found rmw_implementation_cmake: 6.1.1 (/opt/ros/humble/share/rmw_implementation_cmake/cmake)
[0.759s] -- Found rmw_fastrtps_cpp: 6.2.3 (/opt/ros/humble/share/rmw_fastrtps_cpp/cmake)
[0.856s] -- Found OpenSSL: /usr/lib/x86_64-linux-gnu/libcrypto.so (found version "3.0.2")  
[0.882s] -- Found FastRTPS: /opt/ros/humble/include  
[0.928s] -- Using RMW implementation 'rmw_fastrtps_cpp' as default
[0.939s] -- Looking for pthread.h
[1.002s] -- Looking for pthread.h - found
[1.002s] -- Performing Test CMAKE_HAVE_LIBC_PTHREAD
[1.064s] -- Performing Test CMAKE_HAVE_LIBC_PTHREAD - Success
[1.066s] -- Found Threads: TRUE  
[1.247s] -- Found gps_msgs: 2.0.2 (/opt/ros/humble/share/gps_msgs/cmake)
[1.296s] -- Found ament_lint_auto: 0.12.7 (/opt/ros/humble/share/ament_lint_auto/cmake)
[1.388s] -- Added test 'cppcheck' to perform static code analysis on C / C++ code
[1.388s] -- Configured cppcheck include dirs: 
[1.388s] -- Configured cppcheck exclude dirs and/or files: 
[1.389s] -- Added test 'lint_cmake' to check CMake code style
[1.390s] -- Added test 'uncrustify' to check C / C++ code style
[1.390s] -- Configured uncrustify additional arguments: 
[1.390s] -- Added test 'xmllint' to check XML markup files
[1.392s] -- Configuring done
[1.405s] -- Generating done
[1.407s] -- Build files have been written to: /home/expert_amateur/vbm_ws/src/build/cpp_pubsub
[1.416s] Invoked command in '/home/expert_amateur/vbm_ws/src/build/cpp_pubsub' returned '0': CMAKE_PREFIX_PATH=${CMAKE_PREFIX_PATH}:/home/expert_amateur/voidwalking/ros2_ws/install/waypoints:/opt/ros/humble /usr/bin/cmake /home/expert_amateur/vbm_ws/src/cpp_pubsub -DCMAKE_INSTALL_PREFIX=/home/expert_amateur/vbm_ws/src/install/cpp_pubsub
[1.418s] Invoking command in '/home/expert_amateur/vbm_ws/src/build/cpp_pubsub': CMAKE_PREFIX_PATH=${CMAKE_PREFIX_PATH}:/home/expert_amateur/voidwalking/ros2_ws/install/waypoints:/opt/ros/humble /usr/bin/cmake --build /home/expert_amateur/vbm_ws/src/build/cpp_pubsub -- -j12 -l12
[1.460s] [ 50%] [32mBuilding CXX object CMakeFiles/listener.dir/src/subscriber_member_function.cpp.o[0m
[1.461s] [ 50%] [32mBuilding CXX object CMakeFiles/talker.dir/src/publisher_member_function.cpp.o[0m
[5.847s] [ 75%] [32m[1mLinking CXX executable talker[0m
[6.031s] [ 75%] Built target talker
[9.325s] [100%] [32m[1mLinking CXX executable listener[0m
[9.651s] [100%] Built target listener
[9.662s] Invoked command in '/home/expert_amateur/vbm_ws/src/build/cpp_pubsub' returned '0': CMAKE_PREFIX_PATH=${CMAKE_PREFIX_PATH}:/home/expert_amateur/voidwalking/ros2_ws/install/waypoints:/opt/ros/humble /usr/bin/cmake --build /home/expert_amateur/vbm_ws/src/build/cpp_pubsub -- -j12 -l12
[9.686s] Invoking command in '/home/expert_amateur/vbm_ws/src/build/cpp_pubsub': CMAKE_PREFIX_PATH=${CMAKE_PREFIX_PATH}:/home/expert_amateur/voidwalking/ros2_ws/install/waypoints:/opt/ros/humble /usr/bin/cmake --install /home/expert_amateur/vbm_ws/src/build/cpp_pubsub
[9.693s] -- Install configuration: ""
[9.693s] -- Installing: /home/expert_amateur/vbm_ws/src/install/cpp_pubsub/lib/cpp_pubsub/talker
[9.695s] -- Set runtime path of "/home/expert_amateur/vbm_ws/src/install/cpp_pubsub/lib/cpp_pubsub/talker" to ""
[9.695s] -- Installing: /home/expert_amateur/vbm_ws/src/install/cpp_pubsub/lib/cpp_pubsub/listener
[9.697s] -- Set runtime path of "/home/expert_amateur/vbm_ws/src/install/cpp_pubsub/lib/cpp_pubsub/listener" to ""
[9.698s] -- Installing: /home/expert_amateur/vbm_ws/src/install/cpp_pubsub/share/ament_index/resource_index/package_run_dependencies/cpp_pubsub
[9.698s] -- Installing: /home/expert_amateur/vbm_ws/src/install/cpp_pubsub/share/ament_index/resource_index/parent_prefix_path/cpp_pubsub
[9.698s] -- Installing: /home/expert_amateur/vbm_ws/src/install/cpp_pubsub/share/cpp_pubsub/environment/ament_prefix_path.sh
[9.698s] -- Installing: /home/expert_amateur/vbm_ws/src/install/cpp_pubsub/share/cpp_pubsub/environment/ament_prefix_path.dsv
[9.698s] -- Installing: /home/expert_amateur/vbm_ws/src/install/cpp_pubsub/share/cpp_pubsub/environment/path.sh
[9.698s] -- Installing: /home/expert_amateur/vbm_ws/src/install/cpp_pubsub/share/cpp_pubsub/environment/path.dsv
[9.698s] -- Installing: /home/expert_amateur/vbm_ws/src/install/cpp_pubsub/share/cpp_pubsub/local_setup.bash
[9.698s] -- Installing: /home/expert_amateur/vbm_ws/src/install/cpp_pubsub/share/cpp_pubsub/local_setup.sh
[9.699s] -- Installing: /home/expert_amateur/vbm_ws/src/install/cpp_pubsub/share/cpp_pubsub/local_setup.zsh
[9.699s] -- Installing: /home/expert_amateur/vbm_ws/src/install/cpp_pubsub/share/cpp_pubsub/local_setup.dsv
[9.699s] -- Installing: /home/expert_amateur/vbm_ws/src/install/cpp_pubsub/share/cpp_pubsub/package.dsv
[9.699s] -- Installing: /home/expert_amateur/vbm_ws/src/install/cpp_pubsub/share/ament_index/resource_index/packages/cpp_pubsub
[9.699s] -- Installing: /home/expert_amateur/vbm_ws/src/install/cpp_pubsub/share/cpp_pubsub/cmake/cpp_pubsubConfig.cmake
[9.699s] -- Installing: /home/expert_amateur/vbm_ws/src/install/cpp_pubsub/share/cpp_pubsub/cmake/cpp_pubsubConfig-version.cmake
[9.699s] -- Installing: /home/expert_amateur/vbm_ws/src/install/cpp_pubsub/share/cpp_pubsub/package.xml
[9.703s] Invoked command in '/home/expert_amateur/vbm_ws/src/build/cpp_pubsub' returned '0': CMAKE_PREFIX_PATH=${CMAKE_PREFIX_PATH}:/home/expert_amateur/voidwalking/ros2_ws/install/waypoints:/opt/ros/humble /usr/bin/cmake --install /home/expert_amateur/vbm_ws/src/build/cpp_pubsub
