[0.476s] Invoking command in '/home/expert_amateur/vbm_ws/build/rrbot_gazebo': AMENT_PREFIX_PATH=/home/expert_amateur/vbm_ws/install/rrbot_description:${AMENT_PREFIX_PATH} CMAKE_PREFIX_PATH=/home/expert_amateur/vbm_ws/install/rrbot_description:/home/expert_amateur/voidwalking/ros2_ws/install/void_tests:/home/expert_amateur/voidwalking/ros2_ws/install/turtlebot_test:/home/expert_amateur/voidwalking/ros2_ws/install/spatio_temporal_voxel_layer:/home/expert_amateur/voidwalking/ros2_ws/install/main:/home/expert_amateur/voidwalking/ros2_ws/install/simulation:/home/expert_amateur/voidwalking/ros2_ws/install/rviz_satellite:/home/expert_amateur/voidwalking/ros2_ws/install/obstacle_avoidance:/home/expert_amateur/voidwalking/ros2_ws/install/nav2_turtlebot3:/home/expert_amateur/voidwalking/ros2_ws/install/mapping:/home/expert_amateur/voidwalking/arduino_ws/microros_ws/install/micro_ros_setup:/home/expert_amateur/voidwalking/arduino_ws/microros_ws/install/micro_ros_agent:/home/expert_amateur/voidwalking/arduino_ws/microros_ws/install/micro_ros_msgs:/home/expert_amateur/voidwalking/ros2_ws/install/waypoints:/opt/ros/humble /usr/bin/cmake --build /home/expert_amateur/vbm_ws/build/rrbot_gazebo -- -j12 -l12
[0.545s] [ 50%] Built target switch
[0.560s] [100%] Built target publisher
[0.652s] Invoked command in '/home/expert_amateur/vbm_ws/build/rrbot_gazebo' returned '0': AMENT_PREFIX_PATH=/home/expert_amateur/vbm_ws/install/rrbot_description:${AMENT_PREFIX_PATH} CMAKE_PREFIX_PATH=/home/expert_amateur/vbm_ws/install/rrbot_description:/home/expert_amateur/voidwalking/ros2_ws/install/void_tests:/home/expert_amateur/voidwalking/ros2_ws/install/turtlebot_test:/home/expert_amateur/voidwalking/ros2_ws/install/spatio_temporal_voxel_layer:/home/expert_amateur/voidwalking/ros2_ws/install/main:/home/expert_amateur/voidwalking/ros2_ws/install/simulation:/home/expert_amateur/voidwalking/ros2_ws/install/rviz_satellite:/home/expert_amateur/voidwalking/ros2_ws/install/obstacle_avoidance:/home/expert_amateur/voidwalking/ros2_ws/install/nav2_turtlebot3:/home/expert_amateur/voidwalking/ros2_ws/install/mapping:/home/expert_amateur/voidwalking/arduino_ws/microros_ws/install/micro_ros_setup:/home/expert_amateur/voidwalking/arduino_ws/microros_ws/install/micro_ros_agent:/home/expert_amateur/voidwalking/arduino_ws/microros_ws/install/micro_ros_msgs:/home/expert_amateur/voidwalking/ros2_ws/install/waypoints:/opt/ros/humble /usr/bin/cmake --build /home/expert_amateur/vbm_ws/build/rrbot_gazebo -- -j12 -l12
[1.011s] Invoking command in '/home/expert_amateur/vbm_ws/build/rrbot_gazebo': AMENT_PREFIX_PATH=/home/expert_amateur/vbm_ws/install/rrbot_description:${AMENT_PREFIX_PATH} CMAKE_PREFIX_PATH=/home/expert_amateur/vbm_ws/install/rrbot_description:/home/expert_amateur/voidwalking/ros2_ws/install/void_tests:/home/expert_amateur/voidwalking/ros2_ws/install/turtlebot_test:/home/expert_amateur/voidwalking/ros2_ws/install/spatio_temporal_voxel_layer:/home/expert_amateur/voidwalking/ros2_ws/install/main:/home/expert_amateur/voidwalking/ros2_ws/install/simulation:/home/expert_amateur/voidwalking/ros2_ws/install/rviz_satellite:/home/expert_amateur/voidwalking/ros2_ws/install/obstacle_avoidance:/home/expert_amateur/voidwalking/ros2_ws/install/nav2_turtlebot3:/home/expert_amateur/voidwalking/ros2_ws/install/mapping:/home/expert_amateur/voidwalking/arduino_ws/microros_ws/install/micro_ros_setup:/home/expert_amateur/voidwalking/arduino_ws/microros_ws/install/micro_ros_agent:/home/expert_amateur/voidwalking/arduino_ws/microros_ws/install/micro_ros_msgs:/home/expert_amateur/voidwalking/ros2_ws/install/waypoints:/opt/ros/humble /usr/bin/cmake --install /home/expert_amateur/vbm_ws/build/rrbot_gazebo
[1.118s] -- Install configuration: ""
[1.118s] -- Up-to-date: /home/expert_amateur/vbm_ws/install/rrbot_gazebo/lib/rrbot_gazebo/publisher
[1.118s] -- Up-to-date: /home/expert_amateur/vbm_ws/install/rrbot_gazebo/lib/rrbot_gazebo/switch
[1.118s] -- Up-to-date: /home/expert_amateur/vbm_ws/install/rrbot_gazebo/share/rrbot_gazebo/launch
[1.118s] -- Up-to-date: /home/expert_amateur/vbm_ws/install/rrbot_gazebo/share/rrbot_gazebo/launch/rrbot_world.launch.py
[1.118s] -- Up-to-date: /home/expert_amateur/vbm_ws/install/rrbot_gazebo/share/rrbot_gazebo/worlds
[1.118s] -- Up-to-date: /home/expert_amateur/vbm_ws/install/rrbot_gazebo/share/rrbot_gazebo/worlds/rrbot.world
[1.118s] -- Up-to-date: /home/expert_amateur/vbm_ws/install/rrbot_gazebo/share/rrbot_gazebo/config
[1.118s] -- Up-to-date: /home/expert_amateur/vbm_ws/install/rrbot_gazebo/share/rrbot_gazebo/config/controllers.yaml
[1.118s] -- Up-to-date: /home/expert_amateur/vbm_ws/install/rrbot_gazebo/share/rrbot_gazebo/config/gazebo_controllers.yaml
[1.118s] -- Up-to-date: /home/expert_amateur/vbm_ws/install/rrbot_gazebo/share/ament_index/resource_index/package_run_dependencies/rrbot_gazebo
[1.119s] -- Up-to-date: /home/expert_amateur/vbm_ws/install/rrbot_gazebo/share/ament_index/resource_index/parent_prefix_path/rrbot_gazebo
[1.119s] -- Up-to-date: /home/expert_amateur/vbm_ws/install/rrbot_gazebo/share/rrbot_gazebo/environment/ament_prefix_path.sh
[1.119s] -- Up-to-date: /home/expert_amateur/vbm_ws/install/rrbot_gazebo/share/rrbot_gazebo/environment/ament_prefix_path.dsv
[1.119s] -- Up-to-date: /home/expert_amateur/vbm_ws/install/rrbot_gazebo/share/rrbot_gazebo/environment/path.sh
[1.119s] -- Up-to-date: /home/expert_amateur/vbm_ws/install/rrbot_gazebo/share/rrbot_gazebo/environment/path.dsv
[1.119s] -- Up-to-date: /home/expert_amateur/vbm_ws/install/rrbot_gazebo/share/rrbot_gazebo/local_setup.bash
[1.119s] -- Up-to-date: /home/expert_amateur/vbm_ws/install/rrbot_gazebo/share/rrbot_gazebo/local_setup.sh
[1.119s] -- Up-to-date: /home/expert_amateur/vbm_ws/install/rrbot_gazebo/share/rrbot_gazebo/local_setup.zsh
[1.119s] -- Up-to-date: /home/expert_amateur/vbm_ws/install/rrbot_gazebo/share/rrbot_gazebo/local_setup.dsv
[1.119s] -- Installing: /home/expert_amateur/vbm_ws/install/rrbot_gazebo/share/rrbot_gazebo/package.dsv
[1.119s] -- Up-to-date: /home/expert_amateur/vbm_ws/install/rrbot_gazebo/share/ament_index/resource_index/packages/rrbot_gazebo
[1.119s] -- Up-to-date: /home/expert_amateur/vbm_ws/install/rrbot_gazebo/share/rrbot_gazebo/cmake/rrbot_gazeboConfig.cmake
[1.119s] -- Up-to-date: /home/expert_amateur/vbm_ws/install/rrbot_gazebo/share/rrbot_gazebo/cmake/rrbot_gazeboConfig-version.cmake
[1.119s] -- Up-to-date: /home/expert_amateur/vbm_ws/install/rrbot_gazebo/share/rrbot_gazebo/package.xml
[1.489s] Invoked command in '/home/expert_amateur/vbm_ws/build/rrbot_gazebo' returned '0': AMENT_PREFIX_PATH=/home/expert_amateur/vbm_ws/install/rrbot_description:${AMENT_PREFIX_PATH} CMAKE_PREFIX_PATH=/home/expert_amateur/vbm_ws/install/rrbot_description:/home/expert_amateur/voidwalking/ros2_ws/install/void_tests:/home/expert_amateur/voidwalking/ros2_ws/install/turtlebot_test:/home/expert_amateur/voidwalking/ros2_ws/install/spatio_temporal_voxel_layer:/home/expert_amateur/voidwalking/ros2_ws/install/main:/home/expert_amateur/voidwalking/ros2_ws/install/simulation:/home/expert_amateur/voidwalking/ros2_ws/install/rviz_satellite:/home/expert_amateur/voidwalking/ros2_ws/install/obstacle_avoidance:/home/expert_amateur/voidwalking/ros2_ws/install/nav2_turtlebot3:/home/expert_amateur/voidwalking/ros2_ws/install/mapping:/home/expert_amateur/voidwalking/arduino_ws/microros_ws/install/micro_ros_setup:/home/expert_amateur/voidwalking/arduino_ws/microros_ws/install/micro_ros_agent:/home/expert_amateur/voidwalking/arduino_ws/microros_ws/install/micro_ros_msgs:/home/expert_amateur/voidwalking/ros2_ws/install/waypoints:/opt/ros/humble /usr/bin/cmake --install /home/expert_amateur/vbm_ws/build/rrbot_gazebo
