[0.009s] Invoking command in '/home/expert_amateur/vbm_ws/build/polygon_plugins': AMENT_PREFIX_PATH=/home/expert_amateur/vbm_ws/install/polygon_base:${AMENT_PREFIX_PATH} CMAKE_PREFIX_PATH=/home/expert_amateur/vbm_ws/install/polygon_base:/home/expert_amateur/vbm_ws/install/cpp_parameters:/home/expert_amateur/vbm_ws/install/cpp_srvcli:/home/expert_amateur/vbm_ws/install/cpp_pubsub:/home/expert_amateur/vbm_ws/install/tutorial_interfaces:/home/expert_amateur/vbm_ws/install/more_interfaces:/home/expert_amateur/voidwalking/ros2_ws/install/void_tests:/home/expert_amateur/voidwalking/ros2_ws/install/turtlebot_test:/home/expert_amateur/voidwalking/ros2_ws/install/spatio_temporal_voxel_layer:/home/expert_amateur/voidwalking/ros2_ws/install/main:/home/expert_amateur/voidwalking/ros2_ws/install/simulation:/home/expert_amateur/voidwalking/ros2_ws/install/rviz_satellite:/home/expert_amateur/voidwalking/ros2_ws/install/obstacle_avoidance:/home/expert_amateur/voidwalking/ros2_ws/install/nav2_turtlebot3:/home/expert_amateur/voidwalking/ros2_ws/install/mapping:/home/expert_amateur/voidwalking/arduino_ws/microros_ws/install/micro_ros_setup:/home/expert_amateur/voidwalking/ros2_ws/install/waypoints:/opt/ros/humble /usr/bin/cmake /home/expert_amateur/vbm_ws/src/polygon_plugins -DCMAKE_INSTALL_PREFIX=/home/expert_amateur/vbm_ws/install/polygon_plugins
[0.055s] -- The C compiler identification is GNU 11.4.0
[0.113s] -- The CXX compiler identification is GNU 11.4.0
[0.121s] -- Detecting C compiler ABI info
[0.199s] -- Detecting C compiler ABI info - done
[0.209s] -- Check for working C compiler: /usr/bin/cc - skipped
[0.209s] -- Detecting C compile features
[0.209s] -- Detecting C compile features - done
[0.212s] -- Detecting CXX compiler ABI info
[0.277s] -- Detecting CXX compiler ABI info - done
[0.284s] -- Check for working CXX compiler: /usr/bin/c++ - skipped
[0.284s] -- Detecting CXX compile features
[0.285s] -- Detecting CXX compile features - done
[0.288s] -- Found ament_cmake: 1.3.5 (/opt/ros/humble/share/ament_cmake/cmake)
[0.449s] -- Found Python3: /usr/bin/python3.10 (found version "3.10.12") found components: Interpreter 
[0.542s] -- Found ament_cmake_ros: 0.10.0 (/opt/ros/humble/share/ament_cmake_ros/cmake)
[0.551s] -- Found polygon_base: 0.0.0 (/home/expert_amateur/vbm_ws/install/polygon_base/share/polygon_base/cmake)
[0.554s] -- Found pluginlib: 5.1.0 (/opt/ros/humble/share/pluginlib/cmake)
[0.602s] -- Found ament_lint_auto: 0.12.7 (/opt/ros/humble/share/ament_lint_auto/cmake)
[0.693s] -- Added test 'cppcheck' to perform static code analysis on C / C++ code
[0.693s] -- Configured cppcheck include dirs: $<BUILD_INTERFACE:/home/expert_amateur/vbm_ws/src/polygon_plugins/include>
[0.693s] -- Configured cppcheck exclude dirs and/or files: 
[0.694s] -- Added test 'lint_cmake' to check CMake code style
[0.695s] -- Added test 'uncrustify' to check C / C++ code style
[0.695s] -- Configured uncrustify additional arguments: 
[0.695s] -- Added test 'xmllint' to check XML markup files
[0.698s] -- Configuring done
[0.702s] -- Generating done
[0.703s] -- Build files have been written to: /home/expert_amateur/vbm_ws/build/polygon_plugins
[0.708s] Invoked command in '/home/expert_amateur/vbm_ws/build/polygon_plugins' returned '0': AMENT_PREFIX_PATH=/home/expert_amateur/vbm_ws/install/polygon_base:${AMENT_PREFIX_PATH} CMAKE_PREFIX_PATH=/home/expert_amateur/vbm_ws/install/polygon_base:/home/expert_amateur/vbm_ws/install/cpp_parameters:/home/expert_amateur/vbm_ws/install/cpp_srvcli:/home/expert_amateur/vbm_ws/install/cpp_pubsub:/home/expert_amateur/vbm_ws/install/tutorial_interfaces:/home/expert_amateur/vbm_ws/install/more_interfaces:/home/expert_amateur/voidwalking/ros2_ws/install/void_tests:/home/expert_amateur/voidwalking/ros2_ws/install/turtlebot_test:/home/expert_amateur/voidwalking/ros2_ws/install/spatio_temporal_voxel_layer:/home/expert_amateur/voidwalking/ros2_ws/install/main:/home/expert_amateur/voidwalking/ros2_ws/install/simulation:/home/expert_amateur/voidwalking/ros2_ws/install/rviz_satellite:/home/expert_amateur/voidwalking/ros2_ws/install/obstacle_avoidance:/home/expert_amateur/voidwalking/ros2_ws/install/nav2_turtlebot3:/home/expert_amateur/voidwalking/ros2_ws/install/mapping:/home/expert_amateur/voidwalking/arduino_ws/microros_ws/install/micro_ros_setup:/home/expert_amateur/voidwalking/ros2_ws/install/waypoints:/opt/ros/humble /usr/bin/cmake /home/expert_amateur/vbm_ws/src/polygon_plugins -DCMAKE_INSTALL_PREFIX=/home/expert_amateur/vbm_ws/install/polygon_plugins
[0.709s] Invoking command in '/home/expert_amateur/vbm_ws/build/polygon_plugins': AMENT_PREFIX_PATH=/home/expert_amateur/vbm_ws/install/polygon_base:${AMENT_PREFIX_PATH} CMAKE_PREFIX_PATH=/home/expert_amateur/vbm_ws/install/polygon_base:/home/expert_amateur/vbm_ws/install/cpp_parameters:/home/expert_amateur/vbm_ws/install/cpp_srvcli:/home/expert_amateur/vbm_ws/install/cpp_pubsub:/home/expert_amateur/vbm_ws/install/tutorial_interfaces:/home/expert_amateur/vbm_ws/install/more_interfaces:/home/expert_amateur/voidwalking/ros2_ws/install/void_tests:/home/expert_amateur/voidwalking/ros2_ws/install/turtlebot_test:/home/expert_amateur/voidwalking/ros2_ws/install/spatio_temporal_voxel_layer:/home/expert_amateur/voidwalking/ros2_ws/install/main:/home/expert_amateur/voidwalking/ros2_ws/install/simulation:/home/expert_amateur/voidwalking/ros2_ws/install/rviz_satellite:/home/expert_amateur/voidwalking/ros2_ws/install/obstacle_avoidance:/home/expert_amateur/voidwalking/ros2_ws/install/nav2_turtlebot3:/home/expert_amateur/voidwalking/ros2_ws/install/mapping:/home/expert_amateur/voidwalking/arduino_ws/microros_ws/install/micro_ros_setup:/home/expert_amateur/voidwalking/ros2_ws/install/waypoints:/opt/ros/humble /usr/bin/cmake --build /home/expert_amateur/vbm_ws/build/polygon_plugins -- -j12 -l12
[0.747s] [ 50%] [32mBuilding CXX object CMakeFiles/polygon_plugins.dir/src/polygon_plugins.cpp.o[0m
[1.302s] [100%] [32m[1mLinking CXX shared library libpolygon_plugins.so[0m
[1.367s] [100%] Built target polygon_plugins
[1.376s] Invoked command in '/home/expert_amateur/vbm_ws/build/polygon_plugins' returned '0': AMENT_PREFIX_PATH=/home/expert_amateur/vbm_ws/install/polygon_base:${AMENT_PREFIX_PATH} CMAKE_PREFIX_PATH=/home/expert_amateur/vbm_ws/install/polygon_base:/home/expert_amateur/vbm_ws/install/cpp_parameters:/home/expert_amateur/vbm_ws/install/cpp_srvcli:/home/expert_amateur/vbm_ws/install/cpp_pubsub:/home/expert_amateur/vbm_ws/install/tutorial_interfaces:/home/expert_amateur/vbm_ws/install/more_interfaces:/home/expert_amateur/voidwalking/ros2_ws/install/void_tests:/home/expert_amateur/voidwalking/ros2_ws/install/turtlebot_test:/home/expert_amateur/voidwalking/ros2_ws/install/spatio_temporal_voxel_layer:/home/expert_amateur/voidwalking/ros2_ws/install/main:/home/expert_amateur/voidwalking/ros2_ws/install/simulation:/home/expert_amateur/voidwalking/ros2_ws/install/rviz_satellite:/home/expert_amateur/voidwalking/ros2_ws/install/obstacle_avoidance:/home/expert_amateur/voidwalking/ros2_ws/install/nav2_turtlebot3:/home/expert_amateur/voidwalking/ros2_ws/install/mapping:/home/expert_amateur/voidwalking/arduino_ws/microros_ws/install/micro_ros_setup:/home/expert_amateur/voidwalking/ros2_ws/install/waypoints:/opt/ros/humble /usr/bin/cmake --build /home/expert_amateur/vbm_ws/build/polygon_plugins -- -j12 -l12
[1.395s] Invoking command in '/home/expert_amateur/vbm_ws/build/polygon_plugins': AMENT_PREFIX_PATH=/home/expert_amateur/vbm_ws/install/polygon_base:${AMENT_PREFIX_PATH} CMAKE_PREFIX_PATH=/home/expert_amateur/vbm_ws/install/polygon_base:/home/expert_amateur/vbm_ws/install/cpp_parameters:/home/expert_amateur/vbm_ws/install/cpp_srvcli:/home/expert_amateur/vbm_ws/install/cpp_pubsub:/home/expert_amateur/vbm_ws/install/tutorial_interfaces:/home/expert_amateur/vbm_ws/install/more_interfaces:/home/expert_amateur/voidwalking/ros2_ws/install/void_tests:/home/expert_amateur/voidwalking/ros2_ws/install/turtlebot_test:/home/expert_amateur/voidwalking/ros2_ws/install/spatio_temporal_voxel_layer:/home/expert_amateur/voidwalking/ros2_ws/install/main:/home/expert_amateur/voidwalking/ros2_ws/install/simulation:/home/expert_amateur/voidwalking/ros2_ws/install/rviz_satellite:/home/expert_amateur/voidwalking/ros2_ws/install/obstacle_avoidance:/home/expert_amateur/voidwalking/ros2_ws/install/nav2_turtlebot3:/home/expert_amateur/voidwalking/ros2_ws/install/mapping:/home/expert_amateur/voidwalking/arduino_ws/microros_ws/install/micro_ros_setup:/home/expert_amateur/voidwalking/ros2_ws/install/waypoints:/opt/ros/humble /usr/bin/cmake --install /home/expert_amateur/vbm_ws/build/polygon_plugins
[1.400s] -- Install configuration: ""
[1.401s] -- Installing: /home/expert_amateur/vbm_ws/install/polygon_plugins/share/polygon_plugins/plugins.xml
[1.401s] -- Installing: /home/expert_amateur/vbm_ws/install/polygon_plugins/include
[1.401s] -- Installing: /home/expert_amateur/vbm_ws/install/polygon_plugins/include/polygon_plugins
[1.401s] -- Installing: /home/expert_amateur/vbm_ws/install/polygon_plugins/include/polygon_plugins/polygon_plugins.hpp
[1.401s] -- Installing: /home/expert_amateur/vbm_ws/install/polygon_plugins/include/polygon_plugins/visibility_control.h
[1.401s] -- Installing: /home/expert_amateur/vbm_ws/install/polygon_plugins/lib/libpolygon_plugins.so
[1.401s] -- Set runtime path of "/home/expert_amateur/vbm_ws/install/polygon_plugins/lib/libpolygon_plugins.so" to ""
[1.401s] -- Installing: /home/expert_amateur/vbm_ws/install/polygon_plugins/share/polygon_plugins/environment/library_path.sh
[1.401s] -- Installing: /home/expert_amateur/vbm_ws/install/polygon_plugins/share/polygon_plugins/environment/library_path.dsv
[1.402s] -- Installing: /home/expert_amateur/vbm_ws/install/polygon_plugins/share/ament_index/resource_index/package_run_dependencies/polygon_plugins
[1.402s] -- Installing: /home/expert_amateur/vbm_ws/install/polygon_plugins/share/ament_index/resource_index/parent_prefix_path/polygon_plugins
[1.402s] -- Installing: /home/expert_amateur/vbm_ws/install/polygon_plugins/share/polygon_plugins/environment/ament_prefix_path.sh
[1.402s] -- Installing: /home/expert_amateur/vbm_ws/install/polygon_plugins/share/polygon_plugins/environment/ament_prefix_path.dsv
[1.402s] -- Installing: /home/expert_amateur/vbm_ws/install/polygon_plugins/share/polygon_plugins/environment/path.sh
[1.402s] -- Installing: /home/expert_amateur/vbm_ws/install/polygon_plugins/share/polygon_plugins/environment/path.dsv
[1.402s] -- Installing: /home/expert_amateur/vbm_ws/install/polygon_plugins/share/polygon_plugins/local_setup.bash
[1.402s] -- Installing: /home/expert_amateur/vbm_ws/install/polygon_plugins/share/polygon_plugins/local_setup.sh
[1.402s] -- Installing: /home/expert_amateur/vbm_ws/install/polygon_plugins/share/polygon_plugins/local_setup.zsh
[1.403s] -- Installing: /home/expert_amateur/vbm_ws/install/polygon_plugins/share/polygon_plugins/local_setup.dsv
[1.403s] -- Installing: /home/expert_amateur/vbm_ws/install/polygon_plugins/share/polygon_plugins/package.dsv
[1.403s] -- Installing: /home/expert_amateur/vbm_ws/install/polygon_plugins/share/ament_index/resource_index/packages/polygon_plugins
[1.403s] -- Installing: /home/expert_amateur/vbm_ws/install/polygon_plugins/share/ament_index/resource_index/polygon_base__pluginlib__plugin/polygon_plugins
[1.403s] -- Installing: /home/expert_amateur/vbm_ws/install/polygon_plugins/share/polygon_plugins/cmake/export_polygon_pluginsExport.cmake
[1.403s] -- Installing: /home/expert_amateur/vbm_ws/install/polygon_plugins/share/polygon_plugins/cmake/export_polygon_pluginsExport-noconfig.cmake
[1.403s] -- Installing: /home/expert_amateur/vbm_ws/install/polygon_plugins/share/polygon_plugins/cmake/ament_cmake_export_include_directories-extras.cmake
[1.403s] -- Installing: /home/expert_amateur/vbm_ws/install/polygon_plugins/share/polygon_plugins/cmake/ament_cmake_export_libraries-extras.cmake
[1.403s] -- Installing: /home/expert_amateur/vbm_ws/install/polygon_plugins/share/polygon_plugins/cmake/ament_cmake_export_targets-extras.cmake
[1.403s] -- Installing: /home/expert_amateur/vbm_ws/install/polygon_plugins/share/polygon_plugins/cmake/polygon_pluginsConfig.cmake
[1.404s] -- Installing: /home/expert_amateur/vbm_ws/install/polygon_plugins/share/polygon_plugins/cmake/polygon_pluginsConfig-version.cmake
[1.404s] -- Installing: /home/expert_amateur/vbm_ws/install/polygon_plugins/share/polygon_plugins/package.xml
[1.407s] Invoked command in '/home/expert_amateur/vbm_ws/build/polygon_plugins' returned '0': AMENT_PREFIX_PATH=/home/expert_amateur/vbm_ws/install/polygon_base:${AMENT_PREFIX_PATH} CMAKE_PREFIX_PATH=/home/expert_amateur/vbm_ws/install/polygon_base:/home/expert_amateur/vbm_ws/install/cpp_parameters:/home/expert_amateur/vbm_ws/install/cpp_srvcli:/home/expert_amateur/vbm_ws/install/cpp_pubsub:/home/expert_amateur/vbm_ws/install/tutorial_interfaces:/home/expert_amateur/vbm_ws/install/more_interfaces:/home/expert_amateur/voidwalking/ros2_ws/install/void_tests:/home/expert_amateur/voidwalking/ros2_ws/install/turtlebot_test:/home/expert_amateur/voidwalking/ros2_ws/install/spatio_temporal_voxel_layer:/home/expert_amateur/voidwalking/ros2_ws/install/main:/home/expert_amateur/voidwalking/ros2_ws/install/simulation:/home/expert_amateur/voidwalking/ros2_ws/install/rviz_satellite:/home/expert_amateur/voidwalking/ros2_ws/install/obstacle_avoidance:/home/expert_amateur/voidwalking/ros2_ws/install/nav2_turtlebot3:/home/expert_amateur/voidwalking/ros2_ws/install/mapping:/home/expert_amateur/voidwalking/arduino_ws/microros_ws/install/micro_ros_setup:/home/expert_amateur/voidwalking/ros2_ws/install/waypoints:/opt/ros/humble /usr/bin/cmake --install /home/expert_amateur/vbm_ws/build/polygon_plugins
