[2.042s] DEBUG:colcon:Command line arguments: ['/usr/bin/colcon', 'build', '--packages-select', 'opencv_test']
[2.042s] DEBUG:colcon:Parsed command line arguments: Namespace(log_base=None, log_level=None, verb_name='build', build_base='build', install_base='install', merge_install=False, symlink_install=False, test_result_base=None, continue_on_error=False, executor='parallel', parallel_workers=12, event_handlers=None, ignore_user_meta=False, metas=['./colcon.meta'], base_paths=['.'], packages_ignore=None, packages_ignore_regex=None, paths=None, packages_up_to=None, packages_up_to_regex=None, packages_above=None, packages_above_and_dependencies=None, packages_above_depth=None, packages_select_by_dep=None, packages_skip_by_dep=None, packages_skip_up_to=None, packages_select_build_failed=False, packages_skip_build_finished=False, packages_select_test_failures=False, packages_skip_test_passed=False, packages_select=['opencv_test'], packages_skip=None, packages_select_regex=None, packages_skip_regex=None, packages_start=None, packages_end=None, allow_overriding=[], cmake_args=None, cmake_target=None, cmake_target_skip_unavailable=False, cmake_clean_cache=False, cmake_clean_first=False, cmake_force_configure=False, ament_cmake_args=None, catkin_cmake_args=None, catkin_skip_building_tests=False, verb_parser=<colcon_defaults.argument_parser.defaults.DefaultArgumentsDecorator object at 0x7f5e165c2230>, verb_extension=<colcon_core.verb.build.BuildVerb object at 0x7f5e166577c0>, main=<bound method BuildVerb.main of <colcon_core.verb.build.BuildVerb object at 0x7f5e166577c0>>)
[2.130s] Level 1:colcon.colcon_core.package_discovery:discover_packages(colcon_meta) check parameters
[2.131s] Level 1:colcon.colcon_core.package_discovery:discover_packages(recursive) check parameters
[2.132s] Level 1:colcon.colcon_core.package_discovery:discover_packages(ignore) check parameters
[2.132s] Level 1:colcon.colcon_core.package_discovery:discover_packages(path) check parameters
[2.132s] Level 1:colcon.colcon_core.package_discovery:discover_packages(colcon_meta) discover
[2.132s] Level 1:colcon.colcon_core.package_discovery:discover_packages(recursive) discover
[2.132s] INFO:colcon.colcon_core.package_discovery:Crawling recursively for packages in '/home/expert_amateur/vbm_ws'
[2.133s] Level 1:colcon.colcon_core.package_identification:_identify(.) by extensions ['ignore', 'ignore_ament_install']
[2.133s] Level 1:colcon.colcon_core.package_identification:_identify(.) by extension 'ignore'
[2.133s] Level 1:colcon.colcon_core.package_identification:_identify(.) by extension 'ignore_ament_install'
[2.133s] Level 1:colcon.colcon_core.package_identification:_identify(.) by extensions ['colcon_pkg']
[2.133s] Level 1:colcon.colcon_core.package_identification:_identify(.) by extension 'colcon_pkg'
[2.133s] Level 1:colcon.colcon_core.package_identification:_identify(.) by extensions ['colcon_meta']
[2.133s] Level 1:colcon.colcon_core.package_identification:_identify(.) by extension 'colcon_meta'
[2.133s] Level 1:colcon.colcon_core.package_identification:_identify(.) by extensions ['ros']
[2.133s] Level 1:colcon.colcon_core.package_identification:_identify(.) by extension 'ros'
[2.189s] Level 1:colcon.colcon_core.package_identification:_identify(.) by extensions ['cmake', 'python']
[2.189s] Level 1:colcon.colcon_core.package_identification:_identify(.) by extension 'cmake'
[2.189s] Level 1:colcon.colcon_core.package_identification:_identify(.) by extension 'python'
[2.189s] Level 1:colcon.colcon_core.package_identification:_identify(.) by extensions ['python_setup_py']
[2.189s] Level 1:colcon.colcon_core.package_identification:_identify(.) by extension 'python_setup_py'
[2.189s] Level 1:colcon.colcon_core.package_identification:_identify(Screenshots) by extensions ['ignore', 'ignore_ament_install']
[2.189s] Level 1:colcon.colcon_core.package_identification:_identify(Screenshots) by extension 'ignore'
[2.189s] Level 1:colcon.colcon_core.package_identification:_identify(Screenshots) by extension 'ignore_ament_install'
[2.189s] Level 1:colcon.colcon_core.package_identification:_identify(Screenshots) by extensions ['colcon_pkg']
[2.189s] Level 1:colcon.colcon_core.package_identification:_identify(Screenshots) by extension 'colcon_pkg'
[2.190s] Level 1:colcon.colcon_core.package_identification:_identify(Screenshots) by extensions ['colcon_meta']
[2.190s] Level 1:colcon.colcon_core.package_identification:_identify(Screenshots) by extension 'colcon_meta'
[2.190s] Level 1:colcon.colcon_core.package_identification:_identify(Screenshots) by extensions ['ros']
[2.190s] Level 1:colcon.colcon_core.package_identification:_identify(Screenshots) by extension 'ros'
[2.190s] Level 1:colcon.colcon_core.package_identification:_identify(Screenshots) by extensions ['cmake', 'python']
[2.190s] Level 1:colcon.colcon_core.package_identification:_identify(Screenshots) by extension 'cmake'
[2.190s] Level 1:colcon.colcon_core.package_identification:_identify(Screenshots) by extension 'python'
[2.190s] Level 1:colcon.colcon_core.package_identification:_identify(Screenshots) by extensions ['python_setup_py']
[2.190s] Level 1:colcon.colcon_core.package_identification:_identify(Screenshots) by extension 'python_setup_py'
[2.190s] Level 1:colcon.colcon_core.package_identification:_identify(build) by extensions ['ignore', 'ignore_ament_install']
[2.190s] Level 1:colcon.colcon_core.package_identification:_identify(build) by extension 'ignore'
[2.190s] Level 1:colcon.colcon_core.package_identification:_identify(build) ignored
[2.191s] Level 1:colcon.colcon_core.package_identification:_identify(install) by extensions ['ignore', 'ignore_ament_install']
[2.191s] Level 1:colcon.colcon_core.package_identification:_identify(install) by extension 'ignore'
[2.191s] Level 1:colcon.colcon_core.package_identification:_identify(install) ignored
[2.191s] Level 1:colcon.colcon_core.package_identification:_identify(log) by extensions ['ignore', 'ignore_ament_install']
[2.191s] Level 1:colcon.colcon_core.package_identification:_identify(log) by extension 'ignore'
[2.191s] Level 1:colcon.colcon_core.package_identification:_identify(log) ignored
[2.192s] Level 1:colcon.colcon_core.package_identification:_identify(src) by extensions ['ignore', 'ignore_ament_install']
[2.192s] Level 1:colcon.colcon_core.package_identification:_identify(src) by extension 'ignore'
[2.192s] Level 1:colcon.colcon_core.package_identification:_identify(src) by extension 'ignore_ament_install'
[2.192s] Level 1:colcon.colcon_core.package_identification:_identify(src) by extensions ['colcon_pkg']
[2.192s] Level 1:colcon.colcon_core.package_identification:_identify(src) by extension 'colcon_pkg'
[2.192s] Level 1:colcon.colcon_core.package_identification:_identify(src) by extensions ['colcon_meta']
[2.192s] Level 1:colcon.colcon_core.package_identification:_identify(src) by extension 'colcon_meta'
[2.192s] Level 1:colcon.colcon_core.package_identification:_identify(src) by extensions ['ros']
[2.192s] Level 1:colcon.colcon_core.package_identification:_identify(src) by extension 'ros'
[2.193s] Level 1:colcon.colcon_core.package_identification:_identify(src) by extensions ['cmake', 'python']
[2.193s] Level 1:colcon.colcon_core.package_identification:_identify(src) by extension 'cmake'
[2.193s] Level 1:colcon.colcon_core.package_identification:_identify(src) by extension 'python'
[2.193s] Level 1:colcon.colcon_core.package_identification:_identify(src) by extensions ['python_setup_py']
[2.193s] Level 1:colcon.colcon_core.package_identification:_identify(src) by extension 'python_setup_py'
[2.193s] Level 1:colcon.colcon_core.package_identification:_identify(src/addvectors_srvcli) by extensions ['ignore', 'ignore_ament_install']
[2.193s] Level 1:colcon.colcon_core.package_identification:_identify(src/addvectors_srvcli) by extension 'ignore'
[2.194s] Level 1:colcon.colcon_core.package_identification:_identify(src/addvectors_srvcli) by extension 'ignore_ament_install'
[2.194s] Level 1:colcon.colcon_core.package_identification:_identify(src/addvectors_srvcli) by extensions ['colcon_pkg']
[2.195s] Level 1:colcon.colcon_core.package_identification:_identify(src/addvectors_srvcli) by extension 'colcon_pkg'
[2.196s] Level 1:colcon.colcon_core.package_identification:_identify(src/addvectors_srvcli) by extensions ['colcon_meta']
[2.197s] Level 1:colcon.colcon_core.package_identification:_identify(src/addvectors_srvcli) by extension 'colcon_meta'
[2.197s] Level 1:colcon.colcon_core.package_identification:_identify(src/addvectors_srvcli) by extensions ['ros']
[2.197s] Level 1:colcon.colcon_core.package_identification:_identify(src/addvectors_srvcli) by extension 'ros'
[2.202s] DEBUG:colcon.colcon_core.package_identification:Package 'src/addvectors_srvcli' with type 'ros.ament_cmake' and name 'addvectors_srvcli'
[2.203s] Level 1:colcon.colcon_core.package_identification:_identify(src/build) by extensions ['ignore', 'ignore_ament_install']
[2.205s] Level 1:colcon.colcon_core.package_identification:_identify(src/build) by extension 'ignore'
[2.206s] Level 1:colcon.colcon_core.package_identification:_identify(src/build) ignored
[2.206s] Level 1:colcon.colcon_core.package_identification:_identify(src/cpp_parameters) by extensions ['ignore', 'ignore_ament_install']
[2.207s] Level 1:colcon.colcon_core.package_identification:_identify(src/cpp_parameters) by extension 'ignore'
[2.207s] Level 1:colcon.colcon_core.package_identification:_identify(src/cpp_parameters) by extension 'ignore_ament_install'
[2.207s] Level 1:colcon.colcon_core.package_identification:_identify(src/cpp_parameters) by extensions ['colcon_pkg']
[2.207s] Level 1:colcon.colcon_core.package_identification:_identify(src/cpp_parameters) by extension 'colcon_pkg'
[2.207s] Level 1:colcon.colcon_core.package_identification:_identify(src/cpp_parameters) by extensions ['colcon_meta']
[2.207s] Level 1:colcon.colcon_core.package_identification:_identify(src/cpp_parameters) by extension 'colcon_meta'
[2.207s] Level 1:colcon.colcon_core.package_identification:_identify(src/cpp_parameters) by extensions ['ros']
[2.208s] Level 1:colcon.colcon_core.package_identification:_identify(src/cpp_parameters) by extension 'ros'
[2.209s] DEBUG:colcon.colcon_core.package_identification:Package 'src/cpp_parameters' with type 'ros.ament_cmake' and name 'cpp_parameters'
[2.209s] Level 1:colcon.colcon_core.package_identification:_identify(src/cpp_pubsub) by extensions ['ignore', 'ignore_ament_install']
[2.209s] Level 1:colcon.colcon_core.package_identification:_identify(src/cpp_pubsub) by extension 'ignore'
[2.209s] Level 1:colcon.colcon_core.package_identification:_identify(src/cpp_pubsub) by extension 'ignore_ament_install'
[2.210s] Level 1:colcon.colcon_core.package_identification:_identify(src/cpp_pubsub) by extensions ['colcon_pkg']
[2.212s] Level 1:colcon.colcon_core.package_identification:_identify(src/cpp_pubsub) by extension 'colcon_pkg'
[2.213s] Level 1:colcon.colcon_core.package_identification:_identify(src/cpp_pubsub) by extensions ['colcon_meta']
[2.214s] Level 1:colcon.colcon_core.package_identification:_identify(src/cpp_pubsub) by extension 'colcon_meta'
[2.214s] Level 1:colcon.colcon_core.package_identification:_identify(src/cpp_pubsub) by extensions ['ros']
[2.214s] Level 1:colcon.colcon_core.package_identification:_identify(src/cpp_pubsub) by extension 'ros'
[2.216s] DEBUG:colcon.colcon_core.package_identification:Package 'src/cpp_pubsub' with type 'ros.ament_cmake' and name 'cpp_pubsub'
[2.217s] Level 1:colcon.colcon_core.package_identification:_identify(src/cpp_srvcli) by extensions ['ignore', 'ignore_ament_install']
[2.217s] Level 1:colcon.colcon_core.package_identification:_identify(src/cpp_srvcli) by extension 'ignore'
[2.217s] Level 1:colcon.colcon_core.package_identification:_identify(src/cpp_srvcli) by extension 'ignore_ament_install'
[2.217s] Level 1:colcon.colcon_core.package_identification:_identify(src/cpp_srvcli) by extensions ['colcon_pkg']
[2.217s] Level 1:colcon.colcon_core.package_identification:_identify(src/cpp_srvcli) by extension 'colcon_pkg'
[2.217s] Level 1:colcon.colcon_core.package_identification:_identify(src/cpp_srvcli) by extensions ['colcon_meta']
[2.217s] Level 1:colcon.colcon_core.package_identification:_identify(src/cpp_srvcli) by extension 'colcon_meta'
[2.217s] Level 1:colcon.colcon_core.package_identification:_identify(src/cpp_srvcli) by extensions ['ros']
[2.217s] Level 1:colcon.colcon_core.package_identification:_identify(src/cpp_srvcli) by extension 'ros'
[2.218s] DEBUG:colcon.colcon_core.package_identification:Package 'src/cpp_srvcli' with type 'ros.ament_cmake' and name 'cpp_srvcli'
[2.218s] Level 1:colcon.colcon_core.package_identification:_identify(src/install) by extensions ['ignore', 'ignore_ament_install']
[2.218s] Level 1:colcon.colcon_core.package_identification:_identify(src/install) by extension 'ignore'
[2.218s] Level 1:colcon.colcon_core.package_identification:_identify(src/install) ignored
[2.218s] Level 1:colcon.colcon_core.package_identification:_identify(src/log) by extensions ['ignore', 'ignore_ament_install']
[2.219s] Level 1:colcon.colcon_core.package_identification:_identify(src/log) by extension 'ignore'
[2.219s] Level 1:colcon.colcon_core.package_identification:_identify(src/log) ignored
[2.219s] Level 1:colcon.colcon_core.package_identification:_identify(src/more_interfaces) by extensions ['ignore', 'ignore_ament_install']
[2.219s] Level 1:colcon.colcon_core.package_identification:_identify(src/more_interfaces) by extension 'ignore'
[2.219s] Level 1:colcon.colcon_core.package_identification:_identify(src/more_interfaces) by extension 'ignore_ament_install'
[2.219s] Level 1:colcon.colcon_core.package_identification:_identify(src/more_interfaces) by extensions ['colcon_pkg']
[2.219s] Level 1:colcon.colcon_core.package_identification:_identify(src/more_interfaces) by extension 'colcon_pkg'
[2.219s] Level 1:colcon.colcon_core.package_identification:_identify(src/more_interfaces) by extensions ['colcon_meta']
[2.219s] Level 1:colcon.colcon_core.package_identification:_identify(src/more_interfaces) by extension 'colcon_meta'
[2.219s] Level 1:colcon.colcon_core.package_identification:_identify(src/more_interfaces) by extensions ['ros']
[2.219s] Level 1:colcon.colcon_core.package_identification:_identify(src/more_interfaces) by extension 'ros'
[2.220s] DEBUG:colcon.colcon_core.package_identification:Package 'src/more_interfaces' with type 'ros.ament_cmake' and name 'more_interfaces'
[2.220s] Level 1:colcon.colcon_core.package_identification:_identify(src/opencv_test) by extensions ['ignore', 'ignore_ament_install']
[2.220s] Level 1:colcon.colcon_core.package_identification:_identify(src/opencv_test) by extension 'ignore'
[2.220s] Level 1:colcon.colcon_core.package_identification:_identify(src/opencv_test) by extension 'ignore_ament_install'
[2.220s] Level 1:colcon.colcon_core.package_identification:_identify(src/opencv_test) by extensions ['colcon_pkg']
[2.220s] Level 1:colcon.colcon_core.package_identification:_identify(src/opencv_test) by extension 'colcon_pkg'
[2.220s] Level 1:colcon.colcon_core.package_identification:_identify(src/opencv_test) by extensions ['colcon_meta']
[2.220s] Level 1:colcon.colcon_core.package_identification:_identify(src/opencv_test) by extension 'colcon_meta'
[2.220s] Level 1:colcon.colcon_core.package_identification:_identify(src/opencv_test) by extensions ['ros']
[2.221s] Level 1:colcon.colcon_core.package_identification:_identify(src/opencv_test) by extension 'ros'
[2.222s] DEBUG:colcon.colcon_core.package_identification:Package 'src/opencv_test' with type 'ros.ament_cmake' and name 'opencv_test'
[2.222s] Level 1:colcon.colcon_core.package_identification:_identify(src/polygon_base) by extensions ['ignore', 'ignore_ament_install']
[2.222s] Level 1:colcon.colcon_core.package_identification:_identify(src/polygon_base) by extension 'ignore'
[2.222s] Level 1:colcon.colcon_core.package_identification:_identify(src/polygon_base) by extension 'ignore_ament_install'
[2.222s] Level 1:colcon.colcon_core.package_identification:_identify(src/polygon_base) by extensions ['colcon_pkg']
[2.222s] Level 1:colcon.colcon_core.package_identification:_identify(src/polygon_base) by extension 'colcon_pkg'
[2.222s] Level 1:colcon.colcon_core.package_identification:_identify(src/polygon_base) by extensions ['colcon_meta']
[2.222s] Level 1:colcon.colcon_core.package_identification:_identify(src/polygon_base) by extension 'colcon_meta'
[2.222s] Level 1:colcon.colcon_core.package_identification:_identify(src/polygon_base) by extensions ['ros']
[2.222s] Level 1:colcon.colcon_core.package_identification:_identify(src/polygon_base) by extension 'ros'
[2.228s] DEBUG:colcon.colcon_core.package_identification:Package 'src/polygon_base' with type 'ros.ament_cmake' and name 'polygon_base'
[2.229s] Level 1:colcon.colcon_core.package_identification:_identify(src/polygon_plugins) by extensions ['ignore', 'ignore_ament_install']
[2.230s] Level 1:colcon.colcon_core.package_identification:_identify(src/polygon_plugins) by extension 'ignore'
[2.230s] Level 1:colcon.colcon_core.package_identification:_identify(src/polygon_plugins) by extension 'ignore_ament_install'
[2.230s] Level 1:colcon.colcon_core.package_identification:_identify(src/polygon_plugins) by extensions ['colcon_pkg']
[2.230s] Level 1:colcon.colcon_core.package_identification:_identify(src/polygon_plugins) by extension 'colcon_pkg'
[2.230s] Level 1:colcon.colcon_core.package_identification:_identify(src/polygon_plugins) by extensions ['colcon_meta']
[2.230s] Level 1:colcon.colcon_core.package_identification:_identify(src/polygon_plugins) by extension 'colcon_meta'
[2.230s] Level 1:colcon.colcon_core.package_identification:_identify(src/polygon_plugins) by extensions ['ros']
[2.230s] Level 1:colcon.colcon_core.package_identification:_identify(src/polygon_plugins) by extension 'ros'
[2.232s] DEBUG:colcon.colcon_core.package_identification:Package 'src/polygon_plugins' with type 'ros.ament_cmake' and name 'polygon_plugins'
[2.232s] Level 1:colcon.colcon_core.package_identification:_identify(src/rrbot_description) by extensions ['ignore', 'ignore_ament_install']
[2.232s] Level 1:colcon.colcon_core.package_identification:_identify(src/rrbot_description) by extension 'ignore'
[2.232s] Level 1:colcon.colcon_core.package_identification:_identify(src/rrbot_description) by extension 'ignore_ament_install'
[2.232s] Level 1:colcon.colcon_core.package_identification:_identify(src/rrbot_description) by extensions ['colcon_pkg']
[2.232s] Level 1:colcon.colcon_core.package_identification:_identify(src/rrbot_description) by extension 'colcon_pkg'
[2.232s] Level 1:colcon.colcon_core.package_identification:_identify(src/rrbot_description) by extensions ['colcon_meta']
[2.232s] Level 1:colcon.colcon_core.package_identification:_identify(src/rrbot_description) by extension 'colcon_meta'
[2.232s] Level 1:colcon.colcon_core.package_identification:_identify(src/rrbot_description) by extensions ['ros']
[2.233s] Level 1:colcon.colcon_core.package_identification:_identify(src/rrbot_description) by extension 'ros'
[2.233s] DEBUG:colcon.colcon_core.package_identification:Package 'src/rrbot_description' with type 'ros.ament_cmake' and name 'rrbot_description'
[2.233s] Level 1:colcon.colcon_core.package_identification:_identify(src/rrbot_description_ros2) by extensions ['ignore', 'ignore_ament_install']
[2.233s] Level 1:colcon.colcon_core.package_identification:_identify(src/rrbot_description_ros2) by extension 'ignore'
[2.234s] Level 1:colcon.colcon_core.package_identification:_identify(src/rrbot_description_ros2) by extension 'ignore_ament_install'
[2.234s] Level 1:colcon.colcon_core.package_identification:_identify(src/rrbot_description_ros2) by extensions ['colcon_pkg']
[2.234s] Level 1:colcon.colcon_core.package_identification:_identify(src/rrbot_description_ros2) by extension 'colcon_pkg'
[2.234s] Level 1:colcon.colcon_core.package_identification:_identify(src/rrbot_description_ros2) by extensions ['colcon_meta']
[2.234s] Level 1:colcon.colcon_core.package_identification:_identify(src/rrbot_description_ros2) by extension 'colcon_meta'
[2.234s] Level 1:colcon.colcon_core.package_identification:_identify(src/rrbot_description_ros2) by extensions ['ros']
[2.235s] Level 1:colcon.colcon_core.package_identification:_identify(src/rrbot_description_ros2) by extension 'ros'
[2.239s] DEBUG:colcon.colcon_core.package_identification:Package 'src/rrbot_description_ros2' with type 'ros.ament_cmake' and name 'rrbot_description_ros2'
[2.240s] Level 1:colcon.colcon_core.package_identification:_identify(src/rrbot_gazebo) by extensions ['ignore', 'ignore_ament_install']
[2.240s] Level 1:colcon.colcon_core.package_identification:_identify(src/rrbot_gazebo) by extension 'ignore'
[2.240s] Level 1:colcon.colcon_core.package_identification:_identify(src/rrbot_gazebo) by extension 'ignore_ament_install'
[2.240s] Level 1:colcon.colcon_core.package_identification:_identify(src/rrbot_gazebo) by extensions ['colcon_pkg']
[2.240s] Level 1:colcon.colcon_core.package_identification:_identify(src/rrbot_gazebo) by extension 'colcon_pkg'
[2.240s] Level 1:colcon.colcon_core.package_identification:_identify(src/rrbot_gazebo) by extensions ['colcon_meta']
[2.241s] Level 1:colcon.colcon_core.package_identification:_identify(src/rrbot_gazebo) by extension 'colcon_meta'
[2.241s] Level 1:colcon.colcon_core.package_identification:_identify(src/rrbot_gazebo) by extensions ['ros']
[2.241s] Level 1:colcon.colcon_core.package_identification:_identify(src/rrbot_gazebo) by extension 'ros'
[2.244s] DEBUG:colcon.colcon_core.package_identification:Package 'src/rrbot_gazebo' with type 'ros.ament_cmake' and name 'rrbot_gazebo'
[2.245s] Level 1:colcon.colcon_core.package_identification:_identify(src/tutorial_interfaces) by extensions ['ignore', 'ignore_ament_install']
[2.246s] Level 1:colcon.colcon_core.package_identification:_identify(src/tutorial_interfaces) by extension 'ignore'
[2.246s] Level 1:colcon.colcon_core.package_identification:_identify(src/tutorial_interfaces) by extension 'ignore_ament_install'
[2.246s] Level 1:colcon.colcon_core.package_identification:_identify(src/tutorial_interfaces) by extensions ['colcon_pkg']
[2.246s] Level 1:colcon.colcon_core.package_identification:_identify(src/tutorial_interfaces) by extension 'colcon_pkg'
[2.247s] Level 1:colcon.colcon_core.package_identification:_identify(src/tutorial_interfaces) by extensions ['colcon_meta']
[2.247s] Level 1:colcon.colcon_core.package_identification:_identify(src/tutorial_interfaces) by extension 'colcon_meta'
[2.247s] Level 1:colcon.colcon_core.package_identification:_identify(src/tutorial_interfaces) by extensions ['ros']
[2.247s] Level 1:colcon.colcon_core.package_identification:_identify(src/tutorial_interfaces) by extension 'ros'
[2.248s] DEBUG:colcon.colcon_core.package_identification:Package 'src/tutorial_interfaces' with type 'ros.ament_cmake' and name 'tutorial_interfaces'
[2.248s] Level 1:colcon.colcon_core.package_identification:_identify(src/vbm_project_env) by extensions ['ignore', 'ignore_ament_install']
[2.248s] Level 1:colcon.colcon_core.package_identification:_identify(src/vbm_project_env) by extension 'ignore'
[2.248s] Level 1:colcon.colcon_core.package_identification:_identify(src/vbm_project_env) by extension 'ignore_ament_install'
[2.249s] Level 1:colcon.colcon_core.package_identification:_identify(src/vbm_project_env) by extensions ['colcon_pkg']
[2.249s] Level 1:colcon.colcon_core.package_identification:_identify(src/vbm_project_env) by extension 'colcon_pkg'
[2.249s] Level 1:colcon.colcon_core.package_identification:_identify(src/vbm_project_env) by extensions ['colcon_meta']
[2.249s] Level 1:colcon.colcon_core.package_identification:_identify(src/vbm_project_env) by extension 'colcon_meta'
[2.249s] Level 1:colcon.colcon_core.package_identification:_identify(src/vbm_project_env) by extensions ['ros']
[2.249s] Level 1:colcon.colcon_core.package_identification:_identify(src/vbm_project_env) by extension 'ros'
[2.250s] DEBUG:colcon.colcon_core.package_identification:Package 'src/vbm_project_env' with type 'ros.ament_cmake' and name 'vbm_project_env'
[2.250s] Level 1:colcon.colcon_core.package_discovery:discover_packages(recursive) using defaults
[2.250s] Level 1:colcon.colcon_core.package_discovery:discover_packages(ignore) discover
[2.250s] Level 1:colcon.colcon_core.package_discovery:discover_packages(ignore) using defaults
[2.250s] Level 1:colcon.colcon_core.package_discovery:discover_packages(path) discover
[2.250s] Level 1:colcon.colcon_core.package_discovery:discover_packages(path) using defaults
[2.415s] INFO:colcon.colcon_core.package_selection:Skipping not selected package 'addvectors_srvcli' in 'src/addvectors_srvcli'
[2.415s] INFO:colcon.colcon_core.package_selection:Skipping not selected package 'cpp_parameters' in 'src/cpp_parameters'
[2.415s] INFO:colcon.colcon_core.package_selection:Skipping not selected package 'more_interfaces' in 'src/more_interfaces'
[2.415s] INFO:colcon.colcon_core.package_selection:Skipping not selected package 'polygon_base' in 'src/polygon_base'
[2.415s] INFO:colcon.colcon_core.package_selection:Skipping not selected package 'rrbot_description' in 'src/rrbot_description'
[2.415s] INFO:colcon.colcon_core.package_selection:Skipping not selected package 'rrbot_description_ros2' in 'src/rrbot_description_ros2'
[2.415s] INFO:colcon.colcon_core.package_selection:Skipping not selected package 'tutorial_interfaces' in 'src/tutorial_interfaces'
[2.415s] INFO:colcon.colcon_core.package_selection:Skipping not selected package 'vbm_project_env' in 'src/vbm_project_env'
[2.416s] INFO:colcon.colcon_core.package_selection:Skipping not selected package 'cpp_pubsub' in 'src/cpp_pubsub'
[2.416s] INFO:colcon.colcon_core.package_selection:Skipping not selected package 'cpp_srvcli' in 'src/cpp_srvcli'
[2.416s] INFO:colcon.colcon_core.package_selection:Skipping not selected package 'polygon_plugins' in 'src/polygon_plugins'
[2.416s] INFO:colcon.colcon_core.package_selection:Skipping not selected package 'rrbot_gazebo' in 'src/rrbot_gazebo'
[2.495s] Level 1:colcon.colcon_core.package_discovery:discover_packages(prefix_path) check parameters
[2.496s] Level 1:colcon.colcon_core.package_discovery:discover_packages(prefix_path) discover
[2.595s] DEBUG:colcon.colcon_installed_package_information.package_discovery:Found 13 installed packages in /home/expert_amateur/vbm_ws/install
[2.645s] DEBUG:colcon.colcon_installed_package_information.package_discovery:Found 3 installed packages in /home/expert_amateur/voidwalking/arduino_ws/microros_ws/install
[2.698s] DEBUG:colcon.colcon_installed_package_information.package_discovery:Found 10 installed packages in /home/expert_amateur/voidwalking/ros2_ws/install
[2.752s] DEBUG:colcon.colcon_installed_package_information.package_discovery:Found 418 installed packages in /opt/ros/humble
[2.759s] Level 1:colcon.colcon_core.package_discovery:discover_packages(prefix_path) using defaults
[3.068s] Level 5:colcon.colcon_core.verb:set package 'opencv_test' build argument 'cmake_args' from command line to 'None'
[3.069s] Level 5:colcon.colcon_core.verb:set package 'opencv_test' build argument 'cmake_target' from command line to 'None'
[3.069s] Level 5:colcon.colcon_core.verb:set package 'opencv_test' build argument 'cmake_target_skip_unavailable' from command line to 'False'
[3.069s] Level 5:colcon.colcon_core.verb:set package 'opencv_test' build argument 'cmake_clean_cache' from command line to 'False'
[3.069s] Level 5:colcon.colcon_core.verb:set package 'opencv_test' build argument 'cmake_clean_first' from command line to 'False'
[3.069s] Level 5:colcon.colcon_core.verb:set package 'opencv_test' build argument 'cmake_force_configure' from command line to 'False'
[3.069s] Level 5:colcon.colcon_core.verb:set package 'opencv_test' build argument 'ament_cmake_args' from command line to 'None'
[3.069s] Level 5:colcon.colcon_core.verb:set package 'opencv_test' build argument 'catkin_cmake_args' from command line to 'None'
[3.069s] Level 5:colcon.colcon_core.verb:set package 'opencv_test' build argument 'catkin_skip_building_tests' from command line to 'False'
[3.069s] DEBUG:colcon.colcon_core.verb:Building package 'opencv_test' with the following arguments: {'ament_cmake_args': None, 'build_base': '/home/expert_amateur/vbm_ws/build/opencv_test', 'catkin_cmake_args': None, 'catkin_skip_building_tests': False, 'cmake_args': None, 'cmake_clean_cache': False, 'cmake_clean_first': False, 'cmake_force_configure': False, 'cmake_target': None, 'cmake_target_skip_unavailable': False, 'install_base': '/home/expert_amateur/vbm_ws/install/opencv_test', 'merge_install': False, 'path': '/home/expert_amateur/vbm_ws/src/opencv_test', 'symlink_install': False, 'test_result_base': None}
[3.117s] INFO:colcon.colcon_core.executor:Executing jobs using 'parallel' executor
[3.164s] DEBUG:colcon.colcon_parallel_executor.executor.parallel:run_until_complete
[3.164s] INFO:colcon.colcon_ros.task.ament_cmake.build:Building ROS package in '/home/expert_amateur/vbm_ws/src/opencv_test' with build type 'ament_cmake'
[3.164s] INFO:colcon.colcon_cmake.task.cmake.build:Building CMake package in '/home/expert_amateur/vbm_ws/src/opencv_test'
[3.221s] INFO:colcon.colcon_core.plugin_system:Skipping extension 'colcon_core.shell.bat': Not used on non-Windows systems
[3.223s] INFO:colcon.colcon_core.shell:Skip shell extension 'powershell' for command environment: Not usable outside of PowerShell
[3.223s] DEBUG:colcon.colcon_core.shell:Skip shell extension 'dsv' for command environment
[3.507s] DEBUG:colcon.colcon_core.event_handler.log_command:Invoking command in '/home/expert_amateur/vbm_ws/build/opencv_test': CMAKE_PREFIX_PATH=${CMAKE_PREFIX_PATH}:/home/expert_amateur/voidwalking/ros2_ws/install/waypoints:/opt/ros/humble /usr/bin/cmake --build /home/expert_amateur/vbm_ws/build/opencv_test -- -j12 -l12
[23.725s] DEBUG:colcon.colcon_core.event_handler.log_command:Invoked command in '/home/expert_amateur/vbm_ws/build/opencv_test' returned '0': CMAKE_PREFIX_PATH=${CMAKE_PREFIX_PATH}:/home/expert_amateur/voidwalking/ros2_ws/install/waypoints:/opt/ros/humble /usr/bin/cmake --build /home/expert_amateur/vbm_ws/build/opencv_test -- -j12 -l12
[23.835s] DEBUG:colcon.colcon_core.event_handler.log_command:Invoking command in '/home/expert_amateur/vbm_ws/build/opencv_test': CMAKE_PREFIX_PATH=${CMAKE_PREFIX_PATH}:/home/expert_amateur/voidwalking/ros2_ws/install/waypoints:/opt/ros/humble /usr/bin/cmake --install /home/expert_amateur/vbm_ws/build/opencv_test
[23.880s] Level 1:colcon.colcon_core.environment:create_environment_scripts_only(opencv_test)
[23.881s] DEBUG:colcon.colcon_core.event_handler.log_command:Invoked command in '/home/expert_amateur/vbm_ws/build/opencv_test' returned '0': CMAKE_PREFIX_PATH=${CMAKE_PREFIX_PATH}:/home/expert_amateur/voidwalking/ros2_ws/install/waypoints:/opt/ros/humble /usr/bin/cmake --install /home/expert_amateur/vbm_ws/build/opencv_test
[23.935s] Level 1:colcon.colcon_core.environment:checking '/home/expert_amateur/vbm_ws/install/opencv_test' for CMake module files
[23.936s] Level 1:colcon.colcon_core.environment:checking '/home/expert_amateur/vbm_ws/install/opencv_test' for CMake config files
[23.936s] Level 1:colcon.colcon_core.shell:create_environment_hook('opencv_test', 'cmake_prefix_path')
[23.978s] INFO:colcon.colcon_core.shell:Creating environment hook '/home/expert_amateur/vbm_ws/install/opencv_test/share/opencv_test/hook/cmake_prefix_path.ps1'
[23.979s] INFO:colcon.colcon_core.shell:Creating environment descriptor '/home/expert_amateur/vbm_ws/install/opencv_test/share/opencv_test/hook/cmake_prefix_path.dsv'
[23.979s] INFO:colcon.colcon_core.shell:Creating environment hook '/home/expert_amateur/vbm_ws/install/opencv_test/share/opencv_test/hook/cmake_prefix_path.sh'
[23.980s] Level 1:colcon.colcon_core.environment:checking '/home/expert_amateur/vbm_ws/install/opencv_test/lib'
[23.980s] Level 1:colcon.colcon_core.environment:checking '/home/expert_amateur/vbm_ws/install/opencv_test/bin'
[23.981s] Level 1:colcon.colcon_core.environment:checking '/home/expert_amateur/vbm_ws/install/opencv_test/lib/pkgconfig/opencv_test.pc'
[23.981s] Level 1:colcon.colcon_core.environment:checking '/home/expert_amateur/vbm_ws/install/opencv_test/lib/python3.10/site-packages'
[23.981s] Level 1:colcon.colcon_core.environment:checking '/home/expert_amateur/vbm_ws/install/opencv_test/bin'
[24.020s] INFO:colcon.colcon_core.shell:Creating package script '/home/expert_amateur/vbm_ws/install/opencv_test/share/opencv_test/package.ps1'
[24.022s] INFO:colcon.colcon_core.shell:Creating package descriptor '/home/expert_amateur/vbm_ws/install/opencv_test/share/opencv_test/package.dsv'
[24.024s] INFO:colcon.colcon_core.shell:Creating package script '/home/expert_amateur/vbm_ws/install/opencv_test/share/opencv_test/package.sh'
[24.027s] INFO:colcon.colcon_core.shell:Creating package script '/home/expert_amateur/vbm_ws/install/opencv_test/share/opencv_test/package.bash'
[24.029s] INFO:colcon.colcon_core.shell:Creating package script '/home/expert_amateur/vbm_ws/install/opencv_test/share/opencv_test/package.zsh'
[24.030s] Level 1:colcon.colcon_core.environment:create_file_with_runtime_dependencies(/home/expert_amateur/vbm_ws/install/opencv_test/share/colcon-core/packages/opencv_test)
[24.132s] Level 1:colcon.colcon_core.environment:create_environment_scripts_only(opencv_test)
[24.173s] Level 1:colcon.colcon_core.environment:checking '/home/expert_amateur/vbm_ws/install/opencv_test' for CMake module files
[24.174s] Level 1:colcon.colcon_core.environment:checking '/home/expert_amateur/vbm_ws/install/opencv_test' for CMake config files
[24.174s] Level 1:colcon.colcon_core.shell:create_environment_hook('opencv_test', 'cmake_prefix_path')
[24.237s] INFO:colcon.colcon_core.shell:Creating environment hook '/home/expert_amateur/vbm_ws/install/opencv_test/share/opencv_test/hook/cmake_prefix_path.ps1'
[24.237s] INFO:colcon.colcon_core.shell:Creating environment descriptor '/home/expert_amateur/vbm_ws/install/opencv_test/share/opencv_test/hook/cmake_prefix_path.dsv'
[24.238s] INFO:colcon.colcon_core.shell:Creating environment hook '/home/expert_amateur/vbm_ws/install/opencv_test/share/opencv_test/hook/cmake_prefix_path.sh'
[24.238s] Level 1:colcon.colcon_core.environment:checking '/home/expert_amateur/vbm_ws/install/opencv_test/lib'
[24.239s] Level 1:colcon.colcon_core.environment:checking '/home/expert_amateur/vbm_ws/install/opencv_test/bin'
[24.239s] Level 1:colcon.colcon_core.environment:checking '/home/expert_amateur/vbm_ws/install/opencv_test/lib/pkgconfig/opencv_test.pc'
[24.239s] Level 1:colcon.colcon_core.environment:checking '/home/expert_amateur/vbm_ws/install/opencv_test/lib/python3.10/site-packages'
[24.239s] Level 1:colcon.colcon_core.environment:checking '/home/expert_amateur/vbm_ws/install/opencv_test/bin'
[24.301s] INFO:colcon.colcon_core.shell:Creating package script '/home/expert_amateur/vbm_ws/install/opencv_test/share/opencv_test/package.ps1'
[24.303s] INFO:colcon.colcon_core.shell:Creating package descriptor '/home/expert_amateur/vbm_ws/install/opencv_test/share/opencv_test/package.dsv'
[24.304s] INFO:colcon.colcon_core.shell:Creating package script '/home/expert_amateur/vbm_ws/install/opencv_test/share/opencv_test/package.sh'
[24.305s] INFO:colcon.colcon_core.shell:Creating package script '/home/expert_amateur/vbm_ws/install/opencv_test/share/opencv_test/package.bash'
[24.309s] INFO:colcon.colcon_core.shell:Creating package script '/home/expert_amateur/vbm_ws/install/opencv_test/share/opencv_test/package.zsh'
[24.311s] Level 1:colcon.colcon_core.environment:create_file_with_runtime_dependencies(/home/expert_amateur/vbm_ws/install/opencv_test/share/colcon-core/packages/opencv_test)
[24.312s] DEBUG:colcon.colcon_parallel_executor.executor.parallel:closing loop
[24.313s] DEBUG:colcon.colcon_parallel_executor.executor.parallel:loop closed
[24.313s] DEBUG:colcon.colcon_parallel_executor.executor.parallel:run_until_complete finished with '0'
[24.313s] DEBUG:colcon.colcon_core.event_reactor:joining thread
[24.379s] INFO:colcon.colcon_core.plugin_system:Skipping extension 'colcon_notification.desktop_notification.terminal_notifier': Not used on non-Darwin systems
[24.380s] INFO:colcon.colcon_core.plugin_system:Skipping extension 'colcon_notification.desktop_notification.win32': Not used on non-Windows systems
[24.380s] INFO:colcon.colcon_notification.desktop_notification:Sending desktop notification using 'notify2'
[24.410s] DEBUG:colcon.colcon_core.event_reactor:joined thread
[24.471s] INFO:colcon.colcon_core.shell:Creating prefix script '/home/expert_amateur/vbm_ws/install/local_setup.ps1'
[24.473s] INFO:colcon.colcon_core.shell:Creating prefix util module '/home/expert_amateur/vbm_ws/install/_local_setup_util_ps1.py'
[24.475s] INFO:colcon.colcon_core.shell:Creating prefix chain script '/home/expert_amateur/vbm_ws/install/setup.ps1'
[24.525s] INFO:colcon.colcon_core.shell:Creating prefix script '/home/expert_amateur/vbm_ws/install/local_setup.sh'
[24.527s] INFO:colcon.colcon_core.shell:Creating prefix util module '/home/expert_amateur/vbm_ws/install/_local_setup_util_sh.py'
[24.529s] INFO:colcon.colcon_core.shell:Creating prefix chain script '/home/expert_amateur/vbm_ws/install/setup.sh'
[24.584s] INFO:colcon.colcon_core.shell:Creating prefix script '/home/expert_amateur/vbm_ws/install/local_setup.bash'
[24.585s] INFO:colcon.colcon_core.shell:Creating prefix chain script '/home/expert_amateur/vbm_ws/install/setup.bash'
[24.639s] INFO:colcon.colcon_core.shell:Creating prefix script '/home/expert_amateur/vbm_ws/install/local_setup.zsh'
[24.641s] INFO:colcon.colcon_core.shell:Creating prefix chain script '/home/expert_amateur/vbm_ws/install/setup.zsh'
