[0.016s] Invoking command in '/home/expert_amateur/vbm_ws/build/cpp_pubsub': AMENT_PREFIX_PATH=/home/expert_amateur/vbm_ws/install/tutorial_interfaces:${AMENT_PREFIX_PATH} CMAKE_PREFIX_PATH=/home/expert_amateur/vbm_ws/install/tutorial_interfaces:/home/expert_amateur/voidwalking/ros2_ws/install/void_tests:/home/expert_amateur/voidwalking/ros2_ws/install/turtlebot_test:/home/expert_amateur/voidwalking/ros2_ws/install/spatio_temporal_voxel_layer:/home/expert_amateur/voidwalking/ros2_ws/install/main:/home/expert_amateur/voidwalking/ros2_ws/install/simulation:/home/expert_amateur/voidwalking/ros2_ws/install/rviz_satellite:/home/expert_amateur/voidwalking/ros2_ws/install/obstacle_avoidance:/home/expert_amateur/voidwalking/ros2_ws/install/nav2_turtlebot3:/home/expert_amateur/voidwalking/ros2_ws/install/mapping:/home/expert_amateur/voidwalking/arduino_ws/microros_ws/install/micro_ros_setup:/home/expert_amateur/voidwalking/ros2_ws/install/waypoints:/opt/ros/humble LD_LIBRARY_PATH=/home/expert_amateur/vbm_ws/install/tutorial_interfaces/lib:${LD_LIBRARY_PATH} PYTHONPATH=/home/expert_amateur/vbm_ws/install/tutorial_interfaces/local/lib/python3.10/dist-packages:${PYTHONPATH} /usr/bin/cmake --build /home/expert_amateur/vbm_ws/build/cpp_pubsub -- -j12 -l12
[0.063s] [ 50%] Built target talker
[0.065s] [100%] Built target listener
[0.075s] Invoked command in '/home/expert_amateur/vbm_ws/build/cpp_pubsub' returned '0': AMENT_PREFIX_PATH=/home/expert_amateur/vbm_ws/install/tutorial_interfaces:${AMENT_PREFIX_PATH} CMAKE_PREFIX_PATH=/home/expert_amateur/vbm_ws/install/tutorial_interfaces:/home/expert_amateur/voidwalking/ros2_ws/install/void_tests:/home/expert_amateur/voidwalking/ros2_ws/install/turtlebot_test:/home/expert_amateur/voidwalking/ros2_ws/install/spatio_temporal_voxel_layer:/home/expert_amateur/voidwalking/ros2_ws/install/main:/home/expert_amateur/voidwalking/ros2_ws/install/simulation:/home/expert_amateur/voidwalking/ros2_ws/install/rviz_satellite:/home/expert_amateur/voidwalking/ros2_ws/install/obstacle_avoidance:/home/expert_amateur/voidwalking/ros2_ws/install/nav2_turtlebot3:/home/expert_amateur/voidwalking/ros2_ws/install/mapping:/home/expert_amateur/voidwalking/arduino_ws/microros_ws/install/micro_ros_setup:/home/expert_amateur/voidwalking/ros2_ws/install/waypoints:/opt/ros/humble LD_LIBRARY_PATH=/home/expert_amateur/vbm_ws/install/tutorial_interfaces/lib:${LD_LIBRARY_PATH} PYTHONPATH=/home/expert_amateur/vbm_ws/install/tutorial_interfaces/local/lib/python3.10/dist-packages:${PYTHONPATH} /usr/bin/cmake --build /home/expert_amateur/vbm_ws/build/cpp_pubsub -- -j12 -l12
[0.097s] Invoking command in '/home/expert_amateur/vbm_ws/build/cpp_pubsub': AMENT_PREFIX_PATH=/home/expert_amateur/vbm_ws/install/tutorial_interfaces:${AMENT_PREFIX_PATH} CMAKE_PREFIX_PATH=/home/expert_amateur/vbm_ws/install/tutorial_interfaces:/home/expert_amateur/voidwalking/ros2_ws/install/void_tests:/home/expert_amateur/voidwalking/ros2_ws/install/turtlebot_test:/home/expert_amateur/voidwalking/ros2_ws/install/spatio_temporal_voxel_layer:/home/expert_amateur/voidwalking/ros2_ws/install/main:/home/expert_amateur/voidwalking/ros2_ws/install/simulation:/home/expert_amateur/voidwalking/ros2_ws/install/rviz_satellite:/home/expert_amateur/voidwalking/ros2_ws/install/obstacle_avoidance:/home/expert_amateur/voidwalking/ros2_ws/install/nav2_turtlebot3:/home/expert_amateur/voidwalking/ros2_ws/install/mapping:/home/expert_amateur/voidwalking/arduino_ws/microros_ws/install/micro_ros_setup:/home/expert_amateur/voidwalking/ros2_ws/install/waypoints:/opt/ros/humble LD_LIBRARY_PATH=/home/expert_amateur/vbm_ws/install/tutorial_interfaces/lib:${LD_LIBRARY_PATH} PYTHONPATH=/home/expert_amateur/vbm_ws/install/tutorial_interfaces/local/lib/python3.10/dist-packages:${PYTHONPATH} /usr/bin/cmake --install /home/expert_amateur/vbm_ws/build/cpp_pubsub
[0.104s] -- Install configuration: ""
[0.104s] -- Up-to-date: /home/expert_amateur/vbm_ws/install/cpp_pubsub/lib/cpp_pubsub/talker
[0.105s] -- Up-to-date: /home/expert_amateur/vbm_ws/install/cpp_pubsub/lib/cpp_pubsub/listener
[0.105s] -- Up-to-date: /home/expert_amateur/vbm_ws/install/cpp_pubsub/share/ament_index/resource_index/package_run_dependencies/cpp_pubsub
[0.105s] -- Up-to-date: /home/expert_amateur/vbm_ws/install/cpp_pubsub/share/ament_index/resource_index/parent_prefix_path/cpp_pubsub
[0.108s] -- Up-to-date: /home/expert_amateur/vbm_ws/install/cpp_pubsub/share/cpp_pubsub/environment/ament_prefix_path.sh
[0.108s] -- Up-to-date: /home/expert_amateur/vbm_ws/install/cpp_pubsub/share/cpp_pubsub/environment/ament_prefix_path.dsv
[0.108s] -- Up-to-date: /home/expert_amateur/vbm_ws/install/cpp_pubsub/share/cpp_pubsub/environment/path.sh
[0.108s] -- Up-to-date: /home/expert_amateur/vbm_ws/install/cpp_pubsub/share/cpp_pubsub/environment/path.dsv
[0.108s] -- Up-to-date: /home/expert_amateur/vbm_ws/install/cpp_pubsub/share/cpp_pubsub/local_setup.bash
[0.108s] -- Up-to-date: /home/expert_amateur/vbm_ws/install/cpp_pubsub/share/cpp_pubsub/local_setup.sh
[0.108s] -- Up-to-date: /home/expert_amateur/vbm_ws/install/cpp_pubsub/share/cpp_pubsub/local_setup.zsh
[0.109s] -- Up-to-date: /home/expert_amateur/vbm_ws/install/cpp_pubsub/share/cpp_pubsub/local_setup.dsv
[0.109s] -- Installing: /home/expert_amateur/vbm_ws/install/cpp_pubsub/share/cpp_pubsub/package.dsv
[0.109s] -- Up-to-date: /home/expert_amateur/vbm_ws/install/cpp_pubsub/share/ament_index/resource_index/packages/cpp_pubsub
[0.109s] -- Up-to-date: /home/expert_amateur/vbm_ws/install/cpp_pubsub/share/cpp_pubsub/cmake/cpp_pubsubConfig.cmake
[0.109s] -- Up-to-date: /home/expert_amateur/vbm_ws/install/cpp_pubsub/share/cpp_pubsub/cmake/cpp_pubsubConfig-version.cmake
[0.109s] -- Up-to-date: /home/expert_amateur/vbm_ws/install/cpp_pubsub/share/cpp_pubsub/package.xml
[0.120s] Invoked command in '/home/expert_amateur/vbm_ws/build/cpp_pubsub' returned '0': AMENT_PREFIX_PATH=/home/expert_amateur/vbm_ws/install/tutorial_interfaces:${AMENT_PREFIX_PATH} CMAKE_PREFIX_PATH=/home/expert_amateur/vbm_ws/install/tutorial_interfaces:/home/expert_amateur/voidwalking/ros2_ws/install/void_tests:/home/expert_amateur/voidwalking/ros2_ws/install/turtlebot_test:/home/expert_amateur/voidwalking/ros2_ws/install/spatio_temporal_voxel_layer:/home/expert_amateur/voidwalking/ros2_ws/install/main:/home/expert_amateur/voidwalking/ros2_ws/install/simulation:/home/expert_amateur/voidwalking/ros2_ws/install/rviz_satellite:/home/expert_amateur/voidwalking/ros2_ws/install/obstacle_avoidance:/home/expert_amateur/voidwalking/ros2_ws/install/nav2_turtlebot3:/home/expert_amateur/voidwalking/ros2_ws/install/mapping:/home/expert_amateur/voidwalking/arduino_ws/microros_ws/install/micro_ros_setup:/home/expert_amateur/voidwalking/ros2_ws/install/waypoints:/opt/ros/humble LD_LIBRARY_PATH=/home/expert_amateur/vbm_ws/install/tutorial_interfaces/lib:${LD_LIBRARY_PATH} PYTHONPATH=/home/expert_amateur/vbm_ws/install/tutorial_interfaces/local/lib/python3.10/dist-packages:${PYTHONPATH} /usr/bin/cmake --install /home/expert_amateur/vbm_ws/build/cpp_pubsub
