[0.013s] Invoking command in '/home/expert_amateur/vbm_ws/build/cpp_srvcli': AMENT_PREFIX_PATH=/home/expert_amateur/vbm_ws/install/tutorial_interfaces:${AMENT_PREFIX_PATH} CMAKE_PREFIX_PATH=/home/expert_amateur/vbm_ws/install/tutorial_interfaces:/home/expert_amateur/voidwalking/ros2_ws/install/void_tests:/home/expert_amateur/voidwalking/ros2_ws/install/turtlebot_test:/home/expert_amateur/voidwalking/ros2_ws/install/spatio_temporal_voxel_layer:/home/expert_amateur/voidwalking/ros2_ws/install/main:/home/expert_amateur/voidwalking/ros2_ws/install/simulation:/home/expert_amateur/voidwalking/ros2_ws/install/rviz_satellite:/home/expert_amateur/voidwalking/ros2_ws/install/obstacle_avoidance:/home/expert_amateur/voidwalking/ros2_ws/install/nav2_turtlebot3:/home/expert_amateur/voidwalking/ros2_ws/install/mapping:/home/expert_amateur/voidwalking/arduino_ws/microros_ws/install/micro_ros_setup:/home/expert_amateur/voidwalking/ros2_ws/install/waypoints:/opt/ros/humble LD_LIBRARY_PATH=/home/expert_amateur/vbm_ws/install/tutorial_interfaces/lib:${LD_LIBRARY_PATH} PYTHONPATH=/home/expert_amateur/vbm_ws/install/tutorial_interfaces/local/lib/python3.10/dist-packages:${PYTHONPATH} /usr/bin/cmake --build /home/expert_amateur/vbm_ws/build/cpp_srvcli -- -j12 -l12
[0.058s] [100%] Built target server
[0.058s] [100%] Built target client
[0.068s] Invoked command in '/home/expert_amateur/vbm_ws/build/cpp_srvcli' returned '0': AMENT_PREFIX_PATH=/home/expert_amateur/vbm_ws/install/tutorial_interfaces:${AMENT_PREFIX_PATH} CMAKE_PREFIX_PATH=/home/expert_amateur/vbm_ws/install/tutorial_interfaces:/home/expert_amateur/voidwalking/ros2_ws/install/void_tests:/home/expert_amateur/voidwalking/ros2_ws/install/turtlebot_test:/home/expert_amateur/voidwalking/ros2_ws/install/spatio_temporal_voxel_layer:/home/expert_amateur/voidwalking/ros2_ws/install/main:/home/expert_amateur/voidwalking/ros2_ws/install/simulation:/home/expert_amateur/voidwalking/ros2_ws/install/rviz_satellite:/home/expert_amateur/voidwalking/ros2_ws/install/obstacle_avoidance:/home/expert_amateur/voidwalking/ros2_ws/install/nav2_turtlebot3:/home/expert_amateur/voidwalking/ros2_ws/install/mapping:/home/expert_amateur/voidwalking/arduino_ws/microros_ws/install/micro_ros_setup:/home/expert_amateur/voidwalking/ros2_ws/install/waypoints:/opt/ros/humble LD_LIBRARY_PATH=/home/expert_amateur/vbm_ws/install/tutorial_interfaces/lib:${LD_LIBRARY_PATH} PYTHONPATH=/home/expert_amateur/vbm_ws/install/tutorial_interfaces/local/lib/python3.10/dist-packages:${PYTHONPATH} /usr/bin/cmake --build /home/expert_amateur/vbm_ws/build/cpp_srvcli -- -j12 -l12
[0.090s] Invoking command in '/home/expert_amateur/vbm_ws/build/cpp_srvcli': AMENT_PREFIX_PATH=/home/expert_amateur/vbm_ws/install/tutorial_interfaces:${AMENT_PREFIX_PATH} CMAKE_PREFIX_PATH=/home/expert_amateur/vbm_ws/install/tutorial_interfaces:/home/expert_amateur/voidwalking/ros2_ws/install/void_tests:/home/expert_amateur/voidwalking/ros2_ws/install/turtlebot_test:/home/expert_amateur/voidwalking/ros2_ws/install/spatio_temporal_voxel_layer:/home/expert_amateur/voidwalking/ros2_ws/install/main:/home/expert_amateur/voidwalking/ros2_ws/install/simulation:/home/expert_amateur/voidwalking/ros2_ws/install/rviz_satellite:/home/expert_amateur/voidwalking/ros2_ws/install/obstacle_avoidance:/home/expert_amateur/voidwalking/ros2_ws/install/nav2_turtlebot3:/home/expert_amateur/voidwalking/ros2_ws/install/mapping:/home/expert_amateur/voidwalking/arduino_ws/microros_ws/install/micro_ros_setup:/home/expert_amateur/voidwalking/ros2_ws/install/waypoints:/opt/ros/humble LD_LIBRARY_PATH=/home/expert_amateur/vbm_ws/install/tutorial_interfaces/lib:${LD_LIBRARY_PATH} PYTHONPATH=/home/expert_amateur/vbm_ws/install/tutorial_interfaces/local/lib/python3.10/dist-packages:${PYTHONPATH} /usr/bin/cmake --install /home/expert_amateur/vbm_ws/build/cpp_srvcli
[0.097s] -- Install configuration: ""
[0.097s] -- Up-to-date: /home/expert_amateur/vbm_ws/install/cpp_srvcli/lib/cpp_srvcli/server
[0.098s] -- Up-to-date: /home/expert_amateur/vbm_ws/install/cpp_srvcli/lib/cpp_srvcli/client
[0.098s] -- Up-to-date: /home/expert_amateur/vbm_ws/install/cpp_srvcli/share/ament_index/resource_index/package_run_dependencies/cpp_srvcli
[0.098s] -- Up-to-date: /home/expert_amateur/vbm_ws/install/cpp_srvcli/share/ament_index/resource_index/parent_prefix_path/cpp_srvcli
[0.098s] -- Up-to-date: /home/expert_amateur/vbm_ws/install/cpp_srvcli/share/cpp_srvcli/environment/ament_prefix_path.sh
[0.098s] -- Up-to-date: /home/expert_amateur/vbm_ws/install/cpp_srvcli/share/cpp_srvcli/environment/ament_prefix_path.dsv
[0.098s] -- Up-to-date: /home/expert_amateur/vbm_ws/install/cpp_srvcli/share/cpp_srvcli/environment/path.sh
[0.098s] -- Up-to-date: /home/expert_amateur/vbm_ws/install/cpp_srvcli/share/cpp_srvcli/environment/path.dsv
[0.098s] -- Up-to-date: /home/expert_amateur/vbm_ws/install/cpp_srvcli/share/cpp_srvcli/local_setup.bash
[0.098s] -- Up-to-date: /home/expert_amateur/vbm_ws/install/cpp_srvcli/share/cpp_srvcli/local_setup.sh
[0.098s] -- Up-to-date: /home/expert_amateur/vbm_ws/install/cpp_srvcli/share/cpp_srvcli/local_setup.zsh
[0.099s] -- Up-to-date: /home/expert_amateur/vbm_ws/install/cpp_srvcli/share/cpp_srvcli/local_setup.dsv
[0.099s] -- Installing: /home/expert_amateur/vbm_ws/install/cpp_srvcli/share/cpp_srvcli/package.dsv
[0.099s] -- Up-to-date: /home/expert_amateur/vbm_ws/install/cpp_srvcli/share/ament_index/resource_index/packages/cpp_srvcli
[0.099s] -- Up-to-date: /home/expert_amateur/vbm_ws/install/cpp_srvcli/share/cpp_srvcli/cmake/cpp_srvcliConfig.cmake
[0.099s] -- Up-to-date: /home/expert_amateur/vbm_ws/install/cpp_srvcli/share/cpp_srvcli/cmake/cpp_srvcliConfig-version.cmake
[0.099s] -- Up-to-date: /home/expert_amateur/vbm_ws/install/cpp_srvcli/share/cpp_srvcli/package.xml
[0.104s] Invoked command in '/home/expert_amateur/vbm_ws/build/cpp_srvcli' returned '0': AMENT_PREFIX_PATH=/home/expert_amateur/vbm_ws/install/tutorial_interfaces:${AMENT_PREFIX_PATH} CMAKE_PREFIX_PATH=/home/expert_amateur/vbm_ws/install/tutorial_interfaces:/home/expert_amateur/voidwalking/ros2_ws/install/void_tests:/home/expert_amateur/voidwalking/ros2_ws/install/turtlebot_test:/home/expert_amateur/voidwalking/ros2_ws/install/spatio_temporal_voxel_layer:/home/expert_amateur/voidwalking/ros2_ws/install/main:/home/expert_amateur/voidwalking/ros2_ws/install/simulation:/home/expert_amateur/voidwalking/ros2_ws/install/rviz_satellite:/home/expert_amateur/voidwalking/ros2_ws/install/obstacle_avoidance:/home/expert_amateur/voidwalking/ros2_ws/install/nav2_turtlebot3:/home/expert_amateur/voidwalking/ros2_ws/install/mapping:/home/expert_amateur/voidwalking/arduino_ws/microros_ws/install/micro_ros_setup:/home/expert_amateur/voidwalking/ros2_ws/install/waypoints:/opt/ros/humble LD_LIBRARY_PATH=/home/expert_amateur/vbm_ws/install/tutorial_interfaces/lib:${LD_LIBRARY_PATH} PYTHONPATH=/home/expert_amateur/vbm_ws/install/tutorial_interfaces/local/lib/python3.10/dist-packages:${PYTHONPATH} /usr/bin/cmake --install /home/expert_amateur/vbm_ws/build/cpp_srvcli
