[0.022s] Invoking command in '/home/expert_amateur/vbm_ws/build/cpp_pubsub': CMAKE_PREFIX_PATH=${CMAKE_PREFIX_PATH}:/home/expert_amateur/voidwalking/ros2_ws/install/waypoints:/opt/ros/humble /usr/bin/cmake --build /home/expert_amateur/vbm_ws/build/cpp_pubsub -- -j12 -l12
[0.054s] [35m[1mConsolidate compiler generated dependencies of target listener[0m
[0.054s] [35m[1mConsolidate compiler generated dependencies of target talker[0m
[0.068s] [100%] Built target talker
[0.068s] [100%] Built target listener
[0.077s] Invoked command in '/home/expert_amateur/vbm_ws/build/cpp_pubsub' returned '0': CMAKE_PREFIX_PATH=${CMAKE_PREFIX_PATH}:/home/expert_amateur/voidwalking/ros2_ws/install/waypoints:/opt/ros/humble /usr/bin/cmake --build /home/expert_amateur/vbm_ws/build/cpp_pubsub -- -j12 -l12
[0.107s] Invoking command in '/home/expert_amateur/vbm_ws/build/cpp_pubsub': CMAKE_PREFIX_PATH=${CMAKE_PREFIX_PATH}:/home/expert_amateur/voidwalking/ros2_ws/install/waypoints:/opt/ros/humble /usr/bin/cmake --install /home/expert_amateur/vbm_ws/build/cpp_pubsub
[0.113s] -- Install configuration: ""
[0.113s] -- Up-to-date: /home/expert_amateur/vbm_ws/install/cpp_pubsub/lib/cpp_pubsub/talker
[0.113s] -- Up-to-date: /home/expert_amateur/vbm_ws/install/cpp_pubsub/lib/cpp_pubsub/listener
[0.114s] -- Up-to-date: /home/expert_amateur/vbm_ws/install/cpp_pubsub/share/ament_index/resource_index/package_run_dependencies/cpp_pubsub
[0.114s] -- Up-to-date: /home/expert_amateur/vbm_ws/install/cpp_pubsub/share/ament_index/resource_index/parent_prefix_path/cpp_pubsub
[0.114s] -- Up-to-date: /home/expert_amateur/vbm_ws/install/cpp_pubsub/share/cpp_pubsub/environment/ament_prefix_path.sh
[0.114s] -- Up-to-date: /home/expert_amateur/vbm_ws/install/cpp_pubsub/share/cpp_pubsub/environment/ament_prefix_path.dsv
[0.114s] -- Up-to-date: /home/expert_amateur/vbm_ws/install/cpp_pubsub/share/cpp_pubsub/environment/path.sh
[0.114s] -- Up-to-date: /home/expert_amateur/vbm_ws/install/cpp_pubsub/share/cpp_pubsub/environment/path.dsv
[0.114s] -- Up-to-date: /home/expert_amateur/vbm_ws/install/cpp_pubsub/share/cpp_pubsub/local_setup.bash
[0.114s] -- Up-to-date: /home/expert_amateur/vbm_ws/install/cpp_pubsub/share/cpp_pubsub/local_setup.sh
[0.114s] -- Up-to-date: /home/expert_amateur/vbm_ws/install/cpp_pubsub/share/cpp_pubsub/local_setup.zsh
[0.114s] -- Up-to-date: /home/expert_amateur/vbm_ws/install/cpp_pubsub/share/cpp_pubsub/local_setup.dsv
[0.114s] -- Installing: /home/expert_amateur/vbm_ws/install/cpp_pubsub/share/cpp_pubsub/package.dsv
[0.114s] -- Up-to-date: /home/expert_amateur/vbm_ws/install/cpp_pubsub/share/ament_index/resource_index/packages/cpp_pubsub
[0.114s] -- Up-to-date: /home/expert_amateur/vbm_ws/install/cpp_pubsub/share/cpp_pubsub/cmake/cpp_pubsubConfig.cmake
[0.114s] -- Up-to-date: /home/expert_amateur/vbm_ws/install/cpp_pubsub/share/cpp_pubsub/cmake/cpp_pubsubConfig-version.cmake
[0.115s] -- Up-to-date: /home/expert_amateur/vbm_ws/install/cpp_pubsub/share/cpp_pubsub/package.xml
[0.116s] Invoked command in '/home/expert_amateur/vbm_ws/build/cpp_pubsub' returned '0': CMAKE_PREFIX_PATH=${CMAKE_PREFIX_PATH}:/home/expert_amateur/voidwalking/ros2_ws/install/waypoints:/opt/ros/humble /usr/bin/cmake --install /home/expert_amateur/vbm_ws/build/cpp_pubsub
