[0.021s] Invoking command in '/home/expert_amateur/vbm_ws/build/polygon_plugins': AMENT_PREFIX_PATH=/home/expert_amateur/vbm_ws/install/polygon_base:${AMENT_PREFIX_PATH} CMAKE_PREFIX_PATH=/home/expert_amateur/vbm_ws/install/polygon_base:/home/expert_amateur/voidwalking/ros2_ws/install/void_tests:/home/expert_amateur/voidwalking/ros2_ws/install/turtlebot_test:/home/expert_amateur/voidwalking/ros2_ws/install/spatio_temporal_voxel_layer:/home/expert_amateur/voidwalking/ros2_ws/install/main:/home/expert_amateur/voidwalking/ros2_ws/install/simulation:/home/expert_amateur/voidwalking/ros2_ws/install/rviz_satellite:/home/expert_amateur/voidwalking/ros2_ws/install/obstacle_avoidance:/home/expert_amateur/voidwalking/ros2_ws/install/nav2_turtlebot3:/home/expert_amateur/voidwalking/ros2_ws/install/mapping:/home/expert_amateur/voidwalking/arduino_ws/microros_ws/install/micro_ros_setup:/home/expert_amateur/voidwalking/ros2_ws/install/waypoints:/opt/ros/humble /usr/bin/cmake --build /home/expert_amateur/vbm_ws/build/polygon_plugins -- -j12 -l12
[0.070s] [100%] Built target polygon_plugins
[0.080s] Invoked command in '/home/expert_amateur/vbm_ws/build/polygon_plugins' returned '0': AMENT_PREFIX_PATH=/home/expert_amateur/vbm_ws/install/polygon_base:${AMENT_PREFIX_PATH} CMAKE_PREFIX_PATH=/home/expert_amateur/vbm_ws/install/polygon_base:/home/expert_amateur/voidwalking/ros2_ws/install/void_tests:/home/expert_amateur/voidwalking/ros2_ws/install/turtlebot_test:/home/expert_amateur/voidwalking/ros2_ws/install/spatio_temporal_voxel_layer:/home/expert_amateur/voidwalking/ros2_ws/install/main:/home/expert_amateur/voidwalking/ros2_ws/install/simulation:/home/expert_amateur/voidwalking/ros2_ws/install/rviz_satellite:/home/expert_amateur/voidwalking/ros2_ws/install/obstacle_avoidance:/home/expert_amateur/voidwalking/ros2_ws/install/nav2_turtlebot3:/home/expert_amateur/voidwalking/ros2_ws/install/mapping:/home/expert_amateur/voidwalking/arduino_ws/microros_ws/install/micro_ros_setup:/home/expert_amateur/voidwalking/ros2_ws/install/waypoints:/opt/ros/humble /usr/bin/cmake --build /home/expert_amateur/vbm_ws/build/polygon_plugins -- -j12 -l12
[0.104s] Invoking command in '/home/expert_amateur/vbm_ws/build/polygon_plugins': AMENT_PREFIX_PATH=/home/expert_amateur/vbm_ws/install/polygon_base:${AMENT_PREFIX_PATH} CMAKE_PREFIX_PATH=/home/expert_amateur/vbm_ws/install/polygon_base:/home/expert_amateur/voidwalking/ros2_ws/install/void_tests:/home/expert_amateur/voidwalking/ros2_ws/install/turtlebot_test:/home/expert_amateur/voidwalking/ros2_ws/install/spatio_temporal_voxel_layer:/home/expert_amateur/voidwalking/ros2_ws/install/main:/home/expert_amateur/voidwalking/ros2_ws/install/simulation:/home/expert_amateur/voidwalking/ros2_ws/install/rviz_satellite:/home/expert_amateur/voidwalking/ros2_ws/install/obstacle_avoidance:/home/expert_amateur/voidwalking/ros2_ws/install/nav2_turtlebot3:/home/expert_amateur/voidwalking/ros2_ws/install/mapping:/home/expert_amateur/voidwalking/arduino_ws/microros_ws/install/micro_ros_setup:/home/expert_amateur/voidwalking/ros2_ws/install/waypoints:/opt/ros/humble /usr/bin/cmake --install /home/expert_amateur/vbm_ws/build/polygon_plugins
[0.111s] -- Install configuration: ""
[0.112s] -- Up-to-date: /home/expert_amateur/vbm_ws/install/polygon_plugins/share/polygon_plugins/plugins.xml
[0.112s] -- Up-to-date: /home/expert_amateur/vbm_ws/install/polygon_plugins/include
[0.112s] -- Up-to-date: /home/expert_amateur/vbm_ws/install/polygon_plugins/include/polygon_plugins
[0.112s] -- Up-to-date: /home/expert_amateur/vbm_ws/install/polygon_plugins/include/polygon_plugins/polygon_plugins.hpp
[0.112s] -- Up-to-date: /home/expert_amateur/vbm_ws/install/polygon_plugins/include/polygon_plugins/visibility_control.h
[0.113s] -- Up-to-date: /home/expert_amateur/vbm_ws/install/polygon_plugins/lib/libpolygon_plugins.so
[0.113s] -- Up-to-date: /home/expert_amateur/vbm_ws/install/polygon_plugins/share/polygon_plugins/environment/library_path.sh
[0.113s] -- Up-to-date: /home/expert_amateur/vbm_ws/install/polygon_plugins/share/polygon_plugins/environment/library_path.dsv
[0.113s] -- Up-to-date: /home/expert_amateur/vbm_ws/install/polygon_plugins/share/ament_index/resource_index/package_run_dependencies/polygon_plugins
[0.114s] -- Up-to-date: /home/expert_amateur/vbm_ws/install/polygon_plugins/share/ament_index/resource_index/parent_prefix_path/polygon_plugins
[0.114s] -- Up-to-date: /home/expert_amateur/vbm_ws/install/polygon_plugins/share/polygon_plugins/environment/ament_prefix_path.sh
[0.114s] -- Up-to-date: /home/expert_amateur/vbm_ws/install/polygon_plugins/share/polygon_plugins/environment/ament_prefix_path.dsv
[0.114s] -- Up-to-date: /home/expert_amateur/vbm_ws/install/polygon_plugins/share/polygon_plugins/environment/path.sh
[0.114s] -- Up-to-date: /home/expert_amateur/vbm_ws/install/polygon_plugins/share/polygon_plugins/environment/path.dsv
[0.114s] -- Up-to-date: /home/expert_amateur/vbm_ws/install/polygon_plugins/share/polygon_plugins/local_setup.bash
[0.114s] -- Up-to-date: /home/expert_amateur/vbm_ws/install/polygon_plugins/share/polygon_plugins/local_setup.sh
[0.114s] -- Up-to-date: /home/expert_amateur/vbm_ws/install/polygon_plugins/share/polygon_plugins/local_setup.zsh
[0.114s] -- Up-to-date: /home/expert_amateur/vbm_ws/install/polygon_plugins/share/polygon_plugins/local_setup.dsv
[0.114s] -- Installing: /home/expert_amateur/vbm_ws/install/polygon_plugins/share/polygon_plugins/package.dsv
[0.114s] -- Up-to-date: /home/expert_amateur/vbm_ws/install/polygon_plugins/share/ament_index/resource_index/packages/polygon_plugins
[0.115s] -- Up-to-date: /home/expert_amateur/vbm_ws/install/polygon_plugins/share/ament_index/resource_index/polygon_base__pluginlib__plugin/polygon_plugins
[0.115s] -- Up-to-date: /home/expert_amateur/vbm_ws/install/polygon_plugins/share/polygon_plugins/cmake/export_polygon_pluginsExport.cmake
[0.115s] -- Up-to-date: /home/expert_amateur/vbm_ws/install/polygon_plugins/share/polygon_plugins/cmake/export_polygon_pluginsExport-noconfig.cmake
[0.115s] -- Up-to-date: /home/expert_amateur/vbm_ws/install/polygon_plugins/share/polygon_plugins/cmake/ament_cmake_export_include_directories-extras.cmake
[0.115s] -- Up-to-date: /home/expert_amateur/vbm_ws/install/polygon_plugins/share/polygon_plugins/cmake/ament_cmake_export_libraries-extras.cmake
[0.115s] -- Up-to-date: /home/expert_amateur/vbm_ws/install/polygon_plugins/share/polygon_plugins/cmake/ament_cmake_export_targets-extras.cmake
[0.116s] -- Up-to-date: /home/expert_amateur/vbm_ws/install/polygon_plugins/share/polygon_plugins/cmake/polygon_pluginsConfig.cmake
[0.116s] -- Up-to-date: /home/expert_amateur/vbm_ws/install/polygon_plugins/share/polygon_plugins/cmake/polygon_pluginsConfig-version.cmake
[0.116s] -- Up-to-date: /home/expert_amateur/vbm_ws/install/polygon_plugins/share/polygon_plugins/package.xml
[0.119s] Invoked command in '/home/expert_amateur/vbm_ws/build/polygon_plugins' returned '0': AMENT_PREFIX_PATH=/home/expert_amateur/vbm_ws/install/polygon_base:${AMENT_PREFIX_PATH} CMAKE_PREFIX_PATH=/home/expert_amateur/vbm_ws/install/polygon_base:/home/expert_amateur/voidwalking/ros2_ws/install/void_tests:/home/expert_amateur/voidwalking/ros2_ws/install/turtlebot_test:/home/expert_amateur/voidwalking/ros2_ws/install/spatio_temporal_voxel_layer:/home/expert_amateur/voidwalking/ros2_ws/install/main:/home/expert_amateur/voidwalking/ros2_ws/install/simulation:/home/expert_amateur/voidwalking/ros2_ws/install/rviz_satellite:/home/expert_amateur/voidwalking/ros2_ws/install/obstacle_avoidance:/home/expert_amateur/voidwalking/ros2_ws/install/nav2_turtlebot3:/home/expert_amateur/voidwalking/ros2_ws/install/mapping:/home/expert_amateur/voidwalking/arduino_ws/microros_ws/install/micro_ros_setup:/home/expert_amateur/voidwalking/ros2_ws/install/waypoints:/opt/ros/humble /usr/bin/cmake --install /home/expert_amateur/vbm_ws/build/polygon_plugins
