[0.026s] Invoking command in '/home/expert_amateur/vbm_ws/build/cpp_parameters': CMAKE_PREFIX_PATH=${CMAKE_PREFIX_PATH}:/home/expert_amateur/voidwalking/ros2_ws/install/waypoints:/opt/ros/humble /usr/bin/cmake --build /home/expert_amateur/vbm_ws/build/cpp_parameters -- -j12 -l12
[0.083s] [100%] Built target minimal_param_node
[0.114s] Invoked command in '/home/expert_amateur/vbm_ws/build/cpp_parameters' returned '0': CMAKE_PREFIX_PATH=${CMAKE_PREFIX_PATH}:/home/expert_amateur/voidwalking/ros2_ws/install/waypoints:/opt/ros/humble /usr/bin/cmake --build /home/expert_amateur/vbm_ws/build/cpp_parameters -- -j12 -l12
[0.146s] Invoking command in '/home/expert_amateur/vbm_ws/build/cpp_parameters': CMAKE_PREFIX_PATH=${CMAKE_PREFIX_PATH}:/home/expert_amateur/voidwalking/ros2_ws/install/waypoints:/opt/ros/humble /usr/bin/cmake --install /home/expert_amateur/vbm_ws/build/cpp_parameters
[0.154s] -- Install configuration: ""
[0.156s] -- Up-to-date: /home/expert_amateur/vbm_ws/install/cpp_parameters/lib/cpp_parameters/minimal_param_node
[0.156s] -- Up-to-date: /home/expert_amateur/vbm_ws/install/cpp_parameters/share/cpp_parameters/launch
[0.157s] -- Up-to-date: /home/expert_amateur/vbm_ws/install/cpp_parameters/share/cpp_parameters/launch/cpp_parameters_launch.py
[0.157s] -- Up-to-date: /home/expert_amateur/vbm_ws/install/cpp_parameters/share/ament_index/resource_index/package_run_dependencies/cpp_parameters
[0.158s] -- Up-to-date: /home/expert_amateur/vbm_ws/install/cpp_parameters/share/ament_index/resource_index/parent_prefix_path/cpp_parameters
[0.158s] -- Up-to-date: /home/expert_amateur/vbm_ws/install/cpp_parameters/share/cpp_parameters/environment/ament_prefix_path.sh
[0.159s] -- Up-to-date: /home/expert_amateur/vbm_ws/install/cpp_parameters/share/cpp_parameters/environment/ament_prefix_path.dsv
[0.160s] -- Up-to-date: /home/expert_amateur/vbm_ws/install/cpp_parameters/share/cpp_parameters/environment/path.sh
[0.160s] -- Up-to-date: /home/expert_amateur/vbm_ws/install/cpp_parameters/share/cpp_parameters/environment/path.dsv
[0.160s] -- Up-to-date: /home/expert_amateur/vbm_ws/install/cpp_parameters/share/cpp_parameters/local_setup.bash
[0.161s] -- Up-to-date: /home/expert_amateur/vbm_ws/install/cpp_parameters/share/cpp_parameters/local_setup.sh
[0.161s] -- Up-to-date: /home/expert_amateur/vbm_ws/install/cpp_parameters/share/cpp_parameters/local_setup.zsh
[0.162s] -- Up-to-date: /home/expert_amateur/vbm_ws/install/cpp_parameters/share/cpp_parameters/local_setup.dsv
[0.163s] -- Installing: /home/expert_amateur/vbm_ws/install/cpp_parameters/share/cpp_parameters/package.dsv
[0.163s] -- Up-to-date: /home/expert_amateur/vbm_ws/install/cpp_parameters/share/ament_index/resource_index/packages/cpp_parameters
[0.163s] -- Up-to-date: /home/expert_amateur/vbm_ws/install/cpp_parameters/share/cpp_parameters/cmake/cpp_parametersConfig.cmake
[0.164s] -- Up-to-date: /home/expert_amateur/vbm_ws/install/cpp_parameters/share/cpp_parameters/cmake/cpp_parametersConfig-version.cmake
[0.166s] -- Up-to-date: /home/expert_amateur/vbm_ws/install/cpp_parameters/share/cpp_parameters/package.xml
[0.185s] Invoked command in '/home/expert_amateur/vbm_ws/build/cpp_parameters' returned '0': CMAKE_PREFIX_PATH=${CMAKE_PREFIX_PATH}:/home/expert_amateur/voidwalking/ros2_ws/install/waypoints:/opt/ros/humble /usr/bin/cmake --install /home/expert_amateur/vbm_ws/build/cpp_parameters
