[0.356s] DEBUG:colcon:Command line arguments: ['/usr/bin/colcon', 'build']
[0.356s] DEBUG:colcon:Parsed command line arguments: Namespace(log_base=None, log_level=None, verb_name='build', build_base='build', install_base='install', merge_install=False, symlink_install=False, test_result_base=None, continue_on_error=False, executor='parallel', parallel_workers=12, event_handlers=None, ignore_user_meta=False, metas=['./colcon.meta'], base_paths=['.'], packages_ignore=None, packages_ignore_regex=None, paths=None, packages_up_to=None, packages_up_to_regex=None, packages_above=None, packages_above_and_dependencies=None, packages_above_depth=None, packages_select_by_dep=None, packages_skip_by_dep=None, packages_skip_up_to=None, packages_select_build_failed=False, packages_skip_build_finished=False, packages_select_test_failures=False, packages_skip_test_passed=False, packages_select=None, packages_skip=None, packages_select_regex=None, packages_skip_regex=None, packages_start=None, packages_end=None, allow_overriding=[], cmake_args=None, cmake_target=None, cmake_target_skip_unavailable=False, cmake_clean_cache=False, cmake_clean_first=False, cmake_force_configure=False, ament_cmake_args=None, catkin_cmake_args=None, catkin_skip_building_tests=False, verb_parser=<colcon_defaults.argument_parser.defaults.DefaultArgumentsDecorator object at 0x7f90620da8f0>, verb_extension=<colcon_core.verb.build.BuildVerb object at 0x7f90620da380>, main=<bound method BuildVerb.main of <colcon_core.verb.build.BuildVerb object at 0x7f90620da380>>)
[0.377s] Level 1:colcon.colcon_core.package_discovery:discover_packages(colcon_meta) check parameters
[0.377s] Level 1:colcon.colcon_core.package_discovery:discover_packages(recursive) check parameters
[0.377s] Level 1:colcon.colcon_core.package_discovery:discover_packages(ignore) check parameters
[0.378s] Level 1:colcon.colcon_core.package_discovery:discover_packages(path) check parameters
[0.378s] Level 1:colcon.colcon_core.package_discovery:discover_packages(colcon_meta) discover
[0.378s] Level 1:colcon.colcon_core.package_discovery:discover_packages(recursive) discover
[0.378s] INFO:colcon.colcon_core.package_discovery:Crawling recursively for packages in '/home/expert_amateur/vbm_ws'
[0.378s] Level 1:colcon.colcon_core.package_identification:_identify(.) by extensions ['ignore', 'ignore_ament_install']
[0.378s] Level 1:colcon.colcon_core.package_identification:_identify(.) by extension 'ignore'
[0.378s] Level 1:colcon.colcon_core.package_identification:_identify(.) by extension 'ignore_ament_install'
[0.378s] Level 1:colcon.colcon_core.package_identification:_identify(.) by extensions ['colcon_pkg']
[0.378s] Level 1:colcon.colcon_core.package_identification:_identify(.) by extension 'colcon_pkg'
[0.378s] Level 1:colcon.colcon_core.package_identification:_identify(.) by extensions ['colcon_meta']
[0.378s] Level 1:colcon.colcon_core.package_identification:_identify(.) by extension 'colcon_meta'
[0.378s] Level 1:colcon.colcon_core.package_identification:_identify(.) by extensions ['ros']
[0.378s] Level 1:colcon.colcon_core.package_identification:_identify(.) by extension 'ros'
[0.397s] Level 1:colcon.colcon_core.package_identification:_identify(.) by extensions ['cmake', 'python']
[0.397s] Level 1:colcon.colcon_core.package_identification:_identify(.) by extension 'cmake'
[0.397s] Level 1:colcon.colcon_core.package_identification:_identify(.) by extension 'python'
[0.397s] Level 1:colcon.colcon_core.package_identification:_identify(.) by extensions ['python_setup_py']
[0.397s] Level 1:colcon.colcon_core.package_identification:_identify(.) by extension 'python_setup_py'
[0.397s] Level 1:colcon.colcon_core.package_identification:_identify(build) by extensions ['ignore', 'ignore_ament_install']
[0.398s] Level 1:colcon.colcon_core.package_identification:_identify(build) by extension 'ignore'
[0.398s] Level 1:colcon.colcon_core.package_identification:_identify(build) ignored
[0.398s] Level 1:colcon.colcon_core.package_identification:_identify(install) by extensions ['ignore', 'ignore_ament_install']
[0.398s] Level 1:colcon.colcon_core.package_identification:_identify(install) by extension 'ignore'
[0.398s] Level 1:colcon.colcon_core.package_identification:_identify(install) ignored
[0.398s] Level 1:colcon.colcon_core.package_identification:_identify(log) by extensions ['ignore', 'ignore_ament_install']
[0.398s] Level 1:colcon.colcon_core.package_identification:_identify(log) by extension 'ignore'
[0.398s] Level 1:colcon.colcon_core.package_identification:_identify(log) ignored
[0.398s] Level 1:colcon.colcon_core.package_identification:_identify(src) by extensions ['ignore', 'ignore_ament_install']
[0.398s] Level 1:colcon.colcon_core.package_identification:_identify(src) by extension 'ignore'
[0.398s] Level 1:colcon.colcon_core.package_identification:_identify(src) by extension 'ignore_ament_install'
[0.398s] Level 1:colcon.colcon_core.package_identification:_identify(src) by extensions ['colcon_pkg']
[0.398s] Level 1:colcon.colcon_core.package_identification:_identify(src) by extension 'colcon_pkg'
[0.398s] Level 1:colcon.colcon_core.package_identification:_identify(src) by extensions ['colcon_meta']
[0.398s] Level 1:colcon.colcon_core.package_identification:_identify(src) by extension 'colcon_meta'
[0.398s] Level 1:colcon.colcon_core.package_identification:_identify(src) by extensions ['ros']
[0.398s] Level 1:colcon.colcon_core.package_identification:_identify(src) by extension 'ros'
[0.399s] Level 1:colcon.colcon_core.package_identification:_identify(src) by extensions ['cmake', 'python']
[0.399s] Level 1:colcon.colcon_core.package_identification:_identify(src) by extension 'cmake'
[0.399s] Level 1:colcon.colcon_core.package_identification:_identify(src) by extension 'python'
[0.399s] Level 1:colcon.colcon_core.package_identification:_identify(src) by extensions ['python_setup_py']
[0.399s] Level 1:colcon.colcon_core.package_identification:_identify(src) by extension 'python_setup_py'
[0.399s] Level 1:colcon.colcon_core.package_identification:_identify(src/build) by extensions ['ignore', 'ignore_ament_install']
[0.399s] Level 1:colcon.colcon_core.package_identification:_identify(src/build) by extension 'ignore'
[0.399s] Level 1:colcon.colcon_core.package_identification:_identify(src/build) ignored
[0.399s] Level 1:colcon.colcon_core.package_identification:_identify(src/cpp_parameters) by extensions ['ignore', 'ignore_ament_install']
[0.399s] Level 1:colcon.colcon_core.package_identification:_identify(src/cpp_parameters) by extension 'ignore'
[0.399s] Level 1:colcon.colcon_core.package_identification:_identify(src/cpp_parameters) by extension 'ignore_ament_install'
[0.399s] Level 1:colcon.colcon_core.package_identification:_identify(src/cpp_parameters) by extensions ['colcon_pkg']
[0.399s] Level 1:colcon.colcon_core.package_identification:_identify(src/cpp_parameters) by extension 'colcon_pkg'
[0.399s] Level 1:colcon.colcon_core.package_identification:_identify(src/cpp_parameters) by extensions ['colcon_meta']
[0.399s] Level 1:colcon.colcon_core.package_identification:_identify(src/cpp_parameters) by extension 'colcon_meta'
[0.399s] Level 1:colcon.colcon_core.package_identification:_identify(src/cpp_parameters) by extensions ['ros']
[0.399s] Level 1:colcon.colcon_core.package_identification:_identify(src/cpp_parameters) by extension 'ros'
[0.402s] DEBUG:colcon.colcon_core.package_identification:Package 'src/cpp_parameters' with type 'ros.ament_cmake' and name 'cpp_parameters'
[0.402s] Level 1:colcon.colcon_core.package_identification:_identify(src/cpp_pubsub) by extensions ['ignore', 'ignore_ament_install']
[0.402s] Level 1:colcon.colcon_core.package_identification:_identify(src/cpp_pubsub) by extension 'ignore'
[0.402s] Level 1:colcon.colcon_core.package_identification:_identify(src/cpp_pubsub) by extension 'ignore_ament_install'
[0.402s] Level 1:colcon.colcon_core.package_identification:_identify(src/cpp_pubsub) by extensions ['colcon_pkg']
[0.402s] Level 1:colcon.colcon_core.package_identification:_identify(src/cpp_pubsub) by extension 'colcon_pkg'
[0.402s] Level 1:colcon.colcon_core.package_identification:_identify(src/cpp_pubsub) by extensions ['colcon_meta']
[0.402s] Level 1:colcon.colcon_core.package_identification:_identify(src/cpp_pubsub) by extension 'colcon_meta'
[0.402s] Level 1:colcon.colcon_core.package_identification:_identify(src/cpp_pubsub) by extensions ['ros']
[0.402s] Level 1:colcon.colcon_core.package_identification:_identify(src/cpp_pubsub) by extension 'ros'
[0.403s] DEBUG:colcon.colcon_core.package_identification:Package 'src/cpp_pubsub' with type 'ros.ament_cmake' and name 'cpp_pubsub'
[0.403s] Level 1:colcon.colcon_core.package_identification:_identify(src/cpp_srvcli) by extensions ['ignore', 'ignore_ament_install']
[0.403s] Level 1:colcon.colcon_core.package_identification:_identify(src/cpp_srvcli) by extension 'ignore'
[0.403s] Level 1:colcon.colcon_core.package_identification:_identify(src/cpp_srvcli) by extension 'ignore_ament_install'
[0.403s] Level 1:colcon.colcon_core.package_identification:_identify(src/cpp_srvcli) by extensions ['colcon_pkg']
[0.403s] Level 1:colcon.colcon_core.package_identification:_identify(src/cpp_srvcli) by extension 'colcon_pkg'
[0.403s] Level 1:colcon.colcon_core.package_identification:_identify(src/cpp_srvcli) by extensions ['colcon_meta']
[0.403s] Level 1:colcon.colcon_core.package_identification:_identify(src/cpp_srvcli) by extension 'colcon_meta'
[0.403s] Level 1:colcon.colcon_core.package_identification:_identify(src/cpp_srvcli) by extensions ['ros']
[0.403s] Level 1:colcon.colcon_core.package_identification:_identify(src/cpp_srvcli) by extension 'ros'
[0.404s] DEBUG:colcon.colcon_core.package_identification:Package 'src/cpp_srvcli' with type 'ros.ament_cmake' and name 'cpp_srvcli'
[0.404s] Level 1:colcon.colcon_core.package_identification:_identify(src/install) by extensions ['ignore', 'ignore_ament_install']
[0.404s] Level 1:colcon.colcon_core.package_identification:_identify(src/install) by extension 'ignore'
[0.404s] Level 1:colcon.colcon_core.package_identification:_identify(src/install) ignored
[0.404s] Level 1:colcon.colcon_core.package_identification:_identify(src/log) by extensions ['ignore', 'ignore_ament_install']
[0.404s] Level 1:colcon.colcon_core.package_identification:_identify(src/log) by extension 'ignore'
[0.404s] Level 1:colcon.colcon_core.package_identification:_identify(src/log) ignored
[0.405s] Level 1:colcon.colcon_core.package_identification:_identify(src/more_interfaces) by extensions ['ignore', 'ignore_ament_install']
[0.405s] Level 1:colcon.colcon_core.package_identification:_identify(src/more_interfaces) by extension 'ignore'
[0.405s] Level 1:colcon.colcon_core.package_identification:_identify(src/more_interfaces) by extension 'ignore_ament_install'
[0.405s] Level 1:colcon.colcon_core.package_identification:_identify(src/more_interfaces) by extensions ['colcon_pkg']
[0.405s] Level 1:colcon.colcon_core.package_identification:_identify(src/more_interfaces) by extension 'colcon_pkg'
[0.405s] Level 1:colcon.colcon_core.package_identification:_identify(src/more_interfaces) by extensions ['colcon_meta']
[0.405s] Level 1:colcon.colcon_core.package_identification:_identify(src/more_interfaces) by extension 'colcon_meta'
[0.405s] Level 1:colcon.colcon_core.package_identification:_identify(src/more_interfaces) by extensions ['ros']
[0.405s] Level 1:colcon.colcon_core.package_identification:_identify(src/more_interfaces) by extension 'ros'
[0.405s] DEBUG:colcon.colcon_core.package_identification:Package 'src/more_interfaces' with type 'ros.ament_cmake' and name 'more_interfaces'
[0.405s] Level 1:colcon.colcon_core.package_identification:_identify(src/tutorial_interfaces) by extensions ['ignore', 'ignore_ament_install']
[0.405s] Level 1:colcon.colcon_core.package_identification:_identify(src/tutorial_interfaces) by extension 'ignore'
[0.406s] Level 1:colcon.colcon_core.package_identification:_identify(src/tutorial_interfaces) by extension 'ignore_ament_install'
[0.406s] Level 1:colcon.colcon_core.package_identification:_identify(src/tutorial_interfaces) by extensions ['colcon_pkg']
[0.406s] Level 1:colcon.colcon_core.package_identification:_identify(src/tutorial_interfaces) by extension 'colcon_pkg'
[0.406s] Level 1:colcon.colcon_core.package_identification:_identify(src/tutorial_interfaces) by extensions ['colcon_meta']
[0.406s] Level 1:colcon.colcon_core.package_identification:_identify(src/tutorial_interfaces) by extension 'colcon_meta'
[0.406s] Level 1:colcon.colcon_core.package_identification:_identify(src/tutorial_interfaces) by extensions ['ros']
[0.406s] Level 1:colcon.colcon_core.package_identification:_identify(src/tutorial_interfaces) by extension 'ros'
[0.406s] DEBUG:colcon.colcon_core.package_identification:Package 'src/tutorial_interfaces' with type 'ros.ament_cmake' and name 'tutorial_interfaces'
[0.406s] Level 1:colcon.colcon_core.package_discovery:discover_packages(recursive) using defaults
[0.406s] Level 1:colcon.colcon_core.package_discovery:discover_packages(ignore) discover
[0.406s] Level 1:colcon.colcon_core.package_discovery:discover_packages(ignore) using defaults
[0.406s] Level 1:colcon.colcon_core.package_discovery:discover_packages(path) discover
[0.406s] Level 1:colcon.colcon_core.package_discovery:discover_packages(path) using defaults
[0.426s] Level 1:colcon.colcon_core.package_discovery:discover_packages(prefix_path) check parameters
[0.426s] Level 1:colcon.colcon_core.package_discovery:discover_packages(prefix_path) discover
[0.429s] DEBUG:colcon.colcon_installed_package_information.package_discovery:Found 5 installed packages in /home/expert_amateur/vbm_ws/install
[0.430s] DEBUG:colcon.colcon_installed_package_information.package_discovery:Found 1 installed packages in /home/expert_amateur/voidwalking/arduino_ws/microros_ws/install
[0.431s] DEBUG:colcon.colcon_installed_package_information.package_discovery:Found 10 installed packages in /home/expert_amateur/voidwalking/ros2_ws/install
[0.433s] DEBUG:colcon.colcon_installed_package_information.package_discovery:Found 416 installed packages in /opt/ros/humble
[0.435s] Level 1:colcon.colcon_core.package_discovery:discover_packages(prefix_path) using defaults
[0.507s] Level 5:colcon.colcon_core.verb:set package 'cpp_parameters' build argument 'cmake_args' from command line to 'None'
[0.507s] Level 5:colcon.colcon_core.verb:set package 'cpp_parameters' build argument 'cmake_target' from command line to 'None'
[0.507s] Level 5:colcon.colcon_core.verb:set package 'cpp_parameters' build argument 'cmake_target_skip_unavailable' from command line to 'False'
[0.507s] Level 5:colcon.colcon_core.verb:set package 'cpp_parameters' build argument 'cmake_clean_cache' from command line to 'False'
[0.507s] Level 5:colcon.colcon_core.verb:set package 'cpp_parameters' build argument 'cmake_clean_first' from command line to 'False'
[0.507s] Level 5:colcon.colcon_core.verb:set package 'cpp_parameters' build argument 'cmake_force_configure' from command line to 'False'
[0.507s] Level 5:colcon.colcon_core.verb:set package 'cpp_parameters' build argument 'ament_cmake_args' from command line to 'None'
[0.507s] Level 5:colcon.colcon_core.verb:set package 'cpp_parameters' build argument 'catkin_cmake_args' from command line to 'None'
[0.507s] Level 5:colcon.colcon_core.verb:set package 'cpp_parameters' build argument 'catkin_skip_building_tests' from command line to 'False'
[0.507s] DEBUG:colcon.colcon_core.verb:Building package 'cpp_parameters' with the following arguments: {'ament_cmake_args': None, 'build_base': '/home/expert_amateur/vbm_ws/build/cpp_parameters', 'catkin_cmake_args': None, 'catkin_skip_building_tests': False, 'cmake_args': None, 'cmake_clean_cache': False, 'cmake_clean_first': False, 'cmake_force_configure': False, 'cmake_target': None, 'cmake_target_skip_unavailable': False, 'install_base': '/home/expert_amateur/vbm_ws/install/cpp_parameters', 'merge_install': False, 'path': '/home/expert_amateur/vbm_ws/src/cpp_parameters', 'symlink_install': False, 'test_result_base': None}
[0.508s] Level 5:colcon.colcon_core.verb:set package 'more_interfaces' build argument 'cmake_args' from command line to 'None'
[0.508s] Level 5:colcon.colcon_core.verb:set package 'more_interfaces' build argument 'cmake_target' from command line to 'None'
[0.508s] Level 5:colcon.colcon_core.verb:set package 'more_interfaces' build argument 'cmake_target_skip_unavailable' from command line to 'False'
[0.508s] Level 5:colcon.colcon_core.verb:set package 'more_interfaces' build argument 'cmake_clean_cache' from command line to 'False'
[0.508s] Level 5:colcon.colcon_core.verb:set package 'more_interfaces' build argument 'cmake_clean_first' from command line to 'False'
[0.508s] Level 5:colcon.colcon_core.verb:set package 'more_interfaces' build argument 'cmake_force_configure' from command line to 'False'
[0.508s] Level 5:colcon.colcon_core.verb:set package 'more_interfaces' build argument 'ament_cmake_args' from command line to 'None'
[0.508s] Level 5:colcon.colcon_core.verb:set package 'more_interfaces' build argument 'catkin_cmake_args' from command line to 'None'
[0.508s] Level 5:colcon.colcon_core.verb:set package 'more_interfaces' build argument 'catkin_skip_building_tests' from command line to 'False'
[0.508s] DEBUG:colcon.colcon_core.verb:Building package 'more_interfaces' with the following arguments: {'ament_cmake_args': None, 'build_base': '/home/expert_amateur/vbm_ws/build/more_interfaces', 'catkin_cmake_args': None, 'catkin_skip_building_tests': False, 'cmake_args': None, 'cmake_clean_cache': False, 'cmake_clean_first': False, 'cmake_force_configure': False, 'cmake_target': None, 'cmake_target_skip_unavailable': False, 'install_base': '/home/expert_amateur/vbm_ws/install/more_interfaces', 'merge_install': False, 'path': '/home/expert_amateur/vbm_ws/src/more_interfaces', 'symlink_install': False, 'test_result_base': None}
[0.509s] Level 5:colcon.colcon_core.verb:set package 'tutorial_interfaces' build argument 'cmake_args' from command line to 'None'
[0.509s] Level 5:colcon.colcon_core.verb:set package 'tutorial_interfaces' build argument 'cmake_target' from command line to 'None'
[0.510s] Level 5:colcon.colcon_core.verb:set package 'tutorial_interfaces' build argument 'cmake_target_skip_unavailable' from command line to 'False'
[0.510s] Level 5:colcon.colcon_core.verb:set package 'tutorial_interfaces' build argument 'cmake_clean_cache' from command line to 'False'
[0.510s] Level 5:colcon.colcon_core.verb:set package 'tutorial_interfaces' build argument 'cmake_clean_first' from command line to 'False'
[0.510s] Level 5:colcon.colcon_core.verb:set package 'tutorial_interfaces' build argument 'cmake_force_configure' from command line to 'False'
[0.510s] Level 5:colcon.colcon_core.verb:set package 'tutorial_interfaces' build argument 'ament_cmake_args' from command line to 'None'
[0.510s] Level 5:colcon.colcon_core.verb:set package 'tutorial_interfaces' build argument 'catkin_cmake_args' from command line to 'None'
[0.510s] Level 5:colcon.colcon_core.verb:set package 'tutorial_interfaces' build argument 'catkin_skip_building_tests' from command line to 'False'
[0.510s] DEBUG:colcon.colcon_core.verb:Building package 'tutorial_interfaces' with the following arguments: {'ament_cmake_args': None, 'build_base': '/home/expert_amateur/vbm_ws/build/tutorial_interfaces', 'catkin_cmake_args': None, 'catkin_skip_building_tests': False, 'cmake_args': None, 'cmake_clean_cache': False, 'cmake_clean_first': False, 'cmake_force_configure': False, 'cmake_target': None, 'cmake_target_skip_unavailable': False, 'install_base': '/home/expert_amateur/vbm_ws/install/tutorial_interfaces', 'merge_install': False, 'path': '/home/expert_amateur/vbm_ws/src/tutorial_interfaces', 'symlink_install': False, 'test_result_base': None}
[0.511s] Level 5:colcon.colcon_core.verb:set package 'cpp_pubsub' build argument 'cmake_args' from command line to 'None'
[0.511s] Level 5:colcon.colcon_core.verb:set package 'cpp_pubsub' build argument 'cmake_target' from command line to 'None'
[0.511s] Level 5:colcon.colcon_core.verb:set package 'cpp_pubsub' build argument 'cmake_target_skip_unavailable' from command line to 'False'
[0.511s] Level 5:colcon.colcon_core.verb:set package 'cpp_pubsub' build argument 'cmake_clean_cache' from command line to 'False'
[0.511s] Level 5:colcon.colcon_core.verb:set package 'cpp_pubsub' build argument 'cmake_clean_first' from command line to 'False'
[0.511s] Level 5:colcon.colcon_core.verb:set package 'cpp_pubsub' build argument 'cmake_force_configure' from command line to 'False'
[0.511s] Level 5:colcon.colcon_core.verb:set package 'cpp_pubsub' build argument 'ament_cmake_args' from command line to 'None'
[0.511s] Level 5:colcon.colcon_core.verb:set package 'cpp_pubsub' build argument 'catkin_cmake_args' from command line to 'None'
[0.511s] Level 5:colcon.colcon_core.verb:set package 'cpp_pubsub' build argument 'catkin_skip_building_tests' from command line to 'False'
[0.511s] DEBUG:colcon.colcon_core.verb:Building package 'cpp_pubsub' with the following arguments: {'ament_cmake_args': None, 'build_base': '/home/expert_amateur/vbm_ws/build/cpp_pubsub', 'catkin_cmake_args': None, 'catkin_skip_building_tests': False, 'cmake_args': None, 'cmake_clean_cache': False, 'cmake_clean_first': False, 'cmake_force_configure': False, 'cmake_target': None, 'cmake_target_skip_unavailable': False, 'install_base': '/home/expert_amateur/vbm_ws/install/cpp_pubsub', 'merge_install': False, 'path': '/home/expert_amateur/vbm_ws/src/cpp_pubsub', 'symlink_install': False, 'test_result_base': None}
[0.512s] Level 5:colcon.colcon_core.verb:set package 'cpp_srvcli' build argument 'cmake_args' from command line to 'None'
[0.512s] Level 5:colcon.colcon_core.verb:set package 'cpp_srvcli' build argument 'cmake_target' from command line to 'None'
[0.512s] Level 5:colcon.colcon_core.verb:set package 'cpp_srvcli' build argument 'cmake_target_skip_unavailable' from command line to 'False'
[0.512s] Level 5:colcon.colcon_core.verb:set package 'cpp_srvcli' build argument 'cmake_clean_cache' from command line to 'False'
[0.512s] Level 5:colcon.colcon_core.verb:set package 'cpp_srvcli' build argument 'cmake_clean_first' from command line to 'False'
[0.512s] Level 5:colcon.colcon_core.verb:set package 'cpp_srvcli' build argument 'cmake_force_configure' from command line to 'False'
[0.512s] Level 5:colcon.colcon_core.verb:set package 'cpp_srvcli' build argument 'ament_cmake_args' from command line to 'None'
[0.512s] Level 5:colcon.colcon_core.verb:set package 'cpp_srvcli' build argument 'catkin_cmake_args' from command line to 'None'
[0.512s] Level 5:colcon.colcon_core.verb:set package 'cpp_srvcli' build argument 'catkin_skip_building_tests' from command line to 'False'
[0.512s] DEBUG:colcon.colcon_core.verb:Building package 'cpp_srvcli' with the following arguments: {'ament_cmake_args': None, 'build_base': '/home/expert_amateur/vbm_ws/build/cpp_srvcli', 'catkin_cmake_args': None, 'catkin_skip_building_tests': False, 'cmake_args': None, 'cmake_clean_cache': False, 'cmake_clean_first': False, 'cmake_force_configure': False, 'cmake_target': None, 'cmake_target_skip_unavailable': False, 'install_base': '/home/expert_amateur/vbm_ws/install/cpp_srvcli', 'merge_install': False, 'path': '/home/expert_amateur/vbm_ws/src/cpp_srvcli', 'symlink_install': False, 'test_result_base': None}
[0.513s] INFO:colcon.colcon_core.executor:Executing jobs using 'parallel' executor
[0.516s] DEBUG:colcon.colcon_parallel_executor.executor.parallel:run_until_complete
[0.516s] INFO:colcon.colcon_ros.task.ament_cmake.build:Building ROS package in '/home/expert_amateur/vbm_ws/src/tutorial_interfaces' with build type 'ament_cmake'
[0.516s] INFO:colcon.colcon_cmake.task.cmake.build:Building CMake package in '/home/expert_amateur/vbm_ws/src/tutorial_interfaces'
[0.520s] INFO:colcon.colcon_core.plugin_system:Skipping extension 'colcon_core.shell.bat': Not used on non-Windows systems
[0.520s] INFO:colcon.colcon_core.shell:Skip shell extension 'powershell' for command environment: Not usable outside of PowerShell
[0.520s] DEBUG:colcon.colcon_core.shell:Skip shell extension 'dsv' for command environment
[0.527s] INFO:colcon.colcon_ros.task.ament_cmake.build:Building ROS package in '/home/expert_amateur/vbm_ws/src/cpp_parameters' with build type 'ament_cmake'
[0.527s] INFO:colcon.colcon_cmake.task.cmake.build:Building CMake package in '/home/expert_amateur/vbm_ws/src/cpp_parameters'
[0.528s] INFO:colcon.colcon_core.shell:Skip shell extension 'powershell' for command environment: Not usable outside of PowerShell
[0.528s] DEBUG:colcon.colcon_core.shell:Skip shell extension 'dsv' for command environment
[0.534s] INFO:colcon.colcon_ros.task.ament_cmake.build:Building ROS package in '/home/expert_amateur/vbm_ws/src/more_interfaces' with build type 'ament_cmake'
[0.534s] INFO:colcon.colcon_cmake.task.cmake.build:Building CMake package in '/home/expert_amateur/vbm_ws/src/more_interfaces'
[0.535s] INFO:colcon.colcon_core.shell:Skip shell extension 'powershell' for command environment: Not usable outside of PowerShell
[0.536s] DEBUG:colcon.colcon_core.shell:Skip shell extension 'dsv' for command environment
[0.546s] DEBUG:colcon.colcon_core.event_handler.log_command:Invoking command in '/home/expert_amateur/vbm_ws/build/tutorial_interfaces': CMAKE_PREFIX_PATH=${CMAKE_PREFIX_PATH}:/home/expert_amateur/voidwalking/ros2_ws/install/waypoints:/opt/ros/humble /usr/bin/cmake --build /home/expert_amateur/vbm_ws/build/tutorial_interfaces -- -j12 -l12
[0.549s] DEBUG:colcon.colcon_core.event_handler.log_command:Invoking command in '/home/expert_amateur/vbm_ws/build/cpp_parameters': CMAKE_PREFIX_PATH=${CMAKE_PREFIX_PATH}:/home/expert_amateur/voidwalking/ros2_ws/install/waypoints:/opt/ros/humble /usr/bin/cmake --build /home/expert_amateur/vbm_ws/build/cpp_parameters -- -j12 -l12
[0.552s] DEBUG:colcon.colcon_core.event_handler.log_command:Invoking command in '/home/expert_amateur/vbm_ws/build/more_interfaces': CMAKE_PREFIX_PATH=${CMAKE_PREFIX_PATH}:/home/expert_amateur/voidwalking/ros2_ws/install/waypoints:/opt/ros/humble /usr/bin/cmake --build /home/expert_amateur/vbm_ws/build/more_interfaces -- -j12 -l12
[0.946s] DEBUG:colcon.colcon_core.event_handler.log_command:Invoked command in '/home/expert_amateur/vbm_ws/build/more_interfaces' returned '0': CMAKE_PREFIX_PATH=${CMAKE_PREFIX_PATH}:/home/expert_amateur/voidwalking/ros2_ws/install/waypoints:/opt/ros/humble /usr/bin/cmake --build /home/expert_amateur/vbm_ws/build/more_interfaces -- -j12 -l12
[0.961s] DEBUG:colcon.colcon_core.event_handler.log_command:Invoked command in '/home/expert_amateur/vbm_ws/build/tutorial_interfaces' returned '0': CMAKE_PREFIX_PATH=${CMAKE_PREFIX_PATH}:/home/expert_amateur/voidwalking/ros2_ws/install/waypoints:/opt/ros/humble /usr/bin/cmake --build /home/expert_amateur/vbm_ws/build/tutorial_interfaces -- -j12 -l12
[1.002s] DEBUG:colcon.colcon_core.event_handler.log_command:Invoking command in '/home/expert_amateur/vbm_ws/build/more_interfaces': CMAKE_PREFIX_PATH=${CMAKE_PREFIX_PATH}:/home/expert_amateur/voidwalking/ros2_ws/install/waypoints:/opt/ros/humble /usr/bin/cmake --install /home/expert_amateur/vbm_ws/build/more_interfaces
[1.032s] DEBUG:colcon.colcon_core.event_handler.log_command:Invoking command in '/home/expert_amateur/vbm_ws/build/tutorial_interfaces': CMAKE_PREFIX_PATH=${CMAKE_PREFIX_PATH}:/home/expert_amateur/voidwalking/ros2_ws/install/waypoints:/opt/ros/humble /usr/bin/cmake --install /home/expert_amateur/vbm_ws/build/tutorial_interfaces
[1.051s] Level 1:colcon.colcon_core.environment:create_environment_scripts_only(more_interfaces)
[1.051s] DEBUG:colcon.colcon_core.event_handler.log_command:Invoked command in '/home/expert_amateur/vbm_ws/build/more_interfaces' returned '0': CMAKE_PREFIX_PATH=${CMAKE_PREFIX_PATH}:/home/expert_amateur/voidwalking/ros2_ws/install/waypoints:/opt/ros/humble /usr/bin/cmake --install /home/expert_amateur/vbm_ws/build/more_interfaces
[1.058s] Level 1:colcon.colcon_core.environment:checking '/home/expert_amateur/vbm_ws/install/more_interfaces' for CMake module files
[1.059s] Level 1:colcon.colcon_core.environment:checking '/home/expert_amateur/vbm_ws/install/more_interfaces' for CMake config files
[1.060s] Level 1:colcon.colcon_core.shell:create_environment_hook('more_interfaces', 'cmake_prefix_path')
[1.063s] INFO:colcon.colcon_core.shell:Creating environment hook '/home/expert_amateur/vbm_ws/install/more_interfaces/share/more_interfaces/hook/cmake_prefix_path.ps1'
[1.064s] INFO:colcon.colcon_core.shell:Creating environment descriptor '/home/expert_amateur/vbm_ws/install/more_interfaces/share/more_interfaces/hook/cmake_prefix_path.dsv'
[1.064s] INFO:colcon.colcon_core.shell:Creating environment hook '/home/expert_amateur/vbm_ws/install/more_interfaces/share/more_interfaces/hook/cmake_prefix_path.sh'
[1.065s] Level 1:colcon.colcon_core.environment:checking '/home/expert_amateur/vbm_ws/install/more_interfaces/lib'
[1.065s] Level 1:colcon.colcon_core.shell:create_environment_hook('more_interfaces', 'ld_library_path_lib')
[1.068s] INFO:colcon.colcon_core.shell:Creating environment hook '/home/expert_amateur/vbm_ws/install/more_interfaces/share/more_interfaces/hook/ld_library_path_lib.ps1'
[1.068s] INFO:colcon.colcon_core.shell:Creating environment descriptor '/home/expert_amateur/vbm_ws/install/more_interfaces/share/more_interfaces/hook/ld_library_path_lib.dsv'
[1.068s] INFO:colcon.colcon_core.shell:Creating environment hook '/home/expert_amateur/vbm_ws/install/more_interfaces/share/more_interfaces/hook/ld_library_path_lib.sh'
[1.069s] Level 1:colcon.colcon_core.environment:checking '/home/expert_amateur/vbm_ws/install/more_interfaces/bin'
[1.069s] Level 1:colcon.colcon_core.environment:checking '/home/expert_amateur/vbm_ws/install/more_interfaces/lib/pkgconfig/more_interfaces.pc'
[1.069s] Level 1:colcon.colcon_core.environment:checking '/home/expert_amateur/vbm_ws/install/more_interfaces/lib/python3.10/site-packages'
[1.069s] Level 1:colcon.colcon_core.environment:checking '/home/expert_amateur/vbm_ws/install/more_interfaces/bin'
[1.071s] INFO:colcon.colcon_core.shell:Creating package script '/home/expert_amateur/vbm_ws/install/more_interfaces/share/more_interfaces/package.ps1'
[1.071s] INFO:colcon.colcon_core.shell:Creating package descriptor '/home/expert_amateur/vbm_ws/install/more_interfaces/share/more_interfaces/package.dsv'
[1.072s] INFO:colcon.colcon_core.shell:Creating package script '/home/expert_amateur/vbm_ws/install/more_interfaces/share/more_interfaces/package.sh'
[1.073s] INFO:colcon.colcon_core.shell:Creating package script '/home/expert_amateur/vbm_ws/install/more_interfaces/share/more_interfaces/package.bash'
[1.073s] INFO:colcon.colcon_core.shell:Creating package script '/home/expert_amateur/vbm_ws/install/more_interfaces/share/more_interfaces/package.zsh'
[1.074s] Level 1:colcon.colcon_core.environment:create_file_with_runtime_dependencies(/home/expert_amateur/vbm_ws/install/more_interfaces/share/colcon-core/packages/more_interfaces)
[1.084s] Level 1:colcon.colcon_core.environment:create_environment_scripts_only(tutorial_interfaces)
[1.086s] Level 1:colcon.colcon_core.environment:checking '/home/expert_amateur/vbm_ws/install/tutorial_interfaces' for CMake module files
[1.086s] DEBUG:colcon.colcon_core.event_handler.log_command:Invoked command in '/home/expert_amateur/vbm_ws/build/tutorial_interfaces' returned '0': CMAKE_PREFIX_PATH=${CMAKE_PREFIX_PATH}:/home/expert_amateur/voidwalking/ros2_ws/install/waypoints:/opt/ros/humble /usr/bin/cmake --install /home/expert_amateur/vbm_ws/build/tutorial_interfaces
[1.087s] Level 1:colcon.colcon_core.environment:checking '/home/expert_amateur/vbm_ws/install/tutorial_interfaces' for CMake config files
[1.087s] Level 1:colcon.colcon_core.shell:create_environment_hook('tutorial_interfaces', 'cmake_prefix_path')
[1.089s] INFO:colcon.colcon_core.shell:Creating environment hook '/home/expert_amateur/vbm_ws/install/tutorial_interfaces/share/tutorial_interfaces/hook/cmake_prefix_path.ps1'
[1.089s] INFO:colcon.colcon_core.shell:Creating environment descriptor '/home/expert_amateur/vbm_ws/install/tutorial_interfaces/share/tutorial_interfaces/hook/cmake_prefix_path.dsv'
[1.089s] INFO:colcon.colcon_core.shell:Creating environment hook '/home/expert_amateur/vbm_ws/install/tutorial_interfaces/share/tutorial_interfaces/hook/cmake_prefix_path.sh'
[1.090s] Level 1:colcon.colcon_core.environment:checking '/home/expert_amateur/vbm_ws/install/tutorial_interfaces/lib'
[1.090s] Level 1:colcon.colcon_core.shell:create_environment_hook('tutorial_interfaces', 'ld_library_path_lib')
[1.091s] INFO:colcon.colcon_core.shell:Creating environment hook '/home/expert_amateur/vbm_ws/install/tutorial_interfaces/share/tutorial_interfaces/hook/ld_library_path_lib.ps1'
[1.091s] INFO:colcon.colcon_core.shell:Creating environment descriptor '/home/expert_amateur/vbm_ws/install/tutorial_interfaces/share/tutorial_interfaces/hook/ld_library_path_lib.dsv'
[1.092s] INFO:colcon.colcon_core.shell:Creating environment hook '/home/expert_amateur/vbm_ws/install/tutorial_interfaces/share/tutorial_interfaces/hook/ld_library_path_lib.sh'
[1.092s] Level 1:colcon.colcon_core.environment:checking '/home/expert_amateur/vbm_ws/install/tutorial_interfaces/bin'
[1.092s] Level 1:colcon.colcon_core.environment:checking '/home/expert_amateur/vbm_ws/install/tutorial_interfaces/lib/pkgconfig/tutorial_interfaces.pc'
[1.092s] Level 1:colcon.colcon_core.environment:checking '/home/expert_amateur/vbm_ws/install/tutorial_interfaces/lib/python3.10/site-packages'
[1.092s] Level 1:colcon.colcon_core.environment:checking '/home/expert_amateur/vbm_ws/install/tutorial_interfaces/bin'
[1.094s] INFO:colcon.colcon_core.shell:Creating package script '/home/expert_amateur/vbm_ws/install/tutorial_interfaces/share/tutorial_interfaces/package.ps1'
[1.094s] INFO:colcon.colcon_core.shell:Creating package descriptor '/home/expert_amateur/vbm_ws/install/tutorial_interfaces/share/tutorial_interfaces/package.dsv'
[1.094s] INFO:colcon.colcon_core.shell:Creating package script '/home/expert_amateur/vbm_ws/install/tutorial_interfaces/share/tutorial_interfaces/package.sh'
[1.095s] INFO:colcon.colcon_core.shell:Creating package script '/home/expert_amateur/vbm_ws/install/tutorial_interfaces/share/tutorial_interfaces/package.bash'
[1.095s] INFO:colcon.colcon_core.shell:Creating package script '/home/expert_amateur/vbm_ws/install/tutorial_interfaces/share/tutorial_interfaces/package.zsh'
[1.095s] Level 1:colcon.colcon_core.environment:create_file_with_runtime_dependencies(/home/expert_amateur/vbm_ws/install/tutorial_interfaces/share/colcon-core/packages/tutorial_interfaces)
[1.121s] Level 1:colcon.colcon_core.environment:create_environment_scripts_only(more_interfaces)
[1.123s] Level 1:colcon.colcon_core.environment:checking '/home/expert_amateur/vbm_ws/install/more_interfaces' for CMake module files
[1.124s] Level 1:colcon.colcon_core.environment:checking '/home/expert_amateur/vbm_ws/install/more_interfaces' for CMake config files
[1.124s] Level 1:colcon.colcon_core.shell:create_environment_hook('more_interfaces', 'cmake_prefix_path')
[1.125s] INFO:colcon.colcon_core.shell:Creating environment hook '/home/expert_amateur/vbm_ws/install/more_interfaces/share/more_interfaces/hook/cmake_prefix_path.ps1'
[1.126s] INFO:colcon.colcon_core.shell:Creating environment descriptor '/home/expert_amateur/vbm_ws/install/more_interfaces/share/more_interfaces/hook/cmake_prefix_path.dsv'
[1.126s] INFO:colcon.colcon_core.shell:Creating environment hook '/home/expert_amateur/vbm_ws/install/more_interfaces/share/more_interfaces/hook/cmake_prefix_path.sh'
[1.126s] Level 1:colcon.colcon_core.environment:checking '/home/expert_amateur/vbm_ws/install/more_interfaces/lib'
[1.126s] Level 1:colcon.colcon_core.shell:create_environment_hook('more_interfaces', 'ld_library_path_lib')
[1.128s] INFO:colcon.colcon_core.shell:Creating environment hook '/home/expert_amateur/vbm_ws/install/more_interfaces/share/more_interfaces/hook/ld_library_path_lib.ps1'
[1.128s] INFO:colcon.colcon_core.shell:Creating environment descriptor '/home/expert_amateur/vbm_ws/install/more_interfaces/share/more_interfaces/hook/ld_library_path_lib.dsv'
[1.128s] INFO:colcon.colcon_core.shell:Creating environment hook '/home/expert_amateur/vbm_ws/install/more_interfaces/share/more_interfaces/hook/ld_library_path_lib.sh'
[1.129s] Level 1:colcon.colcon_core.environment:checking '/home/expert_amateur/vbm_ws/install/more_interfaces/bin'
[1.129s] Level 1:colcon.colcon_core.environment:checking '/home/expert_amateur/vbm_ws/install/more_interfaces/lib/pkgconfig/more_interfaces.pc'
[1.129s] Level 1:colcon.colcon_core.environment:checking '/home/expert_amateur/vbm_ws/install/more_interfaces/lib/python3.10/site-packages'
[1.129s] Level 1:colcon.colcon_core.environment:checking '/home/expert_amateur/vbm_ws/install/more_interfaces/bin'
[1.131s] INFO:colcon.colcon_core.shell:Creating package script '/home/expert_amateur/vbm_ws/install/more_interfaces/share/more_interfaces/package.ps1'
[1.131s] INFO:colcon.colcon_core.shell:Creating package descriptor '/home/expert_amateur/vbm_ws/install/more_interfaces/share/more_interfaces/package.dsv'
[1.131s] INFO:colcon.colcon_core.shell:Creating package script '/home/expert_amateur/vbm_ws/install/more_interfaces/share/more_interfaces/package.sh'
[1.132s] INFO:colcon.colcon_core.shell:Creating package script '/home/expert_amateur/vbm_ws/install/more_interfaces/share/more_interfaces/package.bash'
[1.132s] INFO:colcon.colcon_core.shell:Creating package script '/home/expert_amateur/vbm_ws/install/more_interfaces/share/more_interfaces/package.zsh'
[1.132s] Level 1:colcon.colcon_core.environment:create_file_with_runtime_dependencies(/home/expert_amateur/vbm_ws/install/more_interfaces/share/colcon-core/packages/more_interfaces)
[1.167s] Level 1:colcon.colcon_core.environment:create_environment_scripts_only(tutorial_interfaces)
[1.169s] Level 1:colcon.colcon_core.environment:checking '/home/expert_amateur/vbm_ws/install/tutorial_interfaces' for CMake module files
[1.169s] Level 1:colcon.colcon_core.environment:checking '/home/expert_amateur/vbm_ws/install/tutorial_interfaces' for CMake config files
[1.170s] Level 1:colcon.colcon_core.shell:create_environment_hook('tutorial_interfaces', 'cmake_prefix_path')
[1.171s] INFO:colcon.colcon_core.shell:Creating environment hook '/home/expert_amateur/vbm_ws/install/tutorial_interfaces/share/tutorial_interfaces/hook/cmake_prefix_path.ps1'
[1.171s] INFO:colcon.colcon_core.shell:Creating environment descriptor '/home/expert_amateur/vbm_ws/install/tutorial_interfaces/share/tutorial_interfaces/hook/cmake_prefix_path.dsv'
[1.172s] INFO:colcon.colcon_core.shell:Creating environment hook '/home/expert_amateur/vbm_ws/install/tutorial_interfaces/share/tutorial_interfaces/hook/cmake_prefix_path.sh'
[1.172s] Level 1:colcon.colcon_core.environment:checking '/home/expert_amateur/vbm_ws/install/tutorial_interfaces/lib'
[1.172s] Level 1:colcon.colcon_core.shell:create_environment_hook('tutorial_interfaces', 'ld_library_path_lib')
[1.173s] INFO:colcon.colcon_core.shell:Creating environment hook '/home/expert_amateur/vbm_ws/install/tutorial_interfaces/share/tutorial_interfaces/hook/ld_library_path_lib.ps1'
[1.174s] INFO:colcon.colcon_core.shell:Creating environment descriptor '/home/expert_amateur/vbm_ws/install/tutorial_interfaces/share/tutorial_interfaces/hook/ld_library_path_lib.dsv'
[1.174s] INFO:colcon.colcon_core.shell:Creating environment hook '/home/expert_amateur/vbm_ws/install/tutorial_interfaces/share/tutorial_interfaces/hook/ld_library_path_lib.sh'
[1.174s] Level 1:colcon.colcon_core.environment:checking '/home/expert_amateur/vbm_ws/install/tutorial_interfaces/bin'
[1.174s] Level 1:colcon.colcon_core.environment:checking '/home/expert_amateur/vbm_ws/install/tutorial_interfaces/lib/pkgconfig/tutorial_interfaces.pc'
[1.174s] Level 1:colcon.colcon_core.environment:checking '/home/expert_amateur/vbm_ws/install/tutorial_interfaces/lib/python3.10/site-packages'
[1.175s] Level 1:colcon.colcon_core.environment:checking '/home/expert_amateur/vbm_ws/install/tutorial_interfaces/bin'
[1.176s] INFO:colcon.colcon_core.shell:Creating package script '/home/expert_amateur/vbm_ws/install/tutorial_interfaces/share/tutorial_interfaces/package.ps1'
[1.176s] INFO:colcon.colcon_core.shell:Creating package descriptor '/home/expert_amateur/vbm_ws/install/tutorial_interfaces/share/tutorial_interfaces/package.dsv'
[1.177s] INFO:colcon.colcon_core.shell:Creating package script '/home/expert_amateur/vbm_ws/install/tutorial_interfaces/share/tutorial_interfaces/package.sh'
[1.177s] INFO:colcon.colcon_core.shell:Creating package script '/home/expert_amateur/vbm_ws/install/tutorial_interfaces/share/tutorial_interfaces/package.bash'
[1.177s] INFO:colcon.colcon_core.shell:Creating package script '/home/expert_amateur/vbm_ws/install/tutorial_interfaces/share/tutorial_interfaces/package.zsh'
[1.178s] Level 1:colcon.colcon_core.environment:create_file_with_runtime_dependencies(/home/expert_amateur/vbm_ws/install/tutorial_interfaces/share/colcon-core/packages/tutorial_interfaces)
[1.178s] INFO:colcon.colcon_ros.task.ament_cmake.build:Building ROS package in '/home/expert_amateur/vbm_ws/src/cpp_pubsub' with build type 'ament_cmake'
[1.178s] INFO:colcon.colcon_cmake.task.cmake.build:Building CMake package in '/home/expert_amateur/vbm_ws/src/cpp_pubsub'
[1.179s] INFO:colcon.colcon_core.shell:Skip shell extension 'powershell' for command environment: Not usable outside of PowerShell
[1.179s] DEBUG:colcon.colcon_core.shell:Skip shell extension 'dsv' for command environment
[1.186s] INFO:colcon.colcon_ros.task.ament_cmake.build:Building ROS package in '/home/expert_amateur/vbm_ws/src/cpp_srvcli' with build type 'ament_cmake'
[1.186s] INFO:colcon.colcon_cmake.task.cmake.build:Building CMake package in '/home/expert_amateur/vbm_ws/src/cpp_srvcli'
[1.187s] INFO:colcon.colcon_core.shell:Skip shell extension 'powershell' for command environment: Not usable outside of PowerShell
[1.187s] DEBUG:colcon.colcon_core.shell:Skip shell extension 'dsv' for command environment
[1.197s] DEBUG:colcon.colcon_core.event_handler.log_command:Invoking command in '/home/expert_amateur/vbm_ws/build/cpp_pubsub': CMAKE_PREFIX_PATH=/home/expert_amateur/vbm_ws/install/tutorial_interfaces:/home/expert_amateur/vbm_ws/install/cpp_parameters:/home/expert_amateur/vbm_ws/install/cpp_srvcli:/home/expert_amateur/vbm_ws/install/cpp_pubsub:/home/expert_amateur/vbm_ws/install/more_interfaces:/home/expert_amateur/voidwalking/ros2_ws/install/void_tests:/home/expert_amateur/voidwalking/ros2_ws/install/turtlebot_test:/home/expert_amateur/voidwalking/ros2_ws/install/spatio_temporal_voxel_layer:/home/expert_amateur/voidwalking/ros2_ws/install/main:/home/expert_amateur/voidwalking/ros2_ws/install/simulation:/home/expert_amateur/voidwalking/ros2_ws/install/rviz_satellite:/home/expert_amateur/voidwalking/ros2_ws/install/obstacle_avoidance:/home/expert_amateur/voidwalking/ros2_ws/install/nav2_turtlebot3:/home/expert_amateur/voidwalking/ros2_ws/install/mapping:/home/expert_amateur/voidwalking/arduino_ws/microros_ws/install/micro_ros_setup:/home/expert_amateur/voidwalking/ros2_ws/install/waypoints:/opt/ros/humble /usr/bin/cmake --build /home/expert_amateur/vbm_ws/build/cpp_pubsub -- -j12 -l12
[1.200s] DEBUG:colcon.colcon_core.event_handler.log_command:Invoking command in '/home/expert_amateur/vbm_ws/build/cpp_srvcli': CMAKE_PREFIX_PATH=/home/expert_amateur/vbm_ws/install/tutorial_interfaces:/home/expert_amateur/vbm_ws/install/cpp_parameters:/home/expert_amateur/vbm_ws/install/cpp_srvcli:/home/expert_amateur/vbm_ws/install/cpp_pubsub:/home/expert_amateur/vbm_ws/install/more_interfaces:/home/expert_amateur/voidwalking/ros2_ws/install/void_tests:/home/expert_amateur/voidwalking/ros2_ws/install/turtlebot_test:/home/expert_amateur/voidwalking/ros2_ws/install/spatio_temporal_voxel_layer:/home/expert_amateur/voidwalking/ros2_ws/install/main:/home/expert_amateur/voidwalking/ros2_ws/install/simulation:/home/expert_amateur/voidwalking/ros2_ws/install/rviz_satellite:/home/expert_amateur/voidwalking/ros2_ws/install/obstacle_avoidance:/home/expert_amateur/voidwalking/ros2_ws/install/nav2_turtlebot3:/home/expert_amateur/voidwalking/ros2_ws/install/mapping:/home/expert_amateur/voidwalking/arduino_ws/microros_ws/install/micro_ros_setup:/home/expert_amateur/voidwalking/ros2_ws/install/waypoints:/opt/ros/humble /usr/bin/cmake --build /home/expert_amateur/vbm_ws/build/cpp_srvcli -- -j12 -l12
[1.255s] DEBUG:colcon.colcon_core.event_handler.log_command:Invoked command in '/home/expert_amateur/vbm_ws/build/cpp_pubsub' returned '0': CMAKE_PREFIX_PATH=/home/expert_amateur/vbm_ws/install/tutorial_interfaces:/home/expert_amateur/vbm_ws/install/cpp_parameters:/home/expert_amateur/vbm_ws/install/cpp_srvcli:/home/expert_amateur/vbm_ws/install/cpp_pubsub:/home/expert_amateur/vbm_ws/install/more_interfaces:/home/expert_amateur/voidwalking/ros2_ws/install/void_tests:/home/expert_amateur/voidwalking/ros2_ws/install/turtlebot_test:/home/expert_amateur/voidwalking/ros2_ws/install/spatio_temporal_voxel_layer:/home/expert_amateur/voidwalking/ros2_ws/install/main:/home/expert_amateur/voidwalking/ros2_ws/install/simulation:/home/expert_amateur/voidwalking/ros2_ws/install/rviz_satellite:/home/expert_amateur/voidwalking/ros2_ws/install/obstacle_avoidance:/home/expert_amateur/voidwalking/ros2_ws/install/nav2_turtlebot3:/home/expert_amateur/voidwalking/ros2_ws/install/mapping:/home/expert_amateur/voidwalking/arduino_ws/microros_ws/install/micro_ros_setup:/home/expert_amateur/voidwalking/ros2_ws/install/waypoints:/opt/ros/humble /usr/bin/cmake --build /home/expert_amateur/vbm_ws/build/cpp_pubsub -- -j12 -l12
[1.257s] DEBUG:colcon.colcon_core.event_handler.log_command:Invoked command in '/home/expert_amateur/vbm_ws/build/cpp_srvcli' returned '0': CMAKE_PREFIX_PATH=/home/expert_amateur/vbm_ws/install/tutorial_interfaces:/home/expert_amateur/vbm_ws/install/cpp_parameters:/home/expert_amateur/vbm_ws/install/cpp_srvcli:/home/expert_amateur/vbm_ws/install/cpp_pubsub:/home/expert_amateur/vbm_ws/install/more_interfaces:/home/expert_amateur/voidwalking/ros2_ws/install/void_tests:/home/expert_amateur/voidwalking/ros2_ws/install/turtlebot_test:/home/expert_amateur/voidwalking/ros2_ws/install/spatio_temporal_voxel_layer:/home/expert_amateur/voidwalking/ros2_ws/install/main:/home/expert_amateur/voidwalking/ros2_ws/install/simulation:/home/expert_amateur/voidwalking/ros2_ws/install/rviz_satellite:/home/expert_amateur/voidwalking/ros2_ws/install/obstacle_avoidance:/home/expert_amateur/voidwalking/ros2_ws/install/nav2_turtlebot3:/home/expert_amateur/voidwalking/ros2_ws/install/mapping:/home/expert_amateur/voidwalking/arduino_ws/microros_ws/install/micro_ros_setup:/home/expert_amateur/voidwalking/ros2_ws/install/waypoints:/opt/ros/humble /usr/bin/cmake --build /home/expert_amateur/vbm_ws/build/cpp_srvcli -- -j12 -l12
[1.278s] DEBUG:colcon.colcon_core.event_handler.log_command:Invoking command in '/home/expert_amateur/vbm_ws/build/cpp_pubsub': CMAKE_PREFIX_PATH=/home/expert_amateur/vbm_ws/install/tutorial_interfaces:/home/expert_amateur/vbm_ws/install/cpp_parameters:/home/expert_amateur/vbm_ws/install/cpp_srvcli:/home/expert_amateur/vbm_ws/install/cpp_pubsub:/home/expert_amateur/vbm_ws/install/more_interfaces:/home/expert_amateur/voidwalking/ros2_ws/install/void_tests:/home/expert_amateur/voidwalking/ros2_ws/install/turtlebot_test:/home/expert_amateur/voidwalking/ros2_ws/install/spatio_temporal_voxel_layer:/home/expert_amateur/voidwalking/ros2_ws/install/main:/home/expert_amateur/voidwalking/ros2_ws/install/simulation:/home/expert_amateur/voidwalking/ros2_ws/install/rviz_satellite:/home/expert_amateur/voidwalking/ros2_ws/install/obstacle_avoidance:/home/expert_amateur/voidwalking/ros2_ws/install/nav2_turtlebot3:/home/expert_amateur/voidwalking/ros2_ws/install/mapping:/home/expert_amateur/voidwalking/arduino_ws/microros_ws/install/micro_ros_setup:/home/expert_amateur/voidwalking/ros2_ws/install/waypoints:/opt/ros/humble /usr/bin/cmake --install /home/expert_amateur/vbm_ws/build/cpp_pubsub
[1.279s] DEBUG:colcon.colcon_core.event_handler.log_command:Invoking command in '/home/expert_amateur/vbm_ws/build/cpp_srvcli': CMAKE_PREFIX_PATH=/home/expert_amateur/vbm_ws/install/tutorial_interfaces:/home/expert_amateur/vbm_ws/install/cpp_parameters:/home/expert_amateur/vbm_ws/install/cpp_srvcli:/home/expert_amateur/vbm_ws/install/cpp_pubsub:/home/expert_amateur/vbm_ws/install/more_interfaces:/home/expert_amateur/voidwalking/ros2_ws/install/void_tests:/home/expert_amateur/voidwalking/ros2_ws/install/turtlebot_test:/home/expert_amateur/voidwalking/ros2_ws/install/spatio_temporal_voxel_layer:/home/expert_amateur/voidwalking/ros2_ws/install/main:/home/expert_amateur/voidwalking/ros2_ws/install/simulation:/home/expert_amateur/voidwalking/ros2_ws/install/rviz_satellite:/home/expert_amateur/voidwalking/ros2_ws/install/obstacle_avoidance:/home/expert_amateur/voidwalking/ros2_ws/install/nav2_turtlebot3:/home/expert_amateur/voidwalking/ros2_ws/install/mapping:/home/expert_amateur/voidwalking/arduino_ws/microros_ws/install/micro_ros_setup:/home/expert_amateur/voidwalking/ros2_ws/install/waypoints:/opt/ros/humble /usr/bin/cmake --install /home/expert_amateur/vbm_ws/build/cpp_srvcli
[1.286s] Level 1:colcon.colcon_core.environment:create_environment_scripts_only(cpp_pubsub)
[1.288s] Level 1:colcon.colcon_core.environment:checking '/home/expert_amateur/vbm_ws/install/cpp_pubsub' for CMake module files
[1.290s] Level 1:colcon.colcon_core.environment:checking '/home/expert_amateur/vbm_ws/install/cpp_pubsub' for CMake config files
[1.290s] DEBUG:colcon.colcon_core.event_handler.log_command:Invoked command in '/home/expert_amateur/vbm_ws/build/cpp_pubsub' returned '0': CMAKE_PREFIX_PATH=/home/expert_amateur/vbm_ws/install/tutorial_interfaces:/home/expert_amateur/vbm_ws/install/cpp_parameters:/home/expert_amateur/vbm_ws/install/cpp_srvcli:/home/expert_amateur/vbm_ws/install/cpp_pubsub:/home/expert_amateur/vbm_ws/install/more_interfaces:/home/expert_amateur/voidwalking/ros2_ws/install/void_tests:/home/expert_amateur/voidwalking/ros2_ws/install/turtlebot_test:/home/expert_amateur/voidwalking/ros2_ws/install/spatio_temporal_voxel_layer:/home/expert_amateur/voidwalking/ros2_ws/install/main:/home/expert_amateur/voidwalking/ros2_ws/install/simulation:/home/expert_amateur/voidwalking/ros2_ws/install/rviz_satellite:/home/expert_amateur/voidwalking/ros2_ws/install/obstacle_avoidance:/home/expert_amateur/voidwalking/ros2_ws/install/nav2_turtlebot3:/home/expert_amateur/voidwalking/ros2_ws/install/mapping:/home/expert_amateur/voidwalking/arduino_ws/microros_ws/install/micro_ros_setup:/home/expert_amateur/voidwalking/ros2_ws/install/waypoints:/opt/ros/humble /usr/bin/cmake --install /home/expert_amateur/vbm_ws/build/cpp_pubsub
[1.290s] Level 1:colcon.colcon_core.shell:create_environment_hook('cpp_pubsub', 'cmake_prefix_path')
[1.292s] INFO:colcon.colcon_core.shell:Creating environment hook '/home/expert_amateur/vbm_ws/install/cpp_pubsub/share/cpp_pubsub/hook/cmake_prefix_path.ps1'
[1.292s] INFO:colcon.colcon_core.shell:Creating environment descriptor '/home/expert_amateur/vbm_ws/install/cpp_pubsub/share/cpp_pubsub/hook/cmake_prefix_path.dsv'
[1.292s] INFO:colcon.colcon_core.shell:Creating environment hook '/home/expert_amateur/vbm_ws/install/cpp_pubsub/share/cpp_pubsub/hook/cmake_prefix_path.sh'
[1.293s] Level 1:colcon.colcon_core.environment:checking '/home/expert_amateur/vbm_ws/install/cpp_pubsub/lib'
[1.293s] Level 1:colcon.colcon_core.environment:checking '/home/expert_amateur/vbm_ws/install/cpp_pubsub/bin'
[1.293s] Level 1:colcon.colcon_core.environment:checking '/home/expert_amateur/vbm_ws/install/cpp_pubsub/lib/pkgconfig/cpp_pubsub.pc'
[1.293s] Level 1:colcon.colcon_core.environment:checking '/home/expert_amateur/vbm_ws/install/cpp_pubsub/lib/python3.10/site-packages'
[1.293s] Level 1:colcon.colcon_core.environment:checking '/home/expert_amateur/vbm_ws/install/cpp_pubsub/bin'
[1.295s] INFO:colcon.colcon_core.shell:Creating package script '/home/expert_amateur/vbm_ws/install/cpp_pubsub/share/cpp_pubsub/package.ps1'
[1.295s] INFO:colcon.colcon_core.shell:Creating package descriptor '/home/expert_amateur/vbm_ws/install/cpp_pubsub/share/cpp_pubsub/package.dsv'
[1.295s] INFO:colcon.colcon_core.shell:Creating package script '/home/expert_amateur/vbm_ws/install/cpp_pubsub/share/cpp_pubsub/package.sh'
[1.296s] INFO:colcon.colcon_core.shell:Creating package script '/home/expert_amateur/vbm_ws/install/cpp_pubsub/share/cpp_pubsub/package.bash'
[1.296s] INFO:colcon.colcon_core.shell:Creating package script '/home/expert_amateur/vbm_ws/install/cpp_pubsub/share/cpp_pubsub/package.zsh'
[1.296s] Level 1:colcon.colcon_core.environment:create_file_with_runtime_dependencies(/home/expert_amateur/vbm_ws/install/cpp_pubsub/share/colcon-core/packages/cpp_pubsub)
[1.298s] Level 1:colcon.colcon_core.environment:create_environment_scripts_only(cpp_srvcli)
[1.300s] Level 1:colcon.colcon_core.environment:checking '/home/expert_amateur/vbm_ws/install/cpp_srvcli' for CMake module files
[1.300s] DEBUG:colcon.colcon_core.event_handler.log_command:Invoked command in '/home/expert_amateur/vbm_ws/build/cpp_srvcli' returned '0': CMAKE_PREFIX_PATH=/home/expert_amateur/vbm_ws/install/tutorial_interfaces:/home/expert_amateur/vbm_ws/install/cpp_parameters:/home/expert_amateur/vbm_ws/install/cpp_srvcli:/home/expert_amateur/vbm_ws/install/cpp_pubsub:/home/expert_amateur/vbm_ws/install/more_interfaces:/home/expert_amateur/voidwalking/ros2_ws/install/void_tests:/home/expert_amateur/voidwalking/ros2_ws/install/turtlebot_test:/home/expert_amateur/voidwalking/ros2_ws/install/spatio_temporal_voxel_layer:/home/expert_amateur/voidwalking/ros2_ws/install/main:/home/expert_amateur/voidwalking/ros2_ws/install/simulation:/home/expert_amateur/voidwalking/ros2_ws/install/rviz_satellite:/home/expert_amateur/voidwalking/ros2_ws/install/obstacle_avoidance:/home/expert_amateur/voidwalking/ros2_ws/install/nav2_turtlebot3:/home/expert_amateur/voidwalking/ros2_ws/install/mapping:/home/expert_amateur/voidwalking/arduino_ws/microros_ws/install/micro_ros_setup:/home/expert_amateur/voidwalking/ros2_ws/install/waypoints:/opt/ros/humble /usr/bin/cmake --install /home/expert_amateur/vbm_ws/build/cpp_srvcli
[1.301s] Level 1:colcon.colcon_core.environment:checking '/home/expert_amateur/vbm_ws/install/cpp_srvcli' for CMake config files
[1.301s] Level 1:colcon.colcon_core.shell:create_environment_hook('cpp_srvcli', 'cmake_prefix_path')
[1.302s] INFO:colcon.colcon_core.shell:Creating environment hook '/home/expert_amateur/vbm_ws/install/cpp_srvcli/share/cpp_srvcli/hook/cmake_prefix_path.ps1'
[1.302s] INFO:colcon.colcon_core.shell:Creating environment descriptor '/home/expert_amateur/vbm_ws/install/cpp_srvcli/share/cpp_srvcli/hook/cmake_prefix_path.dsv'
[1.303s] INFO:colcon.colcon_core.shell:Creating environment hook '/home/expert_amateur/vbm_ws/install/cpp_srvcli/share/cpp_srvcli/hook/cmake_prefix_path.sh'
[1.303s] Level 1:colcon.colcon_core.environment:checking '/home/expert_amateur/vbm_ws/install/cpp_srvcli/lib'
[1.303s] Level 1:colcon.colcon_core.environment:checking '/home/expert_amateur/vbm_ws/install/cpp_srvcli/bin'
[1.303s] Level 1:colcon.colcon_core.environment:checking '/home/expert_amateur/vbm_ws/install/cpp_srvcli/lib/pkgconfig/cpp_srvcli.pc'
[1.303s] Level 1:colcon.colcon_core.environment:checking '/home/expert_amateur/vbm_ws/install/cpp_srvcli/lib/python3.10/site-packages'
[1.304s] Level 1:colcon.colcon_core.environment:checking '/home/expert_amateur/vbm_ws/install/cpp_srvcli/bin'
[1.305s] INFO:colcon.colcon_core.shell:Creating package script '/home/expert_amateur/vbm_ws/install/cpp_srvcli/share/cpp_srvcli/package.ps1'
[1.305s] INFO:colcon.colcon_core.shell:Creating package descriptor '/home/expert_amateur/vbm_ws/install/cpp_srvcli/share/cpp_srvcli/package.dsv'
[1.306s] INFO:colcon.colcon_core.shell:Creating package script '/home/expert_amateur/vbm_ws/install/cpp_srvcli/share/cpp_srvcli/package.sh'
[1.306s] INFO:colcon.colcon_core.shell:Creating package script '/home/expert_amateur/vbm_ws/install/cpp_srvcli/share/cpp_srvcli/package.bash'
[1.306s] INFO:colcon.colcon_core.shell:Creating package script '/home/expert_amateur/vbm_ws/install/cpp_srvcli/share/cpp_srvcli/package.zsh'
[1.306s] Level 1:colcon.colcon_core.environment:create_file_with_runtime_dependencies(/home/expert_amateur/vbm_ws/install/cpp_srvcli/share/colcon-core/packages/cpp_srvcli)
[1.308s] DEBUG:colcon.colcon_core.event_handler.log_command:Invoked command in '/home/expert_amateur/vbm_ws/build/cpp_parameters' returned '0': CMAKE_PREFIX_PATH=${CMAKE_PREFIX_PATH}:/home/expert_amateur/voidwalking/ros2_ws/install/waypoints:/opt/ros/humble /usr/bin/cmake --build /home/expert_amateur/vbm_ws/build/cpp_parameters -- -j12 -l12
[1.320s] Level 1:colcon.colcon_core.environment:create_environment_scripts_only(cpp_pubsub)
[1.322s] Level 1:colcon.colcon_core.environment:checking '/home/expert_amateur/vbm_ws/install/cpp_pubsub' for CMake module files
[1.322s] Level 1:colcon.colcon_core.environment:checking '/home/expert_amateur/vbm_ws/install/cpp_pubsub' for CMake config files
[1.322s] Level 1:colcon.colcon_core.shell:create_environment_hook('cpp_pubsub', 'cmake_prefix_path')
[1.323s] INFO:colcon.colcon_core.shell:Creating environment hook '/home/expert_amateur/vbm_ws/install/cpp_pubsub/share/cpp_pubsub/hook/cmake_prefix_path.ps1'
[1.324s] INFO:colcon.colcon_core.shell:Creating environment descriptor '/home/expert_amateur/vbm_ws/install/cpp_pubsub/share/cpp_pubsub/hook/cmake_prefix_path.dsv'
[1.324s] INFO:colcon.colcon_core.shell:Creating environment hook '/home/expert_amateur/vbm_ws/install/cpp_pubsub/share/cpp_pubsub/hook/cmake_prefix_path.sh'
[1.324s] Level 1:colcon.colcon_core.environment:checking '/home/expert_amateur/vbm_ws/install/cpp_pubsub/lib'
[1.324s] Level 1:colcon.colcon_core.environment:checking '/home/expert_amateur/vbm_ws/install/cpp_pubsub/bin'
[1.325s] Level 1:colcon.colcon_core.environment:checking '/home/expert_amateur/vbm_ws/install/cpp_pubsub/lib/pkgconfig/cpp_pubsub.pc'
[1.325s] Level 1:colcon.colcon_core.environment:checking '/home/expert_amateur/vbm_ws/install/cpp_pubsub/lib/python3.10/site-packages'
[1.325s] Level 1:colcon.colcon_core.environment:checking '/home/expert_amateur/vbm_ws/install/cpp_pubsub/bin'
[1.326s] INFO:colcon.colcon_core.shell:Creating package script '/home/expert_amateur/vbm_ws/install/cpp_pubsub/share/cpp_pubsub/package.ps1'
[1.327s] INFO:colcon.colcon_core.shell:Creating package descriptor '/home/expert_amateur/vbm_ws/install/cpp_pubsub/share/cpp_pubsub/package.dsv'
[1.327s] INFO:colcon.colcon_core.shell:Creating package script '/home/expert_amateur/vbm_ws/install/cpp_pubsub/share/cpp_pubsub/package.sh'
[1.327s] INFO:colcon.colcon_core.shell:Creating package script '/home/expert_amateur/vbm_ws/install/cpp_pubsub/share/cpp_pubsub/package.bash'
[1.328s] INFO:colcon.colcon_core.shell:Creating package script '/home/expert_amateur/vbm_ws/install/cpp_pubsub/share/cpp_pubsub/package.zsh'
[1.328s] Level 1:colcon.colcon_core.environment:create_file_with_runtime_dependencies(/home/expert_amateur/vbm_ws/install/cpp_pubsub/share/colcon-core/packages/cpp_pubsub)
[1.330s] Level 1:colcon.colcon_core.environment:create_environment_scripts_only(cpp_srvcli)
[1.332s] Level 1:colcon.colcon_core.environment:checking '/home/expert_amateur/vbm_ws/install/cpp_srvcli' for CMake module files
[1.332s] Level 1:colcon.colcon_core.environment:checking '/home/expert_amateur/vbm_ws/install/cpp_srvcli' for CMake config files
[1.333s] Level 1:colcon.colcon_core.shell:create_environment_hook('cpp_srvcli', 'cmake_prefix_path')
[1.334s] INFO:colcon.colcon_core.shell:Creating environment hook '/home/expert_amateur/vbm_ws/install/cpp_srvcli/share/cpp_srvcli/hook/cmake_prefix_path.ps1'
[1.334s] INFO:colcon.colcon_core.shell:Creating environment descriptor '/home/expert_amateur/vbm_ws/install/cpp_srvcli/share/cpp_srvcli/hook/cmake_prefix_path.dsv'
[1.334s] INFO:colcon.colcon_core.shell:Creating environment hook '/home/expert_amateur/vbm_ws/install/cpp_srvcli/share/cpp_srvcli/hook/cmake_prefix_path.sh'
[1.335s] Level 1:colcon.colcon_core.environment:checking '/home/expert_amateur/vbm_ws/install/cpp_srvcli/lib'
[1.335s] Level 1:colcon.colcon_core.environment:checking '/home/expert_amateur/vbm_ws/install/cpp_srvcli/bin'
[1.335s] Level 1:colcon.colcon_core.environment:checking '/home/expert_amateur/vbm_ws/install/cpp_srvcli/lib/pkgconfig/cpp_srvcli.pc'
[1.335s] Level 1:colcon.colcon_core.environment:checking '/home/expert_amateur/vbm_ws/install/cpp_srvcli/lib/python3.10/site-packages'
[1.335s] Level 1:colcon.colcon_core.environment:checking '/home/expert_amateur/vbm_ws/install/cpp_srvcli/bin'
[1.336s] INFO:colcon.colcon_core.shell:Creating package script '/home/expert_amateur/vbm_ws/install/cpp_srvcli/share/cpp_srvcli/package.ps1'
[1.337s] INFO:colcon.colcon_core.shell:Creating package descriptor '/home/expert_amateur/vbm_ws/install/cpp_srvcli/share/cpp_srvcli/package.dsv'
[1.337s] INFO:colcon.colcon_core.shell:Creating package script '/home/expert_amateur/vbm_ws/install/cpp_srvcli/share/cpp_srvcli/package.sh'
[1.338s] INFO:colcon.colcon_core.shell:Creating package script '/home/expert_amateur/vbm_ws/install/cpp_srvcli/share/cpp_srvcli/package.bash'
[1.338s] INFO:colcon.colcon_core.shell:Creating package script '/home/expert_amateur/vbm_ws/install/cpp_srvcli/share/cpp_srvcli/package.zsh'
[1.338s] Level 1:colcon.colcon_core.environment:create_file_with_runtime_dependencies(/home/expert_amateur/vbm_ws/install/cpp_srvcli/share/colcon-core/packages/cpp_srvcli)
[1.340s] DEBUG:colcon.colcon_core.event_handler.log_command:Invoking command in '/home/expert_amateur/vbm_ws/build/cpp_parameters': CMAKE_PREFIX_PATH=${CMAKE_PREFIX_PATH}:/home/expert_amateur/voidwalking/ros2_ws/install/waypoints:/opt/ros/humble /usr/bin/cmake --install /home/expert_amateur/vbm_ws/build/cpp_parameters
[1.348s] Level 1:colcon.colcon_core.environment:create_environment_scripts_only(cpp_parameters)
[1.350s] Level 1:colcon.colcon_core.environment:checking '/home/expert_amateur/vbm_ws/install/cpp_parameters' for CMake module files
[1.350s] DEBUG:colcon.colcon_core.event_handler.log_command:Invoked command in '/home/expert_amateur/vbm_ws/build/cpp_parameters' returned '0': CMAKE_PREFIX_PATH=${CMAKE_PREFIX_PATH}:/home/expert_amateur/voidwalking/ros2_ws/install/waypoints:/opt/ros/humble /usr/bin/cmake --install /home/expert_amateur/vbm_ws/build/cpp_parameters
[1.350s] Level 1:colcon.colcon_core.environment:checking '/home/expert_amateur/vbm_ws/install/cpp_parameters' for CMake config files
[1.351s] Level 1:colcon.colcon_core.shell:create_environment_hook('cpp_parameters', 'cmake_prefix_path')
[1.352s] INFO:colcon.colcon_core.shell:Creating environment hook '/home/expert_amateur/vbm_ws/install/cpp_parameters/share/cpp_parameters/hook/cmake_prefix_path.ps1'
[1.352s] INFO:colcon.colcon_core.shell:Creating environment descriptor '/home/expert_amateur/vbm_ws/install/cpp_parameters/share/cpp_parameters/hook/cmake_prefix_path.dsv'
[1.353s] INFO:colcon.colcon_core.shell:Creating environment hook '/home/expert_amateur/vbm_ws/install/cpp_parameters/share/cpp_parameters/hook/cmake_prefix_path.sh'
[1.353s] Level 1:colcon.colcon_core.environment:checking '/home/expert_amateur/vbm_ws/install/cpp_parameters/lib'
[1.353s] Level 1:colcon.colcon_core.environment:checking '/home/expert_amateur/vbm_ws/install/cpp_parameters/bin'
[1.353s] Level 1:colcon.colcon_core.environment:checking '/home/expert_amateur/vbm_ws/install/cpp_parameters/lib/pkgconfig/cpp_parameters.pc'
[1.353s] Level 1:colcon.colcon_core.environment:checking '/home/expert_amateur/vbm_ws/install/cpp_parameters/lib/python3.10/site-packages'
[1.354s] Level 1:colcon.colcon_core.environment:checking '/home/expert_amateur/vbm_ws/install/cpp_parameters/bin'
[1.355s] INFO:colcon.colcon_core.shell:Creating package script '/home/expert_amateur/vbm_ws/install/cpp_parameters/share/cpp_parameters/package.ps1'
[1.355s] INFO:colcon.colcon_core.shell:Creating package descriptor '/home/expert_amateur/vbm_ws/install/cpp_parameters/share/cpp_parameters/package.dsv'
[1.355s] INFO:colcon.colcon_core.shell:Creating package script '/home/expert_amateur/vbm_ws/install/cpp_parameters/share/cpp_parameters/package.sh'
[1.356s] INFO:colcon.colcon_core.shell:Creating package script '/home/expert_amateur/vbm_ws/install/cpp_parameters/share/cpp_parameters/package.bash'
[1.356s] INFO:colcon.colcon_core.shell:Creating package script '/home/expert_amateur/vbm_ws/install/cpp_parameters/share/cpp_parameters/package.zsh'
[1.356s] Level 1:colcon.colcon_core.environment:create_file_with_runtime_dependencies(/home/expert_amateur/vbm_ws/install/cpp_parameters/share/colcon-core/packages/cpp_parameters)
[1.377s] Level 1:colcon.colcon_core.environment:create_environment_scripts_only(cpp_parameters)
[1.379s] Level 1:colcon.colcon_core.environment:checking '/home/expert_amateur/vbm_ws/install/cpp_parameters' for CMake module files
[1.379s] Level 1:colcon.colcon_core.environment:checking '/home/expert_amateur/vbm_ws/install/cpp_parameters' for CMake config files
[1.380s] Level 1:colcon.colcon_core.shell:create_environment_hook('cpp_parameters', 'cmake_prefix_path')
[1.381s] INFO:colcon.colcon_core.shell:Creating environment hook '/home/expert_amateur/vbm_ws/install/cpp_parameters/share/cpp_parameters/hook/cmake_prefix_path.ps1'
[1.381s] INFO:colcon.colcon_core.shell:Creating environment descriptor '/home/expert_amateur/vbm_ws/install/cpp_parameters/share/cpp_parameters/hook/cmake_prefix_path.dsv'
[1.381s] INFO:colcon.colcon_core.shell:Creating environment hook '/home/expert_amateur/vbm_ws/install/cpp_parameters/share/cpp_parameters/hook/cmake_prefix_path.sh'
[1.382s] Level 1:colcon.colcon_core.environment:checking '/home/expert_amateur/vbm_ws/install/cpp_parameters/lib'
[1.382s] Level 1:colcon.colcon_core.environment:checking '/home/expert_amateur/vbm_ws/install/cpp_parameters/bin'
[1.382s] Level 1:colcon.colcon_core.environment:checking '/home/expert_amateur/vbm_ws/install/cpp_parameters/lib/pkgconfig/cpp_parameters.pc'
[1.382s] Level 1:colcon.colcon_core.environment:checking '/home/expert_amateur/vbm_ws/install/cpp_parameters/lib/python3.10/site-packages'
[1.382s] Level 1:colcon.colcon_core.environment:checking '/home/expert_amateur/vbm_ws/install/cpp_parameters/bin'
[1.384s] INFO:colcon.colcon_core.shell:Creating package script '/home/expert_amateur/vbm_ws/install/cpp_parameters/share/cpp_parameters/package.ps1'
[1.384s] INFO:colcon.colcon_core.shell:Creating package descriptor '/home/expert_amateur/vbm_ws/install/cpp_parameters/share/cpp_parameters/package.dsv'
[1.385s] INFO:colcon.colcon_core.shell:Creating package script '/home/expert_amateur/vbm_ws/install/cpp_parameters/share/cpp_parameters/package.sh'
[1.385s] INFO:colcon.colcon_core.shell:Creating package script '/home/expert_amateur/vbm_ws/install/cpp_parameters/share/cpp_parameters/package.bash'
[1.385s] INFO:colcon.colcon_core.shell:Creating package script '/home/expert_amateur/vbm_ws/install/cpp_parameters/share/cpp_parameters/package.zsh'
[1.386s] Level 1:colcon.colcon_core.environment:create_file_with_runtime_dependencies(/home/expert_amateur/vbm_ws/install/cpp_parameters/share/colcon-core/packages/cpp_parameters)
[1.386s] DEBUG:colcon.colcon_parallel_executor.executor.parallel:closing loop
[1.386s] DEBUG:colcon.colcon_parallel_executor.executor.parallel:loop closed
[1.386s] DEBUG:colcon.colcon_parallel_executor.executor.parallel:run_until_complete finished with '0'
[1.386s] DEBUG:colcon.colcon_core.event_reactor:joining thread
[1.391s] INFO:colcon.colcon_core.plugin_system:Skipping extension 'colcon_notification.desktop_notification.terminal_notifier': Not used on non-Darwin systems
[1.391s] INFO:colcon.colcon_core.plugin_system:Skipping extension 'colcon_notification.desktop_notification.win32': Not used on non-Windows systems
[1.391s] INFO:colcon.colcon_notification.desktop_notification:Sending desktop notification using 'notify2'
[1.401s] DEBUG:colcon.colcon_core.event_reactor:joined thread
[1.402s] INFO:colcon.colcon_core.shell:Creating prefix script '/home/expert_amateur/vbm_ws/install/local_setup.ps1'
[1.403s] INFO:colcon.colcon_core.shell:Creating prefix util module '/home/expert_amateur/vbm_ws/install/_local_setup_util_ps1.py'
[1.404s] INFO:colcon.colcon_core.shell:Creating prefix chain script '/home/expert_amateur/vbm_ws/install/setup.ps1'
[1.406s] INFO:colcon.colcon_core.shell:Creating prefix script '/home/expert_amateur/vbm_ws/install/local_setup.sh'
[1.407s] INFO:colcon.colcon_core.shell:Creating prefix util module '/home/expert_amateur/vbm_ws/install/_local_setup_util_sh.py'
[1.407s] INFO:colcon.colcon_core.shell:Creating prefix chain script '/home/expert_amateur/vbm_ws/install/setup.sh'
[1.409s] INFO:colcon.colcon_core.shell:Creating prefix script '/home/expert_amateur/vbm_ws/install/local_setup.bash'
[1.409s] INFO:colcon.colcon_core.shell:Creating prefix chain script '/home/expert_amateur/vbm_ws/install/setup.bash'
[1.411s] INFO:colcon.colcon_core.shell:Creating prefix script '/home/expert_amateur/vbm_ws/install/local_setup.zsh'
[1.411s] INFO:colcon.colcon_core.shell:Creating prefix chain script '/home/expert_amateur/vbm_ws/install/setup.zsh'
