-- Found ament_cmake: 1.3.5 (/opt/ros/humble/share/ament_cmake/cmake)
-- Found rclcpp: 16.0.5 (/opt/ros/humble/share/rclcpp/cmake)
-- Found rosidl_generator_c: 3.1.5 (/opt/ros/humble/share/rosidl_generator_c/cmake)
-- Found rosidl_adapter: 3.1.5 (/opt/ros/humble/share/rosidl_adapter/cmake)
-- Found rosidl_generator_cpp: 3.1.5 (/opt/ros/humble/share/rosidl_generator_cpp/cmake)
-- Using all available rosidl_typesupport_c: rosidl_typesupport_fastrtps_c;rosidl_typesupport_introspection_c
-- Using all available rosidl_typesupport_cpp: rosidl_typesupport_fastrtps_cpp;rosidl_typesupport_introspection_cpp
-- Found rmw_implementation_cmake: 6.1.1 (/opt/ros/humble/share/rmw_implementation_cmake/cmake)
-- Found rmw_fastrtps_cpp: 6.2.3 (/opt/ros/humble/share/rmw_fastrtps_cpp/cmake)
-- Using RMW implementation 'rmw_fastrtps_cpp' as default
-- Found gps_msgs: 2.0.2 (/opt/ros/humble/share/gps_msgs/cmake)
-- Found tutorial_interfaces: 0.0.0 (/home/expert_amateur/vbm_ws/install/tutorial_interfaces/share/tutorial_interfaces/cmake)
-- Found ament_lint_auto: 0.12.7 (/opt/ros/humble/share/ament_lint_auto/cmake)
-- Added test 'cppcheck' to perform static code analysis on C / C++ code
-- Configured cppcheck include dirs: 
-- Configured cppcheck exclude dirs and/or files: 
-- Added test 'flake8' to check Python code syntax and style conventions
-- Added test 'lint_cmake' to check CMake code style
-- Added test 'pep257' to check Python code against some of the docstring style conventions in PEP 257
-- Added test 'uncrustify' to check C / C++ code style
-- Configured uncrustify additional arguments: 
-- Added test 'xmllint' to check XML markup files
-- Configuring done
-- Generating done
-- Build files have been written to: /home/expert_amateur/vbm_ws/src/cpp_pubsub/build/cpp_pubsub
[35m[1mConsolidate compiler generated dependencies of target talker[0m
[35m[1mConsolidate compiler generated dependencies of target listener[0m
[ 50%] [32mBuilding CXX object CMakeFiles/listener.dir/src/subscriber_member_function.cpp.o[0m
[ 50%] [32mBuilding CXX object CMakeFiles/talker.dir/src/publisher_member_function.cpp.o[0m
In file included from [01m[K/opt/ros/humble/include/rclcpp/rclcpp/client.hpp:40[m[K,
                 from [01m[K/opt/ros/humble/include/rclcpp/rclcpp/callback_group.hpp:24[m[K,
                 from [01m[K/opt/ros/humble/include/rclcpp/rclcpp/any_executable.hpp:20[m[K,
                 from [01m[K/opt/ros/humble/include/rclcpp/rclcpp/memory_strategy.hpp:25[m[K,
                 from [01m[K/opt/ros/humble/include/rclcpp/rclcpp/memory_strategies.hpp:18[m[K,
                 from [01m[K/opt/ros/humble/include/rclcpp/rclcpp/executor_options.hpp:20[m[K,
                 from [01m[K/opt/ros/humble/include/rclcpp/rclcpp/executor.hpp:37[m[K,
                 from [01m[K/opt/ros/humble/include/rclcpp/rclcpp/executors/multi_threaded_executor.hpp:25[m[K,
                 from [01m[K/opt/ros/humble/include/rclcpp/rclcpp/executors.hpp:21[m[K,
                 from [01m[K/opt/ros/humble/include/rclcpp/rclcpp/rclcpp.hpp:155[m[K,
                 from [01m[K/home/expert_amateur/vbm_ws/src/cpp_pubsub/src/publisher_member_function.cpp:24[m[K:
[01m[K/home/expert_amateur/vbm_ws/src/cpp_pubsub/src/publisher_member_function.cpp:[m[K In member function ‘[01m[Kvoid MinimalPublisher::timer_callback()[m[K’:
[01m[K/home/expert_amateur/vbm_ws/src/cpp_pubsub/src/publisher_member_function.cpp:50:5:[m[K [01;31m[Kerror: [m[Kexpected ‘[01m[K;[m[K’ before ‘[01m[Kdo[m[K’
   50 |     [01;31m[KRCLCPP_INFO[m[K(this->get_logger(), "Publishing: '"<<message.num<<"'");
      |     [01;31m[K^~~~~~~~~~~[m[K
gmake[2]: *** [CMakeFiles/talker.dir/build.make:76: CMakeFiles/talker.dir/src/publisher_member_function.cpp.o] Error 1
gmake[1]: *** [CMakeFiles/Makefile2:139: CMakeFiles/talker.dir/all] Error 2
gmake[1]: *** Waiting for unfinished jobs....
[ 75%] [32m[1mLinking CXX executable listener[0m
[ 75%] Built target listener
gmake: *** [Makefile:146: all] Error 2
