[0.016s] Invoking command in '/home/expert_amateur/vbm_ws/build/more_interfaces': CMAKE_PREFIX_PATH=${CMAKE_PREFIX_PATH}:/home/expert_amateur/voidwalking/ros2_ws/install/waypoints:/opt/ros/humble /usr/bin/cmake --build /home/expert_amateur/vbm_ws/build/more_interfaces -- -j12 -l12
[0.058s] [  3%] Built target more_interfaces__cpp
[0.058s] [ 12%] Built target more_interfaces__rosidl_generator_c
[0.075s] [ 12%] Built target ament_cmake_python_copy_more_interfaces
[0.086s] [ 21%] Built target more_interfaces__rosidl_typesupport_fastrtps_cpp
[0.090s] [ 30%] Built target more_interfaces__rosidl_typesupport_c
[0.090s] [ 39%] Built target more_interfaces__rosidl_typesupport_introspection_c
[0.091s] [ 57%] Built target more_interfaces__rosidl_typesupport_introspection_cpp
[0.091s] [ 57%] Built target more_interfaces__rosidl_typesupport_cpp
[0.098s] [ 66%] Built target more_interfaces__rosidl_typesupport_fastrtps_c
[0.114s] [ 72%] Built target publish_address_book
[0.115s] [ 72%] Built target more_interfaces
[0.132s] [ 75%] Built target more_interfaces__py
[0.153s] [ 81%] Built target more_interfaces__rosidl_generator_py
[0.173s] [ 87%] Built target more_interfaces__rosidl_typesupport_introspection_c__pyext
[0.176s] [ 96%] Built target more_interfaces__rosidl_typesupport_fastrtps_c__pyext
[0.176s] [100%] Built target more_interfaces__rosidl_typesupport_c__pyext
[0.374s] running egg_info
[0.374s] writing more_interfaces.egg-info/PKG-INFO
[0.375s] writing dependency_links to more_interfaces.egg-info/dependency_links.txt
[0.375s] writing top-level names to more_interfaces.egg-info/top_level.txt
[0.377s] reading manifest file 'more_interfaces.egg-info/SOURCES.txt'
[0.377s] writing manifest file 'more_interfaces.egg-info/SOURCES.txt'
[0.400s] [100%] Built target ament_cmake_python_build_more_interfaces_egg
[0.410s] Invoked command in '/home/expert_amateur/vbm_ws/build/more_interfaces' returned '0': CMAKE_PREFIX_PATH=${CMAKE_PREFIX_PATH}:/home/expert_amateur/voidwalking/ros2_ws/install/waypoints:/opt/ros/humble /usr/bin/cmake --build /home/expert_amateur/vbm_ws/build/more_interfaces -- -j12 -l12
[0.465s] Invoking command in '/home/expert_amateur/vbm_ws/build/more_interfaces': CMAKE_PREFIX_PATH=${CMAKE_PREFIX_PATH}:/home/expert_amateur/voidwalking/ros2_ws/install/waypoints:/opt/ros/humble /usr/bin/cmake --install /home/expert_amateur/vbm_ws/build/more_interfaces
[0.472s] -- Install configuration: ""
[0.472s] -- Up-to-date: /home/expert_amateur/vbm_ws/install/more_interfaces/share/ament_index/resource_index/rosidl_interfaces/more_interfaces
[0.472s] -- Up-to-date: /home/expert_amateur/vbm_ws/install/more_interfaces/include/more_interfaces/more_interfaces
[0.473s] -- Up-to-date: /home/expert_amateur/vbm_ws/install/more_interfaces/include/more_interfaces/more_interfaces/msg
[0.473s] -- Up-to-date: /home/expert_amateur/vbm_ws/install/more_interfaces/include/more_interfaces/more_interfaces/msg/detail
[0.473s] -- Up-to-date: /home/expert_amateur/vbm_ws/install/more_interfaces/include/more_interfaces/more_interfaces/msg/detail/address_book__functions.c
[0.473s] -- Up-to-date: /home/expert_amateur/vbm_ws/install/more_interfaces/include/more_interfaces/more_interfaces/msg/detail/address_book__struct.h
[0.473s] -- Up-to-date: /home/expert_amateur/vbm_ws/install/more_interfaces/include/more_interfaces/more_interfaces/msg/detail/address_book__functions.h
[0.473s] -- Up-to-date: /home/expert_amateur/vbm_ws/install/more_interfaces/include/more_interfaces/more_interfaces/msg/detail/address_book__type_support.h
[0.473s] -- Up-to-date: /home/expert_amateur/vbm_ws/install/more_interfaces/include/more_interfaces/more_interfaces/msg/rosidl_generator_c__visibility_control.h
[0.473s] -- Up-to-date: /home/expert_amateur/vbm_ws/install/more_interfaces/include/more_interfaces/more_interfaces/msg/address_book.h
[0.473s] -- Up-to-date: /home/expert_amateur/vbm_ws/install/more_interfaces/share/more_interfaces/environment/library_path.sh
[0.473s] -- Up-to-date: /home/expert_amateur/vbm_ws/install/more_interfaces/share/more_interfaces/environment/library_path.dsv
[0.473s] -- Up-to-date: /home/expert_amateur/vbm_ws/install/more_interfaces/lib/libmore_interfaces__rosidl_generator_c.so
[0.473s] -- Up-to-date: /home/expert_amateur/vbm_ws/install/more_interfaces/include/more_interfaces/more_interfaces
[0.474s] -- Up-to-date: /home/expert_amateur/vbm_ws/install/more_interfaces/include/more_interfaces/more_interfaces/msg
[0.474s] -- Up-to-date: /home/expert_amateur/vbm_ws/install/more_interfaces/include/more_interfaces/more_interfaces/msg/rosidl_typesupport_fastrtps_c__visibility_control.h
[0.474s] -- Up-to-date: /home/expert_amateur/vbm_ws/install/more_interfaces/include/more_interfaces/more_interfaces/msg/detail
[0.474s] -- Up-to-date: /home/expert_amateur/vbm_ws/install/more_interfaces/include/more_interfaces/more_interfaces/msg/detail/address_book__rosidl_typesupport_fastrtps_c.h
[0.474s] -- Up-to-date: /home/expert_amateur/vbm_ws/install/more_interfaces/lib/libmore_interfaces__rosidl_typesupport_fastrtps_c.so
[0.474s] -- Up-to-date: /home/expert_amateur/vbm_ws/install/more_interfaces/include/more_interfaces/more_interfaces
[0.474s] -- Up-to-date: /home/expert_amateur/vbm_ws/install/more_interfaces/include/more_interfaces/more_interfaces/msg
[0.474s] -- Up-to-date: /home/expert_amateur/vbm_ws/install/more_interfaces/include/more_interfaces/more_interfaces/msg/address_book.hpp
[0.474s] -- Up-to-date: /home/expert_amateur/vbm_ws/install/more_interfaces/include/more_interfaces/more_interfaces/msg/detail
[0.474s] -- Up-to-date: /home/expert_amateur/vbm_ws/install/more_interfaces/include/more_interfaces/more_interfaces/msg/detail/address_book__struct.hpp
[0.474s] -- Up-to-date: /home/expert_amateur/vbm_ws/install/more_interfaces/include/more_interfaces/more_interfaces/msg/detail/address_book__builder.hpp
[0.474s] -- Up-to-date: /home/expert_amateur/vbm_ws/install/more_interfaces/include/more_interfaces/more_interfaces/msg/detail/address_book__traits.hpp
[0.475s] -- Up-to-date: /home/expert_amateur/vbm_ws/install/more_interfaces/include/more_interfaces/more_interfaces
[0.475s] -- Up-to-date: /home/expert_amateur/vbm_ws/install/more_interfaces/include/more_interfaces/more_interfaces/msg
[0.475s] -- Up-to-date: /home/expert_amateur/vbm_ws/install/more_interfaces/include/more_interfaces/more_interfaces/msg/rosidl_typesupport_fastrtps_cpp__visibility_control.h
[0.475s] -- Up-to-date: /home/expert_amateur/vbm_ws/install/more_interfaces/include/more_interfaces/more_interfaces/msg/detail
[0.475s] -- Up-to-date: /home/expert_amateur/vbm_ws/install/more_interfaces/include/more_interfaces/more_interfaces/msg/detail/address_book__rosidl_typesupport_fastrtps_cpp.hpp
[0.475s] -- Up-to-date: /home/expert_amateur/vbm_ws/install/more_interfaces/include/more_interfaces/more_interfaces/msg/detail/dds_fastrtps
[0.475s] -- Up-to-date: /home/expert_amateur/vbm_ws/install/more_interfaces/lib/libmore_interfaces__rosidl_typesupport_fastrtps_cpp.so
[0.475s] -- Up-to-date: /home/expert_amateur/vbm_ws/install/more_interfaces/include/more_interfaces/more_interfaces
[0.475s] -- Up-to-date: /home/expert_amateur/vbm_ws/install/more_interfaces/include/more_interfaces/more_interfaces/msg
[0.475s] -- Up-to-date: /home/expert_amateur/vbm_ws/install/more_interfaces/include/more_interfaces/more_interfaces/msg/rosidl_typesupport_introspection_c__visibility_control.h
[0.475s] -- Up-to-date: /home/expert_amateur/vbm_ws/install/more_interfaces/include/more_interfaces/more_interfaces/msg/detail
[0.475s] -- Up-to-date: /home/expert_amateur/vbm_ws/install/more_interfaces/include/more_interfaces/more_interfaces/msg/detail/address_book__rosidl_typesupport_introspection_c.h
[0.475s] -- Up-to-date: /home/expert_amateur/vbm_ws/install/more_interfaces/include/more_interfaces/more_interfaces/msg/detail/address_book__type_support.c
[0.475s] -- Up-to-date: /home/expert_amateur/vbm_ws/install/more_interfaces/lib/libmore_interfaces__rosidl_typesupport_introspection_c.so
[0.476s] -- Up-to-date: /home/expert_amateur/vbm_ws/install/more_interfaces/lib/libmore_interfaces__rosidl_typesupport_c.so
[0.476s] -- Up-to-date: /home/expert_amateur/vbm_ws/install/more_interfaces/include/more_interfaces/more_interfaces
[0.476s] -- Up-to-date: /home/expert_amateur/vbm_ws/install/more_interfaces/include/more_interfaces/more_interfaces/msg
[0.476s] -- Up-to-date: /home/expert_amateur/vbm_ws/install/more_interfaces/include/more_interfaces/more_interfaces/msg/detail
[0.476s] -- Up-to-date: /home/expert_amateur/vbm_ws/install/more_interfaces/include/more_interfaces/more_interfaces/msg/detail/address_book__type_support.cpp
[0.476s] -- Up-to-date: /home/expert_amateur/vbm_ws/install/more_interfaces/include/more_interfaces/more_interfaces/msg/detail/address_book__rosidl_typesupport_introspection_cpp.hpp
[0.476s] -- Up-to-date: /home/expert_amateur/vbm_ws/install/more_interfaces/lib/libmore_interfaces__rosidl_typesupport_introspection_cpp.so
[0.476s] -- Up-to-date: /home/expert_amateur/vbm_ws/install/more_interfaces/lib/libmore_interfaces__rosidl_typesupport_cpp.so
[0.476s] -- Up-to-date: /home/expert_amateur/vbm_ws/install/more_interfaces/share/more_interfaces/environment/pythonpath.sh
[0.476s] -- Up-to-date: /home/expert_amateur/vbm_ws/install/more_interfaces/share/more_interfaces/environment/pythonpath.dsv
[0.476s] -- Up-to-date: /home/expert_amateur/vbm_ws/install/more_interfaces/local/lib/python3.10/dist-packages/more_interfaces-0.0.0-py3.10.egg-info
[0.476s] -- Installing: /home/expert_amateur/vbm_ws/install/more_interfaces/local/lib/python3.10/dist-packages/more_interfaces-0.0.0-py3.10.egg-info/SOURCES.txt
[0.476s] -- Installing: /home/expert_amateur/vbm_ws/install/more_interfaces/local/lib/python3.10/dist-packages/more_interfaces-0.0.0-py3.10.egg-info/PKG-INFO
[0.477s] -- Installing: /home/expert_amateur/vbm_ws/install/more_interfaces/local/lib/python3.10/dist-packages/more_interfaces-0.0.0-py3.10.egg-info/dependency_links.txt
[0.477s] -- Installing: /home/expert_amateur/vbm_ws/install/more_interfaces/local/lib/python3.10/dist-packages/more_interfaces-0.0.0-py3.10.egg-info/top_level.txt
[0.477s] -- Up-to-date: /home/expert_amateur/vbm_ws/install/more_interfaces/local/lib/python3.10/dist-packages/more_interfaces
[0.477s] -- Up-to-date: /home/expert_amateur/vbm_ws/install/more_interfaces/local/lib/python3.10/dist-packages/more_interfaces/__init__.py
[0.477s] -- Up-to-date: /home/expert_amateur/vbm_ws/install/more_interfaces/local/lib/python3.10/dist-packages/more_interfaces/more_interfaces_s__rosidl_typesupport_introspection_c.cpython-310-x86_64-linux-gnu.so
[0.477s] -- Up-to-date: /home/expert_amateur/vbm_ws/install/more_interfaces/local/lib/python3.10/dist-packages/more_interfaces/_more_interfaces_s.ep.rosidl_typesupport_c.c
[0.477s] -- Up-to-date: /home/expert_amateur/vbm_ws/install/more_interfaces/local/lib/python3.10/dist-packages/more_interfaces/_more_interfaces_s.ep.rosidl_typesupport_fastrtps_c.c
[0.477s] -- Up-to-date: /home/expert_amateur/vbm_ws/install/more_interfaces/local/lib/python3.10/dist-packages/more_interfaces/more_interfaces_s__rosidl_typesupport_fastrtps_c.cpython-310-x86_64-linux-gnu.so
[0.477s] -- Up-to-date: /home/expert_amateur/vbm_ws/install/more_interfaces/local/lib/python3.10/dist-packages/more_interfaces/_more_interfaces_s.ep.rosidl_typesupport_introspection_c.c
[0.477s] -- Up-to-date: /home/expert_amateur/vbm_ws/install/more_interfaces/local/lib/python3.10/dist-packages/more_interfaces/more_interfaces_s__rosidl_typesupport_c.cpython-310-x86_64-linux-gnu.so
[0.477s] -- Up-to-date: /home/expert_amateur/vbm_ws/install/more_interfaces/local/lib/python3.10/dist-packages/more_interfaces/msg
[0.477s] -- Up-to-date: /home/expert_amateur/vbm_ws/install/more_interfaces/local/lib/python3.10/dist-packages/more_interfaces/msg/__init__.py
[0.477s] -- Up-to-date: /home/expert_amateur/vbm_ws/install/more_interfaces/local/lib/python3.10/dist-packages/more_interfaces/msg/_address_book_s.c
[0.477s] -- Up-to-date: /home/expert_amateur/vbm_ws/install/more_interfaces/local/lib/python3.10/dist-packages/more_interfaces/msg/_address_book.py
[0.478s] -- Up-to-date: /home/expert_amateur/vbm_ws/install/more_interfaces/local/lib/python3.10/dist-packages/more_interfaces/libmore_interfaces__rosidl_generator_py.so
[0.507s] Listing '/home/expert_amateur/vbm_ws/install/more_interfaces/local/lib/python3.10/dist-packages/more_interfaces'...
[0.507s] Listing '/home/expert_amateur/vbm_ws/install/more_interfaces/local/lib/python3.10/dist-packages/more_interfaces/msg'...
[0.511s] -- Up-to-date: /home/expert_amateur/vbm_ws/install/more_interfaces/local/lib/python3.10/dist-packages/more_interfaces/more_interfaces_s__rosidl_typesupport_fastrtps_c.cpython-310-x86_64-linux-gnu.so
[0.511s] -- Up-to-date: /home/expert_amateur/vbm_ws/install/more_interfaces/local/lib/python3.10/dist-packages/more_interfaces/more_interfaces_s__rosidl_typesupport_introspection_c.cpython-310-x86_64-linux-gnu.so
[0.511s] -- Up-to-date: /home/expert_amateur/vbm_ws/install/more_interfaces/local/lib/python3.10/dist-packages/more_interfaces/more_interfaces_s__rosidl_typesupport_c.cpython-310-x86_64-linux-gnu.so
[0.511s] -- Up-to-date: /home/expert_amateur/vbm_ws/install/more_interfaces/lib/libmore_interfaces__rosidl_generator_py.so
[0.512s] -- Up-to-date: /home/expert_amateur/vbm_ws/install/more_interfaces/share/more_interfaces/msg/AddressBook.idl
[0.512s] -- Up-to-date: /home/expert_amateur/vbm_ws/install/more_interfaces/share/more_interfaces/msg/AddressBook.msg
[0.512s] -- Up-to-date: /home/expert_amateur/vbm_ws/install/more_interfaces/lib/more_interfaces/publish_address_book
[0.512s] -- Up-to-date: /home/expert_amateur/vbm_ws/install/more_interfaces/share/ament_index/resource_index/package_run_dependencies/more_interfaces
[0.512s] -- Up-to-date: /home/expert_amateur/vbm_ws/install/more_interfaces/share/ament_index/resource_index/parent_prefix_path/more_interfaces
[0.512s] -- Up-to-date: /home/expert_amateur/vbm_ws/install/more_interfaces/share/more_interfaces/environment/ament_prefix_path.sh
[0.512s] -- Up-to-date: /home/expert_amateur/vbm_ws/install/more_interfaces/share/more_interfaces/environment/ament_prefix_path.dsv
[0.512s] -- Up-to-date: /home/expert_amateur/vbm_ws/install/more_interfaces/share/more_interfaces/environment/path.sh
[0.512s] -- Up-to-date: /home/expert_amateur/vbm_ws/install/more_interfaces/share/more_interfaces/environment/path.dsv
[0.512s] -- Up-to-date: /home/expert_amateur/vbm_ws/install/more_interfaces/share/more_interfaces/local_setup.bash
[0.512s] -- Up-to-date: /home/expert_amateur/vbm_ws/install/more_interfaces/share/more_interfaces/local_setup.sh
[0.512s] -- Up-to-date: /home/expert_amateur/vbm_ws/install/more_interfaces/share/more_interfaces/local_setup.zsh
[0.512s] -- Up-to-date: /home/expert_amateur/vbm_ws/install/more_interfaces/share/more_interfaces/local_setup.dsv
[0.512s] -- Installing: /home/expert_amateur/vbm_ws/install/more_interfaces/share/more_interfaces/package.dsv
[0.512s] -- Up-to-date: /home/expert_amateur/vbm_ws/install/more_interfaces/share/ament_index/resource_index/packages/more_interfaces
[0.513s] -- Up-to-date: /home/expert_amateur/vbm_ws/install/more_interfaces/share/more_interfaces/cmake/export_more_interfaces__rosidl_generator_cExport.cmake
[0.513s] -- Up-to-date: /home/expert_amateur/vbm_ws/install/more_interfaces/share/more_interfaces/cmake/export_more_interfaces__rosidl_generator_cExport-noconfig.cmake
[0.513s] -- Up-to-date: /home/expert_amateur/vbm_ws/install/more_interfaces/share/more_interfaces/cmake/export_more_interfaces__rosidl_typesupport_fastrtps_cExport.cmake
[0.513s] -- Up-to-date: /home/expert_amateur/vbm_ws/install/more_interfaces/share/more_interfaces/cmake/export_more_interfaces__rosidl_typesupport_fastrtps_cExport-noconfig.cmake
[0.513s] -- Up-to-date: /home/expert_amateur/vbm_ws/install/more_interfaces/share/more_interfaces/cmake/export_more_interfaces__rosidl_generator_cppExport.cmake
[0.513s] -- Up-to-date: /home/expert_amateur/vbm_ws/install/more_interfaces/share/more_interfaces/cmake/export_more_interfaces__rosidl_typesupport_fastrtps_cppExport.cmake
[0.513s] -- Up-to-date: /home/expert_amateur/vbm_ws/install/more_interfaces/share/more_interfaces/cmake/export_more_interfaces__rosidl_typesupport_fastrtps_cppExport-noconfig.cmake
[0.513s] -- Up-to-date: /home/expert_amateur/vbm_ws/install/more_interfaces/share/more_interfaces/cmake/more_interfaces__rosidl_typesupport_introspection_cExport.cmake
[0.513s] -- Up-to-date: /home/expert_amateur/vbm_ws/install/more_interfaces/share/more_interfaces/cmake/more_interfaces__rosidl_typesupport_introspection_cExport-noconfig.cmake
[0.513s] -- Up-to-date: /home/expert_amateur/vbm_ws/install/more_interfaces/share/more_interfaces/cmake/more_interfaces__rosidl_typesupport_cExport.cmake
[0.513s] -- Up-to-date: /home/expert_amateur/vbm_ws/install/more_interfaces/share/more_interfaces/cmake/more_interfaces__rosidl_typesupport_cExport-noconfig.cmake
[0.513s] -- Up-to-date: /home/expert_amateur/vbm_ws/install/more_interfaces/share/more_interfaces/cmake/more_interfaces__rosidl_typesupport_introspection_cppExport.cmake
[0.513s] -- Up-to-date: /home/expert_amateur/vbm_ws/install/more_interfaces/share/more_interfaces/cmake/more_interfaces__rosidl_typesupport_introspection_cppExport-noconfig.cmake
[0.513s] -- Up-to-date: /home/expert_amateur/vbm_ws/install/more_interfaces/share/more_interfaces/cmake/more_interfaces__rosidl_typesupport_cppExport.cmake
[0.513s] -- Up-to-date: /home/expert_amateur/vbm_ws/install/more_interfaces/share/more_interfaces/cmake/more_interfaces__rosidl_typesupport_cppExport-noconfig.cmake
[0.513s] -- Up-to-date: /home/expert_amateur/vbm_ws/install/more_interfaces/share/more_interfaces/cmake/export_more_interfaces__rosidl_generator_pyExport.cmake
[0.514s] -- Up-to-date: /home/expert_amateur/vbm_ws/install/more_interfaces/share/more_interfaces/cmake/export_more_interfaces__rosidl_generator_pyExport-noconfig.cmake
[0.514s] -- Up-to-date: /home/expert_amateur/vbm_ws/install/more_interfaces/share/more_interfaces/cmake/rosidl_cmake-extras.cmake
[0.514s] -- Up-to-date: /home/expert_amateur/vbm_ws/install/more_interfaces/share/more_interfaces/cmake/ament_cmake_export_include_directories-extras.cmake
[0.514s] -- Up-to-date: /home/expert_amateur/vbm_ws/install/more_interfaces/share/more_interfaces/cmake/ament_cmake_export_libraries-extras.cmake
[0.514s] -- Up-to-date: /home/expert_amateur/vbm_ws/install/more_interfaces/share/more_interfaces/cmake/ament_cmake_export_targets-extras.cmake
[0.514s] -- Up-to-date: /home/expert_amateur/vbm_ws/install/more_interfaces/share/more_interfaces/cmake/rosidl_cmake_export_typesupport_targets-extras.cmake
[0.514s] -- Up-to-date: /home/expert_amateur/vbm_ws/install/more_interfaces/share/more_interfaces/cmake/ament_cmake_export_dependencies-extras.cmake
[0.514s] -- Up-to-date: /home/expert_amateur/vbm_ws/install/more_interfaces/share/more_interfaces/cmake/rosidl_cmake_export_typesupport_libraries-extras.cmake
[0.514s] -- Up-to-date: /home/expert_amateur/vbm_ws/install/more_interfaces/share/more_interfaces/cmake/more_interfacesConfig.cmake
[0.514s] -- Up-to-date: /home/expert_amateur/vbm_ws/install/more_interfaces/share/more_interfaces/cmake/more_interfacesConfig-version.cmake
[0.514s] -- Up-to-date: /home/expert_amateur/vbm_ws/install/more_interfaces/share/more_interfaces/package.xml
[0.515s] Invoked command in '/home/expert_amateur/vbm_ws/build/more_interfaces' returned '0': CMAKE_PREFIX_PATH=${CMAKE_PREFIX_PATH}:/home/expert_amateur/voidwalking/ros2_ws/install/waypoints:/opt/ros/humble /usr/bin/cmake --install /home/expert_amateur/vbm_ws/build/more_interfaces
