[0.023s] Invoking command in '/home/expert_amateur/vbm_ws/build/cpp_pubsub': CMAKE_PREFIX_PATH=${CMAKE_PREFIX_PATH}:/home/expert_amateur/voidwalking/ros2_ws/install/waypoints:/opt/ros/humble /usr/bin/cmake /home/expert_amateur/vbm_ws/src/cpp_pubsub -DCMAKE_INSTALL_PREFIX=/home/expert_amateur/vbm_ws/install/cpp_pubsub
[0.167s] -- The C compiler identification is GNU 11.4.0
[0.294s] -- The CXX compiler identification is GNU 11.4.0
[0.304s] -- Detecting C compiler ABI info
[0.371s] -- Detecting C compiler ABI info - done
[0.381s] -- Check for working C compiler: /usr/bin/cc - skipped
[0.381s] -- Detecting C compile features
[0.382s] -- Detecting C compile features - done
[0.386s] -- Detecting CXX compiler ABI info
[0.456s] -- Detecting CXX compiler ABI info - done
[0.464s] -- Check for working CXX compiler: /usr/bin/c++ - skipped
[0.464s] -- Detecting CXX compile features
[0.464s] -- Detecting CXX compile features - done
[0.470s] -- Found ament_cmake: 1.3.5 (/opt/ros/humble/share/ament_cmake/cmake)
[0.636s] -- Found Python3: /usr/bin/python3.10 (found version "3.10.12") found components: Interpreter 
[0.738s] -- Found rclcpp: 16.0.5 (/opt/ros/humble/share/rclcpp/cmake)
[0.797s] -- Found rosidl_generator_c: 3.1.5 (/opt/ros/humble/share/rosidl_generator_c/cmake)
[0.805s] -- Found rosidl_adapter: 3.1.5 (/opt/ros/humble/share/rosidl_adapter/cmake)
[0.816s] -- Found rosidl_generator_cpp: 3.1.5 (/opt/ros/humble/share/rosidl_generator_cpp/cmake)
[0.836s] -- Using all available rosidl_typesupport_c: rosidl_typesupport_fastrtps_c;rosidl_typesupport_introspection_c
[0.861s] -- Using all available rosidl_typesupport_cpp: rosidl_typesupport_fastrtps_cpp;rosidl_typesupport_introspection_cpp
[0.948s] -- Found rmw_implementation_cmake: 6.1.1 (/opt/ros/humble/share/rmw_implementation_cmake/cmake)
[0.952s] -- Found rmw_fastrtps_cpp: 6.2.3 (/opt/ros/humble/share/rmw_fastrtps_cpp/cmake)
[1.052s] -- Found OpenSSL: /usr/lib/x86_64-linux-gnu/libcrypto.so (found version "3.0.2")  
[1.080s] -- Found FastRTPS: /opt/ros/humble/include  
[1.125s] -- Using RMW implementation 'rmw_fastrtps_cpp' as default
[1.139s] -- Looking for pthread.h
[1.253s] -- Looking for pthread.h - found
[1.253s] -- Performing Test CMAKE_HAVE_LIBC_PTHREAD
[1.323s] -- Performing Test CMAKE_HAVE_LIBC_PTHREAD - Success
[1.325s] -- Found Threads: TRUE  
[1.514s] -- Found ament_lint_auto: 0.12.7 (/opt/ros/humble/share/ament_lint_auto/cmake)
[1.607s] -- Added test 'cppcheck' to perform static code analysis on C / C++ code
[1.607s] -- Configured cppcheck include dirs: 
[1.607s] -- Configured cppcheck exclude dirs and/or files: 
[1.608s] -- Added test 'lint_cmake' to check CMake code style
[1.609s] -- Added test 'uncrustify' to check C / C++ code style
[1.609s] -- Configured uncrustify additional arguments: 
[1.610s] -- Added test 'xmllint' to check XML markup files
[1.612s] -- Configuring done
[1.622s] -- Generating done
[1.623s] -- Build files have been written to: /home/expert_amateur/vbm_ws/build/cpp_pubsub
[1.630s] Invoked command in '/home/expert_amateur/vbm_ws/build/cpp_pubsub' returned '0': CMAKE_PREFIX_PATH=${CMAKE_PREFIX_PATH}:/home/expert_amateur/voidwalking/ros2_ws/install/waypoints:/opt/ros/humble /usr/bin/cmake /home/expert_amateur/vbm_ws/src/cpp_pubsub -DCMAKE_INSTALL_PREFIX=/home/expert_amateur/vbm_ws/install/cpp_pubsub
[1.632s] Invoking command in '/home/expert_amateur/vbm_ws/build/cpp_pubsub': CMAKE_PREFIX_PATH=${CMAKE_PREFIX_PATH}:/home/expert_amateur/voidwalking/ros2_ws/install/waypoints:/opt/ros/humble /usr/bin/cmake --build /home/expert_amateur/vbm_ws/build/cpp_pubsub -- -j12 -l12
[1.672s] [ 50%] [32mBuilding CXX object CMakeFiles/listener.dir/src/subscriber_member_function.cpp.o[0m
[1.672s] [ 50%] [32mBuilding CXX object CMakeFiles/talker.dir/src/publisher_member_function.cpp.o[0m
[5.796s] [ 75%] [32m[1mLinking CXX executable talker[0m
[5.965s] [ 75%] Built target talker
[9.124s] [100%] [32m[1mLinking CXX executable listener[0m
[9.424s] [100%] Built target listener
[9.433s] Invoked command in '/home/expert_amateur/vbm_ws/build/cpp_pubsub' returned '0': CMAKE_PREFIX_PATH=${CMAKE_PREFIX_PATH}:/home/expert_amateur/voidwalking/ros2_ws/install/waypoints:/opt/ros/humble /usr/bin/cmake --build /home/expert_amateur/vbm_ws/build/cpp_pubsub -- -j12 -l12
[9.463s] Invoking command in '/home/expert_amateur/vbm_ws/build/cpp_pubsub': CMAKE_PREFIX_PATH=${CMAKE_PREFIX_PATH}:/home/expert_amateur/voidwalking/ros2_ws/install/waypoints:/opt/ros/humble /usr/bin/cmake --install /home/expert_amateur/vbm_ws/build/cpp_pubsub
[9.470s] -- Install configuration: ""
[9.470s] -- Installing: /home/expert_amateur/vbm_ws/install/cpp_pubsub/lib/cpp_pubsub/talker
[9.471s] -- Set runtime path of "/home/expert_amateur/vbm_ws/install/cpp_pubsub/lib/cpp_pubsub/talker" to ""
[9.471s] -- Installing: /home/expert_amateur/vbm_ws/install/cpp_pubsub/lib/cpp_pubsub/listener
[9.474s] -- Set runtime path of "/home/expert_amateur/vbm_ws/install/cpp_pubsub/lib/cpp_pubsub/listener" to ""
[9.474s] -- Installing: /home/expert_amateur/vbm_ws/install/cpp_pubsub/share/ament_index/resource_index/package_run_dependencies/cpp_pubsub
[9.474s] -- Installing: /home/expert_amateur/vbm_ws/install/cpp_pubsub/share/ament_index/resource_index/parent_prefix_path/cpp_pubsub
[9.475s] -- Installing: /home/expert_amateur/vbm_ws/install/cpp_pubsub/share/cpp_pubsub/environment/ament_prefix_path.sh
[9.475s] -- Installing: /home/expert_amateur/vbm_ws/install/cpp_pubsub/share/cpp_pubsub/environment/ament_prefix_path.dsv
[9.475s] -- Installing: /home/expert_amateur/vbm_ws/install/cpp_pubsub/share/cpp_pubsub/environment/path.sh
[9.475s] -- Installing: /home/expert_amateur/vbm_ws/install/cpp_pubsub/share/cpp_pubsub/environment/path.dsv
[9.475s] -- Installing: /home/expert_amateur/vbm_ws/install/cpp_pubsub/share/cpp_pubsub/local_setup.bash
[9.475s] -- Installing: /home/expert_amateur/vbm_ws/install/cpp_pubsub/share/cpp_pubsub/local_setup.sh
[9.475s] -- Installing: /home/expert_amateur/vbm_ws/install/cpp_pubsub/share/cpp_pubsub/local_setup.zsh
[9.475s] -- Installing: /home/expert_amateur/vbm_ws/install/cpp_pubsub/share/cpp_pubsub/local_setup.dsv
[9.476s] -- Installing: /home/expert_amateur/vbm_ws/install/cpp_pubsub/share/cpp_pubsub/package.dsv
[9.476s] -- Installing: /home/expert_amateur/vbm_ws/install/cpp_pubsub/share/ament_index/resource_index/packages/cpp_pubsub
[9.476s] -- Installing: /home/expert_amateur/vbm_ws/install/cpp_pubsub/share/cpp_pubsub/cmake/cpp_pubsubConfig.cmake
[9.476s] -- Installing: /home/expert_amateur/vbm_ws/install/cpp_pubsub/share/cpp_pubsub/cmake/cpp_pubsubConfig-version.cmake
[9.476s] -- Installing: /home/expert_amateur/vbm_ws/install/cpp_pubsub/share/cpp_pubsub/package.xml
[9.478s] Invoked command in '/home/expert_amateur/vbm_ws/build/cpp_pubsub' returned '0': CMAKE_PREFIX_PATH=${CMAKE_PREFIX_PATH}:/home/expert_amateur/voidwalking/ros2_ws/install/waypoints:/opt/ros/humble /usr/bin/cmake --install /home/expert_amateur/vbm_ws/build/cpp_pubsub
