[0.213s] Invoking command in '/home/expert_amateur/vbm_ws/build/cpp_srvcli': AMENT_PREFIX_PATH=/home/expert_amateur/vbm_ws/install/tutorial_interfaces:${AMENT_PREFIX_PATH} CMAKE_PREFIX_PATH=/home/expert_amateur/vbm_ws/install/tutorial_interfaces:/home/expert_amateur/voidwalking/ros2_ws/install/void_tests:/home/expert_amateur/voidwalking/ros2_ws/install/turtlebot_test:/home/expert_amateur/voidwalking/ros2_ws/install/spatio_temporal_voxel_layer:/home/expert_amateur/voidwalking/ros2_ws/install/main:/home/expert_amateur/voidwalking/ros2_ws/install/simulation:/home/expert_amateur/voidwalking/ros2_ws/install/rviz_satellite:/home/expert_amateur/voidwalking/ros2_ws/install/obstacle_avoidance:/home/expert_amateur/voidwalking/ros2_ws/install/nav2_turtlebot3:/home/expert_amateur/voidwalking/ros2_ws/install/mapping:/home/expert_amateur/voidwalking/arduino_ws/microros_ws/install/micro_ros_setup:/home/expert_amateur/voidwalking/arduino_ws/microros_ws/install/micro_ros_agent:/home/expert_amateur/voidwalking/arduino_ws/microros_ws/install/micro_ros_msgs:/home/expert_amateur/voidwalking/ros2_ws/install/waypoints:/opt/ros/humble LD_LIBRARY_PATH=/home/expert_amateur/vbm_ws/install/tutorial_interfaces/lib:${LD_LIBRARY_PATH} PYTHONPATH=/home/expert_amateur/vbm_ws/install/tutorial_interfaces/local/lib/python3.10/dist-packages:${PYTHONPATH} /usr/bin/cmake --build /home/expert_amateur/vbm_ws/build/cpp_srvcli -- -j12 -l12
[0.241s] -- Found ament_cmake: 1.3.5 (/opt/ros/humble/share/ament_cmake/cmake)
[0.412s] -- Found rclcpp: 16.0.6 (/opt/ros/humble/share/rclcpp/cmake)
[0.448s] -- Found rosidl_generator_c: 3.1.5 (/opt/ros/humble/share/rosidl_generator_c/cmake)
[0.451s] -- Found rosidl_adapter: 3.1.5 (/opt/ros/humble/share/rosidl_adapter/cmake)
[0.458s] -- Found rosidl_generator_cpp: 3.1.5 (/opt/ros/humble/share/rosidl_generator_cpp/cmake)
[0.471s] -- Using all available rosidl_typesupport_c: rosidl_typesupport_fastrtps_c;rosidl_typesupport_introspection_c
[0.490s] -- Using all available rosidl_typesupport_cpp: rosidl_typesupport_fastrtps_cpp;rosidl_typesupport_introspection_cpp
[0.561s] -- Found rmw_implementation_cmake: 6.1.1 (/opt/ros/humble/share/rmw_implementation_cmake/cmake)
[0.563s] -- Found rmw_fastrtps_cpp: 6.2.4 (/opt/ros/humble/share/rmw_fastrtps_cpp/cmake)
[0.713s] -- Using RMW implementation 'rmw_fastrtps_cpp' as default
[0.907s] -- Found tutorial_interfaces: 0.0.0 (/home/expert_amateur/vbm_ws/install/tutorial_interfaces/share/tutorial_interfaces/cmake)
[1.135s] -- Configuring done
[1.149s] -- Generating done
[1.150s] -- Build files have been written to: /home/expert_amateur/vbm_ws/build/cpp_srvcli
[1.178s] [35m[1mConsolidate compiler generated dependencies of target server[0m
[1.178s] [35m[1mConsolidate compiler generated dependencies of target client[0m
[1.196s] [ 50%] [32mBuilding CXX object CMakeFiles/client.dir/src/add_two_ints_client.cpp.o[0m
[1.196s] [ 50%] [32mBuilding CXX object CMakeFiles/server.dir/src/add_two_ints_server.cpp.o[0m
[4.722s] [ 75%] [32m[1mLinking CXX executable server[0m
[4.880s] [ 75%] Built target server
[4.936s] [100%] [32m[1mLinking CXX executable client[0m
[5.086s] [100%] Built target client
[5.096s] Invoked command in '/home/expert_amateur/vbm_ws/build/cpp_srvcli' returned '0': AMENT_PREFIX_PATH=/home/expert_amateur/vbm_ws/install/tutorial_interfaces:${AMENT_PREFIX_PATH} CMAKE_PREFIX_PATH=/home/expert_amateur/vbm_ws/install/tutorial_interfaces:/home/expert_amateur/voidwalking/ros2_ws/install/void_tests:/home/expert_amateur/voidwalking/ros2_ws/install/turtlebot_test:/home/expert_amateur/voidwalking/ros2_ws/install/spatio_temporal_voxel_layer:/home/expert_amateur/voidwalking/ros2_ws/install/main:/home/expert_amateur/voidwalking/ros2_ws/install/simulation:/home/expert_amateur/voidwalking/ros2_ws/install/rviz_satellite:/home/expert_amateur/voidwalking/ros2_ws/install/obstacle_avoidance:/home/expert_amateur/voidwalking/ros2_ws/install/nav2_turtlebot3:/home/expert_amateur/voidwalking/ros2_ws/install/mapping:/home/expert_amateur/voidwalking/arduino_ws/microros_ws/install/micro_ros_setup:/home/expert_amateur/voidwalking/arduino_ws/microros_ws/install/micro_ros_agent:/home/expert_amateur/voidwalking/arduino_ws/microros_ws/install/micro_ros_msgs:/home/expert_amateur/voidwalking/ros2_ws/install/waypoints:/opt/ros/humble LD_LIBRARY_PATH=/home/expert_amateur/vbm_ws/install/tutorial_interfaces/lib:${LD_LIBRARY_PATH} PYTHONPATH=/home/expert_amateur/vbm_ws/install/tutorial_interfaces/local/lib/python3.10/dist-packages:${PYTHONPATH} /usr/bin/cmake --build /home/expert_amateur/vbm_ws/build/cpp_srvcli -- -j12 -l12
[5.123s] Invoking command in '/home/expert_amateur/vbm_ws/build/cpp_srvcli': AMENT_PREFIX_PATH=/home/expert_amateur/vbm_ws/install/tutorial_interfaces:${AMENT_PREFIX_PATH} CMAKE_PREFIX_PATH=/home/expert_amateur/vbm_ws/install/tutorial_interfaces:/home/expert_amateur/voidwalking/ros2_ws/install/void_tests:/home/expert_amateur/voidwalking/ros2_ws/install/turtlebot_test:/home/expert_amateur/voidwalking/ros2_ws/install/spatio_temporal_voxel_layer:/home/expert_amateur/voidwalking/ros2_ws/install/main:/home/expert_amateur/voidwalking/ros2_ws/install/simulation:/home/expert_amateur/voidwalking/ros2_ws/install/rviz_satellite:/home/expert_amateur/voidwalking/ros2_ws/install/obstacle_avoidance:/home/expert_amateur/voidwalking/ros2_ws/install/nav2_turtlebot3:/home/expert_amateur/voidwalking/ros2_ws/install/mapping:/home/expert_amateur/voidwalking/arduino_ws/microros_ws/install/micro_ros_setup:/home/expert_amateur/voidwalking/arduino_ws/microros_ws/install/micro_ros_agent:/home/expert_amateur/voidwalking/arduino_ws/microros_ws/install/micro_ros_msgs:/home/expert_amateur/voidwalking/ros2_ws/install/waypoints:/opt/ros/humble LD_LIBRARY_PATH=/home/expert_amateur/vbm_ws/install/tutorial_interfaces/lib:${LD_LIBRARY_PATH} PYTHONPATH=/home/expert_amateur/vbm_ws/install/tutorial_interfaces/local/lib/python3.10/dist-packages:${PYTHONPATH} /usr/bin/cmake --install /home/expert_amateur/vbm_ws/build/cpp_srvcli
[5.130s] -- Install configuration: ""
[5.131s] -- Installing: /home/expert_amateur/vbm_ws/install/cpp_srvcli/lib/cpp_srvcli/server
[5.132s] -- Set runtime path of "/home/expert_amateur/vbm_ws/install/cpp_srvcli/lib/cpp_srvcli/server" to ""
[5.133s] -- Installing: /home/expert_amateur/vbm_ws/install/cpp_srvcli/lib/cpp_srvcli/client
[5.133s] -- Set runtime path of "/home/expert_amateur/vbm_ws/install/cpp_srvcli/lib/cpp_srvcli/client" to ""
[5.133s] -- Up-to-date: /home/expert_amateur/vbm_ws/install/cpp_srvcli/share/ament_index/resource_index/package_run_dependencies/cpp_srvcli
[5.134s] -- Installing: /home/expert_amateur/vbm_ws/install/cpp_srvcli/share/ament_index/resource_index/parent_prefix_path/cpp_srvcli
[5.134s] -- Up-to-date: /home/expert_amateur/vbm_ws/install/cpp_srvcli/share/cpp_srvcli/environment/ament_prefix_path.sh
[5.134s] -- Installing: /home/expert_amateur/vbm_ws/install/cpp_srvcli/share/cpp_srvcli/environment/ament_prefix_path.dsv
[5.134s] -- Up-to-date: /home/expert_amateur/vbm_ws/install/cpp_srvcli/share/cpp_srvcli/environment/path.sh
[5.134s] -- Installing: /home/expert_amateur/vbm_ws/install/cpp_srvcli/share/cpp_srvcli/environment/path.dsv
[5.134s] -- Up-to-date: /home/expert_amateur/vbm_ws/install/cpp_srvcli/share/cpp_srvcli/local_setup.bash
[5.134s] -- Up-to-date: /home/expert_amateur/vbm_ws/install/cpp_srvcli/share/cpp_srvcli/local_setup.sh
[5.135s] -- Up-to-date: /home/expert_amateur/vbm_ws/install/cpp_srvcli/share/cpp_srvcli/local_setup.zsh
[5.135s] -- Installing: /home/expert_amateur/vbm_ws/install/cpp_srvcli/share/cpp_srvcli/local_setup.dsv
[5.135s] -- Installing: /home/expert_amateur/vbm_ws/install/cpp_srvcli/share/cpp_srvcli/package.dsv
[5.135s] -- Up-to-date: /home/expert_amateur/vbm_ws/install/cpp_srvcli/share/ament_index/resource_index/packages/cpp_srvcli
[5.135s] -- Up-to-date: /home/expert_amateur/vbm_ws/install/cpp_srvcli/share/cpp_srvcli/cmake/cpp_srvcliConfig.cmake
[5.135s] -- Up-to-date: /home/expert_amateur/vbm_ws/install/cpp_srvcli/share/cpp_srvcli/cmake/cpp_srvcliConfig-version.cmake
[5.135s] -- Up-to-date: /home/expert_amateur/vbm_ws/install/cpp_srvcli/share/cpp_srvcli/package.xml
[5.137s] Invoked command in '/home/expert_amateur/vbm_ws/build/cpp_srvcli' returned '0': AMENT_PREFIX_PATH=/home/expert_amateur/vbm_ws/install/tutorial_interfaces:${AMENT_PREFIX_PATH} CMAKE_PREFIX_PATH=/home/expert_amateur/vbm_ws/install/tutorial_interfaces:/home/expert_amateur/voidwalking/ros2_ws/install/void_tests:/home/expert_amateur/voidwalking/ros2_ws/install/turtlebot_test:/home/expert_amateur/voidwalking/ros2_ws/install/spatio_temporal_voxel_layer:/home/expert_amateur/voidwalking/ros2_ws/install/main:/home/expert_amateur/voidwalking/ros2_ws/install/simulation:/home/expert_amateur/voidwalking/ros2_ws/install/rviz_satellite:/home/expert_amateur/voidwalking/ros2_ws/install/obstacle_avoidance:/home/expert_amateur/voidwalking/ros2_ws/install/nav2_turtlebot3:/home/expert_amateur/voidwalking/ros2_ws/install/mapping:/home/expert_amateur/voidwalking/arduino_ws/microros_ws/install/micro_ros_setup:/home/expert_amateur/voidwalking/arduino_ws/microros_ws/install/micro_ros_agent:/home/expert_amateur/voidwalking/arduino_ws/microros_ws/install/micro_ros_msgs:/home/expert_amateur/voidwalking/ros2_ws/install/waypoints:/opt/ros/humble LD_LIBRARY_PATH=/home/expert_amateur/vbm_ws/install/tutorial_interfaces/lib:${LD_LIBRARY_PATH} PYTHONPATH=/home/expert_amateur/vbm_ws/install/tutorial_interfaces/local/lib/python3.10/dist-packages:${PYTHONPATH} /usr/bin/cmake --install /home/expert_amateur/vbm_ws/build/cpp_srvcli
