[0.043s] Invoking command in '/home/expert_amateur/vbm_ws/build/polygon_base': CMAKE_PREFIX_PATH=${CMAKE_PREFIX_PATH}:/home/expert_amateur/voidwalking/ros2_ws/install/waypoints:/opt/ros/humble /usr/bin/cmake --build /home/expert_amateur/vbm_ws/build/polygon_base -- -j12 -l12
[0.115s] [100%] Built target area_node
[0.137s] Invoked command in '/home/expert_amateur/vbm_ws/build/polygon_base' returned '0': CMAKE_PREFIX_PATH=${CMAKE_PREFIX_PATH}:/home/expert_amateur/voidwalking/ros2_ws/install/waypoints:/opt/ros/humble /usr/bin/cmake --build /home/expert_amateur/vbm_ws/build/polygon_base -- -j12 -l12
[0.216s] Invoking command in '/home/expert_amateur/vbm_ws/build/polygon_base': CMAKE_PREFIX_PATH=${CMAKE_PREFIX_PATH}:/home/expert_amateur/voidwalking/ros2_ws/install/waypoints:/opt/ros/humble /usr/bin/cmake --install /home/expert_amateur/vbm_ws/build/polygon_base
[0.232s] -- Install configuration: ""
[0.233s] -- Up-to-date: /home/expert_amateur/vbm_ws/install/polygon_base/include
[0.233s] -- Up-to-date: /home/expert_amateur/vbm_ws/install/polygon_base/include/polygon_base
[0.234s] -- Up-to-date: /home/expert_amateur/vbm_ws/install/polygon_base/include/polygon_base/regular_polygon.hpp
[0.235s] -- Up-to-date: /home/expert_amateur/vbm_ws/install/polygon_base/lib/polygon_base/area_node
[0.235s] -- Up-to-date: /home/expert_amateur/vbm_ws/install/polygon_base/share/ament_index/resource_index/package_run_dependencies/polygon_base
[0.236s] -- Up-to-date: /home/expert_amateur/vbm_ws/install/polygon_base/share/ament_index/resource_index/parent_prefix_path/polygon_base
[0.236s] -- Up-to-date: /home/expert_amateur/vbm_ws/install/polygon_base/share/polygon_base/environment/ament_prefix_path.sh
[0.237s] -- Up-to-date: /home/expert_amateur/vbm_ws/install/polygon_base/share/polygon_base/environment/ament_prefix_path.dsv
[0.237s] -- Up-to-date: /home/expert_amateur/vbm_ws/install/polygon_base/share/polygon_base/environment/path.sh
[0.238s] -- Up-to-date: /home/expert_amateur/vbm_ws/install/polygon_base/share/polygon_base/environment/path.dsv
[0.238s] -- Up-to-date: /home/expert_amateur/vbm_ws/install/polygon_base/share/polygon_base/local_setup.bash
[0.238s] -- Up-to-date: /home/expert_amateur/vbm_ws/install/polygon_base/share/polygon_base/local_setup.sh
[0.239s] -- Up-to-date: /home/expert_amateur/vbm_ws/install/polygon_base/share/polygon_base/local_setup.zsh
[0.239s] -- Up-to-date: /home/expert_amateur/vbm_ws/install/polygon_base/share/polygon_base/local_setup.dsv
[0.239s] -- Installing: /home/expert_amateur/vbm_ws/install/polygon_base/share/polygon_base/package.dsv
[0.241s] -- Up-to-date: /home/expert_amateur/vbm_ws/install/polygon_base/share/ament_index/resource_index/packages/polygon_base
[0.242s] -- Up-to-date: /home/expert_amateur/vbm_ws/install/polygon_base/share/polygon_base/cmake/ament_cmake_export_include_directories-extras.cmake
[0.242s] -- Up-to-date: /home/expert_amateur/vbm_ws/install/polygon_base/share/polygon_base/cmake/polygon_baseConfig.cmake
[0.242s] -- Up-to-date: /home/expert_amateur/vbm_ws/install/polygon_base/share/polygon_base/cmake/polygon_baseConfig-version.cmake
[0.243s] -- Up-to-date: /home/expert_amateur/vbm_ws/install/polygon_base/share/polygon_base/package.xml
[0.250s] Invoked command in '/home/expert_amateur/vbm_ws/build/polygon_base' returned '0': CMAKE_PREFIX_PATH=${CMAKE_PREFIX_PATH}:/home/expert_amateur/voidwalking/ros2_ws/install/waypoints:/opt/ros/humble /usr/bin/cmake --install /home/expert_amateur/vbm_ws/build/polygon_base
