[0.417s] Invoking command in '/home/expert_amateur/vbm_ws/build/addvectors_srvcli': CMAKE_PREFIX_PATH=${CMAKE_PREFIX_PATH}:/home/expert_amateur/voidwalking/ros2_ws/install/waypoints:/opt/ros/humble /usr/bin/cmake --build /home/expert_amateur/vbm_ws/build/addvectors_srvcli -- -j12 -l12
[0.451s] -- Found ament_cmake: 1.3.5 (/opt/ros/humble/share/ament_cmake/cmake)
[0.646s] -- Found rclcpp: 16.0.6 (/opt/ros/humble/share/rclcpp/cmake)
[0.682s] -- Found rosidl_generator_c: 3.1.5 (/opt/ros/humble/share/rosidl_generator_c/cmake)
[0.685s] -- Found rosidl_adapter: 3.1.5 (/opt/ros/humble/share/rosidl_adapter/cmake)
[0.692s] -- Found rosidl_generator_cpp: 3.1.5 (/opt/ros/humble/share/rosidl_generator_cpp/cmake)
[0.706s] -- Using all available rosidl_typesupport_c: rosidl_typesupport_fastrtps_c;rosidl_typesupport_introspection_c
[0.726s] -- Using all available rosidl_typesupport_cpp: rosidl_typesupport_fastrtps_cpp;rosidl_typesupport_introspection_cpp
[0.801s] -- Found rmw_implementation_cmake: 6.1.1 (/opt/ros/humble/share/rmw_implementation_cmake/cmake)
[0.805s] -- Found rmw_fastrtps_cpp: 6.2.4 (/opt/ros/humble/share/rmw_fastrtps_cpp/cmake)
[0.958s] -- Using RMW implementation 'rmw_fastrtps_cpp' as default
[1.216s] -- Found rosidl_default_generators: 1.2.0 (/opt/ros/humble/share/rosidl_default_generators/cmake)
[1.553s] -- Found ament_cmake_ros: 0.10.0 (/opt/ros/humble/share/ament_cmake_ros/cmake)
[1.918s] -- Using all available rosidl_typesupport_c: rosidl_typesupport_fastrtps_c;rosidl_typesupport_introspection_c
[2.067s] -- Using all available rosidl_typesupport_cpp: rosidl_typesupport_fastrtps_cpp;rosidl_typesupport_introspection_cpp
[2.097s] -- Found python_cmake_module: 0.10.0 (/opt/ros/humble/share/python_cmake_module/cmake)
[2.126s] -- Using PYTHON_EXECUTABLE: /usr/bin/python3
[2.126s] -- Using PYTHON_INCLUDE_DIRS: /usr/include/python3.10
[2.126s] -- Using PYTHON_LIBRARIES: /usr/lib/x86_64-linux-gnu/libpython3.10.so
[2.158s] -- Found ament_lint_auto: 0.12.8 (/opt/ros/humble/share/ament_lint_auto/cmake)
[2.176s] -- Added test 'cppcheck' to perform static code analysis on C / C++ code
[2.178s] -- Configured cppcheck include dirs: 
[2.178s] -- Configured cppcheck exclude dirs and/or files: 
[2.178s] -- Added test 'lint_cmake' to check CMake code style
[2.180s] -- Added test 'uncrustify' to check C / C++ code style
[2.180s] -- Configured uncrustify additional arguments: 
[2.181s] -- Added test 'xmllint' to check XML markup files
[2.185s] -- Configuring done
[2.266s] -- Generating done
[2.272s] -- Build files have been written to: /home/expert_amateur/vbm_ws/build/addvectors_srvcli
[2.339s] [35m[1mConsolidate compiler generated dependencies of target addvectors_srvcli__rosidl_generator_c[0m
[2.354s] [  2%] Built target addvectors_srvcli__cpp
[2.372s] [  5%] [32m[1mLinking C shared library libaddvectors_srvcli__rosidl_generator_c.so[0m
[2.382s] [  5%] Built target ament_cmake_python_copy_addvectors_srvcli
[2.388s] [35m[1mConsolidate compiler generated dependencies of target addvectors_srvcli__rosidl_typesupport_cpp[0m
[2.399s] [35m[1mConsolidate compiler generated dependencies of target addvectors_srvcli__rosidl_typesupport_fastrtps_cpp[0m
[2.408s] [35m[1mConsolidate compiler generated dependencies of target addvectors_srvcli__rosidl_typesupport_introspection_cpp[0m
[2.422s] [  8%] [32m[1mLinking CXX shared library libaddvectors_srvcli__rosidl_typesupport_cpp.so[0m
[2.436s] [ 11%] [32m[1mLinking CXX shared library libaddvectors_srvcli__rosidl_typesupport_introspection_cpp.so[0m
[2.451s] [ 14%] [32m[1mLinking CXX shared library libaddvectors_srvcli__rosidl_typesupport_fastrtps_cpp.so[0m
[2.496s] [ 20%] Built target addvectors_srvcli__rosidl_generator_c
[2.535s] [35m[1mConsolidate compiler generated dependencies of target addvectors_srvcli__rosidl_typesupport_introspection_c[0m
[2.540s] [35m[1mConsolidate compiler generated dependencies of target addvectors_srvcli__rosidl_typesupport_c[0m
[2.552s] [ 25%] Built target addvectors_srvcli__rosidl_typesupport_cpp
[2.556s] [35m[1mConsolidate compiler generated dependencies of target addvectors_srvcli__rosidl_typesupport_fastrtps_c[0m
[2.571s] [ 28%] [32m[1mLinking C shared library libaddvectors_srvcli__rosidl_typesupport_introspection_c.so[0m
[2.593s] [ 31%] [32m[1mLinking CXX shared library libaddvectors_srvcli__rosidl_typesupport_c.so[0m
[2.614s] [35m[1mConsolidate compiler generated dependencies of target add_vec_server_exec[0m
[2.623s] [35m[1mConsolidate compiler generated dependencies of target add_vec_client_exec[0m
[2.627s] [ 34%] [32m[1mLinking CXX shared library libaddvectors_srvcli__rosidl_typesupport_fastrtps_c.so[0m
[2.640s] [ 40%] Built target addvectors_srvcli__rosidl_typesupport_fastrtps_cpp
[2.641s] [ 45%] Built target addvectors_srvcli__rosidl_typesupport_introspection_cpp
[2.663s] [ 48%] [32mBuilding CXX object CMakeFiles/add_vec_client_exec.dir/src/add_vectors_client_src.cpp.o[0m
[2.670s] [ 54%] Built target addvectors_srvcli__rosidl_typesupport_introspection_c
[2.685s] [ 57%] [32mBuilding CXX object CMakeFiles/add_vec_server_exec.dir/src/add_vectors_server_src.cpp.o[0m
[2.699s] [ 62%] Built target addvectors_srvcli__rosidl_typesupport_c
[2.797s] [ 68%] Built target addvectors_srvcli__rosidl_typesupport_fastrtps_c
[2.830s] [ 68%] Built target addvectors_srvcli
[2.875s] [ 71%] Built target addvectors_srvcli__py
[2.893s] [35m[1mConsolidate compiler generated dependencies of target addvectors_srvcli__rosidl_generator_py[0m
[2.942s] [ 74%] [32m[1mLinking C shared library rosidl_generator_py/addvectors_srvcli/libaddvectors_srvcli__rosidl_generator_py.so[0m
[3.007s] [ 77%] Built target addvectors_srvcli__rosidl_generator_py
[3.025s] [35m[1mConsolidate compiler generated dependencies of target addvectors_srvcli__rosidl_typesupport_introspection_c__pyext[0m
[3.025s] [35m[1mConsolidate compiler generated dependencies of target addvectors_srvcli__rosidl_typesupport_c__pyext[0m
[3.031s] [35m[1mConsolidate compiler generated dependencies of target addvectors_srvcli__rosidl_typesupport_fastrtps_c__pyext[0m
[3.054s] [ 80%] [32m[1mLinking C shared library rosidl_generator_py/addvectors_srvcli/addvectors_srvcli_s__rosidl_typesupport_introspection_c.cpython-310-x86_64-linux-gnu.so[0m
[3.070s] [ 82%] [32m[1mLinking C shared library rosidl_generator_py/addvectors_srvcli/addvectors_srvcli_s__rosidl_typesupport_c.cpython-310-x86_64-linux-gnu.so[0m
[3.077s] running egg_info
[3.079s] writing addvectors_srvcli.egg-info/PKG-INFO
[3.080s] writing dependency_links to addvectors_srvcli.egg-info/dependency_links.txt
[3.080s] writing top-level names to addvectors_srvcli.egg-info/top_level.txt
[3.083s] [ 85%] [32m[1mLinking C shared library rosidl_generator_py/addvectors_srvcli/addvectors_srvcli_s__rosidl_typesupport_fastrtps_c.cpython-310-x86_64-linux-gnu.so[0m
[3.086s] reading manifest file 'addvectors_srvcli.egg-info/SOURCES.txt'
[3.088s] writing manifest file 'addvectors_srvcli.egg-info/SOURCES.txt'
[3.142s] [ 88%] Built target addvectors_srvcli__rosidl_typesupport_introspection_c__pyext
[3.156s] [ 88%] Built target ament_cmake_python_build_addvectors_srvcli_egg
[3.160s] [ 91%] Built target addvectors_srvcli__rosidl_typesupport_c__pyext
[3.190s] [ 94%] Built target addvectors_srvcli__rosidl_typesupport_fastrtps_c__pyext
[7.771s] [ 97%] [32m[1mLinking CXX executable add_vec_server_exec[0m
[7.870s] [100%] [32m[1mLinking CXX executable add_vec_client_exec[0m
[7.936s] [100%] Built target add_vec_server_exec
[8.028s] [100%] Built target add_vec_client_exec
[8.040s] Invoked command in '/home/expert_amateur/vbm_ws/build/addvectors_srvcli' returned '0': CMAKE_PREFIX_PATH=${CMAKE_PREFIX_PATH}:/home/expert_amateur/voidwalking/ros2_ws/install/waypoints:/opt/ros/humble /usr/bin/cmake --build /home/expert_amateur/vbm_ws/build/addvectors_srvcli -- -j12 -l12
[8.103s] Invoking command in '/home/expert_amateur/vbm_ws/build/addvectors_srvcli': CMAKE_PREFIX_PATH=${CMAKE_PREFIX_PATH}:/home/expert_amateur/voidwalking/ros2_ws/install/waypoints:/opt/ros/humble /usr/bin/cmake --install /home/expert_amateur/vbm_ws/build/addvectors_srvcli
[8.112s] -- Install configuration: ""
[8.112s] -- Up-to-date: /home/expert_amateur/vbm_ws/install/addvectors_srvcli/share/ament_index/resource_index/rosidl_interfaces/addvectors_srvcli
[8.112s] -- Up-to-date: /home/expert_amateur/vbm_ws/install/addvectors_srvcli/include/addvectors_srvcli/addvectors_srvcli
[8.112s] -- Up-to-date: /home/expert_amateur/vbm_ws/install/addvectors_srvcli/include/addvectors_srvcli/addvectors_srvcli/srv
[8.113s] -- Up-to-date: /home/expert_amateur/vbm_ws/install/addvectors_srvcli/include/addvectors_srvcli/addvectors_srvcli/srv/detail
[8.113s] -- Up-to-date: /home/expert_amateur/vbm_ws/install/addvectors_srvcli/include/addvectors_srvcli/addvectors_srvcli/srv/detail/add_vectors_srv__type_support.h
[8.113s] -- Up-to-date: /home/expert_amateur/vbm_ws/install/addvectors_srvcli/include/addvectors_srvcli/addvectors_srvcli/srv/detail/add_vectors_srv__functions.c
[8.113s] -- Up-to-date: /home/expert_amateur/vbm_ws/install/addvectors_srvcli/include/addvectors_srvcli/addvectors_srvcli/srv/detail/add_vectors_srv__functions.h
[8.113s] -- Up-to-date: /home/expert_amateur/vbm_ws/install/addvectors_srvcli/include/addvectors_srvcli/addvectors_srvcli/srv/detail/add_vectors_srv__struct.h
[8.113s] -- Up-to-date: /home/expert_amateur/vbm_ws/install/addvectors_srvcli/include/addvectors_srvcli/addvectors_srvcli/srv/add_vectors_srv.h
[8.113s] -- Up-to-date: /home/expert_amateur/vbm_ws/install/addvectors_srvcli/include/addvectors_srvcli/addvectors_srvcli/msg
[8.114s] -- Up-to-date: /home/expert_amateur/vbm_ws/install/addvectors_srvcli/include/addvectors_srvcli/addvectors_srvcli/msg/rosidl_generator_c__visibility_control.h
[8.114s] -- Up-to-date: /home/expert_amateur/vbm_ws/install/addvectors_srvcli/share/addvectors_srvcli/environment/library_path.sh
[8.114s] -- Installing: /home/expert_amateur/vbm_ws/install/addvectors_srvcli/share/addvectors_srvcli/environment/library_path.dsv
[8.114s] -- Installing: /home/expert_amateur/vbm_ws/install/addvectors_srvcli/lib/libaddvectors_srvcli__rosidl_generator_c.so
[8.114s] -- Set runtime path of "/home/expert_amateur/vbm_ws/install/addvectors_srvcli/lib/libaddvectors_srvcli__rosidl_generator_c.so" to ""
[8.114s] -- Up-to-date: /home/expert_amateur/vbm_ws/install/addvectors_srvcli/include/addvectors_srvcli/addvectors_srvcli
[8.115s] -- Up-to-date: /home/expert_amateur/vbm_ws/install/addvectors_srvcli/include/addvectors_srvcli/addvectors_srvcli/srv
[8.115s] -- Up-to-date: /home/expert_amateur/vbm_ws/install/addvectors_srvcli/include/addvectors_srvcli/addvectors_srvcli/srv/detail
[8.115s] -- Up-to-date: /home/expert_amateur/vbm_ws/install/addvectors_srvcli/include/addvectors_srvcli/addvectors_srvcli/srv/detail/add_vectors_srv__rosidl_typesupport_fastrtps_c.h
[8.115s] -- Up-to-date: /home/expert_amateur/vbm_ws/install/addvectors_srvcli/include/addvectors_srvcli/addvectors_srvcli/msg
[8.115s] -- Up-to-date: /home/expert_amateur/vbm_ws/install/addvectors_srvcli/include/addvectors_srvcli/addvectors_srvcli/msg/rosidl_typesupport_fastrtps_c__visibility_control.h
[8.116s] -- Installing: /home/expert_amateur/vbm_ws/install/addvectors_srvcli/lib/libaddvectors_srvcli__rosidl_typesupport_fastrtps_c.so
[8.116s] -- Set runtime path of "/home/expert_amateur/vbm_ws/install/addvectors_srvcli/lib/libaddvectors_srvcli__rosidl_typesupport_fastrtps_c.so" to ""
[8.116s] -- Up-to-date: /home/expert_amateur/vbm_ws/install/addvectors_srvcli/include/addvectors_srvcli/addvectors_srvcli
[8.116s] -- Up-to-date: /home/expert_amateur/vbm_ws/install/addvectors_srvcli/include/addvectors_srvcli/addvectors_srvcli/srv
[8.116s] -- Up-to-date: /home/expert_amateur/vbm_ws/install/addvectors_srvcli/include/addvectors_srvcli/addvectors_srvcli/srv/detail
[8.116s] -- Up-to-date: /home/expert_amateur/vbm_ws/install/addvectors_srvcli/include/addvectors_srvcli/addvectors_srvcli/srv/detail/add_vectors_srv__builder.hpp
[8.116s] -- Up-to-date: /home/expert_amateur/vbm_ws/install/addvectors_srvcli/include/addvectors_srvcli/addvectors_srvcli/srv/detail/add_vectors_srv__traits.hpp
[8.117s] -- Up-to-date: /home/expert_amateur/vbm_ws/install/addvectors_srvcli/include/addvectors_srvcli/addvectors_srvcli/srv/detail/add_vectors_srv__struct.hpp
[8.117s] -- Up-to-date: /home/expert_amateur/vbm_ws/install/addvectors_srvcli/include/addvectors_srvcli/addvectors_srvcli/srv/add_vectors_srv.hpp
[8.117s] -- Up-to-date: /home/expert_amateur/vbm_ws/install/addvectors_srvcli/include/addvectors_srvcli/addvectors_srvcli
[8.117s] -- Up-to-date: /home/expert_amateur/vbm_ws/install/addvectors_srvcli/include/addvectors_srvcli/addvectors_srvcli/srv
[8.117s] -- Up-to-date: /home/expert_amateur/vbm_ws/install/addvectors_srvcli/include/addvectors_srvcli/addvectors_srvcli/srv/detail
[8.117s] -- Up-to-date: /home/expert_amateur/vbm_ws/install/addvectors_srvcli/include/addvectors_srvcli/addvectors_srvcli/srv/detail/dds_fastrtps
[8.117s] -- Up-to-date: /home/expert_amateur/vbm_ws/install/addvectors_srvcli/include/addvectors_srvcli/addvectors_srvcli/srv/detail/add_vectors_srv__rosidl_typesupport_fastrtps_cpp.hpp
[8.118s] -- Up-to-date: /home/expert_amateur/vbm_ws/install/addvectors_srvcli/include/addvectors_srvcli/addvectors_srvcli/msg
[8.118s] -- Up-to-date: /home/expert_amateur/vbm_ws/install/addvectors_srvcli/include/addvectors_srvcli/addvectors_srvcli/msg/rosidl_typesupport_fastrtps_cpp__visibility_control.h
[8.118s] -- Installing: /home/expert_amateur/vbm_ws/install/addvectors_srvcli/lib/libaddvectors_srvcli__rosidl_typesupport_fastrtps_cpp.so
[8.118s] -- Set runtime path of "/home/expert_amateur/vbm_ws/install/addvectors_srvcli/lib/libaddvectors_srvcli__rosidl_typesupport_fastrtps_cpp.so" to ""
[8.118s] -- Up-to-date: /home/expert_amateur/vbm_ws/install/addvectors_srvcli/include/addvectors_srvcli/addvectors_srvcli
[8.118s] -- Up-to-date: /home/expert_amateur/vbm_ws/install/addvectors_srvcli/include/addvectors_srvcli/addvectors_srvcli/srv
[8.118s] -- Up-to-date: /home/expert_amateur/vbm_ws/install/addvectors_srvcli/include/addvectors_srvcli/addvectors_srvcli/srv/detail
[8.119s] -- Up-to-date: /home/expert_amateur/vbm_ws/install/addvectors_srvcli/include/addvectors_srvcli/addvectors_srvcli/srv/detail/add_vectors_srv__type_support.c
[8.119s] -- Up-to-date: /home/expert_amateur/vbm_ws/install/addvectors_srvcli/include/addvectors_srvcli/addvectors_srvcli/srv/detail/add_vectors_srv__rosidl_typesupport_introspection_c.h
[8.119s] -- Up-to-date: /home/expert_amateur/vbm_ws/install/addvectors_srvcli/include/addvectors_srvcli/addvectors_srvcli/msg
[8.119s] -- Up-to-date: /home/expert_amateur/vbm_ws/install/addvectors_srvcli/include/addvectors_srvcli/addvectors_srvcli/msg/rosidl_typesupport_introspection_c__visibility_control.h
[8.119s] -- Installing: /home/expert_amateur/vbm_ws/install/addvectors_srvcli/lib/libaddvectors_srvcli__rosidl_typesupport_introspection_c.so
[8.119s] -- Set runtime path of "/home/expert_amateur/vbm_ws/install/addvectors_srvcli/lib/libaddvectors_srvcli__rosidl_typesupport_introspection_c.so" to ""
[8.119s] -- Installing: /home/expert_amateur/vbm_ws/install/addvectors_srvcli/lib/libaddvectors_srvcli__rosidl_typesupport_c.so
[8.120s] -- Set runtime path of "/home/expert_amateur/vbm_ws/install/addvectors_srvcli/lib/libaddvectors_srvcli__rosidl_typesupport_c.so" to ""
[8.120s] -- Up-to-date: /home/expert_amateur/vbm_ws/install/addvectors_srvcli/include/addvectors_srvcli/addvectors_srvcli
[8.120s] -- Up-to-date: /home/expert_amateur/vbm_ws/install/addvectors_srvcli/include/addvectors_srvcli/addvectors_srvcli/srv
[8.120s] -- Up-to-date: /home/expert_amateur/vbm_ws/install/addvectors_srvcli/include/addvectors_srvcli/addvectors_srvcli/srv/detail
[8.120s] -- Up-to-date: /home/expert_amateur/vbm_ws/install/addvectors_srvcli/include/addvectors_srvcli/addvectors_srvcli/srv/detail/add_vectors_srv__type_support.cpp
[8.120s] -- Up-to-date: /home/expert_amateur/vbm_ws/install/addvectors_srvcli/include/addvectors_srvcli/addvectors_srvcli/srv/detail/add_vectors_srv__rosidl_typesupport_introspection_cpp.hpp
[8.121s] -- Installing: /home/expert_amateur/vbm_ws/install/addvectors_srvcli/lib/libaddvectors_srvcli__rosidl_typesupport_introspection_cpp.so
[8.121s] -- Set runtime path of "/home/expert_amateur/vbm_ws/install/addvectors_srvcli/lib/libaddvectors_srvcli__rosidl_typesupport_introspection_cpp.so" to ""
[8.121s] -- Installing: /home/expert_amateur/vbm_ws/install/addvectors_srvcli/lib/libaddvectors_srvcli__rosidl_typesupport_cpp.so
[8.121s] -- Set runtime path of "/home/expert_amateur/vbm_ws/install/addvectors_srvcli/lib/libaddvectors_srvcli__rosidl_typesupport_cpp.so" to ""
[8.121s] -- Up-to-date: /home/expert_amateur/vbm_ws/install/addvectors_srvcli/share/addvectors_srvcli/environment/pythonpath.sh
[8.121s] -- Installing: /home/expert_amateur/vbm_ws/install/addvectors_srvcli/share/addvectors_srvcli/environment/pythonpath.dsv
[8.122s] -- Up-to-date: /home/expert_amateur/vbm_ws/install/addvectors_srvcli/local/lib/python3.10/dist-packages/addvectors_srvcli-0.0.0-py3.10.egg-info
[8.122s] -- Installing: /home/expert_amateur/vbm_ws/install/addvectors_srvcli/local/lib/python3.10/dist-packages/addvectors_srvcli-0.0.0-py3.10.egg-info/SOURCES.txt
[8.122s] -- Installing: /home/expert_amateur/vbm_ws/install/addvectors_srvcli/local/lib/python3.10/dist-packages/addvectors_srvcli-0.0.0-py3.10.egg-info/PKG-INFO
[8.122s] -- Installing: /home/expert_amateur/vbm_ws/install/addvectors_srvcli/local/lib/python3.10/dist-packages/addvectors_srvcli-0.0.0-py3.10.egg-info/dependency_links.txt
[8.122s] -- Installing: /home/expert_amateur/vbm_ws/install/addvectors_srvcli/local/lib/python3.10/dist-packages/addvectors_srvcli-0.0.0-py3.10.egg-info/top_level.txt
[8.122s] -- Up-to-date: /home/expert_amateur/vbm_ws/install/addvectors_srvcli/local/lib/python3.10/dist-packages/addvectors_srvcli
[8.122s] -- Up-to-date: /home/expert_amateur/vbm_ws/install/addvectors_srvcli/local/lib/python3.10/dist-packages/addvectors_srvcli/_addvectors_srvcli_s.ep.rosidl_typesupport_c.c
[8.123s] -- Up-to-date: /home/expert_amateur/vbm_ws/install/addvectors_srvcli/local/lib/python3.10/dist-packages/addvectors_srvcli/srv
[8.123s] -- Up-to-date: /home/expert_amateur/vbm_ws/install/addvectors_srvcli/local/lib/python3.10/dist-packages/addvectors_srvcli/srv/__init__.py
[8.123s] -- Up-to-date: /home/expert_amateur/vbm_ws/install/addvectors_srvcli/local/lib/python3.10/dist-packages/addvectors_srvcli/srv/_add_vectors_srv.py
[8.123s] -- Up-to-date: /home/expert_amateur/vbm_ws/install/addvectors_srvcli/local/lib/python3.10/dist-packages/addvectors_srvcli/srv/_add_vectors_srv_s.c
[8.123s] -- Installing: /home/expert_amateur/vbm_ws/install/addvectors_srvcli/local/lib/python3.10/dist-packages/addvectors_srvcli/__init__.py
[8.124s] -- Installing: /home/expert_amateur/vbm_ws/install/addvectors_srvcli/local/lib/python3.10/dist-packages/addvectors_srvcli/addvectors_srvcli_s__rosidl_typesupport_fastrtps_c.cpython-310-x86_64-linux-gnu.so
[8.124s] -- Installing: /home/expert_amateur/vbm_ws/install/addvectors_srvcli/local/lib/python3.10/dist-packages/addvectors_srvcli/addvectors_srvcli_s__rosidl_typesupport_introspection_c.cpython-310-x86_64-linux-gnu.so
[8.124s] -- Up-to-date: /home/expert_amateur/vbm_ws/install/addvectors_srvcli/local/lib/python3.10/dist-packages/addvectors_srvcli/_addvectors_srvcli_s.ep.rosidl_typesupport_fastrtps_c.c
[8.124s] -- Installing: /home/expert_amateur/vbm_ws/install/addvectors_srvcli/local/lib/python3.10/dist-packages/addvectors_srvcli/addvectors_srvcli_s__rosidl_typesupport_c.cpython-310-x86_64-linux-gnu.so
[8.124s] -- Up-to-date: /home/expert_amateur/vbm_ws/install/addvectors_srvcli/local/lib/python3.10/dist-packages/addvectors_srvcli/_addvectors_srvcli_s.ep.rosidl_typesupport_introspection_c.c
[8.124s] -- Installing: /home/expert_amateur/vbm_ws/install/addvectors_srvcli/local/lib/python3.10/dist-packages/addvectors_srvcli/libaddvectors_srvcli__rosidl_generator_py.so
[8.157s] Listing '/home/expert_amateur/vbm_ws/install/addvectors_srvcli/local/lib/python3.10/dist-packages/addvectors_srvcli'...
[8.157s] Compiling '/home/expert_amateur/vbm_ws/install/addvectors_srvcli/local/lib/python3.10/dist-packages/addvectors_srvcli/__init__.py'...
[8.158s] Listing '/home/expert_amateur/vbm_ws/install/addvectors_srvcli/local/lib/python3.10/dist-packages/addvectors_srvcli/srv'...
[8.162s] -- Installing: /home/expert_amateur/vbm_ws/install/addvectors_srvcli/local/lib/python3.10/dist-packages/addvectors_srvcli/addvectors_srvcli_s__rosidl_typesupport_fastrtps_c.cpython-310-x86_64-linux-gnu.so
[8.162s] -- Set runtime path of "/home/expert_amateur/vbm_ws/install/addvectors_srvcli/local/lib/python3.10/dist-packages/addvectors_srvcli/addvectors_srvcli_s__rosidl_typesupport_fastrtps_c.cpython-310-x86_64-linux-gnu.so" to ""
[8.162s] -- Installing: /home/expert_amateur/vbm_ws/install/addvectors_srvcli/local/lib/python3.10/dist-packages/addvectors_srvcli/addvectors_srvcli_s__rosidl_typesupport_introspection_c.cpython-310-x86_64-linux-gnu.so
[8.163s] -- Set runtime path of "/home/expert_amateur/vbm_ws/install/addvectors_srvcli/local/lib/python3.10/dist-packages/addvectors_srvcli/addvectors_srvcli_s__rosidl_typesupport_introspection_c.cpython-310-x86_64-linux-gnu.so" to ""
[8.163s] -- Installing: /home/expert_amateur/vbm_ws/install/addvectors_srvcli/local/lib/python3.10/dist-packages/addvectors_srvcli/addvectors_srvcli_s__rosidl_typesupport_c.cpython-310-x86_64-linux-gnu.so
[8.163s] -- Set runtime path of "/home/expert_amateur/vbm_ws/install/addvectors_srvcli/local/lib/python3.10/dist-packages/addvectors_srvcli/addvectors_srvcli_s__rosidl_typesupport_c.cpython-310-x86_64-linux-gnu.so" to ""
[8.163s] -- Installing: /home/expert_amateur/vbm_ws/install/addvectors_srvcli/lib/libaddvectors_srvcli__rosidl_generator_py.so
[8.164s] -- Set runtime path of "/home/expert_amateur/vbm_ws/install/addvectors_srvcli/lib/libaddvectors_srvcli__rosidl_generator_py.so" to ""
[8.164s] -- Up-to-date: /home/expert_amateur/vbm_ws/install/addvectors_srvcli/share/addvectors_srvcli/srv/AddVectorsSrv.idl
[8.164s] -- Up-to-date: /home/expert_amateur/vbm_ws/install/addvectors_srvcli/share/addvectors_srvcli/srv/AddVectorsSrv.srv
[8.164s] -- Up-to-date: /home/expert_amateur/vbm_ws/install/addvectors_srvcli/share/addvectors_srvcli/srv/AddVectorsSrv_Request.msg
[8.164s] -- Up-to-date: /home/expert_amateur/vbm_ws/install/addvectors_srvcli/share/addvectors_srvcli/srv/AddVectorsSrv_Response.msg
[8.165s] -- Installing: /home/expert_amateur/vbm_ws/install/addvectors_srvcli/lib/addvectors_srvcli/add_vec_server_exec
[8.166s] -- Set runtime path of "/home/expert_amateur/vbm_ws/install/addvectors_srvcli/lib/addvectors_srvcli/add_vec_server_exec" to ""
[8.166s] -- Installing: /home/expert_amateur/vbm_ws/install/addvectors_srvcli/lib/addvectors_srvcli/add_vec_client_exec
[8.167s] -- Set runtime path of "/home/expert_amateur/vbm_ws/install/addvectors_srvcli/lib/addvectors_srvcli/add_vec_client_exec" to ""
[8.167s] -- Up-to-date: /home/expert_amateur/vbm_ws/install/addvectors_srvcli/share/ament_index/resource_index/package_run_dependencies/addvectors_srvcli
[8.167s] -- Installing: /home/expert_amateur/vbm_ws/install/addvectors_srvcli/share/ament_index/resource_index/parent_prefix_path/addvectors_srvcli
[8.168s] -- Up-to-date: /home/expert_amateur/vbm_ws/install/addvectors_srvcli/share/addvectors_srvcli/environment/ament_prefix_path.sh
[8.168s] -- Installing: /home/expert_amateur/vbm_ws/install/addvectors_srvcli/share/addvectors_srvcli/environment/ament_prefix_path.dsv
[8.168s] -- Up-to-date: /home/expert_amateur/vbm_ws/install/addvectors_srvcli/share/addvectors_srvcli/environment/path.sh
[8.168s] -- Installing: /home/expert_amateur/vbm_ws/install/addvectors_srvcli/share/addvectors_srvcli/environment/path.dsv
[8.168s] -- Up-to-date: /home/expert_amateur/vbm_ws/install/addvectors_srvcli/share/addvectors_srvcli/local_setup.bash
[8.168s] -- Up-to-date: /home/expert_amateur/vbm_ws/install/addvectors_srvcli/share/addvectors_srvcli/local_setup.sh
[8.168s] -- Up-to-date: /home/expert_amateur/vbm_ws/install/addvectors_srvcli/share/addvectors_srvcli/local_setup.zsh
[8.169s] -- Installing: /home/expert_amateur/vbm_ws/install/addvectors_srvcli/share/addvectors_srvcli/local_setup.dsv
[8.169s] -- Installing: /home/expert_amateur/vbm_ws/install/addvectors_srvcli/share/addvectors_srvcli/package.dsv
[8.169s] -- Up-to-date: /home/expert_amateur/vbm_ws/install/addvectors_srvcli/share/ament_index/resource_index/packages/addvectors_srvcli
[8.169s] -- Up-to-date: /home/expert_amateur/vbm_ws/install/addvectors_srvcli/share/addvectors_srvcli/cmake/export_addvectors_srvcli__rosidl_generator_cExport.cmake
[8.169s] -- Up-to-date: /home/expert_amateur/vbm_ws/install/addvectors_srvcli/share/addvectors_srvcli/cmake/export_addvectors_srvcli__rosidl_generator_cExport-noconfig.cmake
[8.169s] -- Up-to-date: /home/expert_amateur/vbm_ws/install/addvectors_srvcli/share/addvectors_srvcli/cmake/export_addvectors_srvcli__rosidl_typesupport_fastrtps_cExport.cmake
[8.169s] -- Up-to-date: /home/expert_amateur/vbm_ws/install/addvectors_srvcli/share/addvectors_srvcli/cmake/export_addvectors_srvcli__rosidl_typesupport_fastrtps_cExport-noconfig.cmake
[8.170s] -- Up-to-date: /home/expert_amateur/vbm_ws/install/addvectors_srvcli/share/addvectors_srvcli/cmake/export_addvectors_srvcli__rosidl_generator_cppExport.cmake
[8.170s] -- Up-to-date: /home/expert_amateur/vbm_ws/install/addvectors_srvcli/share/addvectors_srvcli/cmake/export_addvectors_srvcli__rosidl_typesupport_fastrtps_cppExport.cmake
[8.170s] -- Up-to-date: /home/expert_amateur/vbm_ws/install/addvectors_srvcli/share/addvectors_srvcli/cmake/export_addvectors_srvcli__rosidl_typesupport_fastrtps_cppExport-noconfig.cmake
[8.170s] -- Up-to-date: /home/expert_amateur/vbm_ws/install/addvectors_srvcli/share/addvectors_srvcli/cmake/addvectors_srvcli__rosidl_typesupport_introspection_cExport.cmake
[8.170s] -- Up-to-date: /home/expert_amateur/vbm_ws/install/addvectors_srvcli/share/addvectors_srvcli/cmake/addvectors_srvcli__rosidl_typesupport_introspection_cExport-noconfig.cmake
[8.170s] -- Up-to-date: /home/expert_amateur/vbm_ws/install/addvectors_srvcli/share/addvectors_srvcli/cmake/addvectors_srvcli__rosidl_typesupport_cExport.cmake
[8.171s] -- Up-to-date: /home/expert_amateur/vbm_ws/install/addvectors_srvcli/share/addvectors_srvcli/cmake/addvectors_srvcli__rosidl_typesupport_cExport-noconfig.cmake
[8.171s] -- Up-to-date: /home/expert_amateur/vbm_ws/install/addvectors_srvcli/share/addvectors_srvcli/cmake/addvectors_srvcli__rosidl_typesupport_introspection_cppExport.cmake
[8.171s] -- Up-to-date: /home/expert_amateur/vbm_ws/install/addvectors_srvcli/share/addvectors_srvcli/cmake/addvectors_srvcli__rosidl_typesupport_introspection_cppExport-noconfig.cmake
[8.171s] -- Up-to-date: /home/expert_amateur/vbm_ws/install/addvectors_srvcli/share/addvectors_srvcli/cmake/addvectors_srvcli__rosidl_typesupport_cppExport.cmake
[8.171s] -- Up-to-date: /home/expert_amateur/vbm_ws/install/addvectors_srvcli/share/addvectors_srvcli/cmake/addvectors_srvcli__rosidl_typesupport_cppExport-noconfig.cmake
[8.171s] -- Up-to-date: /home/expert_amateur/vbm_ws/install/addvectors_srvcli/share/addvectors_srvcli/cmake/export_addvectors_srvcli__rosidl_generator_pyExport.cmake
[8.171s] -- Up-to-date: /home/expert_amateur/vbm_ws/install/addvectors_srvcli/share/addvectors_srvcli/cmake/export_addvectors_srvcli__rosidl_generator_pyExport-noconfig.cmake
[8.171s] -- Up-to-date: /home/expert_amateur/vbm_ws/install/addvectors_srvcli/share/addvectors_srvcli/cmake/rosidl_cmake-extras.cmake
[8.172s] -- Up-to-date: /home/expert_amateur/vbm_ws/install/addvectors_srvcli/share/addvectors_srvcli/cmake/ament_cmake_export_include_directories-extras.cmake
[8.172s] -- Up-to-date: /home/expert_amateur/vbm_ws/install/addvectors_srvcli/share/addvectors_srvcli/cmake/ament_cmake_export_libraries-extras.cmake
[8.172s] -- Up-to-date: /home/expert_amateur/vbm_ws/install/addvectors_srvcli/share/addvectors_srvcli/cmake/ament_cmake_export_targets-extras.cmake
[8.172s] -- Up-to-date: /home/expert_amateur/vbm_ws/install/addvectors_srvcli/share/addvectors_srvcli/cmake/rosidl_cmake_export_typesupport_targets-extras.cmake
[8.172s] -- Up-to-date: /home/expert_amateur/vbm_ws/install/addvectors_srvcli/share/addvectors_srvcli/cmake/ament_cmake_export_dependencies-extras.cmake
[8.172s] -- Up-to-date: /home/expert_amateur/vbm_ws/install/addvectors_srvcli/share/addvectors_srvcli/cmake/rosidl_cmake_export_typesupport_libraries-extras.cmake
[8.173s] -- Up-to-date: /home/expert_amateur/vbm_ws/install/addvectors_srvcli/share/addvectors_srvcli/cmake/addvectors_srvcliConfig.cmake
[8.173s] -- Up-to-date: /home/expert_amateur/vbm_ws/install/addvectors_srvcli/share/addvectors_srvcli/cmake/addvectors_srvcliConfig-version.cmake
[8.173s] -- Up-to-date: /home/expert_amateur/vbm_ws/install/addvectors_srvcli/share/addvectors_srvcli/package.xml
[8.174s] Invoked command in '/home/expert_amateur/vbm_ws/build/addvectors_srvcli' returned '0': CMAKE_PREFIX_PATH=${CMAKE_PREFIX_PATH}:/home/expert_amateur/voidwalking/ros2_ws/install/waypoints:/opt/ros/humble /usr/bin/cmake --install /home/expert_amateur/vbm_ws/build/addvectors_srvcli
