[1.849s] DEBUG:colcon:Command line arguments: ['/usr/bin/colcon', 'build', '--packages-select', 'opencv_test']
[1.850s] DEBUG:colcon:Parsed command line arguments: Namespace(log_base=None, log_level=None, verb_name='build', build_base='build', install_base='install', merge_install=False, symlink_install=False, test_result_base=None, continue_on_error=False, executor='parallel', parallel_workers=12, event_handlers=None, ignore_user_meta=False, metas=['./colcon.meta'], base_paths=['.'], packages_ignore=None, packages_ignore_regex=None, paths=None, packages_up_to=None, packages_up_to_regex=None, packages_above=None, packages_above_and_dependencies=None, packages_above_depth=None, packages_select_by_dep=None, packages_skip_by_dep=None, packages_skip_up_to=None, packages_select_build_failed=False, packages_skip_build_finished=False, packages_select_test_failures=False, packages_skip_test_passed=False, packages_select=['opencv_test'], packages_skip=None, packages_select_regex=None, packages_skip_regex=None, packages_start=None, packages_end=None, allow_overriding=[], cmake_args=None, cmake_target=None, cmake_target_skip_unavailable=False, cmake_clean_cache=False, cmake_clean_first=False, cmake_force_configure=False, ament_cmake_args=None, catkin_cmake_args=None, catkin_skip_building_tests=False, verb_parser=<colcon_defaults.argument_parser.defaults.DefaultArgumentsDecorator object at 0x7f48518ca200>, verb_extension=<colcon_core.verb.build.BuildVerb object at 0x7f4851954040>, main=<bound method BuildVerb.main of <colcon_core.verb.build.BuildVerb object at 0x7f4851954040>>)
[1.930s] Level 1:colcon.colcon_core.package_discovery:discover_packages(colcon_meta) check parameters
[1.931s] Level 1:colcon.colcon_core.package_discovery:discover_packages(recursive) check parameters
[1.931s] Level 1:colcon.colcon_core.package_discovery:discover_packages(ignore) check parameters
[1.931s] Level 1:colcon.colcon_core.package_discovery:discover_packages(path) check parameters
[1.931s] Level 1:colcon.colcon_core.package_discovery:discover_packages(colcon_meta) discover
[1.932s] Level 1:colcon.colcon_core.package_discovery:discover_packages(recursive) discover
[1.932s] INFO:colcon.colcon_core.package_discovery:Crawling recursively for packages in '/home/expert_amateur/vbm_ws'
[1.932s] Level 1:colcon.colcon_core.package_identification:_identify(.) by extensions ['ignore', 'ignore_ament_install']
[1.932s] Level 1:colcon.colcon_core.package_identification:_identify(.) by extension 'ignore'
[1.932s] Level 1:colcon.colcon_core.package_identification:_identify(.) by extension 'ignore_ament_install'
[1.932s] Level 1:colcon.colcon_core.package_identification:_identify(.) by extensions ['colcon_pkg']
[1.932s] Level 1:colcon.colcon_core.package_identification:_identify(.) by extension 'colcon_pkg'
[1.932s] Level 1:colcon.colcon_core.package_identification:_identify(.) by extensions ['colcon_meta']
[1.932s] Level 1:colcon.colcon_core.package_identification:_identify(.) by extension 'colcon_meta'
[1.933s] Level 1:colcon.colcon_core.package_identification:_identify(.) by extensions ['ros']
[1.933s] Level 1:colcon.colcon_core.package_identification:_identify(.) by extension 'ros'
[1.978s] Level 1:colcon.colcon_core.package_identification:_identify(.) by extensions ['cmake', 'python']
[1.978s] Level 1:colcon.colcon_core.package_identification:_identify(.) by extension 'cmake'
[1.978s] Level 1:colcon.colcon_core.package_identification:_identify(.) by extension 'python'
[1.978s] Level 1:colcon.colcon_core.package_identification:_identify(.) by extensions ['python_setup_py']
[1.978s] Level 1:colcon.colcon_core.package_identification:_identify(.) by extension 'python_setup_py'
[1.978s] Level 1:colcon.colcon_core.package_identification:_identify(Screenshots) by extensions ['ignore', 'ignore_ament_install']
[1.978s] Level 1:colcon.colcon_core.package_identification:_identify(Screenshots) by extension 'ignore'
[1.979s] Level 1:colcon.colcon_core.package_identification:_identify(Screenshots) by extension 'ignore_ament_install'
[1.979s] Level 1:colcon.colcon_core.package_identification:_identify(Screenshots) by extensions ['colcon_pkg']
[1.979s] Level 1:colcon.colcon_core.package_identification:_identify(Screenshots) by extension 'colcon_pkg'
[1.979s] Level 1:colcon.colcon_core.package_identification:_identify(Screenshots) by extensions ['colcon_meta']
[1.979s] Level 1:colcon.colcon_core.package_identification:_identify(Screenshots) by extension 'colcon_meta'
[1.979s] Level 1:colcon.colcon_core.package_identification:_identify(Screenshots) by extensions ['ros']
[1.979s] Level 1:colcon.colcon_core.package_identification:_identify(Screenshots) by extension 'ros'
[1.979s] Level 1:colcon.colcon_core.package_identification:_identify(Screenshots) by extensions ['cmake', 'python']
[1.980s] Level 1:colcon.colcon_core.package_identification:_identify(Screenshots) by extension 'cmake'
[1.980s] Level 1:colcon.colcon_core.package_identification:_identify(Screenshots) by extension 'python'
[1.981s] Level 1:colcon.colcon_core.package_identification:_identify(Screenshots) by extensions ['python_setup_py']
[1.982s] Level 1:colcon.colcon_core.package_identification:_identify(Screenshots) by extension 'python_setup_py'
[1.983s] Level 1:colcon.colcon_core.package_identification:_identify(build) by extensions ['ignore', 'ignore_ament_install']
[1.984s] Level 1:colcon.colcon_core.package_identification:_identify(build) by extension 'ignore'
[1.984s] Level 1:colcon.colcon_core.package_identification:_identify(build) ignored
[1.985s] Level 1:colcon.colcon_core.package_identification:_identify(install) by extensions ['ignore', 'ignore_ament_install']
[1.985s] Level 1:colcon.colcon_core.package_identification:_identify(install) by extension 'ignore'
[1.985s] Level 1:colcon.colcon_core.package_identification:_identify(install) ignored
[1.986s] Level 1:colcon.colcon_core.package_identification:_identify(log) by extensions ['ignore', 'ignore_ament_install']
[1.986s] Level 1:colcon.colcon_core.package_identification:_identify(log) by extension 'ignore'
[1.986s] Level 1:colcon.colcon_core.package_identification:_identify(log) ignored
[1.986s] Level 1:colcon.colcon_core.package_identification:_identify(src) by extensions ['ignore', 'ignore_ament_install']
[1.986s] Level 1:colcon.colcon_core.package_identification:_identify(src) by extension 'ignore'
[1.986s] Level 1:colcon.colcon_core.package_identification:_identify(src) by extension 'ignore_ament_install'
[1.987s] Level 1:colcon.colcon_core.package_identification:_identify(src) by extensions ['colcon_pkg']
[1.987s] Level 1:colcon.colcon_core.package_identification:_identify(src) by extension 'colcon_pkg'
[1.987s] Level 1:colcon.colcon_core.package_identification:_identify(src) by extensions ['colcon_meta']
[1.987s] Level 1:colcon.colcon_core.package_identification:_identify(src) by extension 'colcon_meta'
[1.987s] Level 1:colcon.colcon_core.package_identification:_identify(src) by extensions ['ros']
[1.987s] Level 1:colcon.colcon_core.package_identification:_identify(src) by extension 'ros'
[1.987s] Level 1:colcon.colcon_core.package_identification:_identify(src) by extensions ['cmake', 'python']
[1.987s] Level 1:colcon.colcon_core.package_identification:_identify(src) by extension 'cmake'
[1.987s] Level 1:colcon.colcon_core.package_identification:_identify(src) by extension 'python'
[1.987s] Level 1:colcon.colcon_core.package_identification:_identify(src) by extensions ['python_setup_py']
[1.987s] Level 1:colcon.colcon_core.package_identification:_identify(src) by extension 'python_setup_py'
[1.987s] Level 1:colcon.colcon_core.package_identification:_identify(src/addvectors_srvcli) by extensions ['ignore', 'ignore_ament_install']
[1.987s] Level 1:colcon.colcon_core.package_identification:_identify(src/addvectors_srvcli) by extension 'ignore'
[1.987s] Level 1:colcon.colcon_core.package_identification:_identify(src/addvectors_srvcli) by extension 'ignore_ament_install'
[1.987s] Level 1:colcon.colcon_core.package_identification:_identify(src/addvectors_srvcli) by extensions ['colcon_pkg']
[1.988s] Level 1:colcon.colcon_core.package_identification:_identify(src/addvectors_srvcli) by extension 'colcon_pkg'
[1.988s] Level 1:colcon.colcon_core.package_identification:_identify(src/addvectors_srvcli) by extensions ['colcon_meta']
[1.988s] Level 1:colcon.colcon_core.package_identification:_identify(src/addvectors_srvcli) by extension 'colcon_meta'
[1.988s] Level 1:colcon.colcon_core.package_identification:_identify(src/addvectors_srvcli) by extensions ['ros']
[1.988s] Level 1:colcon.colcon_core.package_identification:_identify(src/addvectors_srvcli) by extension 'ros'
[1.992s] DEBUG:colcon.colcon_core.package_identification:Package 'src/addvectors_srvcli' with type 'ros.ament_cmake' and name 'addvectors_srvcli'
[1.994s] Level 1:colcon.colcon_core.package_identification:_identify(src/build) by extensions ['ignore', 'ignore_ament_install']
[1.995s] Level 1:colcon.colcon_core.package_identification:_identify(src/build) by extension 'ignore'
[1.995s] Level 1:colcon.colcon_core.package_identification:_identify(src/build) ignored
[1.995s] Level 1:colcon.colcon_core.package_identification:_identify(src/cpp_parameters) by extensions ['ignore', 'ignore_ament_install']
[1.996s] Level 1:colcon.colcon_core.package_identification:_identify(src/cpp_parameters) by extension 'ignore'
[1.996s] Level 1:colcon.colcon_core.package_identification:_identify(src/cpp_parameters) by extension 'ignore_ament_install'
[1.996s] Level 1:colcon.colcon_core.package_identification:_identify(src/cpp_parameters) by extensions ['colcon_pkg']
[1.996s] Level 1:colcon.colcon_core.package_identification:_identify(src/cpp_parameters) by extension 'colcon_pkg'
[1.996s] Level 1:colcon.colcon_core.package_identification:_identify(src/cpp_parameters) by extensions ['colcon_meta']
[1.996s] Level 1:colcon.colcon_core.package_identification:_identify(src/cpp_parameters) by extension 'colcon_meta'
[1.996s] Level 1:colcon.colcon_core.package_identification:_identify(src/cpp_parameters) by extensions ['ros']
[1.996s] Level 1:colcon.colcon_core.package_identification:_identify(src/cpp_parameters) by extension 'ros'
[1.998s] DEBUG:colcon.colcon_core.package_identification:Package 'src/cpp_parameters' with type 'ros.ament_cmake' and name 'cpp_parameters'
[1.998s] Level 1:colcon.colcon_core.package_identification:_identify(src/cpp_pubsub) by extensions ['ignore', 'ignore_ament_install']
[1.998s] Level 1:colcon.colcon_core.package_identification:_identify(src/cpp_pubsub) by extension 'ignore'
[1.998s] Level 1:colcon.colcon_core.package_identification:_identify(src/cpp_pubsub) by extension 'ignore_ament_install'
[1.998s] Level 1:colcon.colcon_core.package_identification:_identify(src/cpp_pubsub) by extensions ['colcon_pkg']
[1.998s] Level 1:colcon.colcon_core.package_identification:_identify(src/cpp_pubsub) by extension 'colcon_pkg'
[1.998s] Level 1:colcon.colcon_core.package_identification:_identify(src/cpp_pubsub) by extensions ['colcon_meta']
[1.998s] Level 1:colcon.colcon_core.package_identification:_identify(src/cpp_pubsub) by extension 'colcon_meta'
[1.998s] Level 1:colcon.colcon_core.package_identification:_identify(src/cpp_pubsub) by extensions ['ros']
[1.998s] Level 1:colcon.colcon_core.package_identification:_identify(src/cpp_pubsub) by extension 'ros'
[1.999s] DEBUG:colcon.colcon_core.package_identification:Package 'src/cpp_pubsub' with type 'ros.ament_cmake' and name 'cpp_pubsub'
[1.999s] Level 1:colcon.colcon_core.package_identification:_identify(src/cpp_srvcli) by extensions ['ignore', 'ignore_ament_install']
[2.000s] Level 1:colcon.colcon_core.package_identification:_identify(src/cpp_srvcli) by extension 'ignore'
[2.000s] Level 1:colcon.colcon_core.package_identification:_identify(src/cpp_srvcli) by extension 'ignore_ament_install'
[2.000s] Level 1:colcon.colcon_core.package_identification:_identify(src/cpp_srvcli) by extensions ['colcon_pkg']
[2.000s] Level 1:colcon.colcon_core.package_identification:_identify(src/cpp_srvcli) by extension 'colcon_pkg'
[2.000s] Level 1:colcon.colcon_core.package_identification:_identify(src/cpp_srvcli) by extensions ['colcon_meta']
[2.000s] Level 1:colcon.colcon_core.package_identification:_identify(src/cpp_srvcli) by extension 'colcon_meta'
[2.000s] Level 1:colcon.colcon_core.package_identification:_identify(src/cpp_srvcli) by extensions ['ros']
[2.000s] Level 1:colcon.colcon_core.package_identification:_identify(src/cpp_srvcli) by extension 'ros'
[2.001s] DEBUG:colcon.colcon_core.package_identification:Package 'src/cpp_srvcli' with type 'ros.ament_cmake' and name 'cpp_srvcli'
[2.001s] Level 1:colcon.colcon_core.package_identification:_identify(src/install) by extensions ['ignore', 'ignore_ament_install']
[2.001s] Level 1:colcon.colcon_core.package_identification:_identify(src/install) by extension 'ignore'
[2.001s] Level 1:colcon.colcon_core.package_identification:_identify(src/install) ignored
[2.001s] Level 1:colcon.colcon_core.package_identification:_identify(src/log) by extensions ['ignore', 'ignore_ament_install']
[2.001s] Level 1:colcon.colcon_core.package_identification:_identify(src/log) by extension 'ignore'
[2.001s] Level 1:colcon.colcon_core.package_identification:_identify(src/log) ignored
[2.001s] Level 1:colcon.colcon_core.package_identification:_identify(src/more_interfaces) by extensions ['ignore', 'ignore_ament_install']
[2.002s] Level 1:colcon.colcon_core.package_identification:_identify(src/more_interfaces) by extension 'ignore'
[2.002s] Level 1:colcon.colcon_core.package_identification:_identify(src/more_interfaces) by extension 'ignore_ament_install'
[2.002s] Level 1:colcon.colcon_core.package_identification:_identify(src/more_interfaces) by extensions ['colcon_pkg']
[2.002s] Level 1:colcon.colcon_core.package_identification:_identify(src/more_interfaces) by extension 'colcon_pkg'
[2.002s] Level 1:colcon.colcon_core.package_identification:_identify(src/more_interfaces) by extensions ['colcon_meta']
[2.002s] Level 1:colcon.colcon_core.package_identification:_identify(src/more_interfaces) by extension 'colcon_meta'
[2.002s] Level 1:colcon.colcon_core.package_identification:_identify(src/more_interfaces) by extensions ['ros']
[2.002s] Level 1:colcon.colcon_core.package_identification:_identify(src/more_interfaces) by extension 'ros'
[2.002s] DEBUG:colcon.colcon_core.package_identification:Package 'src/more_interfaces' with type 'ros.ament_cmake' and name 'more_interfaces'
[2.003s] Level 1:colcon.colcon_core.package_identification:_identify(src/opencv_test) by extensions ['ignore', 'ignore_ament_install']
[2.003s] Level 1:colcon.colcon_core.package_identification:_identify(src/opencv_test) by extension 'ignore'
[2.003s] Level 1:colcon.colcon_core.package_identification:_identify(src/opencv_test) by extension 'ignore_ament_install'
[2.003s] Level 1:colcon.colcon_core.package_identification:_identify(src/opencv_test) by extensions ['colcon_pkg']
[2.003s] Level 1:colcon.colcon_core.package_identification:_identify(src/opencv_test) by extension 'colcon_pkg'
[2.003s] Level 1:colcon.colcon_core.package_identification:_identify(src/opencv_test) by extensions ['colcon_meta']
[2.003s] Level 1:colcon.colcon_core.package_identification:_identify(src/opencv_test) by extension 'colcon_meta'
[2.003s] Level 1:colcon.colcon_core.package_identification:_identify(src/opencv_test) by extensions ['ros']
[2.003s] Level 1:colcon.colcon_core.package_identification:_identify(src/opencv_test) by extension 'ros'
[2.006s] DEBUG:colcon.colcon_core.package_identification:Package 'src/opencv_test' with type 'ros.ament_cmake' and name 'opencv_test'
[2.008s] Level 1:colcon.colcon_core.package_identification:_identify(src/polygon_base) by extensions ['ignore', 'ignore_ament_install']
[2.008s] Level 1:colcon.colcon_core.package_identification:_identify(src/polygon_base) by extension 'ignore'
[2.008s] Level 1:colcon.colcon_core.package_identification:_identify(src/polygon_base) by extension 'ignore_ament_install'
[2.008s] Level 1:colcon.colcon_core.package_identification:_identify(src/polygon_base) by extensions ['colcon_pkg']
[2.009s] Level 1:colcon.colcon_core.package_identification:_identify(src/polygon_base) by extension 'colcon_pkg'
[2.009s] Level 1:colcon.colcon_core.package_identification:_identify(src/polygon_base) by extensions ['colcon_meta']
[2.009s] Level 1:colcon.colcon_core.package_identification:_identify(src/polygon_base) by extension 'colcon_meta'
[2.009s] Level 1:colcon.colcon_core.package_identification:_identify(src/polygon_base) by extensions ['ros']
[2.009s] Level 1:colcon.colcon_core.package_identification:_identify(src/polygon_base) by extension 'ros'
[2.018s] DEBUG:colcon.colcon_core.package_identification:Package 'src/polygon_base' with type 'ros.ament_cmake' and name 'polygon_base'
[2.019s] Level 1:colcon.colcon_core.package_identification:_identify(src/polygon_plugins) by extensions ['ignore', 'ignore_ament_install']
[2.019s] Level 1:colcon.colcon_core.package_identification:_identify(src/polygon_plugins) by extension 'ignore'
[2.019s] Level 1:colcon.colcon_core.package_identification:_identify(src/polygon_plugins) by extension 'ignore_ament_install'
[2.019s] Level 1:colcon.colcon_core.package_identification:_identify(src/polygon_plugins) by extensions ['colcon_pkg']
[2.019s] Level 1:colcon.colcon_core.package_identification:_identify(src/polygon_plugins) by extension 'colcon_pkg'
[2.019s] Level 1:colcon.colcon_core.package_identification:_identify(src/polygon_plugins) by extensions ['colcon_meta']
[2.019s] Level 1:colcon.colcon_core.package_identification:_identify(src/polygon_plugins) by extension 'colcon_meta'
[2.019s] Level 1:colcon.colcon_core.package_identification:_identify(src/polygon_plugins) by extensions ['ros']
[2.019s] Level 1:colcon.colcon_core.package_identification:_identify(src/polygon_plugins) by extension 'ros'
[2.020s] DEBUG:colcon.colcon_core.package_identification:Package 'src/polygon_plugins' with type 'ros.ament_cmake' and name 'polygon_plugins'
[2.021s] Level 1:colcon.colcon_core.package_identification:_identify(src/rrbot_description) by extensions ['ignore', 'ignore_ament_install']
[2.021s] Level 1:colcon.colcon_core.package_identification:_identify(src/rrbot_description) by extension 'ignore'
[2.021s] Level 1:colcon.colcon_core.package_identification:_identify(src/rrbot_description) by extension 'ignore_ament_install'
[2.021s] Level 1:colcon.colcon_core.package_identification:_identify(src/rrbot_description) by extensions ['colcon_pkg']
[2.021s] Level 1:colcon.colcon_core.package_identification:_identify(src/rrbot_description) by extension 'colcon_pkg'
[2.021s] Level 1:colcon.colcon_core.package_identification:_identify(src/rrbot_description) by extensions ['colcon_meta']
[2.021s] Level 1:colcon.colcon_core.package_identification:_identify(src/rrbot_description) by extension 'colcon_meta'
[2.021s] Level 1:colcon.colcon_core.package_identification:_identify(src/rrbot_description) by extensions ['ros']
[2.021s] Level 1:colcon.colcon_core.package_identification:_identify(src/rrbot_description) by extension 'ros'
[2.022s] DEBUG:colcon.colcon_core.package_identification:Package 'src/rrbot_description' with type 'ros.ament_cmake' and name 'rrbot_description'
[2.022s] Level 1:colcon.colcon_core.package_identification:_identify(src/rrbot_description_ros2) by extensions ['ignore', 'ignore_ament_install']
[2.022s] Level 1:colcon.colcon_core.package_identification:_identify(src/rrbot_description_ros2) by extension 'ignore'
[2.022s] Level 1:colcon.colcon_core.package_identification:_identify(src/rrbot_description_ros2) by extension 'ignore_ament_install'
[2.022s] Level 1:colcon.colcon_core.package_identification:_identify(src/rrbot_description_ros2) by extensions ['colcon_pkg']
[2.022s] Level 1:colcon.colcon_core.package_identification:_identify(src/rrbot_description_ros2) by extension 'colcon_pkg'
[2.022s] Level 1:colcon.colcon_core.package_identification:_identify(src/rrbot_description_ros2) by extensions ['colcon_meta']
[2.022s] Level 1:colcon.colcon_core.package_identification:_identify(src/rrbot_description_ros2) by extension 'colcon_meta'
[2.023s] Level 1:colcon.colcon_core.package_identification:_identify(src/rrbot_description_ros2) by extensions ['ros']
[2.023s] Level 1:colcon.colcon_core.package_identification:_identify(src/rrbot_description_ros2) by extension 'ros'
[2.026s] DEBUG:colcon.colcon_core.package_identification:Package 'src/rrbot_description_ros2' with type 'ros.ament_cmake' and name 'rrbot_description_ros2'
[2.027s] Level 1:colcon.colcon_core.package_identification:_identify(src/rrbot_gazebo) by extensions ['ignore', 'ignore_ament_install']
[2.027s] Level 1:colcon.colcon_core.package_identification:_identify(src/rrbot_gazebo) by extension 'ignore'
[2.028s] Level 1:colcon.colcon_core.package_identification:_identify(src/rrbot_gazebo) by extension 'ignore_ament_install'
[2.028s] Level 1:colcon.colcon_core.package_identification:_identify(src/rrbot_gazebo) by extensions ['colcon_pkg']
[2.028s] Level 1:colcon.colcon_core.package_identification:_identify(src/rrbot_gazebo) by extension 'colcon_pkg'
[2.028s] Level 1:colcon.colcon_core.package_identification:_identify(src/rrbot_gazebo) by extensions ['colcon_meta']
[2.028s] Level 1:colcon.colcon_core.package_identification:_identify(src/rrbot_gazebo) by extension 'colcon_meta'
[2.028s] Level 1:colcon.colcon_core.package_identification:_identify(src/rrbot_gazebo) by extensions ['ros']
[2.028s] Level 1:colcon.colcon_core.package_identification:_identify(src/rrbot_gazebo) by extension 'ros'
[2.030s] DEBUG:colcon.colcon_core.package_identification:Package 'src/rrbot_gazebo' with type 'ros.ament_cmake' and name 'rrbot_gazebo'
[2.030s] Level 1:colcon.colcon_core.package_identification:_identify(src/tutorial_interfaces) by extensions ['ignore', 'ignore_ament_install']
[2.030s] Level 1:colcon.colcon_core.package_identification:_identify(src/tutorial_interfaces) by extension 'ignore'
[2.030s] Level 1:colcon.colcon_core.package_identification:_identify(src/tutorial_interfaces) by extension 'ignore_ament_install'
[2.030s] Level 1:colcon.colcon_core.package_identification:_identify(src/tutorial_interfaces) by extensions ['colcon_pkg']
[2.030s] Level 1:colcon.colcon_core.package_identification:_identify(src/tutorial_interfaces) by extension 'colcon_pkg'
[2.030s] Level 1:colcon.colcon_core.package_identification:_identify(src/tutorial_interfaces) by extensions ['colcon_meta']
[2.030s] Level 1:colcon.colcon_core.package_identification:_identify(src/tutorial_interfaces) by extension 'colcon_meta'
[2.030s] Level 1:colcon.colcon_core.package_identification:_identify(src/tutorial_interfaces) by extensions ['ros']
[2.030s] Level 1:colcon.colcon_core.package_identification:_identify(src/tutorial_interfaces) by extension 'ros'
[2.031s] DEBUG:colcon.colcon_core.package_identification:Package 'src/tutorial_interfaces' with type 'ros.ament_cmake' and name 'tutorial_interfaces'
[2.031s] Level 1:colcon.colcon_core.package_identification:_identify(src/vbm_project_env) by extensions ['ignore', 'ignore_ament_install']
[2.031s] Level 1:colcon.colcon_core.package_identification:_identify(src/vbm_project_env) by extension 'ignore'
[2.031s] Level 1:colcon.colcon_core.package_identification:_identify(src/vbm_project_env) by extension 'ignore_ament_install'
[2.032s] Level 1:colcon.colcon_core.package_identification:_identify(src/vbm_project_env) by extensions ['colcon_pkg']
[2.032s] Level 1:colcon.colcon_core.package_identification:_identify(src/vbm_project_env) by extension 'colcon_pkg'
[2.032s] Level 1:colcon.colcon_core.package_identification:_identify(src/vbm_project_env) by extensions ['colcon_meta']
[2.032s] Level 1:colcon.colcon_core.package_identification:_identify(src/vbm_project_env) by extension 'colcon_meta'
[2.032s] Level 1:colcon.colcon_core.package_identification:_identify(src/vbm_project_env) by extensions ['ros']
[2.032s] Level 1:colcon.colcon_core.package_identification:_identify(src/vbm_project_env) by extension 'ros'
[2.032s] DEBUG:colcon.colcon_core.package_identification:Package 'src/vbm_project_env' with type 'ros.ament_cmake' and name 'vbm_project_env'
[2.033s] Level 1:colcon.colcon_core.package_discovery:discover_packages(recursive) using defaults
[2.033s] Level 1:colcon.colcon_core.package_discovery:discover_packages(ignore) discover
[2.033s] Level 1:colcon.colcon_core.package_discovery:discover_packages(ignore) using defaults
[2.033s] Level 1:colcon.colcon_core.package_discovery:discover_packages(path) discover
[2.033s] Level 1:colcon.colcon_core.package_discovery:discover_packages(path) using defaults
[2.219s] INFO:colcon.colcon_core.package_selection:Skipping not selected package 'addvectors_srvcli' in 'src/addvectors_srvcli'
[2.219s] INFO:colcon.colcon_core.package_selection:Skipping not selected package 'cpp_parameters' in 'src/cpp_parameters'
[2.220s] INFO:colcon.colcon_core.package_selection:Skipping not selected package 'more_interfaces' in 'src/more_interfaces'
[2.221s] INFO:colcon.colcon_core.package_selection:Skipping not selected package 'polygon_base' in 'src/polygon_base'
[2.221s] INFO:colcon.colcon_core.package_selection:Skipping not selected package 'rrbot_description' in 'src/rrbot_description'
[2.221s] INFO:colcon.colcon_core.package_selection:Skipping not selected package 'rrbot_description_ros2' in 'src/rrbot_description_ros2'
[2.221s] INFO:colcon.colcon_core.package_selection:Skipping not selected package 'tutorial_interfaces' in 'src/tutorial_interfaces'
[2.222s] INFO:colcon.colcon_core.package_selection:Skipping not selected package 'vbm_project_env' in 'src/vbm_project_env'
[2.222s] INFO:colcon.colcon_core.package_selection:Skipping not selected package 'cpp_pubsub' in 'src/cpp_pubsub'
[2.222s] INFO:colcon.colcon_core.package_selection:Skipping not selected package 'cpp_srvcli' in 'src/cpp_srvcli'
[2.222s] INFO:colcon.colcon_core.package_selection:Skipping not selected package 'polygon_plugins' in 'src/polygon_plugins'
[2.222s] INFO:colcon.colcon_core.package_selection:Skipping not selected package 'rrbot_gazebo' in 'src/rrbot_gazebo'
[2.304s] Level 1:colcon.colcon_core.package_discovery:discover_packages(prefix_path) check parameters
[2.304s] Level 1:colcon.colcon_core.package_discovery:discover_packages(prefix_path) discover
[2.396s] DEBUG:colcon.colcon_installed_package_information.package_discovery:Found 13 installed packages in /home/expert_amateur/vbm_ws/install
[2.436s] DEBUG:colcon.colcon_installed_package_information.package_discovery:Found 3 installed packages in /home/expert_amateur/voidwalking/arduino_ws/microros_ws/install
[2.493s] DEBUG:colcon.colcon_installed_package_information.package_discovery:Found 10 installed packages in /home/expert_amateur/voidwalking/ros2_ws/install
[2.544s] DEBUG:colcon.colcon_installed_package_information.package_discovery:Found 418 installed packages in /opt/ros/humble
[2.550s] Level 1:colcon.colcon_core.package_discovery:discover_packages(prefix_path) using defaults
[2.840s] Level 5:colcon.colcon_core.verb:set package 'opencv_test' build argument 'cmake_args' from command line to 'None'
[2.840s] Level 5:colcon.colcon_core.verb:set package 'opencv_test' build argument 'cmake_target' from command line to 'None'
[2.841s] Level 5:colcon.colcon_core.verb:set package 'opencv_test' build argument 'cmake_target_skip_unavailable' from command line to 'False'
[2.841s] Level 5:colcon.colcon_core.verb:set package 'opencv_test' build argument 'cmake_clean_cache' from command line to 'False'
[2.841s] Level 5:colcon.colcon_core.verb:set package 'opencv_test' build argument 'cmake_clean_first' from command line to 'False'
[2.841s] Level 5:colcon.colcon_core.verb:set package 'opencv_test' build argument 'cmake_force_configure' from command line to 'False'
[2.841s] Level 5:colcon.colcon_core.verb:set package 'opencv_test' build argument 'ament_cmake_args' from command line to 'None'
[2.842s] Level 5:colcon.colcon_core.verb:set package 'opencv_test' build argument 'catkin_cmake_args' from command line to 'None'
[2.842s] Level 5:colcon.colcon_core.verb:set package 'opencv_test' build argument 'catkin_skip_building_tests' from command line to 'False'
[2.842s] DEBUG:colcon.colcon_core.verb:Building package 'opencv_test' with the following arguments: {'ament_cmake_args': None, 'build_base': '/home/expert_amateur/vbm_ws/build/opencv_test', 'catkin_cmake_args': None, 'catkin_skip_building_tests': False, 'cmake_args': None, 'cmake_clean_cache': False, 'cmake_clean_first': False, 'cmake_force_configure': False, 'cmake_target': None, 'cmake_target_skip_unavailable': False, 'install_base': '/home/expert_amateur/vbm_ws/install/opencv_test', 'merge_install': False, 'path': '/home/expert_amateur/vbm_ws/src/opencv_test', 'symlink_install': False, 'test_result_base': None}
[2.885s] INFO:colcon.colcon_core.executor:Executing jobs using 'parallel' executor
[2.934s] DEBUG:colcon.colcon_parallel_executor.executor.parallel:run_until_complete
[2.934s] INFO:colcon.colcon_ros.task.ament_cmake.build:Building ROS package in '/home/expert_amateur/vbm_ws/src/opencv_test' with build type 'ament_cmake'
[2.934s] INFO:colcon.colcon_cmake.task.cmake.build:Building CMake package in '/home/expert_amateur/vbm_ws/src/opencv_test'
[2.994s] INFO:colcon.colcon_core.plugin_system:Skipping extension 'colcon_core.shell.bat': Not used on non-Windows systems
[2.995s] INFO:colcon.colcon_core.shell:Skip shell extension 'powershell' for command environment: Not usable outside of PowerShell
[2.995s] DEBUG:colcon.colcon_core.shell:Skip shell extension 'dsv' for command environment
[3.285s] DEBUG:colcon.colcon_core.event_handler.log_command:Invoking command in '/home/expert_amateur/vbm_ws/build/opencv_test': CMAKE_PREFIX_PATH=${CMAKE_PREFIX_PATH}:/home/expert_amateur/voidwalking/ros2_ws/install/waypoints:/opt/ros/humble /usr/bin/cmake --build /home/expert_amateur/vbm_ws/build/opencv_test -- -j12 -l12
[3.446s] DEBUG:colcon.colcon_core.event_handler.log_command:Invoked command in '/home/expert_amateur/vbm_ws/build/opencv_test' returned '0': CMAKE_PREFIX_PATH=${CMAKE_PREFIX_PATH}:/home/expert_amateur/voidwalking/ros2_ws/install/waypoints:/opt/ros/humble /usr/bin/cmake --build /home/expert_amateur/vbm_ws/build/opencv_test -- -j12 -l12
[3.548s] DEBUG:colcon.colcon_core.event_handler.log_command:Invoking command in '/home/expert_amateur/vbm_ws/build/opencv_test': CMAKE_PREFIX_PATH=${CMAKE_PREFIX_PATH}:/home/expert_amateur/voidwalking/ros2_ws/install/waypoints:/opt/ros/humble /usr/bin/cmake --install /home/expert_amateur/vbm_ws/build/opencv_test
[3.573s] Level 1:colcon.colcon_core.environment:create_environment_scripts_only(opencv_test)
[3.574s] DEBUG:colcon.colcon_core.event_handler.log_command:Invoked command in '/home/expert_amateur/vbm_ws/build/opencv_test' returned '0': CMAKE_PREFIX_PATH=${CMAKE_PREFIX_PATH}:/home/expert_amateur/voidwalking/ros2_ws/install/waypoints:/opt/ros/humble /usr/bin/cmake --install /home/expert_amateur/vbm_ws/build/opencv_test
[3.648s] Level 1:colcon.colcon_core.environment:checking '/home/expert_amateur/vbm_ws/install/opencv_test' for CMake module files
[3.649s] Level 1:colcon.colcon_core.environment:checking '/home/expert_amateur/vbm_ws/install/opencv_test' for CMake config files
[3.649s] Level 1:colcon.colcon_core.shell:create_environment_hook('opencv_test', 'cmake_prefix_path')
[3.688s] INFO:colcon.colcon_core.shell:Creating environment hook '/home/expert_amateur/vbm_ws/install/opencv_test/share/opencv_test/hook/cmake_prefix_path.ps1'
[3.691s] INFO:colcon.colcon_core.shell:Creating environment descriptor '/home/expert_amateur/vbm_ws/install/opencv_test/share/opencv_test/hook/cmake_prefix_path.dsv'
[3.693s] INFO:colcon.colcon_core.shell:Creating environment hook '/home/expert_amateur/vbm_ws/install/opencv_test/share/opencv_test/hook/cmake_prefix_path.sh'
[3.694s] Level 1:colcon.colcon_core.environment:checking '/home/expert_amateur/vbm_ws/install/opencv_test/lib'
[3.695s] Level 1:colcon.colcon_core.environment:checking '/home/expert_amateur/vbm_ws/install/opencv_test/bin'
[3.695s] Level 1:colcon.colcon_core.environment:checking '/home/expert_amateur/vbm_ws/install/opencv_test/lib/pkgconfig/opencv_test.pc'
[3.695s] Level 1:colcon.colcon_core.environment:checking '/home/expert_amateur/vbm_ws/install/opencv_test/lib/python3.10/site-packages'
[3.695s] Level 1:colcon.colcon_core.environment:checking '/home/expert_amateur/vbm_ws/install/opencv_test/bin'
[3.742s] INFO:colcon.colcon_core.shell:Creating package script '/home/expert_amateur/vbm_ws/install/opencv_test/share/opencv_test/package.ps1'
[3.744s] INFO:colcon.colcon_core.shell:Creating package descriptor '/home/expert_amateur/vbm_ws/install/opencv_test/share/opencv_test/package.dsv'
[3.745s] INFO:colcon.colcon_core.shell:Creating package script '/home/expert_amateur/vbm_ws/install/opencv_test/share/opencv_test/package.sh'
[3.746s] INFO:colcon.colcon_core.shell:Creating package script '/home/expert_amateur/vbm_ws/install/opencv_test/share/opencv_test/package.bash'
[3.747s] INFO:colcon.colcon_core.shell:Creating package script '/home/expert_amateur/vbm_ws/install/opencv_test/share/opencv_test/package.zsh'
[3.747s] Level 1:colcon.colcon_core.environment:create_file_with_runtime_dependencies(/home/expert_amateur/vbm_ws/install/opencv_test/share/colcon-core/packages/opencv_test)
[3.855s] Level 1:colcon.colcon_core.environment:create_environment_scripts_only(opencv_test)
[3.908s] Level 1:colcon.colcon_core.environment:checking '/home/expert_amateur/vbm_ws/install/opencv_test' for CMake module files
[3.909s] Level 1:colcon.colcon_core.environment:checking '/home/expert_amateur/vbm_ws/install/opencv_test' for CMake config files
[3.909s] Level 1:colcon.colcon_core.shell:create_environment_hook('opencv_test', 'cmake_prefix_path')
[3.954s] INFO:colcon.colcon_core.shell:Creating environment hook '/home/expert_amateur/vbm_ws/install/opencv_test/share/opencv_test/hook/cmake_prefix_path.ps1'
[3.955s] INFO:colcon.colcon_core.shell:Creating environment descriptor '/home/expert_amateur/vbm_ws/install/opencv_test/share/opencv_test/hook/cmake_prefix_path.dsv'
[3.955s] INFO:colcon.colcon_core.shell:Creating environment hook '/home/expert_amateur/vbm_ws/install/opencv_test/share/opencv_test/hook/cmake_prefix_path.sh'
[3.956s] Level 1:colcon.colcon_core.environment:checking '/home/expert_amateur/vbm_ws/install/opencv_test/lib'
[3.956s] Level 1:colcon.colcon_core.environment:checking '/home/expert_amateur/vbm_ws/install/opencv_test/bin'
[3.956s] Level 1:colcon.colcon_core.environment:checking '/home/expert_amateur/vbm_ws/install/opencv_test/lib/pkgconfig/opencv_test.pc'
[3.957s] Level 1:colcon.colcon_core.environment:checking '/home/expert_amateur/vbm_ws/install/opencv_test/lib/python3.10/site-packages'
[3.957s] Level 1:colcon.colcon_core.environment:checking '/home/expert_amateur/vbm_ws/install/opencv_test/bin'
[3.997s] INFO:colcon.colcon_core.shell:Creating package script '/home/expert_amateur/vbm_ws/install/opencv_test/share/opencv_test/package.ps1'
[4.000s] INFO:colcon.colcon_core.shell:Creating package descriptor '/home/expert_amateur/vbm_ws/install/opencv_test/share/opencv_test/package.dsv'
[4.003s] INFO:colcon.colcon_core.shell:Creating package script '/home/expert_amateur/vbm_ws/install/opencv_test/share/opencv_test/package.sh'
[4.004s] INFO:colcon.colcon_core.shell:Creating package script '/home/expert_amateur/vbm_ws/install/opencv_test/share/opencv_test/package.bash'
[4.004s] INFO:colcon.colcon_core.shell:Creating package script '/home/expert_amateur/vbm_ws/install/opencv_test/share/opencv_test/package.zsh'
[4.005s] Level 1:colcon.colcon_core.environment:create_file_with_runtime_dependencies(/home/expert_amateur/vbm_ws/install/opencv_test/share/colcon-core/packages/opencv_test)
[4.005s] DEBUG:colcon.colcon_parallel_executor.executor.parallel:closing loop
[4.006s] DEBUG:colcon.colcon_parallel_executor.executor.parallel:loop closed
[4.006s] DEBUG:colcon.colcon_parallel_executor.executor.parallel:run_until_complete finished with '0'
[4.006s] DEBUG:colcon.colcon_core.event_reactor:joining thread
[4.054s] INFO:colcon.colcon_core.plugin_system:Skipping extension 'colcon_notification.desktop_notification.terminal_notifier': Not used on non-Darwin systems
[4.054s] INFO:colcon.colcon_core.plugin_system:Skipping extension 'colcon_notification.desktop_notification.win32': Not used on non-Windows systems
[4.054s] INFO:colcon.colcon_notification.desktop_notification:Sending desktop notification using 'notify2'
[4.080s] DEBUG:colcon.colcon_core.event_reactor:joined thread
[4.117s] INFO:colcon.colcon_core.shell:Creating prefix script '/home/expert_amateur/vbm_ws/install/local_setup.ps1'
[4.118s] INFO:colcon.colcon_core.shell:Creating prefix util module '/home/expert_amateur/vbm_ws/install/_local_setup_util_ps1.py'
[4.120s] INFO:colcon.colcon_core.shell:Creating prefix chain script '/home/expert_amateur/vbm_ws/install/setup.ps1'
[4.160s] INFO:colcon.colcon_core.shell:Creating prefix script '/home/expert_amateur/vbm_ws/install/local_setup.sh'
[4.161s] INFO:colcon.colcon_core.shell:Creating prefix util module '/home/expert_amateur/vbm_ws/install/_local_setup_util_sh.py'
[4.164s] INFO:colcon.colcon_core.shell:Creating prefix chain script '/home/expert_amateur/vbm_ws/install/setup.sh'
[4.209s] INFO:colcon.colcon_core.shell:Creating prefix script '/home/expert_amateur/vbm_ws/install/local_setup.bash'
[4.210s] INFO:colcon.colcon_core.shell:Creating prefix chain script '/home/expert_amateur/vbm_ws/install/setup.bash'
[4.268s] INFO:colcon.colcon_core.shell:Creating prefix script '/home/expert_amateur/vbm_ws/install/local_setup.zsh'
[4.268s] INFO:colcon.colcon_core.shell:Creating prefix chain script '/home/expert_amateur/vbm_ws/install/setup.zsh'
