[0.029s] Invoking command in '/home/expert_amateur/vbm_ws/build/rrbot_description_ros2': CMAKE_PREFIX_PATH=${CMAKE_PREFIX_PATH}:/home/expert_amateur/voidwalking/ros2_ws/install/waypoints:/opt/ros/humble /usr/bin/cmake /home/expert_amateur/vbm_ws/src/rrbot_description_ros2 -DCMAKE_INSTALL_PREFIX=/home/expert_amateur/vbm_ws/install/rrbot_description_ros2
[0.160s] -- The C compiler identification is GNU 11.4.0
[0.296s] -- The CXX compiler identification is GNU 11.4.0
[0.309s] -- Detecting C compiler ABI info
[0.383s] -- Detecting C compiler ABI info - done
[0.391s] -- Check for working C compiler: /usr/bin/cc - skipped
[0.392s] -- Detecting C compile features
[0.392s] -- Detecting C compile features - done
[0.397s] -- Detecting CXX compiler ABI info
[0.482s] -- Detecting CXX compiler ABI info - done
[0.491s] -- Check for working CXX compiler: /usr/bin/c++ - skipped
[0.491s] -- Detecting CXX compile features
[0.492s] -- Detecting CXX compile features - done
[0.503s] -- Found ament_cmake: 1.3.5 (/opt/ros/humble/share/ament_cmake/cmake)
[0.716s] -- Found Python3: /usr/bin/python3.10 (found version "3.10.12") found components: Interpreter 
[0.862s] [33mCMake Warning (dev) at /usr/share/cmake-3.22/Modules/FindPackageHandleStandardArgs.cmake:438 (message):
[0.862s]   The package name passed to `find_package_handle_standard_args` (PkgConfig)
[0.863s]   does not match the name of the calling package (gazebo).  This can lead to
[0.863s]   problems in calling code that expects `find_package` result variables
[0.863s]   (e.g., `_FOUND`) to follow a certain pattern.
[0.863s] Call Stack (most recent call first):
[0.863s]   /usr/share/cmake-3.22/Modules/FindPkgConfig.cmake:99 (find_package_handle_standard_args)
[0.863s]   /usr/lib/x86_64-linux-gnu/cmake/gazebo/gazebo-config.cmake:72 (include)
[0.863s]   CMakeLists.txt:10 (find_package)
[0.864s] This warning is for project developers.  Use -Wno-dev to suppress it.
[0.864s] [0m
[0.864s] -- Found PkgConfig: /usr/bin/pkg-config (found version "0.29.2") 
[0.868s] -- Checking for module 'bullet>=2.82'
[0.883s] --   Found bullet, version 3.05
[0.989s] -- Found fcl: /usr/include (found suitable version "0.7.0", minimum required is "0.5.0") 
[1.038s] -- Found assimp: /usr/include (found version "5.2.0") 
[1.080s] -- Found DART: /usr/include (Required is at least version "6.6") found components: dart 
[1.262s] -- Found Boost: /usr/lib/x86_64-linux-gnu/cmake/Boost-1.74.0/BoostConfig.cmake (found suitable version "1.74.0", minimum required is "1.40.0") found components: thread system filesystem program_options regex iostreams date_time 
[1.285s] -- Found Protobuf: /usr/lib/x86_64-linux-gnu/libprotobuf.so (found version "3.12.4") 
[1.292s] -- Looking for ignition-math6 -- found version 6.15.0
[1.301s] -- Searching for dependencies of ignition-math6
[1.303s] -- Looking for OGRE...
[1.304s] -- OGRE_PREFIX_WATCH changed.
[1.308s] -- Checking for module 'OGRE'
[1.318s] --   Found OGRE, version 1.9.0
[1.342s] -- Found Ogre Ghadamon (1.9.0)
[1.352s] -- Found OGRE: optimized;/usr/lib/x86_64-linux-gnu/libOgreMain.so;debug;/usr/lib/x86_64-linux-gnu/libOgreMain.so
[1.361s] -- Looking for OGRE_Paging...
[1.367s] -- Found OGRE_Paging: optimized;/usr/lib/x86_64-linux-gnu/libOgrePaging.so;debug;/usr/lib/x86_64-linux-gnu/libOgrePaging.so
[1.367s] -- Looking for OGRE_Terrain...
[1.373s] -- Found OGRE_Terrain: optimized;/usr/lib/x86_64-linux-gnu/libOgreTerrain.so;debug;/usr/lib/x86_64-linux-gnu/libOgreTerrain.so
[1.373s] -- Looking for OGRE_Property...
[1.378s] -- Found OGRE_Property: optimized;/usr/lib/x86_64-linux-gnu/libOgreProperty.so;debug;/usr/lib/x86_64-linux-gnu/libOgreProperty.so
[1.379s] -- Looking for OGRE_RTShaderSystem...
[1.384s] -- Found OGRE_RTShaderSystem: optimized;/usr/lib/x86_64-linux-gnu/libOgreRTShaderSystem.so;debug;/usr/lib/x86_64-linux-gnu/libOgreRTShaderSystem.so
[1.384s] -- Looking for OGRE_Volume...
[1.390s] -- Found OGRE_Volume: optimized;/usr/lib/x86_64-linux-gnu/libOgreVolume.so;debug;/usr/lib/x86_64-linux-gnu/libOgreVolume.so
[1.390s] -- Looking for OGRE_Overlay...
[1.395s] -- Found OGRE_Overlay: optimized;/usr/lib/x86_64-linux-gnu/libOgreOverlay.so;debug;/usr/lib/x86_64-linux-gnu/libOgreOverlay.so
[1.512s] -- Looking for ignition-math6 -- found version 6.15.0
[1.515s] -- Looking for ignition-transport8 -- found version 8.2.1
[1.515s] -- Searching for dependencies of ignition-transport8
[1.532s] -- Found Protobuf: /usr/lib/x86_64-linux-gnu/libprotobuf.so (found suitable version "3.12.4", minimum required is "3") 
[1.542s] -- Config-file not installed for ZeroMQ -- checking for pkg-config
[1.546s] -- Checking for module 'libzmq >= 4'
[1.557s] --   Found libzmq , version 4.3.4
[1.583s] -- Found ZeroMQ: TRUE (Required is at least version "4") 
[1.588s] -- Checking for module 'uuid'
[1.598s] --   Found uuid, version 2.37.2
[1.623s] -- Found UUID: TRUE  
[1.626s] -- Looking for ignition-msgs5 -- found version 5.8.1
[1.627s] -- Searching for dependencies of ignition-msgs5
[1.645s] -- Looking for ignition-math6 -- found version 6.15.0
[1.650s] -- Checking for module 'tinyxml2'
[1.660s] --   Found tinyxml2, version 9.0.0
[1.688s] -- Looking for ignition-msgs5 -- found version 5.8.1
[1.694s] -- Looking for ignition-common3 -- found version 3.14.0
[1.694s] -- Searching for dependencies of ignition-common3
[1.695s] -- Looking for dlfcn.h - found
[1.696s] -- Looking for libdl - found
[1.697s] -- Found DL: TRUE  
[1.709s] -- Found tinyobjloader: /usr/lib/x86_64-linux-gnu/cmake/tinyobjloader/tinyobjloader-config.cmake (found version "2.0.0") 
[1.710s] -- Searching for <ignition-common3> component [graphics]
[1.713s] -- Looking for ignition-common3-graphics -- found version 3.14.0
[1.714s] -- Searching for dependencies of ignition-common3-graphics
[1.714s] -- Looking for ignition-math6 -- found version 6.15.0
[1.718s] -- Looking for ignition-fuel_tools4 -- found version 4.4.0
[1.719s] -- Searching for dependencies of ignition-fuel_tools4
[1.779s] -- Found CURL: /usr/lib/x86_64-linux-gnu/libcurl.so (found version "7.81.0")  
[1.788s] -- Checking for module 'jsoncpp'
[1.799s] --   Found jsoncpp, version 1.9.5
[1.823s] -- Found JSONCPP: TRUE  
[1.829s] -- Checking for module 'libzip'
[1.839s] --   Found libzip, version 1.7.3
[1.863s] -- Found ZIP: TRUE  
[1.864s] -- Looking for ignition-common3 -- found version 3.14.0
[1.864s] -- Looking for ignition-math6 -- found version 6.15.0
[1.865s] -- Looking for ignition-msgs5 -- found version 5.8.1
[1.872s] -- Found gazebo_ros: 3.7.0 (/opt/ros/humble/share/gazebo_ros/cmake)
[1.929s] -- Found rosidl_generator_c: 3.1.5 (/opt/ros/humble/share/rosidl_generator_c/cmake)
[1.936s] -- Found rosidl_adapter: 3.1.5 (/opt/ros/humble/share/rosidl_adapter/cmake)
[1.948s] -- Found rosidl_generator_cpp: 3.1.5 (/opt/ros/humble/share/rosidl_generator_cpp/cmake)
[1.966s] -- Using all available rosidl_typesupport_c: rosidl_typesupport_fastrtps_c;rosidl_typesupport_introspection_c
[2.021s] -- Using all available rosidl_typesupport_cpp: rosidl_typesupport_fastrtps_cpp;rosidl_typesupport_introspection_cpp
[2.107s] -- Found rmw_implementation_cmake: 6.1.1 (/opt/ros/humble/share/rmw_implementation_cmake/cmake)
[2.111s] -- Found rmw_fastrtps_cpp: 6.2.3 (/opt/ros/humble/share/rmw_fastrtps_cpp/cmake)
[2.209s] -- Found OpenSSL: /usr/lib/x86_64-linux-gnu/libcrypto.so (found version "3.0.2")  
[2.234s] -- Found FastRTPS: /opt/ros/humble/include  
[2.280s] -- Using RMW implementation 'rmw_fastrtps_cpp' as default
[2.294s] -- Found Threads: TRUE  
[2.473s] -- Gazebo version: 11.10
[2.474s] -- Checking for module 'tbb'
[2.484s] --   Found tbb, version 2021.5.0
[2.518s] -- Found geometry_msgs: 4.2.3 (/opt/ros/humble/share/geometry_msgs/cmake)
[2.567s] -- Found ament_lint_auto: 0.12.7 (/opt/ros/humble/share/ament_lint_auto/cmake)
[2.661s] -- Added test 'flake8' to check Python code syntax and style conventions
[2.662s] -- Added test 'lint_cmake' to check CMake code style
[2.662s] -- Added test 'pep257' to check Python code against some of the docstring style conventions in PEP 257
[2.664s] -- Added test 'xmllint' to check XML markup files
[2.665s] -- Configuring done
[2.670s] -- Generating done
[2.672s] -- Build files have been written to: /home/expert_amateur/vbm_ws/build/rrbot_description_ros2
[2.681s] Invoked command in '/home/expert_amateur/vbm_ws/build/rrbot_description_ros2' returned '0': CMAKE_PREFIX_PATH=${CMAKE_PREFIX_PATH}:/home/expert_amateur/voidwalking/ros2_ws/install/waypoints:/opt/ros/humble /usr/bin/cmake /home/expert_amateur/vbm_ws/src/rrbot_description_ros2 -DCMAKE_INSTALL_PREFIX=/home/expert_amateur/vbm_ws/install/rrbot_description_ros2
[2.683s] Invoking command in '/home/expert_amateur/vbm_ws/build/rrbot_description_ros2': CMAKE_PREFIX_PATH=${CMAKE_PREFIX_PATH}:/home/expert_amateur/voidwalking/ros2_ws/install/waypoints:/opt/ros/humble /usr/bin/cmake --build /home/expert_amateur/vbm_ws/build/rrbot_description_ros2 -- -j12 -l12
[2.718s] Invoked command in '/home/expert_amateur/vbm_ws/build/rrbot_description_ros2' returned '0': CMAKE_PREFIX_PATH=${CMAKE_PREFIX_PATH}:/home/expert_amateur/voidwalking/ros2_ws/install/waypoints:/opt/ros/humble /usr/bin/cmake --build /home/expert_amateur/vbm_ws/build/rrbot_description_ros2 -- -j12 -l12
[2.739s] Invoking command in '/home/expert_amateur/vbm_ws/build/rrbot_description_ros2': CMAKE_PREFIX_PATH=${CMAKE_PREFIX_PATH}:/home/expert_amateur/voidwalking/ros2_ws/install/waypoints:/opt/ros/humble /usr/bin/cmake --install /home/expert_amateur/vbm_ws/build/rrbot_description_ros2
[2.746s] -- Install configuration: ""
[2.746s] -- Installing: /home/expert_amateur/vbm_ws/install/rrbot_description_ros2/share/rrbot_description_ros2/urdf
[2.746s] -- Installing: /home/expert_amateur/vbm_ws/install/rrbot_description_ros2/share/rrbot_description_ros2/urdf/gazebo_properties.xacro
[2.746s] -- Installing: /home/expert_amateur/vbm_ws/install/rrbot_description_ros2/share/rrbot_description_ros2/urdf/gazebo_physics.xacro
[2.746s] -- Installing: /home/expert_amateur/vbm_ws/install/rrbot_description_ros2/share/rrbot_description_ros2/urdf/gazebo_plugins.xacro
[2.747s] -- Installing: /home/expert_amateur/vbm_ws/install/rrbot_description_ros2/share/rrbot_description_ros2/urdf/rrbot_properties.xacro
[2.747s] -- Installing: /home/expert_amateur/vbm_ws/install/rrbot_description_ros2/share/rrbot_description_ros2/urdf/rrbot.urdf
[2.747s] -- Installing: /home/expert_amateur/vbm_ws/install/rrbot_description_ros2/share/rrbot_description_ros2/urdf/materials.xacro
[2.747s] -- Installing: /home/expert_amateur/vbm_ws/install/rrbot_description_ros2/share/rrbot_description_ros2/urdf/macros.xacro
[2.747s] -- Installing: /home/expert_amateur/vbm_ws/install/rrbot_description_ros2/share/rrbot_description_ros2/urdf/rrbot.xacro
[2.747s] -- Installing: /home/expert_amateur/vbm_ws/install/rrbot_description_ros2/share/rrbot_description_ros2/launch
[2.747s] -- Installing: /home/expert_amateur/vbm_ws/install/rrbot_description_ros2/share/rrbot_description_ros2/launch/simple_launch.py
[2.747s] -- Installing: /home/expert_amateur/vbm_ws/install/rrbot_description_ros2/lib/rrbot_description_ros2/inject_entity.py
[2.747s] -- Installing: /home/expert_amateur/vbm_ws/install/rrbot_description_ros2/share/ament_index/resource_index/package_run_dependencies/rrbot_description_ros2
[2.747s] -- Installing: /home/expert_amateur/vbm_ws/install/rrbot_description_ros2/share/ament_index/resource_index/parent_prefix_path/rrbot_description_ros2
[2.747s] -- Installing: /home/expert_amateur/vbm_ws/install/rrbot_description_ros2/share/rrbot_description_ros2/environment/ament_prefix_path.sh
[2.747s] -- Installing: /home/expert_amateur/vbm_ws/install/rrbot_description_ros2/share/rrbot_description_ros2/environment/ament_prefix_path.dsv
[2.748s] -- Installing: /home/expert_amateur/vbm_ws/install/rrbot_description_ros2/share/rrbot_description_ros2/environment/path.sh
[2.748s] -- Installing: /home/expert_amateur/vbm_ws/install/rrbot_description_ros2/share/rrbot_description_ros2/environment/path.dsv
[2.748s] -- Installing: /home/expert_amateur/vbm_ws/install/rrbot_description_ros2/share/rrbot_description_ros2/local_setup.bash
[2.748s] -- Installing: /home/expert_amateur/vbm_ws/install/rrbot_description_ros2/share/rrbot_description_ros2/local_setup.sh
[2.748s] -- Installing: /home/expert_amateur/vbm_ws/install/rrbot_description_ros2/share/rrbot_description_ros2/local_setup.zsh
[2.748s] -- Installing: /home/expert_amateur/vbm_ws/install/rrbot_description_ros2/share/rrbot_description_ros2/local_setup.dsv
[2.748s] -- Installing: /home/expert_amateur/vbm_ws/install/rrbot_description_ros2/share/rrbot_description_ros2/package.dsv
[2.748s] -- Installing: /home/expert_amateur/vbm_ws/install/rrbot_description_ros2/share/ament_index/resource_index/packages/rrbot_description_ros2
[2.748s] -- Installing: /home/expert_amateur/vbm_ws/install/rrbot_description_ros2/share/rrbot_description_ros2/cmake/rrbot_description_ros2Config.cmake
[2.749s] -- Installing: /home/expert_amateur/vbm_ws/install/rrbot_description_ros2/share/rrbot_description_ros2/cmake/rrbot_description_ros2Config-version.cmake
[2.749s] -- Installing: /home/expert_amateur/vbm_ws/install/rrbot_description_ros2/share/rrbot_description_ros2/package.xml
[2.750s] Invoked command in '/home/expert_amateur/vbm_ws/build/rrbot_description_ros2' returned '0': CMAKE_PREFIX_PATH=${CMAKE_PREFIX_PATH}:/home/expert_amateur/voidwalking/ros2_ws/install/waypoints:/opt/ros/humble /usr/bin/cmake --install /home/expert_amateur/vbm_ws/build/rrbot_description_ros2
