[2.640s] Invoking command in '/home/expert_amateur/vbm_ws/build/tutorial_interfaces': CMAKE_PREFIX_PATH=${CMAKE_PREFIX_PATH}:/home/expert_amateur/voidwalking/ros2_ws/install/waypoints:/opt/ros/humble /usr/bin/cmake --build /home/expert_amateur/vbm_ws/build/tutorial_interfaces -- -j12 -l12
[2.836s] [  2%] Built target tutorial_interfaces__cpp
[2.838s] [ 12%] Built target tutorial_interfaces__rosidl_generator_c
[2.896s] [ 12%] Built target ament_cmake_python_copy_tutorial_interfaces
[2.989s] [ 23%] Built target tutorial_interfaces__rosidl_typesupport_fastrtps_cpp
[3.034s] [ 34%] Built target tutorial_interfaces__rosidl_typesupport_fastrtps_c
[3.047s] [ 55%] Built target tutorial_interfaces__rosidl_typesupport_cpp
[3.047s] [ 55%] Built target tutorial_interfaces__rosidl_typesupport_introspection_cpp
[3.056s] [ 65%] Built target tutorial_interfaces__rosidl_typesupport_c
[3.105s] [ 76%] Built target tutorial_interfaces__rosidl_typesupport_introspection_c
[3.225s] [ 76%] Built target tutorial_interfaces
[3.357s] [ 78%] Built target tutorial_interfaces__py
[3.481s] [ 87%] Built target tutorial_interfaces__rosidl_generator_py
[3.652s] [ 91%] Built target tutorial_interfaces__rosidl_typesupport_fastrtps_c__pyext
[3.749s] [ 95%] Built target tutorial_interfaces__rosidl_typesupport_introspection_c__pyext
[3.749s] [100%] Built target tutorial_interfaces__rosidl_typesupport_c__pyext
[4.428s] running egg_info
[4.429s] writing tutorial_interfaces.egg-info/PKG-INFO
[4.429s] writing dependency_links to tutorial_interfaces.egg-info/dependency_links.txt
[4.429s] writing top-level names to tutorial_interfaces.egg-info/top_level.txt
[4.444s] reading manifest file 'tutorial_interfaces.egg-info/SOURCES.txt'
[4.448s] writing manifest file 'tutorial_interfaces.egg-info/SOURCES.txt'
[4.653s] [100%] Built target ament_cmake_python_build_tutorial_interfaces_egg
[6.496s] Invoked command in '/home/expert_amateur/vbm_ws/build/tutorial_interfaces' returned '0': CMAKE_PREFIX_PATH=${CMAKE_PREFIX_PATH}:/home/expert_amateur/voidwalking/ros2_ws/install/waypoints:/opt/ros/humble /usr/bin/cmake --build /home/expert_amateur/vbm_ws/build/tutorial_interfaces -- -j12 -l12
[8.368s] Invoking command in '/home/expert_amateur/vbm_ws/build/tutorial_interfaces': CMAKE_PREFIX_PATH=${CMAKE_PREFIX_PATH}:/home/expert_amateur/voidwalking/ros2_ws/install/waypoints:/opt/ros/humble /usr/bin/cmake --install /home/expert_amateur/vbm_ws/build/tutorial_interfaces
[8.408s] -- Install configuration: ""
[8.408s] -- Up-to-date: /home/expert_amateur/vbm_ws/install/tutorial_interfaces/share/ament_index/resource_index/rosidl_interfaces/tutorial_interfaces
[8.409s] -- Up-to-date: /home/expert_amateur/vbm_ws/install/tutorial_interfaces/include/tutorial_interfaces/tutorial_interfaces
[8.409s] -- Up-to-date: /home/expert_amateur/vbm_ws/install/tutorial_interfaces/include/tutorial_interfaces/tutorial_interfaces/srv
[8.409s] -- Up-to-date: /home/expert_amateur/vbm_ws/install/tutorial_interfaces/include/tutorial_interfaces/tutorial_interfaces/srv/detail
[8.409s] -- Up-to-date: /home/expert_amateur/vbm_ws/install/tutorial_interfaces/include/tutorial_interfaces/tutorial_interfaces/srv/detail/add_three_ints__functions.c
[8.409s] -- Up-to-date: /home/expert_amateur/vbm_ws/install/tutorial_interfaces/include/tutorial_interfaces/tutorial_interfaces/srv/detail/add_three_ints__type_support.h
[8.409s] -- Up-to-date: /home/expert_amateur/vbm_ws/install/tutorial_interfaces/include/tutorial_interfaces/tutorial_interfaces/srv/detail/add_three_ints__functions.h
[8.409s] -- Up-to-date: /home/expert_amateur/vbm_ws/install/tutorial_interfaces/include/tutorial_interfaces/tutorial_interfaces/srv/detail/add_three_ints__struct.h
[8.409s] -- Up-to-date: /home/expert_amateur/vbm_ws/install/tutorial_interfaces/include/tutorial_interfaces/tutorial_interfaces/srv/add_three_ints.h
[8.409s] -- Up-to-date: /home/expert_amateur/vbm_ws/install/tutorial_interfaces/include/tutorial_interfaces/tutorial_interfaces/msg
[8.410s] -- Up-to-date: /home/expert_amateur/vbm_ws/install/tutorial_interfaces/include/tutorial_interfaces/tutorial_interfaces/msg/num.h
[8.411s] -- Up-to-date: /home/expert_amateur/vbm_ws/install/tutorial_interfaces/include/tutorial_interfaces/tutorial_interfaces/msg/sphere.h
[8.413s] -- Up-to-date: /home/expert_amateur/vbm_ws/install/tutorial_interfaces/include/tutorial_interfaces/tutorial_interfaces/msg/detail
[8.415s] -- Up-to-date: /home/expert_amateur/vbm_ws/install/tutorial_interfaces/include/tutorial_interfaces/tutorial_interfaces/msg/detail/num__functions.h
[8.415s] -- Up-to-date: /home/expert_amateur/vbm_ws/install/tutorial_interfaces/include/tutorial_interfaces/tutorial_interfaces/msg/detail/num__functions.c
[8.415s] -- Up-to-date: /home/expert_amateur/vbm_ws/install/tutorial_interfaces/include/tutorial_interfaces/tutorial_interfaces/msg/detail/sphere__type_support.h
[8.415s] -- Up-to-date: /home/expert_amateur/vbm_ws/install/tutorial_interfaces/include/tutorial_interfaces/tutorial_interfaces/msg/detail/num__struct.h
[8.415s] -- Up-to-date: /home/expert_amateur/vbm_ws/install/tutorial_interfaces/include/tutorial_interfaces/tutorial_interfaces/msg/detail/sphere__functions.h
[8.415s] -- Up-to-date: /home/expert_amateur/vbm_ws/install/tutorial_interfaces/include/tutorial_interfaces/tutorial_interfaces/msg/detail/num__type_support.h
[8.416s] -- Up-to-date: /home/expert_amateur/vbm_ws/install/tutorial_interfaces/include/tutorial_interfaces/tutorial_interfaces/msg/detail/sphere__functions.c
[8.416s] -- Up-to-date: /home/expert_amateur/vbm_ws/install/tutorial_interfaces/include/tutorial_interfaces/tutorial_interfaces/msg/detail/sphere__struct.h
[8.416s] -- Up-to-date: /home/expert_amateur/vbm_ws/install/tutorial_interfaces/include/tutorial_interfaces/tutorial_interfaces/msg/rosidl_generator_c__visibility_control.h
[8.416s] -- Up-to-date: /home/expert_amateur/vbm_ws/install/tutorial_interfaces/share/tutorial_interfaces/environment/library_path.sh
[8.417s] -- Up-to-date: /home/expert_amateur/vbm_ws/install/tutorial_interfaces/share/tutorial_interfaces/environment/library_path.dsv
[8.417s] -- Up-to-date: /home/expert_amateur/vbm_ws/install/tutorial_interfaces/lib/libtutorial_interfaces__rosidl_generator_c.so
[8.419s] -- Up-to-date: /home/expert_amateur/vbm_ws/install/tutorial_interfaces/include/tutorial_interfaces/tutorial_interfaces
[8.419s] -- Up-to-date: /home/expert_amateur/vbm_ws/install/tutorial_interfaces/include/tutorial_interfaces/tutorial_interfaces/srv
[8.419s] -- Up-to-date: /home/expert_amateur/vbm_ws/install/tutorial_interfaces/include/tutorial_interfaces/tutorial_interfaces/srv/detail
[8.419s] -- Up-to-date: /home/expert_amateur/vbm_ws/install/tutorial_interfaces/include/tutorial_interfaces/tutorial_interfaces/srv/detail/add_three_ints__rosidl_typesupport_fastrtps_c.h
[8.419s] -- Up-to-date: /home/expert_amateur/vbm_ws/install/tutorial_interfaces/include/tutorial_interfaces/tutorial_interfaces/msg
[8.419s] -- Up-to-date: /home/expert_amateur/vbm_ws/install/tutorial_interfaces/include/tutorial_interfaces/tutorial_interfaces/msg/rosidl_typesupport_fastrtps_c__visibility_control.h
[8.419s] -- Up-to-date: /home/expert_amateur/vbm_ws/install/tutorial_interfaces/include/tutorial_interfaces/tutorial_interfaces/msg/detail
[8.420s] -- Up-to-date: /home/expert_amateur/vbm_ws/install/tutorial_interfaces/include/tutorial_interfaces/tutorial_interfaces/msg/detail/sphere__rosidl_typesupport_fastrtps_c.h
[8.420s] -- Up-to-date: /home/expert_amateur/vbm_ws/install/tutorial_interfaces/include/tutorial_interfaces/tutorial_interfaces/msg/detail/num__rosidl_typesupport_fastrtps_c.h
[8.422s] -- Up-to-date: /home/expert_amateur/vbm_ws/install/tutorial_interfaces/lib/libtutorial_interfaces__rosidl_typesupport_fastrtps_c.so
[8.423s] -- Up-to-date: /home/expert_amateur/vbm_ws/install/tutorial_interfaces/include/tutorial_interfaces/tutorial_interfaces
[8.424s] -- Up-to-date: /home/expert_amateur/vbm_ws/install/tutorial_interfaces/include/tutorial_interfaces/tutorial_interfaces/srv
[8.425s] -- Up-to-date: /home/expert_amateur/vbm_ws/install/tutorial_interfaces/include/tutorial_interfaces/tutorial_interfaces/srv/add_three_ints.hpp
[8.425s] -- Up-to-date: /home/expert_amateur/vbm_ws/install/tutorial_interfaces/include/tutorial_interfaces/tutorial_interfaces/srv/detail
[8.425s] -- Up-to-date: /home/expert_amateur/vbm_ws/install/tutorial_interfaces/include/tutorial_interfaces/tutorial_interfaces/srv/detail/add_three_ints__builder.hpp
[8.425s] -- Up-to-date: /home/expert_amateur/vbm_ws/install/tutorial_interfaces/include/tutorial_interfaces/tutorial_interfaces/srv/detail/add_three_ints__traits.hpp
[8.425s] -- Up-to-date: /home/expert_amateur/vbm_ws/install/tutorial_interfaces/include/tutorial_interfaces/tutorial_interfaces/srv/detail/add_three_ints__struct.hpp
[8.426s] -- Up-to-date: /home/expert_amateur/vbm_ws/install/tutorial_interfaces/include/tutorial_interfaces/tutorial_interfaces/msg
[8.426s] -- Up-to-date: /home/expert_amateur/vbm_ws/install/tutorial_interfaces/include/tutorial_interfaces/tutorial_interfaces/msg/num.hpp
[8.426s] -- Up-to-date: /home/expert_amateur/vbm_ws/install/tutorial_interfaces/include/tutorial_interfaces/tutorial_interfaces/msg/sphere.hpp
[8.426s] -- Up-to-date: /home/expert_amateur/vbm_ws/install/tutorial_interfaces/include/tutorial_interfaces/tutorial_interfaces/msg/detail
[8.426s] -- Up-to-date: /home/expert_amateur/vbm_ws/install/tutorial_interfaces/include/tutorial_interfaces/tutorial_interfaces/msg/detail/sphere__struct.hpp
[8.426s] -- Up-to-date: /home/expert_amateur/vbm_ws/install/tutorial_interfaces/include/tutorial_interfaces/tutorial_interfaces/msg/detail/num__struct.hpp
[8.427s] -- Up-to-date: /home/expert_amateur/vbm_ws/install/tutorial_interfaces/include/tutorial_interfaces/tutorial_interfaces/msg/detail/num__traits.hpp
[8.427s] -- Up-to-date: /home/expert_amateur/vbm_ws/install/tutorial_interfaces/include/tutorial_interfaces/tutorial_interfaces/msg/detail/num__builder.hpp
[8.427s] -- Up-to-date: /home/expert_amateur/vbm_ws/install/tutorial_interfaces/include/tutorial_interfaces/tutorial_interfaces/msg/detail/sphere__builder.hpp
[8.427s] -- Up-to-date: /home/expert_amateur/vbm_ws/install/tutorial_interfaces/include/tutorial_interfaces/tutorial_interfaces/msg/detail/sphere__traits.hpp
[8.427s] -- Up-to-date: /home/expert_amateur/vbm_ws/install/tutorial_interfaces/include/tutorial_interfaces/tutorial_interfaces
[8.427s] -- Up-to-date: /home/expert_amateur/vbm_ws/install/tutorial_interfaces/include/tutorial_interfaces/tutorial_interfaces/srv
[8.428s] -- Up-to-date: /home/expert_amateur/vbm_ws/install/tutorial_interfaces/include/tutorial_interfaces/tutorial_interfaces/srv/detail
[8.428s] -- Up-to-date: /home/expert_amateur/vbm_ws/install/tutorial_interfaces/include/tutorial_interfaces/tutorial_interfaces/srv/detail/add_three_ints__rosidl_typesupport_fastrtps_cpp.hpp
[8.428s] -- Up-to-date: /home/expert_amateur/vbm_ws/install/tutorial_interfaces/include/tutorial_interfaces/tutorial_interfaces/srv/detail/dds_fastrtps
[8.428s] -- Up-to-date: /home/expert_amateur/vbm_ws/install/tutorial_interfaces/include/tutorial_interfaces/tutorial_interfaces/msg
[8.429s] -- Up-to-date: /home/expert_amateur/vbm_ws/install/tutorial_interfaces/include/tutorial_interfaces/tutorial_interfaces/msg/rosidl_typesupport_fastrtps_cpp__visibility_control.h
[8.431s] -- Up-to-date: /home/expert_amateur/vbm_ws/install/tutorial_interfaces/include/tutorial_interfaces/tutorial_interfaces/msg/detail
[8.432s] -- Up-to-date: /home/expert_amateur/vbm_ws/install/tutorial_interfaces/include/tutorial_interfaces/tutorial_interfaces/msg/detail/sphere__rosidl_typesupport_fastrtps_cpp.hpp
[8.433s] -- Up-to-date: /home/expert_amateur/vbm_ws/install/tutorial_interfaces/include/tutorial_interfaces/tutorial_interfaces/msg/detail/num__rosidl_typesupport_fastrtps_cpp.hpp
[8.433s] -- Up-to-date: /home/expert_amateur/vbm_ws/install/tutorial_interfaces/include/tutorial_interfaces/tutorial_interfaces/msg/detail/dds_fastrtps
[8.434s] -- Up-to-date: /home/expert_amateur/vbm_ws/install/tutorial_interfaces/lib/libtutorial_interfaces__rosidl_typesupport_fastrtps_cpp.so
[8.434s] -- Up-to-date: /home/expert_amateur/vbm_ws/install/tutorial_interfaces/include/tutorial_interfaces/tutorial_interfaces
[8.434s] -- Up-to-date: /home/expert_amateur/vbm_ws/install/tutorial_interfaces/include/tutorial_interfaces/tutorial_interfaces/srv
[8.434s] -- Up-to-date: /home/expert_amateur/vbm_ws/install/tutorial_interfaces/include/tutorial_interfaces/tutorial_interfaces/srv/detail
[8.434s] -- Up-to-date: /home/expert_amateur/vbm_ws/install/tutorial_interfaces/include/tutorial_interfaces/tutorial_interfaces/srv/detail/add_three_ints__rosidl_typesupport_introspection_c.h
[8.435s] -- Up-to-date: /home/expert_amateur/vbm_ws/install/tutorial_interfaces/include/tutorial_interfaces/tutorial_interfaces/srv/detail/add_three_ints__type_support.c
[8.435s] -- Up-to-date: /home/expert_amateur/vbm_ws/install/tutorial_interfaces/include/tutorial_interfaces/tutorial_interfaces/msg
[8.435s] -- Up-to-date: /home/expert_amateur/vbm_ws/install/tutorial_interfaces/include/tutorial_interfaces/tutorial_interfaces/msg/rosidl_typesupport_introspection_c__visibility_control.h
[8.435s] -- Up-to-date: /home/expert_amateur/vbm_ws/install/tutorial_interfaces/include/tutorial_interfaces/tutorial_interfaces/msg/detail
[8.435s] -- Up-to-date: /home/expert_amateur/vbm_ws/install/tutorial_interfaces/include/tutorial_interfaces/tutorial_interfaces/msg/detail/sphere__rosidl_typesupport_introspection_c.h
[8.435s] -- Up-to-date: /home/expert_amateur/vbm_ws/install/tutorial_interfaces/include/tutorial_interfaces/tutorial_interfaces/msg/detail/num__rosidl_typesupport_introspection_c.h
[8.435s] -- Up-to-date: /home/expert_amateur/vbm_ws/install/tutorial_interfaces/include/tutorial_interfaces/tutorial_interfaces/msg/detail/sphere__type_support.c
[8.436s] -- Up-to-date: /home/expert_amateur/vbm_ws/install/tutorial_interfaces/include/tutorial_interfaces/tutorial_interfaces/msg/detail/num__type_support.c
[8.436s] -- Up-to-date: /home/expert_amateur/vbm_ws/install/tutorial_interfaces/lib/libtutorial_interfaces__rosidl_typesupport_introspection_c.so
[8.436s] -- Up-to-date: /home/expert_amateur/vbm_ws/install/tutorial_interfaces/lib/libtutorial_interfaces__rosidl_typesupport_c.so
[8.436s] -- Up-to-date: /home/expert_amateur/vbm_ws/install/tutorial_interfaces/include/tutorial_interfaces/tutorial_interfaces
[8.436s] -- Up-to-date: /home/expert_amateur/vbm_ws/install/tutorial_interfaces/include/tutorial_interfaces/tutorial_interfaces/srv
[8.437s] -- Up-to-date: /home/expert_amateur/vbm_ws/install/tutorial_interfaces/include/tutorial_interfaces/tutorial_interfaces/srv/detail
[8.437s] -- Up-to-date: /home/expert_amateur/vbm_ws/install/tutorial_interfaces/include/tutorial_interfaces/tutorial_interfaces/srv/detail/add_three_ints__type_support.cpp
[8.437s] -- Up-to-date: /home/expert_amateur/vbm_ws/install/tutorial_interfaces/include/tutorial_interfaces/tutorial_interfaces/srv/detail/add_three_ints__rosidl_typesupport_introspection_cpp.hpp
[8.437s] -- Up-to-date: /home/expert_amateur/vbm_ws/install/tutorial_interfaces/include/tutorial_interfaces/tutorial_interfaces/msg
[8.437s] -- Up-to-date: /home/expert_amateur/vbm_ws/install/tutorial_interfaces/include/tutorial_interfaces/tutorial_interfaces/msg/detail
[8.437s] -- Up-to-date: /home/expert_amateur/vbm_ws/install/tutorial_interfaces/include/tutorial_interfaces/tutorial_interfaces/msg/detail/sphere__type_support.cpp
[8.438s] -- Up-to-date: /home/expert_amateur/vbm_ws/install/tutorial_interfaces/include/tutorial_interfaces/tutorial_interfaces/msg/detail/num__type_support.cpp
[8.438s] -- Up-to-date: /home/expert_amateur/vbm_ws/install/tutorial_interfaces/include/tutorial_interfaces/tutorial_interfaces/msg/detail/num__rosidl_typesupport_introspection_cpp.hpp
[8.438s] -- Up-to-date: /home/expert_amateur/vbm_ws/install/tutorial_interfaces/include/tutorial_interfaces/tutorial_interfaces/msg/detail/sphere__rosidl_typesupport_introspection_cpp.hpp
[8.441s] -- Up-to-date: /home/expert_amateur/vbm_ws/install/tutorial_interfaces/lib/libtutorial_interfaces__rosidl_typesupport_introspection_cpp.so
[8.441s] -- Up-to-date: /home/expert_amateur/vbm_ws/install/tutorial_interfaces/lib/libtutorial_interfaces__rosidl_typesupport_cpp.so
[8.441s] -- Up-to-date: /home/expert_amateur/vbm_ws/install/tutorial_interfaces/share/tutorial_interfaces/environment/pythonpath.sh
[8.441s] -- Up-to-date: /home/expert_amateur/vbm_ws/install/tutorial_interfaces/share/tutorial_interfaces/environment/pythonpath.dsv
[8.442s] -- Up-to-date: /home/expert_amateur/vbm_ws/install/tutorial_interfaces/local/lib/python3.10/dist-packages/tutorial_interfaces-0.0.0-py3.10.egg-info
[8.442s] -- Installing: /home/expert_amateur/vbm_ws/install/tutorial_interfaces/local/lib/python3.10/dist-packages/tutorial_interfaces-0.0.0-py3.10.egg-info/SOURCES.txt
[8.447s] -- Installing: /home/expert_amateur/vbm_ws/install/tutorial_interfaces/local/lib/python3.10/dist-packages/tutorial_interfaces-0.0.0-py3.10.egg-info/PKG-INFO
[8.448s] -- Installing: /home/expert_amateur/vbm_ws/install/tutorial_interfaces/local/lib/python3.10/dist-packages/tutorial_interfaces-0.0.0-py3.10.egg-info/dependency_links.txt
[8.449s] -- Installing: /home/expert_amateur/vbm_ws/install/tutorial_interfaces/local/lib/python3.10/dist-packages/tutorial_interfaces-0.0.0-py3.10.egg-info/top_level.txt
[8.449s] -- Up-to-date: /home/expert_amateur/vbm_ws/install/tutorial_interfaces/local/lib/python3.10/dist-packages/tutorial_interfaces
[8.449s] -- Up-to-date: /home/expert_amateur/vbm_ws/install/tutorial_interfaces/local/lib/python3.10/dist-packages/tutorial_interfaces/srv
[8.449s] -- Up-to-date: /home/expert_amateur/vbm_ws/install/tutorial_interfaces/local/lib/python3.10/dist-packages/tutorial_interfaces/srv/__init__.py
[8.449s] -- Up-to-date: /home/expert_amateur/vbm_ws/install/tutorial_interfaces/local/lib/python3.10/dist-packages/tutorial_interfaces/srv/_add_three_ints.py
[8.449s] -- Up-to-date: /home/expert_amateur/vbm_ws/install/tutorial_interfaces/local/lib/python3.10/dist-packages/tutorial_interfaces/srv/_add_three_ints_s.c
[8.449s] -- Up-to-date: /home/expert_amateur/vbm_ws/install/tutorial_interfaces/local/lib/python3.10/dist-packages/tutorial_interfaces/__init__.py
[8.450s] -- Up-to-date: /home/expert_amateur/vbm_ws/install/tutorial_interfaces/local/lib/python3.10/dist-packages/tutorial_interfaces/_tutorial_interfaces_s.ep.rosidl_typesupport_introspection_c.c
[8.450s] -- Up-to-date: /home/expert_amateur/vbm_ws/install/tutorial_interfaces/local/lib/python3.10/dist-packages/tutorial_interfaces/_tutorial_interfaces_s.ep.rosidl_typesupport_fastrtps_c.c
[8.450s] -- Up-to-date: /home/expert_amateur/vbm_ws/install/tutorial_interfaces/local/lib/python3.10/dist-packages/tutorial_interfaces/tutorial_interfaces_s__rosidl_typesupport_c.cpython-310-x86_64-linux-gnu.so
[8.450s] -- Up-to-date: /home/expert_amateur/vbm_ws/install/tutorial_interfaces/local/lib/python3.10/dist-packages/tutorial_interfaces/libtutorial_interfaces__rosidl_generator_py.so
[8.450s] -- Up-to-date: /home/expert_amateur/vbm_ws/install/tutorial_interfaces/local/lib/python3.10/dist-packages/tutorial_interfaces/_tutorial_interfaces_s.ep.rosidl_typesupport_c.c
[8.451s] -- Up-to-date: /home/expert_amateur/vbm_ws/install/tutorial_interfaces/local/lib/python3.10/dist-packages/tutorial_interfaces/msg
[8.451s] -- Up-to-date: /home/expert_amateur/vbm_ws/install/tutorial_interfaces/local/lib/python3.10/dist-packages/tutorial_interfaces/msg/_sphere.py
[8.451s] -- Up-to-date: /home/expert_amateur/vbm_ws/install/tutorial_interfaces/local/lib/python3.10/dist-packages/tutorial_interfaces/msg/__init__.py
[8.451s] -- Up-to-date: /home/expert_amateur/vbm_ws/install/tutorial_interfaces/local/lib/python3.10/dist-packages/tutorial_interfaces/msg/_sphere_s.c
[8.451s] -- Up-to-date: /home/expert_amateur/vbm_ws/install/tutorial_interfaces/local/lib/python3.10/dist-packages/tutorial_interfaces/msg/_num.py
[8.451s] -- Up-to-date: /home/expert_amateur/vbm_ws/install/tutorial_interfaces/local/lib/python3.10/dist-packages/tutorial_interfaces/msg/_num_s.c
[8.451s] -- Up-to-date: /home/expert_amateur/vbm_ws/install/tutorial_interfaces/local/lib/python3.10/dist-packages/tutorial_interfaces/tutorial_interfaces_s__rosidl_typesupport_fastrtps_c.cpython-310-x86_64-linux-gnu.so
[8.452s] -- Up-to-date: /home/expert_amateur/vbm_ws/install/tutorial_interfaces/local/lib/python3.10/dist-packages/tutorial_interfaces/tutorial_interfaces_s__rosidl_typesupport_introspection_c.cpython-310-x86_64-linux-gnu.so
[8.530s] Listing '/home/expert_amateur/vbm_ws/install/tutorial_interfaces/local/lib/python3.10/dist-packages/tutorial_interfaces'...
[8.530s] Listing '/home/expert_amateur/vbm_ws/install/tutorial_interfaces/local/lib/python3.10/dist-packages/tutorial_interfaces/msg'...
[8.531s] Listing '/home/expert_amateur/vbm_ws/install/tutorial_interfaces/local/lib/python3.10/dist-packages/tutorial_interfaces/srv'...
[8.553s] -- Up-to-date: /home/expert_amateur/vbm_ws/install/tutorial_interfaces/local/lib/python3.10/dist-packages/tutorial_interfaces/tutorial_interfaces_s__rosidl_typesupport_fastrtps_c.cpython-310-x86_64-linux-gnu.so
[8.554s] -- Up-to-date: /home/expert_amateur/vbm_ws/install/tutorial_interfaces/local/lib/python3.10/dist-packages/tutorial_interfaces/tutorial_interfaces_s__rosidl_typesupport_introspection_c.cpython-310-x86_64-linux-gnu.so
[8.554s] -- Up-to-date: /home/expert_amateur/vbm_ws/install/tutorial_interfaces/local/lib/python3.10/dist-packages/tutorial_interfaces/tutorial_interfaces_s__rosidl_typesupport_c.cpython-310-x86_64-linux-gnu.so
[8.556s] -- Up-to-date: /home/expert_amateur/vbm_ws/install/tutorial_interfaces/lib/libtutorial_interfaces__rosidl_generator_py.so
[8.557s] -- Up-to-date: /home/expert_amateur/vbm_ws/install/tutorial_interfaces/share/tutorial_interfaces/msg/Num.idl
[8.557s] -- Up-to-date: /home/expert_amateur/vbm_ws/install/tutorial_interfaces/share/tutorial_interfaces/msg/Sphere.idl
[8.557s] -- Up-to-date: /home/expert_amateur/vbm_ws/install/tutorial_interfaces/share/tutorial_interfaces/srv/AddThreeInts.idl
[8.557s] -- Up-to-date: /home/expert_amateur/vbm_ws/install/tutorial_interfaces/share/tutorial_interfaces/msg/Num.msg
[8.557s] -- Up-to-date: /home/expert_amateur/vbm_ws/install/tutorial_interfaces/share/tutorial_interfaces/msg/Sphere.msg
[8.558s] -- Up-to-date: /home/expert_amateur/vbm_ws/install/tutorial_interfaces/share/tutorial_interfaces/srv/AddThreeInts.srv
[8.558s] -- Up-to-date: /home/expert_amateur/vbm_ws/install/tutorial_interfaces/share/tutorial_interfaces/srv/AddThreeInts_Request.msg
[8.560s] -- Up-to-date: /home/expert_amateur/vbm_ws/install/tutorial_interfaces/share/tutorial_interfaces/srv/AddThreeInts_Response.msg
[8.562s] -- Up-to-date: /home/expert_amateur/vbm_ws/install/tutorial_interfaces/share/ament_index/resource_index/package_run_dependencies/tutorial_interfaces
[8.563s] -- Up-to-date: /home/expert_amateur/vbm_ws/install/tutorial_interfaces/share/ament_index/resource_index/parent_prefix_path/tutorial_interfaces
[8.563s] -- Up-to-date: /home/expert_amateur/vbm_ws/install/tutorial_interfaces/share/tutorial_interfaces/environment/ament_prefix_path.sh
[8.563s] -- Up-to-date: /home/expert_amateur/vbm_ws/install/tutorial_interfaces/share/tutorial_interfaces/environment/ament_prefix_path.dsv
[8.564s] -- Up-to-date: /home/expert_amateur/vbm_ws/install/tutorial_interfaces/share/tutorial_interfaces/environment/path.sh
[8.564s] -- Up-to-date: /home/expert_amateur/vbm_ws/install/tutorial_interfaces/share/tutorial_interfaces/environment/path.dsv
[8.564s] -- Up-to-date: /home/expert_amateur/vbm_ws/install/tutorial_interfaces/share/tutorial_interfaces/local_setup.bash
[8.564s] -- Up-to-date: /home/expert_amateur/vbm_ws/install/tutorial_interfaces/share/tutorial_interfaces/local_setup.sh
[8.564s] -- Up-to-date: /home/expert_amateur/vbm_ws/install/tutorial_interfaces/share/tutorial_interfaces/local_setup.zsh
[8.564s] -- Up-to-date: /home/expert_amateur/vbm_ws/install/tutorial_interfaces/share/tutorial_interfaces/local_setup.dsv
[8.565s] -- Installing: /home/expert_amateur/vbm_ws/install/tutorial_interfaces/share/tutorial_interfaces/package.dsv
[8.565s] -- Up-to-date: /home/expert_amateur/vbm_ws/install/tutorial_interfaces/share/ament_index/resource_index/packages/tutorial_interfaces
[8.576s] -- Up-to-date: /home/expert_amateur/vbm_ws/install/tutorial_interfaces/share/tutorial_interfaces/cmake/export_tutorial_interfaces__rosidl_generator_cExport.cmake
[8.576s] -- Up-to-date: /home/expert_amateur/vbm_ws/install/tutorial_interfaces/share/tutorial_interfaces/cmake/export_tutorial_interfaces__rosidl_generator_cExport-noconfig.cmake
[8.577s] -- Up-to-date: /home/expert_amateur/vbm_ws/install/tutorial_interfaces/share/tutorial_interfaces/cmake/export_tutorial_interfaces__rosidl_typesupport_fastrtps_cExport.cmake
[8.577s] -- Up-to-date: /home/expert_amateur/vbm_ws/install/tutorial_interfaces/share/tutorial_interfaces/cmake/export_tutorial_interfaces__rosidl_typesupport_fastrtps_cExport-noconfig.cmake
[8.577s] -- Up-to-date: /home/expert_amateur/vbm_ws/install/tutorial_interfaces/share/tutorial_interfaces/cmake/export_tutorial_interfaces__rosidl_generator_cppExport.cmake
[8.577s] -- Up-to-date: /home/expert_amateur/vbm_ws/install/tutorial_interfaces/share/tutorial_interfaces/cmake/export_tutorial_interfaces__rosidl_typesupport_fastrtps_cppExport.cmake
[8.578s] -- Up-to-date: /home/expert_amateur/vbm_ws/install/tutorial_interfaces/share/tutorial_interfaces/cmake/export_tutorial_interfaces__rosidl_typesupport_fastrtps_cppExport-noconfig.cmake
[8.583s] -- Up-to-date: /home/expert_amateur/vbm_ws/install/tutorial_interfaces/share/tutorial_interfaces/cmake/tutorial_interfaces__rosidl_typesupport_introspection_cExport.cmake
[8.596s] -- Up-to-date: /home/expert_amateur/vbm_ws/install/tutorial_interfaces/share/tutorial_interfaces/cmake/tutorial_interfaces__rosidl_typesupport_introspection_cExport-noconfig.cmake
[8.611s] -- Up-to-date: /home/expert_amateur/vbm_ws/install/tutorial_interfaces/share/tutorial_interfaces/cmake/tutorial_interfaces__rosidl_typesupport_cExport.cmake
[8.612s] -- Up-to-date: /home/expert_amateur/vbm_ws/install/tutorial_interfaces/share/tutorial_interfaces/cmake/tutorial_interfaces__rosidl_typesupport_cExport-noconfig.cmake
[8.612s] -- Up-to-date: /home/expert_amateur/vbm_ws/install/tutorial_interfaces/share/tutorial_interfaces/cmake/tutorial_interfaces__rosidl_typesupport_introspection_cppExport.cmake
[8.612s] -- Up-to-date: /home/expert_amateur/vbm_ws/install/tutorial_interfaces/share/tutorial_interfaces/cmake/tutorial_interfaces__rosidl_typesupport_introspection_cppExport-noconfig.cmake
[8.613s] -- Up-to-date: /home/expert_amateur/vbm_ws/install/tutorial_interfaces/share/tutorial_interfaces/cmake/tutorial_interfaces__rosidl_typesupport_cppExport.cmake
[8.614s] -- Up-to-date: /home/expert_amateur/vbm_ws/install/tutorial_interfaces/share/tutorial_interfaces/cmake/tutorial_interfaces__rosidl_typesupport_cppExport-noconfig.cmake
[8.614s] -- Up-to-date: /home/expert_amateur/vbm_ws/install/tutorial_interfaces/share/tutorial_interfaces/cmake/export_tutorial_interfaces__rosidl_generator_pyExport.cmake
[8.614s] -- Up-to-date: /home/expert_amateur/vbm_ws/install/tutorial_interfaces/share/tutorial_interfaces/cmake/export_tutorial_interfaces__rosidl_generator_pyExport-noconfig.cmake
[8.615s] -- Up-to-date: /home/expert_amateur/vbm_ws/install/tutorial_interfaces/share/tutorial_interfaces/cmake/rosidl_cmake-extras.cmake
[8.615s] -- Up-to-date: /home/expert_amateur/vbm_ws/install/tutorial_interfaces/share/tutorial_interfaces/cmake/ament_cmake_export_dependencies-extras.cmake
[8.615s] -- Up-to-date: /home/expert_amateur/vbm_ws/install/tutorial_interfaces/share/tutorial_interfaces/cmake/ament_cmake_export_include_directories-extras.cmake
[8.615s] -- Up-to-date: /home/expert_amateur/vbm_ws/install/tutorial_interfaces/share/tutorial_interfaces/cmake/ament_cmake_export_libraries-extras.cmake
[8.615s] -- Up-to-date: /home/expert_amateur/vbm_ws/install/tutorial_interfaces/share/tutorial_interfaces/cmake/ament_cmake_export_targets-extras.cmake
[8.615s] -- Up-to-date: /home/expert_amateur/vbm_ws/install/tutorial_interfaces/share/tutorial_interfaces/cmake/rosidl_cmake_export_typesupport_targets-extras.cmake
[8.616s] -- Up-to-date: /home/expert_amateur/vbm_ws/install/tutorial_interfaces/share/tutorial_interfaces/cmake/rosidl_cmake_export_typesupport_libraries-extras.cmake
[8.616s] -- Up-to-date: /home/expert_amateur/vbm_ws/install/tutorial_interfaces/share/tutorial_interfaces/cmake/tutorial_interfacesConfig.cmake
[8.616s] -- Up-to-date: /home/expert_amateur/vbm_ws/install/tutorial_interfaces/share/tutorial_interfaces/cmake/tutorial_interfacesConfig-version.cmake
[8.616s] -- Up-to-date: /home/expert_amateur/vbm_ws/install/tutorial_interfaces/share/tutorial_interfaces/package.xml
[8.686s] Invoked command in '/home/expert_amateur/vbm_ws/build/tutorial_interfaces' returned '0': CMAKE_PREFIX_PATH=${CMAKE_PREFIX_PATH}:/home/expert_amateur/voidwalking/ros2_ws/install/waypoints:/opt/ros/humble /usr/bin/cmake --install /home/expert_amateur/vbm_ws/build/tutorial_interfaces
