[0.044s] Invoking command in '/home/expert_amateur/vbm_ws/build/addvectors_srvcli': CMAKE_PREFIX_PATH=${CMAKE_PREFIX_PATH}:/home/expert_amateur/voidwalking/ros2_ws/install/waypoints:/opt/ros/humble /usr/bin/cmake --build /home/expert_amateur/vbm_ws/build/addvectors_srvcli -- -j12 -l12
[0.119s] [  2%] Built target addvectors_srvcli__cpp
[0.120s] [ 11%] Built target addvectors_srvcli__rosidl_generator_c
[0.132s] [ 11%] Built target ament_cmake_python_copy_addvectors_srvcli
[0.184s] [ 20%] Built target addvectors_srvcli__rosidl_typesupport_cpp
[0.186s] [ 28%] Built target addvectors_srvcli__rosidl_typesupport_fastrtps_cpp
[0.195s] [ 37%] Built target addvectors_srvcli__rosidl_typesupport_fastrtps_c
[0.196s] [ 45%] Built target addvectors_srvcli__rosidl_typesupport_introspection_cpp
[0.210s] [ 54%] Built target addvectors_srvcli__rosidl_typesupport_c
[0.211s] [ 62%] Built target addvectors_srvcli__rosidl_typesupport_introspection_c
[0.234s] [35m[1mConsolidate compiler generated dependencies of target add_vec_server_exec[0m
[0.251s] [ 68%] Built target add_vec_client_exec
[0.251s] [ 68%] Built target addvectors_srvcli
[0.283s] [ 74%] Built target addvectors_srvcli__py
[0.283s] [ 74%] [32mBuilding CXX object CMakeFiles/add_vec_server_exec.dir/src/add_vectors_server_src.cpp.o[0m
[0.316s] [ 80%] Built target addvectors_srvcli__rosidl_generator_py
[0.375s] [ 85%] Built target addvectors_srvcli__rosidl_typesupport_fastrtps_c__pyext
[0.376s] [ 91%] Built target addvectors_srvcli__rosidl_typesupport_introspection_c__pyext
[0.379s] [ 97%] Built target addvectors_srvcli__rosidl_typesupport_c__pyext
[0.663s] running egg_info
[0.664s] writing addvectors_srvcli.egg-info/PKG-INFO
[0.664s] writing dependency_links to addvectors_srvcli.egg-info/dependency_links.txt
[0.664s] writing top-level names to addvectors_srvcli.egg-info/top_level.txt
[0.667s] reading manifest file 'addvectors_srvcli.egg-info/SOURCES.txt'
[0.668s] writing manifest file 'addvectors_srvcli.egg-info/SOURCES.txt'
[0.700s] [ 97%] Built target ament_cmake_python_build_addvectors_srvcli_egg
[2.937s] [01m[K/home/expert_amateur/vbm_ws/src/addvectors_srvcli/src/add_vectors_server_src.cpp:[m[K In function ‘[01m[Kvoid add(std::shared_ptr<addvectors_srvcli::srv::AddVectorsSrv_Request_<std::allocator<void> > >, std::shared_ptr<addvectors_srvcli::srv::AddVectorsSrv_Response_<std::allocator<void> > >)[m[K’:
[2.937s] [01m[K/home/expert_amateur/vbm_ws/src/addvectors_srvcli/src/add_vectors_server_src.cpp:25:7:[m[K [01;31m[Kerror: [m[Kexpected ‘[01m[K,[m[K’ or ‘[01m[K;[m[K’ before ‘[01m[Kans[m[K’
[2.937s]    25 |       [01;31m[Kans[m[K.push_back(temp);
[2.937s]       |       [01;31m[K^~~[m[K
[2.937s] [01m[K/home/expert_amateur/vbm_ws/src/addvectors_srvcli/src/add_vectors_server_src.cpp:24:13:[m[K [01;35m[Kwarning: [m[Kunused variable ‘[01m[Ktemp[m[K’ [[01;35m[K]8;;https://gcc.gnu.org/onlinedocs/gcc/Warning-Options.html#index-Wunused-variable-Wunused-variable]8;;[m[K]
[2.937s]    24 |       float [01;35m[Ktemp[m[K=request->v1[i]+request->v2[i]
[2.937s]       |             [01;35m[K^~~~[m[K
[3.595s] gmake[2]: *** [CMakeFiles/add_vec_server_exec.dir/build.make:76: CMakeFiles/add_vec_server_exec.dir/src/add_vectors_server_src.cpp.o] Error 1
[3.595s] gmake[1]: *** [CMakeFiles/Makefile2:595: CMakeFiles/add_vec_server_exec.dir/all] Error 2
[3.596s] gmake: *** [Makefile:146: all] Error 2
[3.598s] Invoked command in '/home/expert_amateur/vbm_ws/build/addvectors_srvcli' returned '2': CMAKE_PREFIX_PATH=${CMAKE_PREFIX_PATH}:/home/expert_amateur/voidwalking/ros2_ws/install/waypoints:/opt/ros/humble /usr/bin/cmake --build /home/expert_amateur/vbm_ws/build/addvectors_srvcli -- -j12 -l12
