[0.235s] Invoking command in '/home/expert_amateur/vbm_ws/build/rrbot_gazebo': AMENT_PREFIX_PATH=/home/expert_amateur/vbm_ws/install/rrbot_description:${AMENT_PREFIX_PATH} CMAKE_PREFIX_PATH=/home/expert_amateur/vbm_ws/install/rrbot_description:/home/expert_amateur/voidwalking/ros2_ws/install/void_tests:/home/expert_amateur/voidwalking/ros2_ws/install/turtlebot_test:/home/expert_amateur/voidwalking/ros2_ws/install/spatio_temporal_voxel_layer:/home/expert_amateur/voidwalking/ros2_ws/install/main:/home/expert_amateur/voidwalking/ros2_ws/install/simulation:/home/expert_amateur/voidwalking/ros2_ws/install/rviz_satellite:/home/expert_amateur/voidwalking/ros2_ws/install/obstacle_avoidance:/home/expert_amateur/voidwalking/ros2_ws/install/nav2_turtlebot3:/home/expert_amateur/voidwalking/ros2_ws/install/mapping:/home/expert_amateur/voidwalking/arduino_ws/microros_ws/install/micro_ros_setup:/home/expert_amateur/voidwalking/arduino_ws/microros_ws/install/micro_ros_agent:/home/expert_amateur/voidwalking/arduino_ws/microros_ws/install/micro_ros_msgs:/home/expert_amateur/voidwalking/ros2_ws/install/waypoints:/opt/ros/humble /usr/bin/cmake --build /home/expert_amateur/vbm_ws/build/rrbot_gazebo -- -j12 -l12
[0.282s] [35m[1mConsolidate compiler generated dependencies of target switch[0m
[0.282s] [35m[1mConsolidate compiler generated dependencies of target publisher[0m
[0.300s] [ 50%] Built target publisher
[0.301s] [100%] Built target switch
[0.313s] Invoked command in '/home/expert_amateur/vbm_ws/build/rrbot_gazebo' returned '0': AMENT_PREFIX_PATH=/home/expert_amateur/vbm_ws/install/rrbot_description:${AMENT_PREFIX_PATH} CMAKE_PREFIX_PATH=/home/expert_amateur/vbm_ws/install/rrbot_description:/home/expert_amateur/voidwalking/ros2_ws/install/void_tests:/home/expert_amateur/voidwalking/ros2_ws/install/turtlebot_test:/home/expert_amateur/voidwalking/ros2_ws/install/spatio_temporal_voxel_layer:/home/expert_amateur/voidwalking/ros2_ws/install/main:/home/expert_amateur/voidwalking/ros2_ws/install/simulation:/home/expert_amateur/voidwalking/ros2_ws/install/rviz_satellite:/home/expert_amateur/voidwalking/ros2_ws/install/obstacle_avoidance:/home/expert_amateur/voidwalking/ros2_ws/install/nav2_turtlebot3:/home/expert_amateur/voidwalking/ros2_ws/install/mapping:/home/expert_amateur/voidwalking/arduino_ws/microros_ws/install/micro_ros_setup:/home/expert_amateur/voidwalking/arduino_ws/microros_ws/install/micro_ros_agent:/home/expert_amateur/voidwalking/arduino_ws/microros_ws/install/micro_ros_msgs:/home/expert_amateur/voidwalking/ros2_ws/install/waypoints:/opt/ros/humble /usr/bin/cmake --build /home/expert_amateur/vbm_ws/build/rrbot_gazebo -- -j12 -l12
[0.343s] Invoking command in '/home/expert_amateur/vbm_ws/build/rrbot_gazebo': AMENT_PREFIX_PATH=/home/expert_amateur/vbm_ws/install/rrbot_description:${AMENT_PREFIX_PATH} CMAKE_PREFIX_PATH=/home/expert_amateur/vbm_ws/install/rrbot_description:/home/expert_amateur/voidwalking/ros2_ws/install/void_tests:/home/expert_amateur/voidwalking/ros2_ws/install/turtlebot_test:/home/expert_amateur/voidwalking/ros2_ws/install/spatio_temporal_voxel_layer:/home/expert_amateur/voidwalking/ros2_ws/install/main:/home/expert_amateur/voidwalking/ros2_ws/install/simulation:/home/expert_amateur/voidwalking/ros2_ws/install/rviz_satellite:/home/expert_amateur/voidwalking/ros2_ws/install/obstacle_avoidance:/home/expert_amateur/voidwalking/ros2_ws/install/nav2_turtlebot3:/home/expert_amateur/voidwalking/ros2_ws/install/mapping:/home/expert_amateur/voidwalking/arduino_ws/microros_ws/install/micro_ros_setup:/home/expert_amateur/voidwalking/arduino_ws/microros_ws/install/micro_ros_agent:/home/expert_amateur/voidwalking/arduino_ws/microros_ws/install/micro_ros_msgs:/home/expert_amateur/voidwalking/ros2_ws/install/waypoints:/opt/ros/humble /usr/bin/cmake --install /home/expert_amateur/vbm_ws/build/rrbot_gazebo
[0.351s] -- Install configuration: ""
[0.352s] -- Up-to-date: /home/expert_amateur/vbm_ws/install/rrbot_gazebo/lib/rrbot_gazebo/publisher
[0.352s] -- Up-to-date: /home/expert_amateur/vbm_ws/install/rrbot_gazebo/lib/rrbot_gazebo/switch
[0.353s] -- Up-to-date: /home/expert_amateur/vbm_ws/install/rrbot_gazebo/share/rrbot_gazebo/launch
[0.353s] -- Up-to-date: /home/expert_amateur/vbm_ws/install/rrbot_gazebo/share/rrbot_gazebo/launch/rrbot_world.launch.py
[0.353s] -- Up-to-date: /home/expert_amateur/vbm_ws/install/rrbot_gazebo/share/rrbot_gazebo/worlds
[0.353s] -- Up-to-date: /home/expert_amateur/vbm_ws/install/rrbot_gazebo/share/rrbot_gazebo/worlds/rrbot.world
[0.353s] -- Up-to-date: /home/expert_amateur/vbm_ws/install/rrbot_gazebo/share/rrbot_gazebo/config
[0.354s] -- Up-to-date: /home/expert_amateur/vbm_ws/install/rrbot_gazebo/share/rrbot_gazebo/config/controllers.yaml
[0.354s] -- Up-to-date: /home/expert_amateur/vbm_ws/install/rrbot_gazebo/share/rrbot_gazebo/config/gazebo_controllers.yaml
[0.354s] -- Up-to-date: /home/expert_amateur/vbm_ws/install/rrbot_gazebo/share/ament_index/resource_index/package_run_dependencies/rrbot_gazebo
[0.354s] -- Up-to-date: /home/expert_amateur/vbm_ws/install/rrbot_gazebo/share/ament_index/resource_index/parent_prefix_path/rrbot_gazebo
[0.354s] -- Up-to-date: /home/expert_amateur/vbm_ws/install/rrbot_gazebo/share/rrbot_gazebo/environment/ament_prefix_path.sh
[0.355s] -- Up-to-date: /home/expert_amateur/vbm_ws/install/rrbot_gazebo/share/rrbot_gazebo/environment/ament_prefix_path.dsv
[0.355s] -- Up-to-date: /home/expert_amateur/vbm_ws/install/rrbot_gazebo/share/rrbot_gazebo/environment/path.sh
[0.355s] -- Up-to-date: /home/expert_amateur/vbm_ws/install/rrbot_gazebo/share/rrbot_gazebo/environment/path.dsv
[0.355s] -- Up-to-date: /home/expert_amateur/vbm_ws/install/rrbot_gazebo/share/rrbot_gazebo/local_setup.bash
[0.355s] -- Up-to-date: /home/expert_amateur/vbm_ws/install/rrbot_gazebo/share/rrbot_gazebo/local_setup.sh
[0.356s] -- Up-to-date: /home/expert_amateur/vbm_ws/install/rrbot_gazebo/share/rrbot_gazebo/local_setup.zsh
[0.356s] -- Up-to-date: /home/expert_amateur/vbm_ws/install/rrbot_gazebo/share/rrbot_gazebo/local_setup.dsv
[0.356s] -- Installing: /home/expert_amateur/vbm_ws/install/rrbot_gazebo/share/rrbot_gazebo/package.dsv
[0.356s] -- Up-to-date: /home/expert_amateur/vbm_ws/install/rrbot_gazebo/share/ament_index/resource_index/packages/rrbot_gazebo
[0.356s] -- Up-to-date: /home/expert_amateur/vbm_ws/install/rrbot_gazebo/share/rrbot_gazebo/cmake/rrbot_gazeboConfig.cmake
[0.356s] -- Up-to-date: /home/expert_amateur/vbm_ws/install/rrbot_gazebo/share/rrbot_gazebo/cmake/rrbot_gazeboConfig-version.cmake
[0.357s] -- Up-to-date: /home/expert_amateur/vbm_ws/install/rrbot_gazebo/share/rrbot_gazebo/package.xml
[0.359s] Invoked command in '/home/expert_amateur/vbm_ws/build/rrbot_gazebo' returned '0': AMENT_PREFIX_PATH=/home/expert_amateur/vbm_ws/install/rrbot_description:${AMENT_PREFIX_PATH} CMAKE_PREFIX_PATH=/home/expert_amateur/vbm_ws/install/rrbot_description:/home/expert_amateur/voidwalking/ros2_ws/install/void_tests:/home/expert_amateur/voidwalking/ros2_ws/install/turtlebot_test:/home/expert_amateur/voidwalking/ros2_ws/install/spatio_temporal_voxel_layer:/home/expert_amateur/voidwalking/ros2_ws/install/main:/home/expert_amateur/voidwalking/ros2_ws/install/simulation:/home/expert_amateur/voidwalking/ros2_ws/install/rviz_satellite:/home/expert_amateur/voidwalking/ros2_ws/install/obstacle_avoidance:/home/expert_amateur/voidwalking/ros2_ws/install/nav2_turtlebot3:/home/expert_amateur/voidwalking/ros2_ws/install/mapping:/home/expert_amateur/voidwalking/arduino_ws/microros_ws/install/micro_ros_setup:/home/expert_amateur/voidwalking/arduino_ws/microros_ws/install/micro_ros_agent:/home/expert_amateur/voidwalking/arduino_ws/microros_ws/install/micro_ros_msgs:/home/expert_amateur/voidwalking/ros2_ws/install/waypoints:/opt/ros/humble /usr/bin/cmake --install /home/expert_amateur/vbm_ws/build/rrbot_gazebo
