[0.139s] Invoking command in '/home/expert_amateur/vbm_ws/build/polygon_plugins': AMENT_PREFIX_PATH=/home/expert_amateur/vbm_ws/install/polygon_base:${AMENT_PREFIX_PATH} CMAKE_PREFIX_PATH=/home/expert_amateur/vbm_ws/install/polygon_base:/home/expert_amateur/voidwalking/ros2_ws/install/void_tests:/home/expert_amateur/voidwalking/ros2_ws/install/turtlebot_test:/home/expert_amateur/voidwalking/ros2_ws/install/spatio_temporal_voxel_layer:/home/expert_amateur/voidwalking/ros2_ws/install/main:/home/expert_amateur/voidwalking/ros2_ws/install/simulation:/home/expert_amateur/voidwalking/ros2_ws/install/rviz_satellite:/home/expert_amateur/voidwalking/ros2_ws/install/obstacle_avoidance:/home/expert_amateur/voidwalking/ros2_ws/install/nav2_turtlebot3:/home/expert_amateur/voidwalking/ros2_ws/install/mapping:/home/expert_amateur/voidwalking/arduino_ws/microros_ws/install/micro_ros_setup:/home/expert_amateur/voidwalking/arduino_ws/microros_ws/install/micro_ros_agent:/home/expert_amateur/voidwalking/arduino_ws/microros_ws/install/micro_ros_msgs:/home/expert_amateur/voidwalking/ros2_ws/install/waypoints:/opt/ros/humble /usr/bin/cmake --build /home/expert_amateur/vbm_ws/build/polygon_plugins -- -j12 -l12
[0.167s] -- Found ament_cmake: 1.3.5 (/opt/ros/humble/share/ament_cmake/cmake)
[0.409s] -- Found ament_cmake_ros: 0.10.0 (/opt/ros/humble/share/ament_cmake_ros/cmake)
[0.414s] -- Found polygon_base: 0.0.0 (/home/expert_amateur/vbm_ws/install/polygon_base/share/polygon_base/cmake)
[0.416s] -- Found pluginlib: 5.1.0 (/opt/ros/humble/share/pluginlib/cmake)
[0.472s] -- Found ament_lint_auto: 0.12.8 (/opt/ros/humble/share/ament_lint_auto/cmake)
[0.621s] -- Added test 'cppcheck' to perform static code analysis on C / C++ code
[0.621s] -- Configured cppcheck include dirs: $<BUILD_INTERFACE:/home/expert_amateur/vbm_ws/src/polygon_plugins/include>
[0.621s] -- Configured cppcheck exclude dirs and/or files: 
[0.622s] -- Added test 'lint_cmake' to check CMake code style
[0.623s] -- Added test 'uncrustify' to check C / C++ code style
[0.623s] -- Configured uncrustify additional arguments: 
[0.623s] -- Added test 'xmllint' to check XML markup files
[0.627s] -- Configuring done
[0.638s] -- Generating done
[0.640s] -- Build files have been written to: /home/expert_amateur/vbm_ws/build/polygon_plugins
[0.678s] [35m[1mConsolidate compiler generated dependencies of target polygon_plugins[0m
[0.693s] [ 50%] [32m[1mLinking CXX shared library libpolygon_plugins.so[0m
[0.801s] [100%] Built target polygon_plugins
[0.814s] Invoked command in '/home/expert_amateur/vbm_ws/build/polygon_plugins' returned '0': AMENT_PREFIX_PATH=/home/expert_amateur/vbm_ws/install/polygon_base:${AMENT_PREFIX_PATH} CMAKE_PREFIX_PATH=/home/expert_amateur/vbm_ws/install/polygon_base:/home/expert_amateur/voidwalking/ros2_ws/install/void_tests:/home/expert_amateur/voidwalking/ros2_ws/install/turtlebot_test:/home/expert_amateur/voidwalking/ros2_ws/install/spatio_temporal_voxel_layer:/home/expert_amateur/voidwalking/ros2_ws/install/main:/home/expert_amateur/voidwalking/ros2_ws/install/simulation:/home/expert_amateur/voidwalking/ros2_ws/install/rviz_satellite:/home/expert_amateur/voidwalking/ros2_ws/install/obstacle_avoidance:/home/expert_amateur/voidwalking/ros2_ws/install/nav2_turtlebot3:/home/expert_amateur/voidwalking/ros2_ws/install/mapping:/home/expert_amateur/voidwalking/arduino_ws/microros_ws/install/micro_ros_setup:/home/expert_amateur/voidwalking/arduino_ws/microros_ws/install/micro_ros_agent:/home/expert_amateur/voidwalking/arduino_ws/microros_ws/install/micro_ros_msgs:/home/expert_amateur/voidwalking/ros2_ws/install/waypoints:/opt/ros/humble /usr/bin/cmake --build /home/expert_amateur/vbm_ws/build/polygon_plugins -- -j12 -l12
[0.841s] Invoking command in '/home/expert_amateur/vbm_ws/build/polygon_plugins': AMENT_PREFIX_PATH=/home/expert_amateur/vbm_ws/install/polygon_base:${AMENT_PREFIX_PATH} CMAKE_PREFIX_PATH=/home/expert_amateur/vbm_ws/install/polygon_base:/home/expert_amateur/voidwalking/ros2_ws/install/void_tests:/home/expert_amateur/voidwalking/ros2_ws/install/turtlebot_test:/home/expert_amateur/voidwalking/ros2_ws/install/spatio_temporal_voxel_layer:/home/expert_amateur/voidwalking/ros2_ws/install/main:/home/expert_amateur/voidwalking/ros2_ws/install/simulation:/home/expert_amateur/voidwalking/ros2_ws/install/rviz_satellite:/home/expert_amateur/voidwalking/ros2_ws/install/obstacle_avoidance:/home/expert_amateur/voidwalking/ros2_ws/install/nav2_turtlebot3:/home/expert_amateur/voidwalking/ros2_ws/install/mapping:/home/expert_amateur/voidwalking/arduino_ws/microros_ws/install/micro_ros_setup:/home/expert_amateur/voidwalking/arduino_ws/microros_ws/install/micro_ros_agent:/home/expert_amateur/voidwalking/arduino_ws/microros_ws/install/micro_ros_msgs:/home/expert_amateur/voidwalking/ros2_ws/install/waypoints:/opt/ros/humble /usr/bin/cmake --install /home/expert_amateur/vbm_ws/build/polygon_plugins
[0.850s] -- Install configuration: ""
[0.851s] -- Up-to-date: /home/expert_amateur/vbm_ws/install/polygon_plugins/share/polygon_plugins/plugins.xml
[0.851s] -- Up-to-date: /home/expert_amateur/vbm_ws/install/polygon_plugins/include
[0.851s] -- Up-to-date: /home/expert_amateur/vbm_ws/install/polygon_plugins/include/polygon_plugins
[0.851s] -- Up-to-date: /home/expert_amateur/vbm_ws/install/polygon_plugins/include/polygon_plugins/polygon_plugins.hpp
[0.851s] -- Up-to-date: /home/expert_amateur/vbm_ws/install/polygon_plugins/include/polygon_plugins/visibility_control.h
[0.852s] -- Installing: /home/expert_amateur/vbm_ws/install/polygon_plugins/lib/libpolygon_plugins.so
[0.852s] -- Set runtime path of "/home/expert_amateur/vbm_ws/install/polygon_plugins/lib/libpolygon_plugins.so" to ""
[0.852s] -- Up-to-date: /home/expert_amateur/vbm_ws/install/polygon_plugins/share/polygon_plugins/environment/library_path.sh
[0.853s] -- Installing: /home/expert_amateur/vbm_ws/install/polygon_plugins/share/polygon_plugins/environment/library_path.dsv
[0.853s] -- Up-to-date: /home/expert_amateur/vbm_ws/install/polygon_plugins/share/ament_index/resource_index/package_run_dependencies/polygon_plugins
[0.853s] -- Installing: /home/expert_amateur/vbm_ws/install/polygon_plugins/share/ament_index/resource_index/parent_prefix_path/polygon_plugins
[0.854s] -- Up-to-date: /home/expert_amateur/vbm_ws/install/polygon_plugins/share/polygon_plugins/environment/ament_prefix_path.sh
[0.854s] -- Installing: /home/expert_amateur/vbm_ws/install/polygon_plugins/share/polygon_plugins/environment/ament_prefix_path.dsv
[0.854s] -- Up-to-date: /home/expert_amateur/vbm_ws/install/polygon_plugins/share/polygon_plugins/environment/path.sh
[0.854s] -- Installing: /home/expert_amateur/vbm_ws/install/polygon_plugins/share/polygon_plugins/environment/path.dsv
[0.854s] -- Up-to-date: /home/expert_amateur/vbm_ws/install/polygon_plugins/share/polygon_plugins/local_setup.bash
[0.855s] -- Up-to-date: /home/expert_amateur/vbm_ws/install/polygon_plugins/share/polygon_plugins/local_setup.sh
[0.855s] -- Up-to-date: /home/expert_amateur/vbm_ws/install/polygon_plugins/share/polygon_plugins/local_setup.zsh
[0.855s] -- Installing: /home/expert_amateur/vbm_ws/install/polygon_plugins/share/polygon_plugins/local_setup.dsv
[0.855s] -- Installing: /home/expert_amateur/vbm_ws/install/polygon_plugins/share/polygon_plugins/package.dsv
[0.855s] -- Up-to-date: /home/expert_amateur/vbm_ws/install/polygon_plugins/share/ament_index/resource_index/packages/polygon_plugins
[0.856s] -- Up-to-date: /home/expert_amateur/vbm_ws/install/polygon_plugins/share/ament_index/resource_index/polygon_base__pluginlib__plugin/polygon_plugins
[0.856s] -- Up-to-date: /home/expert_amateur/vbm_ws/install/polygon_plugins/share/polygon_plugins/cmake/export_polygon_pluginsExport.cmake
[0.856s] -- Up-to-date: /home/expert_amateur/vbm_ws/install/polygon_plugins/share/polygon_plugins/cmake/export_polygon_pluginsExport-noconfig.cmake
[0.856s] -- Up-to-date: /home/expert_amateur/vbm_ws/install/polygon_plugins/share/polygon_plugins/cmake/ament_cmake_export_include_directories-extras.cmake
[0.856s] -- Up-to-date: /home/expert_amateur/vbm_ws/install/polygon_plugins/share/polygon_plugins/cmake/ament_cmake_export_libraries-extras.cmake
[0.856s] -- Up-to-date: /home/expert_amateur/vbm_ws/install/polygon_plugins/share/polygon_plugins/cmake/ament_cmake_export_targets-extras.cmake
[0.857s] -- Up-to-date: /home/expert_amateur/vbm_ws/install/polygon_plugins/share/polygon_plugins/cmake/polygon_pluginsConfig.cmake
[0.857s] -- Up-to-date: /home/expert_amateur/vbm_ws/install/polygon_plugins/share/polygon_plugins/cmake/polygon_pluginsConfig-version.cmake
[0.857s] -- Up-to-date: /home/expert_amateur/vbm_ws/install/polygon_plugins/share/polygon_plugins/package.xml
[0.858s] Invoked command in '/home/expert_amateur/vbm_ws/build/polygon_plugins' returned '0': AMENT_PREFIX_PATH=/home/expert_amateur/vbm_ws/install/polygon_base:${AMENT_PREFIX_PATH} CMAKE_PREFIX_PATH=/home/expert_amateur/vbm_ws/install/polygon_base:/home/expert_amateur/voidwalking/ros2_ws/install/void_tests:/home/expert_amateur/voidwalking/ros2_ws/install/turtlebot_test:/home/expert_amateur/voidwalking/ros2_ws/install/spatio_temporal_voxel_layer:/home/expert_amateur/voidwalking/ros2_ws/install/main:/home/expert_amateur/voidwalking/ros2_ws/install/simulation:/home/expert_amateur/voidwalking/ros2_ws/install/rviz_satellite:/home/expert_amateur/voidwalking/ros2_ws/install/obstacle_avoidance:/home/expert_amateur/voidwalking/ros2_ws/install/nav2_turtlebot3:/home/expert_amateur/voidwalking/ros2_ws/install/mapping:/home/expert_amateur/voidwalking/arduino_ws/microros_ws/install/micro_ros_setup:/home/expert_amateur/voidwalking/arduino_ws/microros_ws/install/micro_ros_agent:/home/expert_amateur/voidwalking/arduino_ws/microros_ws/install/micro_ros_msgs:/home/expert_amateur/voidwalking/ros2_ws/install/waypoints:/opt/ros/humble /usr/bin/cmake --install /home/expert_amateur/vbm_ws/build/polygon_plugins
