[0.033s] Invoking command in '/home/expert_amateur/vbm_ws/build/more_interfaces': CMAKE_PREFIX_PATH=${CMAKE_PREFIX_PATH}:/home/expert_amateur/voidwalking/ros2_ws/install/waypoints:/opt/ros/humble /usr/bin/cmake --build /home/expert_amateur/vbm_ws/build/more_interfaces -- -j12 -l12
[0.117s] [  3%] Built target more_interfaces__cpp
[0.118s] [ 12%] Built target more_interfaces__rosidl_generator_c
[0.135s] [ 12%] Built target ament_cmake_python_copy_more_interfaces
[0.174s] [ 21%] Built target more_interfaces__rosidl_typesupport_cpp
[0.179s] [ 30%] Built target more_interfaces__rosidl_typesupport_c
[0.181s] [ 42%] Built target more_interfaces__rosidl_typesupport_introspection_c
[0.187s] [ 48%] Built target more_interfaces__rosidl_typesupport_fastrtps_cpp
[0.192s] [ 57%] Built target more_interfaces__rosidl_typesupport_fastrtps_c
[0.193s] [ 66%] Built target more_interfaces__rosidl_typesupport_introspection_cpp
[0.224s] [ 66%] Built target more_interfaces
[0.232s] [ 72%] Built target publish_address_book
[0.254s] [ 75%] Built target more_interfaces__py
[0.281s] [ 81%] Built target more_interfaces__rosidl_generator_py
[0.316s] [ 87%] Built target more_interfaces__rosidl_typesupport_introspection_c__pyext
[0.318s] [ 93%] Built target more_interfaces__rosidl_typesupport_fastrtps_c__pyext
[0.331s] [100%] Built target more_interfaces__rosidl_typesupport_c__pyext
[0.576s] running egg_info
[0.577s] writing more_interfaces.egg-info/PKG-INFO
[0.577s] writing dependency_links to more_interfaces.egg-info/dependency_links.txt
[0.577s] writing top-level names to more_interfaces.egg-info/top_level.txt
[0.581s] reading manifest file 'more_interfaces.egg-info/SOURCES.txt'
[0.581s] writing manifest file 'more_interfaces.egg-info/SOURCES.txt'
[0.607s] [100%] Built target ament_cmake_python_build_more_interfaces_egg
[0.619s] Invoked command in '/home/expert_amateur/vbm_ws/build/more_interfaces' returned '0': CMAKE_PREFIX_PATH=${CMAKE_PREFIX_PATH}:/home/expert_amateur/voidwalking/ros2_ws/install/waypoints:/opt/ros/humble /usr/bin/cmake --build /home/expert_amateur/vbm_ws/build/more_interfaces -- -j12 -l12
[0.678s] Invoking command in '/home/expert_amateur/vbm_ws/build/more_interfaces': CMAKE_PREFIX_PATH=${CMAKE_PREFIX_PATH}:/home/expert_amateur/voidwalking/ros2_ws/install/waypoints:/opt/ros/humble /usr/bin/cmake --install /home/expert_amateur/vbm_ws/build/more_interfaces
[0.688s] -- Install configuration: ""
[0.689s] -- Up-to-date: /home/expert_amateur/vbm_ws/install/more_interfaces/share/ament_index/resource_index/rosidl_interfaces/more_interfaces
[0.689s] -- Up-to-date: /home/expert_amateur/vbm_ws/install/more_interfaces/include/more_interfaces/more_interfaces
[0.689s] -- Up-to-date: /home/expert_amateur/vbm_ws/install/more_interfaces/include/more_interfaces/more_interfaces/msg
[0.689s] -- Up-to-date: /home/expert_amateur/vbm_ws/install/more_interfaces/include/more_interfaces/more_interfaces/msg/detail
[0.689s] -- Up-to-date: /home/expert_amateur/vbm_ws/install/more_interfaces/include/more_interfaces/more_interfaces/msg/detail/address_book__functions.c
[0.690s] -- Up-to-date: /home/expert_amateur/vbm_ws/install/more_interfaces/include/more_interfaces/more_interfaces/msg/detail/address_book__struct.h
[0.690s] -- Up-to-date: /home/expert_amateur/vbm_ws/install/more_interfaces/include/more_interfaces/more_interfaces/msg/detail/address_book__functions.h
[0.690s] -- Up-to-date: /home/expert_amateur/vbm_ws/install/more_interfaces/include/more_interfaces/more_interfaces/msg/detail/address_book__type_support.h
[0.690s] -- Up-to-date: /home/expert_amateur/vbm_ws/install/more_interfaces/include/more_interfaces/more_interfaces/msg/rosidl_generator_c__visibility_control.h
[0.690s] -- Up-to-date: /home/expert_amateur/vbm_ws/install/more_interfaces/include/more_interfaces/more_interfaces/msg/address_book.h
[0.690s] -- Up-to-date: /home/expert_amateur/vbm_ws/install/more_interfaces/share/more_interfaces/environment/library_path.sh
[0.691s] -- Up-to-date: /home/expert_amateur/vbm_ws/install/more_interfaces/share/more_interfaces/environment/library_path.dsv
[0.691s] -- Up-to-date: /home/expert_amateur/vbm_ws/install/more_interfaces/lib/libmore_interfaces__rosidl_generator_c.so
[0.691s] -- Up-to-date: /home/expert_amateur/vbm_ws/install/more_interfaces/include/more_interfaces/more_interfaces
[0.691s] -- Up-to-date: /home/expert_amateur/vbm_ws/install/more_interfaces/include/more_interfaces/more_interfaces/msg
[0.691s] -- Up-to-date: /home/expert_amateur/vbm_ws/install/more_interfaces/include/more_interfaces/more_interfaces/msg/rosidl_typesupport_fastrtps_c__visibility_control.h
[0.691s] -- Up-to-date: /home/expert_amateur/vbm_ws/install/more_interfaces/include/more_interfaces/more_interfaces/msg/detail
[0.692s] -- Up-to-date: /home/expert_amateur/vbm_ws/install/more_interfaces/include/more_interfaces/more_interfaces/msg/detail/address_book__rosidl_typesupport_fastrtps_c.h
[0.692s] -- Up-to-date: /home/expert_amateur/vbm_ws/install/more_interfaces/lib/libmore_interfaces__rosidl_typesupport_fastrtps_c.so
[0.692s] -- Up-to-date: /home/expert_amateur/vbm_ws/install/more_interfaces/include/more_interfaces/more_interfaces
[0.692s] -- Up-to-date: /home/expert_amateur/vbm_ws/install/more_interfaces/include/more_interfaces/more_interfaces/msg
[0.693s] -- Up-to-date: /home/expert_amateur/vbm_ws/install/more_interfaces/include/more_interfaces/more_interfaces/msg/address_book.hpp
[0.693s] -- Up-to-date: /home/expert_amateur/vbm_ws/install/more_interfaces/include/more_interfaces/more_interfaces/msg/detail
[0.693s] -- Up-to-date: /home/expert_amateur/vbm_ws/install/more_interfaces/include/more_interfaces/more_interfaces/msg/detail/address_book__struct.hpp
[0.693s] -- Up-to-date: /home/expert_amateur/vbm_ws/install/more_interfaces/include/more_interfaces/more_interfaces/msg/detail/address_book__builder.hpp
[0.693s] -- Up-to-date: /home/expert_amateur/vbm_ws/install/more_interfaces/include/more_interfaces/more_interfaces/msg/detail/address_book__traits.hpp
[0.693s] -- Up-to-date: /home/expert_amateur/vbm_ws/install/more_interfaces/include/more_interfaces/more_interfaces
[0.694s] -- Up-to-date: /home/expert_amateur/vbm_ws/install/more_interfaces/include/more_interfaces/more_interfaces/msg
[0.694s] -- Up-to-date: /home/expert_amateur/vbm_ws/install/more_interfaces/include/more_interfaces/more_interfaces/msg/rosidl_typesupport_fastrtps_cpp__visibility_control.h
[0.694s] -- Up-to-date: /home/expert_amateur/vbm_ws/install/more_interfaces/include/more_interfaces/more_interfaces/msg/detail
[0.694s] -- Up-to-date: /home/expert_amateur/vbm_ws/install/more_interfaces/include/more_interfaces/more_interfaces/msg/detail/address_book__rosidl_typesupport_fastrtps_cpp.hpp
[0.694s] -- Up-to-date: /home/expert_amateur/vbm_ws/install/more_interfaces/include/more_interfaces/more_interfaces/msg/detail/dds_fastrtps
[0.694s] -- Up-to-date: /home/expert_amateur/vbm_ws/install/more_interfaces/lib/libmore_interfaces__rosidl_typesupport_fastrtps_cpp.so
[0.694s] -- Up-to-date: /home/expert_amateur/vbm_ws/install/more_interfaces/include/more_interfaces/more_interfaces
[0.695s] -- Up-to-date: /home/expert_amateur/vbm_ws/install/more_interfaces/include/more_interfaces/more_interfaces/msg
[0.695s] -- Up-to-date: /home/expert_amateur/vbm_ws/install/more_interfaces/include/more_interfaces/more_interfaces/msg/rosidl_typesupport_introspection_c__visibility_control.h
[0.695s] -- Up-to-date: /home/expert_amateur/vbm_ws/install/more_interfaces/include/more_interfaces/more_interfaces/msg/detail
[0.695s] -- Up-to-date: /home/expert_amateur/vbm_ws/install/more_interfaces/include/more_interfaces/more_interfaces/msg/detail/address_book__rosidl_typesupport_introspection_c.h
[0.695s] -- Up-to-date: /home/expert_amateur/vbm_ws/install/more_interfaces/include/more_interfaces/more_interfaces/msg/detail/address_book__type_support.c
[0.696s] -- Up-to-date: /home/expert_amateur/vbm_ws/install/more_interfaces/lib/libmore_interfaces__rosidl_typesupport_introspection_c.so
[0.696s] -- Up-to-date: /home/expert_amateur/vbm_ws/install/more_interfaces/lib/libmore_interfaces__rosidl_typesupport_c.so
[0.696s] -- Up-to-date: /home/expert_amateur/vbm_ws/install/more_interfaces/include/more_interfaces/more_interfaces
[0.696s] -- Up-to-date: /home/expert_amateur/vbm_ws/install/more_interfaces/include/more_interfaces/more_interfaces/msg
[0.696s] -- Up-to-date: /home/expert_amateur/vbm_ws/install/more_interfaces/include/more_interfaces/more_interfaces/msg/detail
[0.697s] -- Up-to-date: /home/expert_amateur/vbm_ws/install/more_interfaces/include/more_interfaces/more_interfaces/msg/detail/address_book__type_support.cpp
[0.697s] -- Up-to-date: /home/expert_amateur/vbm_ws/install/more_interfaces/include/more_interfaces/more_interfaces/msg/detail/address_book__rosidl_typesupport_introspection_cpp.hpp
[0.697s] -- Up-to-date: /home/expert_amateur/vbm_ws/install/more_interfaces/lib/libmore_interfaces__rosidl_typesupport_introspection_cpp.so
[0.697s] -- Up-to-date: /home/expert_amateur/vbm_ws/install/more_interfaces/lib/libmore_interfaces__rosidl_typesupport_cpp.so
[0.697s] -- Up-to-date: /home/expert_amateur/vbm_ws/install/more_interfaces/share/more_interfaces/environment/pythonpath.sh
[0.697s] -- Up-to-date: /home/expert_amateur/vbm_ws/install/more_interfaces/share/more_interfaces/environment/pythonpath.dsv
[0.697s] -- Up-to-date: /home/expert_amateur/vbm_ws/install/more_interfaces/local/lib/python3.10/dist-packages/more_interfaces-0.0.0-py3.10.egg-info
[0.697s] -- Installing: /home/expert_amateur/vbm_ws/install/more_interfaces/local/lib/python3.10/dist-packages/more_interfaces-0.0.0-py3.10.egg-info/SOURCES.txt
[0.697s] -- Installing: /home/expert_amateur/vbm_ws/install/more_interfaces/local/lib/python3.10/dist-packages/more_interfaces-0.0.0-py3.10.egg-info/PKG-INFO
[0.698s] -- Installing: /home/expert_amateur/vbm_ws/install/more_interfaces/local/lib/python3.10/dist-packages/more_interfaces-0.0.0-py3.10.egg-info/dependency_links.txt
[0.698s] -- Installing: /home/expert_amateur/vbm_ws/install/more_interfaces/local/lib/python3.10/dist-packages/more_interfaces-0.0.0-py3.10.egg-info/top_level.txt
[0.698s] -- Up-to-date: /home/expert_amateur/vbm_ws/install/more_interfaces/local/lib/python3.10/dist-packages/more_interfaces
[0.698s] -- Up-to-date: /home/expert_amateur/vbm_ws/install/more_interfaces/local/lib/python3.10/dist-packages/more_interfaces/__init__.py
[0.698s] -- Up-to-date: /home/expert_amateur/vbm_ws/install/more_interfaces/local/lib/python3.10/dist-packages/more_interfaces/more_interfaces_s__rosidl_typesupport_introspection_c.cpython-310-x86_64-linux-gnu.so
[0.698s] -- Up-to-date: /home/expert_amateur/vbm_ws/install/more_interfaces/local/lib/python3.10/dist-packages/more_interfaces/_more_interfaces_s.ep.rosidl_typesupport_c.c
[0.698s] -- Up-to-date: /home/expert_amateur/vbm_ws/install/more_interfaces/local/lib/python3.10/dist-packages/more_interfaces/_more_interfaces_s.ep.rosidl_typesupport_fastrtps_c.c
[0.698s] -- Up-to-date: /home/expert_amateur/vbm_ws/install/more_interfaces/local/lib/python3.10/dist-packages/more_interfaces/more_interfaces_s__rosidl_typesupport_fastrtps_c.cpython-310-x86_64-linux-gnu.so
[0.699s] -- Up-to-date: /home/expert_amateur/vbm_ws/install/more_interfaces/local/lib/python3.10/dist-packages/more_interfaces/_more_interfaces_s.ep.rosidl_typesupport_introspection_c.c
[0.699s] -- Up-to-date: /home/expert_amateur/vbm_ws/install/more_interfaces/local/lib/python3.10/dist-packages/more_interfaces/more_interfaces_s__rosidl_typesupport_c.cpython-310-x86_64-linux-gnu.so
[0.699s] -- Up-to-date: /home/expert_amateur/vbm_ws/install/more_interfaces/local/lib/python3.10/dist-packages/more_interfaces/msg
[0.699s] -- Up-to-date: /home/expert_amateur/vbm_ws/install/more_interfaces/local/lib/python3.10/dist-packages/more_interfaces/msg/__init__.py
[0.699s] -- Up-to-date: /home/expert_amateur/vbm_ws/install/more_interfaces/local/lib/python3.10/dist-packages/more_interfaces/msg/_address_book_s.c
[0.699s] -- Up-to-date: /home/expert_amateur/vbm_ws/install/more_interfaces/local/lib/python3.10/dist-packages/more_interfaces/msg/_address_book.py
[0.699s] -- Up-to-date: /home/expert_amateur/vbm_ws/install/more_interfaces/local/lib/python3.10/dist-packages/more_interfaces/libmore_interfaces__rosidl_generator_py.so
[0.740s] Listing '/home/expert_amateur/vbm_ws/install/more_interfaces/local/lib/python3.10/dist-packages/more_interfaces'...
[0.740s] Listing '/home/expert_amateur/vbm_ws/install/more_interfaces/local/lib/python3.10/dist-packages/more_interfaces/msg'...
[0.745s] -- Up-to-date: /home/expert_amateur/vbm_ws/install/more_interfaces/local/lib/python3.10/dist-packages/more_interfaces/more_interfaces_s__rosidl_typesupport_fastrtps_c.cpython-310-x86_64-linux-gnu.so
[0.745s] -- Up-to-date: /home/expert_amateur/vbm_ws/install/more_interfaces/local/lib/python3.10/dist-packages/more_interfaces/more_interfaces_s__rosidl_typesupport_introspection_c.cpython-310-x86_64-linux-gnu.so
[0.746s] -- Up-to-date: /home/expert_amateur/vbm_ws/install/more_interfaces/local/lib/python3.10/dist-packages/more_interfaces/more_interfaces_s__rosidl_typesupport_c.cpython-310-x86_64-linux-gnu.so
[0.746s] -- Up-to-date: /home/expert_amateur/vbm_ws/install/more_interfaces/lib/libmore_interfaces__rosidl_generator_py.so
[0.747s] -- Up-to-date: /home/expert_amateur/vbm_ws/install/more_interfaces/share/more_interfaces/msg/AddressBook.idl
[0.747s] -- Up-to-date: /home/expert_amateur/vbm_ws/install/more_interfaces/share/more_interfaces/msg/AddressBook.msg
[0.747s] -- Up-to-date: /home/expert_amateur/vbm_ws/install/more_interfaces/lib/more_interfaces/publish_address_book
[0.748s] -- Up-to-date: /home/expert_amateur/vbm_ws/install/more_interfaces/share/ament_index/resource_index/package_run_dependencies/more_interfaces
[0.748s] -- Up-to-date: /home/expert_amateur/vbm_ws/install/more_interfaces/share/ament_index/resource_index/parent_prefix_path/more_interfaces
[0.748s] -- Up-to-date: /home/expert_amateur/vbm_ws/install/more_interfaces/share/more_interfaces/environment/ament_prefix_path.sh
[0.748s] -- Up-to-date: /home/expert_amateur/vbm_ws/install/more_interfaces/share/more_interfaces/environment/ament_prefix_path.dsv
[0.748s] -- Up-to-date: /home/expert_amateur/vbm_ws/install/more_interfaces/share/more_interfaces/environment/path.sh
[0.748s] -- Up-to-date: /home/expert_amateur/vbm_ws/install/more_interfaces/share/more_interfaces/environment/path.dsv
[0.748s] -- Up-to-date: /home/expert_amateur/vbm_ws/install/more_interfaces/share/more_interfaces/local_setup.bash
[0.748s] -- Up-to-date: /home/expert_amateur/vbm_ws/install/more_interfaces/share/more_interfaces/local_setup.sh
[0.749s] -- Up-to-date: /home/expert_amateur/vbm_ws/install/more_interfaces/share/more_interfaces/local_setup.zsh
[0.749s] -- Up-to-date: /home/expert_amateur/vbm_ws/install/more_interfaces/share/more_interfaces/local_setup.dsv
[0.749s] -- Installing: /home/expert_amateur/vbm_ws/install/more_interfaces/share/more_interfaces/package.dsv
[0.749s] -- Up-to-date: /home/expert_amateur/vbm_ws/install/more_interfaces/share/ament_index/resource_index/packages/more_interfaces
[0.749s] -- Up-to-date: /home/expert_amateur/vbm_ws/install/more_interfaces/share/more_interfaces/cmake/export_more_interfaces__rosidl_generator_cExport.cmake
[0.750s] -- Up-to-date: /home/expert_amateur/vbm_ws/install/more_interfaces/share/more_interfaces/cmake/export_more_interfaces__rosidl_generator_cExport-noconfig.cmake
[0.750s] -- Up-to-date: /home/expert_amateur/vbm_ws/install/more_interfaces/share/more_interfaces/cmake/export_more_interfaces__rosidl_typesupport_fastrtps_cExport.cmake
[0.750s] -- Up-to-date: /home/expert_amateur/vbm_ws/install/more_interfaces/share/more_interfaces/cmake/export_more_interfaces__rosidl_typesupport_fastrtps_cExport-noconfig.cmake
[0.750s] -- Up-to-date: /home/expert_amateur/vbm_ws/install/more_interfaces/share/more_interfaces/cmake/export_more_interfaces__rosidl_generator_cppExport.cmake
[0.751s] -- Up-to-date: /home/expert_amateur/vbm_ws/install/more_interfaces/share/more_interfaces/cmake/export_more_interfaces__rosidl_typesupport_fastrtps_cppExport.cmake
[0.751s] -- Up-to-date: /home/expert_amateur/vbm_ws/install/more_interfaces/share/more_interfaces/cmake/export_more_interfaces__rosidl_typesupport_fastrtps_cppExport-noconfig.cmake
[0.751s] -- Up-to-date: /home/expert_amateur/vbm_ws/install/more_interfaces/share/more_interfaces/cmake/more_interfaces__rosidl_typesupport_introspection_cExport.cmake
[0.751s] -- Up-to-date: /home/expert_amateur/vbm_ws/install/more_interfaces/share/more_interfaces/cmake/more_interfaces__rosidl_typesupport_introspection_cExport-noconfig.cmake
[0.751s] -- Up-to-date: /home/expert_amateur/vbm_ws/install/more_interfaces/share/more_interfaces/cmake/more_interfaces__rosidl_typesupport_cExport.cmake
[0.752s] -- Up-to-date: /home/expert_amateur/vbm_ws/install/more_interfaces/share/more_interfaces/cmake/more_interfaces__rosidl_typesupport_cExport-noconfig.cmake
[0.752s] -- Up-to-date: /home/expert_amateur/vbm_ws/install/more_interfaces/share/more_interfaces/cmake/more_interfaces__rosidl_typesupport_introspection_cppExport.cmake
[0.752s] -- Up-to-date: /home/expert_amateur/vbm_ws/install/more_interfaces/share/more_interfaces/cmake/more_interfaces__rosidl_typesupport_introspection_cppExport-noconfig.cmake
[0.753s] -- Up-to-date: /home/expert_amateur/vbm_ws/install/more_interfaces/share/more_interfaces/cmake/more_interfaces__rosidl_typesupport_cppExport.cmake
[0.753s] -- Up-to-date: /home/expert_amateur/vbm_ws/install/more_interfaces/share/more_interfaces/cmake/more_interfaces__rosidl_typesupport_cppExport-noconfig.cmake
[0.753s] -- Up-to-date: /home/expert_amateur/vbm_ws/install/more_interfaces/share/more_interfaces/cmake/export_more_interfaces__rosidl_generator_pyExport.cmake
[0.753s] -- Up-to-date: /home/expert_amateur/vbm_ws/install/more_interfaces/share/more_interfaces/cmake/export_more_interfaces__rosidl_generator_pyExport-noconfig.cmake
[0.753s] -- Up-to-date: /home/expert_amateur/vbm_ws/install/more_interfaces/share/more_interfaces/cmake/rosidl_cmake-extras.cmake
[0.753s] -- Up-to-date: /home/expert_amateur/vbm_ws/install/more_interfaces/share/more_interfaces/cmake/ament_cmake_export_include_directories-extras.cmake
[0.754s] -- Up-to-date: /home/expert_amateur/vbm_ws/install/more_interfaces/share/more_interfaces/cmake/ament_cmake_export_libraries-extras.cmake
[0.754s] -- Up-to-date: /home/expert_amateur/vbm_ws/install/more_interfaces/share/more_interfaces/cmake/ament_cmake_export_targets-extras.cmake
[0.754s] -- Up-to-date: /home/expert_amateur/vbm_ws/install/more_interfaces/share/more_interfaces/cmake/rosidl_cmake_export_typesupport_targets-extras.cmake
[0.754s] -- Up-to-date: /home/expert_amateur/vbm_ws/install/more_interfaces/share/more_interfaces/cmake/ament_cmake_export_dependencies-extras.cmake
[0.754s] -- Up-to-date: /home/expert_amateur/vbm_ws/install/more_interfaces/share/more_interfaces/cmake/rosidl_cmake_export_typesupport_libraries-extras.cmake
[0.754s] -- Up-to-date: /home/expert_amateur/vbm_ws/install/more_interfaces/share/more_interfaces/cmake/more_interfacesConfig.cmake
[0.754s] -- Up-to-date: /home/expert_amateur/vbm_ws/install/more_interfaces/share/more_interfaces/cmake/more_interfacesConfig-version.cmake
[0.754s] -- Up-to-date: /home/expert_amateur/vbm_ws/install/more_interfaces/share/more_interfaces/package.xml
[0.760s] Invoked command in '/home/expert_amateur/vbm_ws/build/more_interfaces' returned '0': CMAKE_PREFIX_PATH=${CMAKE_PREFIX_PATH}:/home/expert_amateur/voidwalking/ros2_ws/install/waypoints:/opt/ros/humble /usr/bin/cmake --install /home/expert_amateur/vbm_ws/build/more_interfaces
