[0.029s] Invoking command in '/home/expert_amateur/vbm_ws/build/polygon_base': CMAKE_PREFIX_PATH=${CMAKE_PREFIX_PATH}:/home/expert_amateur/voidwalking/ros2_ws/install/waypoints:/opt/ros/humble /usr/bin/cmake /home/expert_amateur/vbm_ws/src/polygon_base -DCMAKE_INSTALL_PREFIX=/home/expert_amateur/vbm_ws/install/polygon_base
[0.077s] -- The C compiler identification is GNU 11.4.0
[0.146s] -- The CXX compiler identification is GNU 11.4.0
[0.151s] -- Detecting C compiler ABI info
[0.212s] -- Detecting C compiler ABI info - done
[0.219s] -- Check for working C compiler: /usr/bin/cc - skipped
[0.219s] -- Detecting C compile features
[0.220s] -- Detecting C compile features - done
[0.223s] -- Detecting CXX compiler ABI info
[0.287s] -- Detecting CXX compiler ABI info - done
[0.294s] -- Check for working CXX compiler: /usr/bin/c++ - skipped
[0.294s] -- Detecting CXX compile features
[0.295s] -- Detecting CXX compile features - done
[0.298s] -- Found ament_cmake: 1.3.5 (/opt/ros/humble/share/ament_cmake/cmake)
[0.485s] -- Found Python3: /usr/bin/python3.10 (found version "3.10.12") found components: Interpreter 
[0.584s] -- Found pluginlib: 5.1.0 (/opt/ros/humble/share/pluginlib/cmake)
[0.637s] -- Found ament_lint_auto: 0.12.7 (/opt/ros/humble/share/ament_lint_auto/cmake)
[0.734s] -- Added test 'cppcheck' to perform static code analysis on C / C++ code
[0.735s] -- Configured cppcheck include dirs: $<BUILD_INTERFACE:/home/expert_amateur/vbm_ws/src/polygon_base/include>
[0.735s] -- Configured cppcheck exclude dirs and/or files: 
[0.735s] -- Added test 'lint_cmake' to check CMake code style
[0.736s] -- Added test 'uncrustify' to check C / C++ code style
[0.736s] -- Configured uncrustify additional arguments: 
[0.736s] -- Added test 'xmllint' to check XML markup files
[0.738s] -- Configuring done
[0.742s] -- Generating done
[0.743s] -- Build files have been written to: /home/expert_amateur/vbm_ws/build/polygon_base
[0.747s] Invoked command in '/home/expert_amateur/vbm_ws/build/polygon_base' returned '0': CMAKE_PREFIX_PATH=${CMAKE_PREFIX_PATH}:/home/expert_amateur/voidwalking/ros2_ws/install/waypoints:/opt/ros/humble /usr/bin/cmake /home/expert_amateur/vbm_ws/src/polygon_base -DCMAKE_INSTALL_PREFIX=/home/expert_amateur/vbm_ws/install/polygon_base
[0.748s] Invoking command in '/home/expert_amateur/vbm_ws/build/polygon_base': CMAKE_PREFIX_PATH=${CMAKE_PREFIX_PATH}:/home/expert_amateur/voidwalking/ros2_ws/install/waypoints:/opt/ros/humble /usr/bin/cmake --build /home/expert_amateur/vbm_ws/build/polygon_base -- -j12 -l12
[0.788s] [ 50%] [32mBuilding CXX object CMakeFiles/area_node.dir/src/area_node.cpp.o[0m
[3.303s] [100%] [32m[1mLinking CXX executable area_node[0m
[3.421s] [100%] Built target area_node
[3.430s] Invoked command in '/home/expert_amateur/vbm_ws/build/polygon_base' returned '0': CMAKE_PREFIX_PATH=${CMAKE_PREFIX_PATH}:/home/expert_amateur/voidwalking/ros2_ws/install/waypoints:/opt/ros/humble /usr/bin/cmake --build /home/expert_amateur/vbm_ws/build/polygon_base -- -j12 -l12
[3.450s] Invoking command in '/home/expert_amateur/vbm_ws/build/polygon_base': CMAKE_PREFIX_PATH=${CMAKE_PREFIX_PATH}:/home/expert_amateur/voidwalking/ros2_ws/install/waypoints:/opt/ros/humble /usr/bin/cmake --install /home/expert_amateur/vbm_ws/build/polygon_base
[3.456s] -- Install configuration: ""
[3.456s] -- Installing: /home/expert_amateur/vbm_ws/install/polygon_base/include
[3.456s] -- Installing: /home/expert_amateur/vbm_ws/install/polygon_base/include/polygon_base
[3.456s] -- Installing: /home/expert_amateur/vbm_ws/install/polygon_base/include/polygon_base/regular_polygon.hpp
[3.456s] -- Installing: /home/expert_amateur/vbm_ws/install/polygon_base/lib/polygon_base/area_node
[3.457s] -- Set runtime path of "/home/expert_amateur/vbm_ws/install/polygon_base/lib/polygon_base/area_node" to ""
[3.458s] -- Installing: /home/expert_amateur/vbm_ws/install/polygon_base/share/ament_index/resource_index/package_run_dependencies/polygon_base
[3.458s] -- Installing: /home/expert_amateur/vbm_ws/install/polygon_base/share/ament_index/resource_index/parent_prefix_path/polygon_base
[3.458s] -- Installing: /home/expert_amateur/vbm_ws/install/polygon_base/share/polygon_base/environment/ament_prefix_path.sh
[3.458s] -- Installing: /home/expert_amateur/vbm_ws/install/polygon_base/share/polygon_base/environment/ament_prefix_path.dsv
[3.458s] -- Installing: /home/expert_amateur/vbm_ws/install/polygon_base/share/polygon_base/environment/path.sh
[3.458s] -- Installing: /home/expert_amateur/vbm_ws/install/polygon_base/share/polygon_base/environment/path.dsv
[3.458s] -- Installing: /home/expert_amateur/vbm_ws/install/polygon_base/share/polygon_base/local_setup.bash
[3.458s] -- Installing: /home/expert_amateur/vbm_ws/install/polygon_base/share/polygon_base/local_setup.sh
[3.458s] -- Installing: /home/expert_amateur/vbm_ws/install/polygon_base/share/polygon_base/local_setup.zsh
[3.458s] -- Installing: /home/expert_amateur/vbm_ws/install/polygon_base/share/polygon_base/local_setup.dsv
[3.458s] -- Installing: /home/expert_amateur/vbm_ws/install/polygon_base/share/polygon_base/package.dsv
[3.459s] -- Installing: /home/expert_amateur/vbm_ws/install/polygon_base/share/ament_index/resource_index/packages/polygon_base
[3.459s] -- Installing: /home/expert_amateur/vbm_ws/install/polygon_base/share/polygon_base/cmake/ament_cmake_export_include_directories-extras.cmake
[3.459s] -- Installing: /home/expert_amateur/vbm_ws/install/polygon_base/share/polygon_base/cmake/polygon_baseConfig.cmake
[3.459s] -- Installing: /home/expert_amateur/vbm_ws/install/polygon_base/share/polygon_base/cmake/polygon_baseConfig-version.cmake
[3.459s] -- Installing: /home/expert_amateur/vbm_ws/install/polygon_base/share/polygon_base/package.xml
[3.462s] Invoked command in '/home/expert_amateur/vbm_ws/build/polygon_base' returned '0': CMAKE_PREFIX_PATH=${CMAKE_PREFIX_PATH}:/home/expert_amateur/voidwalking/ros2_ws/install/waypoints:/opt/ros/humble /usr/bin/cmake --install /home/expert_amateur/vbm_ws/build/polygon_base
