[0.046s] Invoking command in '/home/expert_amateur/vbm_ws/build/rrbot_description': CMAKE_PREFIX_PATH=${CMAKE_PREFIX_PATH}:/home/expert_amateur/voidwalking/ros2_ws/install/waypoints:/opt/ros/humble /usr/bin/cmake /home/expert_amateur/vbm_ws/src/rrbot_description -DCMAKE_INSTALL_PREFIX=/home/expert_amateur/vbm_ws/install/rrbot_description
[0.117s] -- The C compiler identification is GNU 11.4.0
[0.239s] -- The CXX compiler identification is GNU 11.4.0
[0.250s] -- Detecting C compiler ABI info
[0.354s] -- Detecting C compiler ABI info - done
[0.367s] -- Check for working C compiler: /usr/bin/cc - skipped
[0.367s] -- Detecting C compile features
[0.367s] -- Detecting C compile features - done
[0.369s] -- Detecting CXX compiler ABI info
[0.451s] -- Detecting CXX compiler ABI info - done
[0.461s] -- Check for working CXX compiler: /usr/bin/c++ - skipped
[0.461s] -- Detecting CXX compile features
[0.461s] -- Detecting CXX compile features - done
[0.465s] -- Found ament_cmake: 1.3.5 (/opt/ros/humble/share/ament_cmake/cmake)
[0.664s] -- Found Python3: /usr/bin/python3.10 (found version "3.10.12") found components: Interpreter 
[0.877s] -- Configuring done
[0.879s] -- Generating done
[0.880s] -- Build files have been written to: /home/expert_amateur/vbm_ws/build/rrbot_description
[0.884s] Invoked command in '/home/expert_amateur/vbm_ws/build/rrbot_description' returned '0': CMAKE_PREFIX_PATH=${CMAKE_PREFIX_PATH}:/home/expert_amateur/voidwalking/ros2_ws/install/waypoints:/opt/ros/humble /usr/bin/cmake /home/expert_amateur/vbm_ws/src/rrbot_description -DCMAKE_INSTALL_PREFIX=/home/expert_amateur/vbm_ws/install/rrbot_description
[0.886s] Invoking command in '/home/expert_amateur/vbm_ws/build/rrbot_description': CMAKE_PREFIX_PATH=${CMAKE_PREFIX_PATH}:/home/expert_amateur/voidwalking/ros2_ws/install/waypoints:/opt/ros/humble /usr/bin/cmake --build /home/expert_amateur/vbm_ws/build/rrbot_description -- -j12 -l12
[0.940s] Invoked command in '/home/expert_amateur/vbm_ws/build/rrbot_description' returned '0': CMAKE_PREFIX_PATH=${CMAKE_PREFIX_PATH}:/home/expert_amateur/voidwalking/ros2_ws/install/waypoints:/opt/ros/humble /usr/bin/cmake --build /home/expert_amateur/vbm_ws/build/rrbot_description -- -j12 -l12
[0.963s] Invoking command in '/home/expert_amateur/vbm_ws/build/rrbot_description': CMAKE_PREFIX_PATH=${CMAKE_PREFIX_PATH}:/home/expert_amateur/voidwalking/ros2_ws/install/waypoints:/opt/ros/humble /usr/bin/cmake --install /home/expert_amateur/vbm_ws/build/rrbot_description
[0.969s] -- Install configuration: ""
[0.970s] -- Installing: /home/expert_amateur/vbm_ws/install/rrbot_description/share/rrbot_description/config
[0.970s] -- Installing: /home/expert_amateur/vbm_ws/install/rrbot_description/share/rrbot_description/config/rrbot.rviz
[0.970s] -- Installing: /home/expert_amateur/vbm_ws/install/rrbot_description/share/rrbot_description/gazebo
[0.970s] -- Installing: /home/expert_amateur/vbm_ws/install/rrbot_description/share/rrbot_description/gazebo/rrbot.materials.xacro
[0.970s] -- Installing: /home/expert_amateur/vbm_ws/install/rrbot_description/share/rrbot_description/gazebo/rrbot.gazebo.xacro
[0.970s] -- Installing: /home/expert_amateur/vbm_ws/install/rrbot_description/share/rrbot_description/meshes
[0.970s] -- Installing: /home/expert_amateur/vbm_ws/install/rrbot_description/share/rrbot_description/meshes/hokuyo.dae
[0.970s] -- Installing: /home/expert_amateur/vbm_ws/install/rrbot_description/share/rrbot_description/launch
[0.970s] -- Installing: /home/expert_amateur/vbm_ws/install/rrbot_description/share/rrbot_description/launch/view_robot.launch.py
[0.970s] -- Installing: /home/expert_amateur/vbm_ws/install/rrbot_description/share/rrbot_description/ros2_control
[0.970s] -- Installing: /home/expert_amateur/vbm_ws/install/rrbot_description/share/rrbot_description/ros2_control/rrbot.ros2_control.xacro
[0.971s] -- Installing: /home/expert_amateur/vbm_ws/install/rrbot_description/share/rrbot_description/urdf
[0.971s] -- Installing: /home/expert_amateur/vbm_ws/install/rrbot_description/share/rrbot_description/urdf/rrbot_description.urdf.xacro
[0.971s] -- Installing: /home/expert_amateur/vbm_ws/install/rrbot_description/share/rrbot_description/urdf/rrbot.urdf.xacro
[0.971s] -- Installing: /home/expert_amateur/vbm_ws/install/rrbot_description/share/rrbot_description/environment/rrbot_description.dsv
[0.971s] -- Installing: /home/expert_amateur/vbm_ws/install/rrbot_description/share/ament_index/resource_index/package_run_dependencies/rrbot_description
[0.971s] -- Installing: /home/expert_amateur/vbm_ws/install/rrbot_description/share/ament_index/resource_index/parent_prefix_path/rrbot_description
[0.971s] -- Installing: /home/expert_amateur/vbm_ws/install/rrbot_description/share/rrbot_description/environment/ament_prefix_path.sh
[0.971s] -- Installing: /home/expert_amateur/vbm_ws/install/rrbot_description/share/rrbot_description/environment/ament_prefix_path.dsv
[0.971s] -- Installing: /home/expert_amateur/vbm_ws/install/rrbot_description/share/rrbot_description/environment/path.sh
[0.971s] -- Installing: /home/expert_amateur/vbm_ws/install/rrbot_description/share/rrbot_description/environment/path.dsv
[0.972s] -- Installing: /home/expert_amateur/vbm_ws/install/rrbot_description/share/rrbot_description/local_setup.bash
[0.972s] -- Installing: /home/expert_amateur/vbm_ws/install/rrbot_description/share/rrbot_description/local_setup.sh
[0.972s] -- Installing: /home/expert_amateur/vbm_ws/install/rrbot_description/share/rrbot_description/local_setup.zsh
[0.972s] -- Installing: /home/expert_amateur/vbm_ws/install/rrbot_description/share/rrbot_description/local_setup.dsv
[0.972s] -- Installing: /home/expert_amateur/vbm_ws/install/rrbot_description/share/rrbot_description/package.dsv
[0.972s] -- Installing: /home/expert_amateur/vbm_ws/install/rrbot_description/share/ament_index/resource_index/packages/rrbot_description
[0.972s] -- Installing: /home/expert_amateur/vbm_ws/install/rrbot_description/share/rrbot_description/cmake/rrbot_descriptionConfig.cmake
[0.972s] -- Installing: /home/expert_amateur/vbm_ws/install/rrbot_description/share/rrbot_description/cmake/rrbot_descriptionConfig-version.cmake
[0.973s] -- Installing: /home/expert_amateur/vbm_ws/install/rrbot_description/share/rrbot_description/package.xml
[0.977s] Invoked command in '/home/expert_amateur/vbm_ws/build/rrbot_description' returned '0': CMAKE_PREFIX_PATH=${CMAKE_PREFIX_PATH}:/home/expert_amateur/voidwalking/ros2_ws/install/waypoints:/opt/ros/humble /usr/bin/cmake --install /home/expert_amateur/vbm_ws/build/rrbot_description
